#! /usr/bin/vvp
:ivl_version "12.0 (stable)";
:ivl_delay_selection "TYPICAL";
:vpi_time_precision - 12;
:vpi_module "/usr/lib/x86_64-linux-gnu/ivl/system.vpi";
:vpi_module "/usr/lib/x86_64-linux-gnu/ivl/vhdl_sys.vpi";
:vpi_module "/usr/lib/x86_64-linux-gnu/ivl/vhdl_textio.vpi";
:vpi_module "/usr/lib/x86_64-linux-gnu/ivl/v2005_math.vpi";
:vpi_module "/usr/lib/x86_64-linux-gnu/ivl/va_math.vpi";
:vpi_module "/usr/lib/x86_64-linux-gnu/ivl/v2009.vpi";
S_0x5597bb6b9730 .scope package, "$unit" "$unit" 2 1;
 .timescale 0 0;
S_0x5597bb6b98c0 .scope module, "tb_v4_gtkwave_overall" "tb_v4_gtkwave_overall" 3 2;
 .timescale -9 -12;
P_0x5597bb6c21d0 .param/l "DEPTH" 0 3 4, +C4<00000000000000000000000000010000>;
P_0x5597bb6c2210 .param/l "WIDTH" 0 3 3, +C4<00000000000000000000000000001000>;
v0x5597bb706e60_0 .var "A", 7 0;
v0x5597bb706f90_0 .var "B", 7 0;
v0x5597bb7070a0_0 .var "clk", 0 0;
v0x5597bb707140_0 .net "evict_count", 31 0, v0x5597bb6e0bf0_0;  1 drivers
v0x5597bb7071e0_0 .net "hit_count", 31 0, v0x5597bb7019e0_0;  1 drivers
v0x5597bb7072f0_0 .var/i "i", 31 0;
v0x5597bb7073d0_0 .var "in_valid", 0 0;
v0x5597bb707470_0 .net "miss_count", 31 0, v0x5597bb702d90_0;  1 drivers
v0x5597bb707530_0 .net "out_r0", 7 0, v0x5597bb702e70_0;  1 drivers
v0x5597bb7075f0_0 .net "out_ra", 7 0, v0x5597bb702f50_0;  1 drivers
v0x5597bb7076b0_0 .net "out_rd", 7 0, v0x5597bb703030_0;  1 drivers
v0x5597bb707770_0 .net "out_t", 7 0, v0x5597bb703110_0;  1 drivers
v0x5597bb707830_0 .net "out_y", 7 0, v0x5597bb7031f0_0;  1 drivers
v0x5597bb7078f0_0 .net "rmu_hit", 0 0, v0x5597bb667330_0;  1 drivers
v0x5597bb707990_0 .net "rmu_miss", 0 0, v0x5597bb702cd0_0;  1 drivers
v0x5597bb707a30_0 .var "rst", 0 0;
v0x5597bb707ad0_0 .net "store_count", 31 0, v0x5597bb703450_0;  1 drivers
v0x5597bb707ca0 .array "test_a", 11 0, 7 0;
v0x5597bb707d60 .array "test_b", 11 0, 7 0;
E_0x5597bb69f850 .event negedge, v0x5597bb6ded30_0;
S_0x5597bb6b2590 .scope module, "dut" "ifa_v4_end_to_end_core" 3 12, 4 7 0, S_0x5597bb6b98c0;
 .timescale 0 0;
    .port_info 0 /INPUT 1 "clk";
    .port_info 1 /INPUT 1 "rst";
    .port_info 2 /INPUT 1 "in_valid";
    .port_info 3 /INPUT 8 "A";
    .port_info 4 /INPUT 8 "B";
    .port_info 5 /OUTPUT 1 "rmu_hit";
    .port_info 6 /OUTPUT 1 "rmu_miss";
    .port_info 7 /OUTPUT 8 "out_y";
    .port_info 8 /OUTPUT 8 "out_ra";
    .port_info 9 /OUTPUT 8 "out_rd";
    .port_info 10 /OUTPUT 8 "out_r0";
    .port_info 11 /OUTPUT 8 "out_t";
    .port_info 12 /OUTPUT 32 "hit_count";
    .port_info 13 /OUTPUT 32 "miss_count";
    .port_info 14 /OUTPUT 32 "store_count";
    .port_info 15 /OUTPUT 32 "evict_count";
P_0x5597bb68e370 .param/l "DEPTH" 0 4 9, +C4<00000000000000000000000000010000>;
P_0x5597bb68e3b0 .param/l "WIDTH" 0 4 8, +C4<00000000000000000000000000001000>;
v0x5597bb705810_0 .net "A", 7 0, v0x5597bb706e60_0;  1 drivers
v0x5597bb7058f0_0 .net "B", 7 0, v0x5597bb706f90_0;  1 drivers
v0x5597bb705990_0 .net "clk", 0 0, v0x5597bb7070a0_0;  1 drivers
v0x5597bb705a80_0 .net "evict_count", 31 0, v0x5597bb6e0bf0_0;  alias, 1 drivers
v0x5597bb705b70_0 .net "hit_count", 31 0, v0x5597bb7019e0_0;  alias, 1 drivers
v0x5597bb705cb0_0 .net "in_valid", 0 0, v0x5597bb7073d0_0;  1 drivers
v0x5597bb705da0_0 .net "miss_count", 31 0, v0x5597bb702d90_0;  alias, 1 drivers
v0x5597bb705eb0_0 .net "out_r0", 7 0, v0x5597bb702e70_0;  alias, 1 drivers
v0x5597bb705fc0_0 .net "out_ra", 7 0, v0x5597bb702f50_0;  alias, 1 drivers
v0x5597bb706080_0 .net "out_rd", 7 0, v0x5597bb703030_0;  alias, 1 drivers
v0x5597bb706190_0 .net "out_t", 7 0, v0x5597bb703110_0;  alias, 1 drivers
v0x5597bb7062a0_0 .net "out_y", 7 0, v0x5597bb7031f0_0;  alias, 1 drivers
v0x5597bb7063b0_0 .net "rmu_hit", 0 0, v0x5597bb667330_0;  alias, 1 drivers
v0x5597bb7064a0_0 .net "rmu_miss", 0 0, v0x5597bb702cd0_0;  alias, 1 drivers
v0x5597bb706590_0 .net "rpc_r0", 7 0, v0x5597bb705180_0;  1 drivers
v0x5597bb706650_0 .net "rpc_ra", 7 0, v0x5597bb7052a0_0;  1 drivers
v0x5597bb706710_0 .net "rpc_rd", 7 0, v0x5597bb7053b0_0;  1 drivers
v0x5597bb7068e0_0 .net "rpc_t", 7 0, v0x5597bb705510_0;  1 drivers
v0x5597bb7069a0_0 .net "rpc_y", 7 0, v0x5597bb705620_0;  1 drivers
v0x5597bb706a60_0 .net "rst", 0 0, v0x5597bb707a30_0;  1 drivers
v0x5597bb706b50_0 .net "store_count", 31 0, v0x5597bb703450_0;  alias, 1 drivers
S_0x5597bb6bd540 .scope module, "core" "ifa_v4_core" 4 55, 5 19 0, S_0x5597bb6b2590;
 .timescale 0 0;
    .port_info 0 /INPUT 1 "clk";
    .port_info 1 /INPUT 1 "rst";
    .port_info 2 /INPUT 1 "rpc_valid";
    .port_info 3 /INPUT 8 "rpc_y";
    .port_info 4 /INPUT 8 "rpc_ra";
    .port_info 5 /INPUT 8 "rpc_rd";
    .port_info 6 /INPUT 8 "rpc_r0";
    .port_info 7 /INPUT 8 "rpc_t";
    .port_info 8 /OUTPUT 1 "rmu_hit";
    .port_info 9 /OUTPUT 1 "rmu_miss";
    .port_info 10 /OUTPUT 8 "out_y";
    .port_info 11 /OUTPUT 8 "out_ra";
    .port_info 12 /OUTPUT 8 "out_rd";
    .port_info 13 /OUTPUT 8 "out_r0";
    .port_info 14 /OUTPUT 8 "out_t";
    .port_info 15 /OUTPUT 32 "hit_count";
    .port_info 16 /OUTPUT 32 "miss_count";
    .port_info 17 /OUTPUT 32 "store_count";
    .port_info 18 /OUTPUT 32 "evict_count";
P_0x5597bb6bd720 .param/l "DEPTH" 0 5 21, +C4<00000000000000000000000000010000>;
P_0x5597bb6bd760 .param/l "WIDTH" 0 5 20, +C4<00000000000000000000000000001000>;
v0x5597bb69b280_0 .net "clk", 0 0, v0x5597bb7070a0_0;  alias, 1 drivers
v0x5597bb703b80_0 .net "evict_count", 31 0, v0x5597bb6e0bf0_0;  alias, 1 drivers
v0x5597bb703c50_0 .net "hit_count", 31 0, v0x5597bb7019e0_0;  alias, 1 drivers
v0x5597bb703d50_0 .net "miss_count", 31 0, v0x5597bb702d90_0;  alias, 1 drivers
v0x5597bb703e20_0 .net "out_r0", 7 0, v0x5597bb702e70_0;  alias, 1 drivers
v0x5597bb703ec0_0 .net "out_ra", 7 0, v0x5597bb702f50_0;  alias, 1 drivers
v0x5597bb703f90_0 .net "out_rd", 7 0, v0x5597bb703030_0;  alias, 1 drivers
v0x5597bb704060_0 .net "out_t", 7 0, v0x5597bb703110_0;  alias, 1 drivers
v0x5597bb704130_0 .net "out_y", 7 0, v0x5597bb7031f0_0;  alias, 1 drivers
v0x5597bb704290_0 .net "rmu_hit", 0 0, v0x5597bb667330_0;  alias, 1 drivers
v0x5597bb704360_0 .net "rmu_miss", 0 0, v0x5597bb702cd0_0;  alias, 1 drivers
v0x5597bb704430_0 .net "rpc_r0", 7 0, v0x5597bb705180_0;  alias, 1 drivers
v0x5597bb704500_0 .net "rpc_ra", 7 0, v0x5597bb7052a0_0;  alias, 1 drivers
v0x5597bb7045d0_0 .net "rpc_rd", 7 0, v0x5597bb7053b0_0;  alias, 1 drivers
v0x5597bb7046a0_0 .net "rpc_t", 7 0, v0x5597bb705510_0;  alias, 1 drivers
v0x5597bb704770_0 .net "rpc_valid", 0 0, v0x5597bb7073d0_0;  alias, 1 drivers
v0x5597bb704840_0 .net "rpc_y", 7 0, v0x5597bb705620_0;  alias, 1 drivers
v0x5597bb704910_0 .net "rst", 0 0, v0x5597bb707a30_0;  alias, 1 drivers
v0x5597bb7049e0_0 .net "store_count", 31 0, v0x5597bb703450_0;  alias, 1 drivers
S_0x5597bb6c58b0 .scope module, "rmc" "ifa_relation_memory_controller" 5 52, 6 14 0, S_0x5597bb6bd540;
 .timescale 0 0;
    .port_info 0 /INPUT 1 "clk";
    .port_info 1 /INPUT 1 "rst";
    .port_info 2 /INPUT 1 "req_valid";
    .port_info 3 /INPUT 8 "in_y";
    .port_info 4 /INPUT 8 "in_ra";
    .port_info 5 /INPUT 8 "in_rd";
    .port_info 6 /INPUT 8 "in_r0";
    .port_info 7 /INPUT 8 "in_t";
    .port_info 8 /OUTPUT 1 "hit";
    .port_info 9 /OUTPUT 1 "miss";
    .port_info 10 /OUTPUT 8 "out_y";
    .port_info 11 /OUTPUT 8 "out_ra";
    .port_info 12 /OUTPUT 8 "out_rd";
    .port_info 13 /OUTPUT 8 "out_r0";
    .port_info 14 /OUTPUT 8 "out_t";
    .port_info 15 /OUTPUT 32 "hit_count";
    .port_info 16 /OUTPUT 32 "miss_count";
    .port_info 17 /OUTPUT 32 "store_count";
    .port_info 18 /OUTPUT 32 "evict_count";
P_0x5597bb6c5a90 .param/l "DEPTH" 0 6 16, +C4<00000000000000000000000000010000>;
P_0x5597bb6c5ad0 .param/l "INDEX_W" 1 6 44, +C4<00000000000000000000000000000100>;
P_0x5597bb6c5b10 .param/l "WIDTH" 0 6 15, +C4<00000000000000000000000000001000>;
v0x5597bb6ded30_0 .net "clk", 0 0, v0x5597bb7070a0_0;  alias, 1 drivers
v0x5597bb6e0bf0_0 .var "evict_count", 31 0;
v0x5597bb667d20_0 .var "fifo_ptr", 3 0;
v0x5597bb667330_0 .var "hit", 0 0;
v0x5597bb7019e0_0 .var "hit_count", 31 0;
v0x5597bb701b10_0 .var/i "i", 31 0;
v0x5597bb701bf0_0 .net "in_r0", 7 0, v0x5597bb705180_0;  alias, 1 drivers
v0x5597bb701cd0_0 .net "in_ra", 7 0, v0x5597bb7052a0_0;  alias, 1 drivers
v0x5597bb701db0_0 .net "in_rd", 7 0, v0x5597bb7053b0_0;  alias, 1 drivers
v0x5597bb701e90_0 .net "in_t", 7 0, v0x5597bb705510_0;  alias, 1 drivers
v0x5597bb701f70_0 .net "in_y", 7 0, v0x5597bb705620_0;  alias, 1 drivers
v0x5597bb702050_0 .var "lookup_hit", 0 0;
v0x5597bb702110_0 .var "lookup_index", 3 0;
v0x5597bb7021f0 .array "mem_r0", 15 0, 7 0;
v0x5597bb7022b0 .array "mem_ra", 15 0, 7 0;
v0x5597bb702600 .array "mem_rd", 15 0, 7 0;
v0x5597bb702950 .array "mem_t", 15 0, 7 0;
v0x5597bb702c10 .array "mem_y", 15 0, 7 0;
v0x5597bb702cd0_0 .var "miss", 0 0;
v0x5597bb702d90_0 .var "miss_count", 31 0;
v0x5597bb702e70_0 .var "out_r0", 7 0;
v0x5597bb702f50_0 .var "out_ra", 7 0;
v0x5597bb703030_0 .var "out_rd", 7 0;
v0x5597bb703110_0 .var "out_t", 7 0;
v0x5597bb7031f0_0 .var "out_y", 7 0;
v0x5597bb7032d0_0 .net "req_valid", 0 0, v0x5597bb7073d0_0;  alias, 1 drivers
v0x5597bb703390_0 .net "rst", 0 0, v0x5597bb707a30_0;  alias, 1 drivers
v0x5597bb703450_0 .var "store_count", 31 0;
v0x5597bb703530 .array "valid", 15 0, 0 0;
E_0x5597bb666f00 .event posedge, v0x5597bb6ded30_0;
v0x5597bb703530_0 .array/port v0x5597bb703530, 0;
v0x5597bb703530_1 .array/port v0x5597bb703530, 1;
v0x5597bb703530_2 .array/port v0x5597bb703530, 2;
v0x5597bb703530_3 .array/port v0x5597bb703530, 3;
E_0x5597bb6a4120/0 .event anyedge, v0x5597bb703530_0, v0x5597bb703530_1, v0x5597bb703530_2, v0x5597bb703530_3;
v0x5597bb703530_4 .array/port v0x5597bb703530, 4;
v0x5597bb703530_5 .array/port v0x5597bb703530, 5;
v0x5597bb703530_6 .array/port v0x5597bb703530, 6;
v0x5597bb703530_7 .array/port v0x5597bb703530, 7;
E_0x5597bb6a4120/1 .event anyedge, v0x5597bb703530_4, v0x5597bb703530_5, v0x5597bb703530_6, v0x5597bb703530_7;
v0x5597bb703530_8 .array/port v0x5597bb703530, 8;
v0x5597bb703530_9 .array/port v0x5597bb703530, 9;
v0x5597bb703530_10 .array/port v0x5597bb703530, 10;
v0x5597bb703530_11 .array/port v0x5597bb703530, 11;
E_0x5597bb6a4120/2 .event anyedge, v0x5597bb703530_8, v0x5597bb703530_9, v0x5597bb703530_10, v0x5597bb703530_11;
v0x5597bb703530_12 .array/port v0x5597bb703530, 12;
v0x5597bb703530_13 .array/port v0x5597bb703530, 13;
v0x5597bb703530_14 .array/port v0x5597bb703530, 14;
v0x5597bb703530_15 .array/port v0x5597bb703530, 15;
E_0x5597bb6a4120/3 .event anyedge, v0x5597bb703530_12, v0x5597bb703530_13, v0x5597bb703530_14, v0x5597bb703530_15;
v0x5597bb7022b0_0 .array/port v0x5597bb7022b0, 0;
v0x5597bb7022b0_1 .array/port v0x5597bb7022b0, 1;
v0x5597bb7022b0_2 .array/port v0x5597bb7022b0, 2;
v0x5597bb7022b0_3 .array/port v0x5597bb7022b0, 3;
E_0x5597bb6a4120/4 .event anyedge, v0x5597bb7022b0_0, v0x5597bb7022b0_1, v0x5597bb7022b0_2, v0x5597bb7022b0_3;
v0x5597bb7022b0_4 .array/port v0x5597bb7022b0, 4;
v0x5597bb7022b0_5 .array/port v0x5597bb7022b0, 5;
v0x5597bb7022b0_6 .array/port v0x5597bb7022b0, 6;
v0x5597bb7022b0_7 .array/port v0x5597bb7022b0, 7;
E_0x5597bb6a4120/5 .event anyedge, v0x5597bb7022b0_4, v0x5597bb7022b0_5, v0x5597bb7022b0_6, v0x5597bb7022b0_7;
v0x5597bb7022b0_8 .array/port v0x5597bb7022b0, 8;
v0x5597bb7022b0_9 .array/port v0x5597bb7022b0, 9;
v0x5597bb7022b0_10 .array/port v0x5597bb7022b0, 10;
v0x5597bb7022b0_11 .array/port v0x5597bb7022b0, 11;
E_0x5597bb6a4120/6 .event anyedge, v0x5597bb7022b0_8, v0x5597bb7022b0_9, v0x5597bb7022b0_10, v0x5597bb7022b0_11;
v0x5597bb7022b0_12 .array/port v0x5597bb7022b0, 12;
v0x5597bb7022b0_13 .array/port v0x5597bb7022b0, 13;
v0x5597bb7022b0_14 .array/port v0x5597bb7022b0, 14;
v0x5597bb7022b0_15 .array/port v0x5597bb7022b0, 15;
E_0x5597bb6a4120/7 .event anyedge, v0x5597bb7022b0_12, v0x5597bb7022b0_13, v0x5597bb7022b0_14, v0x5597bb7022b0_15;
v0x5597bb702600_0 .array/port v0x5597bb702600, 0;
v0x5597bb702600_1 .array/port v0x5597bb702600, 1;
v0x5597bb702600_2 .array/port v0x5597bb702600, 2;
E_0x5597bb6a4120/8 .event anyedge, v0x5597bb701cd0_0, v0x5597bb702600_0, v0x5597bb702600_1, v0x5597bb702600_2;
v0x5597bb702600_3 .array/port v0x5597bb702600, 3;
v0x5597bb702600_4 .array/port v0x5597bb702600, 4;
v0x5597bb702600_5 .array/port v0x5597bb702600, 5;
v0x5597bb702600_6 .array/port v0x5597bb702600, 6;
E_0x5597bb6a4120/9 .event anyedge, v0x5597bb702600_3, v0x5597bb702600_4, v0x5597bb702600_5, v0x5597bb702600_6;
v0x5597bb702600_7 .array/port v0x5597bb702600, 7;
v0x5597bb702600_8 .array/port v0x5597bb702600, 8;
v0x5597bb702600_9 .array/port v0x5597bb702600, 9;
v0x5597bb702600_10 .array/port v0x5597bb702600, 10;
E_0x5597bb6a4120/10 .event anyedge, v0x5597bb702600_7, v0x5597bb702600_8, v0x5597bb702600_9, v0x5597bb702600_10;
v0x5597bb702600_11 .array/port v0x5597bb702600, 11;
v0x5597bb702600_12 .array/port v0x5597bb702600, 12;
v0x5597bb702600_13 .array/port v0x5597bb702600, 13;
v0x5597bb702600_14 .array/port v0x5597bb702600, 14;
E_0x5597bb6a4120/11 .event anyedge, v0x5597bb702600_11, v0x5597bb702600_12, v0x5597bb702600_13, v0x5597bb702600_14;
v0x5597bb702600_15 .array/port v0x5597bb702600, 15;
v0x5597bb702950_0 .array/port v0x5597bb702950, 0;
v0x5597bb702950_1 .array/port v0x5597bb702950, 1;
E_0x5597bb6a4120/12 .event anyedge, v0x5597bb702600_15, v0x5597bb701db0_0, v0x5597bb702950_0, v0x5597bb702950_1;
v0x5597bb702950_2 .array/port v0x5597bb702950, 2;
v0x5597bb702950_3 .array/port v0x5597bb702950, 3;
v0x5597bb702950_4 .array/port v0x5597bb702950, 4;
v0x5597bb702950_5 .array/port v0x5597bb702950, 5;
E_0x5597bb6a4120/13 .event anyedge, v0x5597bb702950_2, v0x5597bb702950_3, v0x5597bb702950_4, v0x5597bb702950_5;
v0x5597bb702950_6 .array/port v0x5597bb702950, 6;
v0x5597bb702950_7 .array/port v0x5597bb702950, 7;
v0x5597bb702950_8 .array/port v0x5597bb702950, 8;
v0x5597bb702950_9 .array/port v0x5597bb702950, 9;
E_0x5597bb6a4120/14 .event anyedge, v0x5597bb702950_6, v0x5597bb702950_7, v0x5597bb702950_8, v0x5597bb702950_9;
v0x5597bb702950_10 .array/port v0x5597bb702950, 10;
v0x5597bb702950_11 .array/port v0x5597bb702950, 11;
v0x5597bb702950_12 .array/port v0x5597bb702950, 12;
v0x5597bb702950_13 .array/port v0x5597bb702950, 13;
E_0x5597bb6a4120/15 .event anyedge, v0x5597bb702950_10, v0x5597bb702950_11, v0x5597bb702950_12, v0x5597bb702950_13;
v0x5597bb702950_14 .array/port v0x5597bb702950, 14;
v0x5597bb702950_15 .array/port v0x5597bb702950, 15;
E_0x5597bb6a4120/16 .event anyedge, v0x5597bb702950_14, v0x5597bb702950_15, v0x5597bb701e90_0;
E_0x5597bb6a4120 .event/or E_0x5597bb6a4120/0, E_0x5597bb6a4120/1, E_0x5597bb6a4120/2, E_0x5597bb6a4120/3, E_0x5597bb6a4120/4, E_0x5597bb6a4120/5, E_0x5597bb6a4120/6, E_0x5597bb6a4120/7, E_0x5597bb6a4120/8, E_0x5597bb6a4120/9, E_0x5597bb6a4120/10, E_0x5597bb6a4120/11, E_0x5597bb6a4120/12, E_0x5597bb6a4120/13, E_0x5597bb6a4120/14, E_0x5597bb6a4120/15, E_0x5597bb6a4120/16;
S_0x5597bb6e4ca0 .scope begin, "$ivl_for_loop0" "$ivl_for_loop0" 6 73, 6 73 0, S_0x5597bb6c58b0;
 .timescale 0 0;
v0x5597bb6de000_0 .var/2s "j", 31 0;
S_0x5597bb704cf0 .scope module, "rpc" "ifa_rpc_stub" 4 41, 7 19 0, S_0x5597bb6b2590;
 .timescale 0 0;
    .port_info 0 /INPUT 8 "A";
    .port_info 1 /INPUT 8 "B";
    .port_info 2 /OUTPUT 8 "Y";
    .port_info 3 /OUTPUT 8 "RA";
    .port_info 4 /OUTPUT 8 "RD";
    .port_info 5 /OUTPUT 8 "R0";
    .port_info 6 /OUTPUT 8 "T";
P_0x5597bb704ea0 .param/l "WIDTH" 0 7 20, +C4<00000000000000000000000000001000>;
v0x5597bb69b1e0_0 .net "A", 7 0, v0x5597bb706e60_0;  alias, 1 drivers
v0x5597bb7050a0_0 .net "B", 7 0, v0x5597bb706f90_0;  alias, 1 drivers
v0x5597bb705180_0 .var "R0", 7 0;
v0x5597bb7052a0_0 .var "RA", 7 0;
v0x5597bb7053b0_0 .var "RD", 7 0;
v0x5597bb705510_0 .var "T", 7 0;
v0x5597bb705620_0 .var "Y", 7 0;
E_0x5597bb68a780 .event anyedge, v0x5597bb69b1e0_0, v0x5597bb7050a0_0;
    .scope S_0x5597bb704cf0;
T_0 ;
Ewait_0 .event/or E_0x5597bb68a780, E_0x0;
    %wait Ewait_0;
    %load/vec4 v0x5597bb69b1e0_0;
    %load/vec4 v0x5597bb7050a0_0;
    %add;
    %store/vec4 v0x5597bb705620_0, 0, 8;
    %load/vec4 v0x5597bb69b1e0_0;
    %load/vec4 v0x5597bb7050a0_0;
    %and;
    %store/vec4 v0x5597bb7052a0_0, 0, 8;
    %load/vec4 v0x5597bb69b1e0_0;
    %load/vec4 v0x5597bb7050a0_0;
    %xor;
    %store/vec4 v0x5597bb7053b0_0, 0, 8;
    %load/vec4 v0x5597bb69b1e0_0;
    %load/vec4 v0x5597bb7050a0_0;
    %or;
    %inv;
    %store/vec4 v0x5597bb705180_0, 0, 8;
    %load/vec4 v0x5597bb7053b0_0;
    %load/vec4 v0x5597bb705620_0;
    %xor;
    %store/vec4 v0x5597bb705510_0, 0, 8;
    %jmp T_0;
    .thread T_0, $push;
    .scope S_0x5597bb6c58b0;
T_1 ;
Ewait_1 .event/or E_0x5597bb6a4120, E_0x0;
    %wait Ewait_1;
    %pushi/vec4 0, 0, 1;
    %store/vec4 v0x5597bb702050_0, 0, 1;
    %pushi/vec4 0, 0, 4;
    %store/vec4 v0x5597bb702110_0, 0, 4;
    %fork t_1, S_0x5597bb6e4ca0;
    %jmp t_0;
    .scope S_0x5597bb6e4ca0;
t_1 ;
    %pushi/vec4 0, 0, 32;
    %store/vec4 v0x5597bb6de000_0, 0, 32;
T_1.0 ;
    %load/vec4 v0x5597bb6de000_0;
    %cmpi/s 16, 0, 32;
    %jmp/0xz T_1.1, 5;
    %ix/getv/s 4, v0x5597bb6de000_0;
    %load/vec4a v0x5597bb703530, 4;
    %flag_set/vec4 11;
    %flag_get/vec4 11;
    %jmp/0 T_1.6, 11;
    %ix/getv/s 4, v0x5597bb6de000_0;
    %load/vec4a v0x5597bb7022b0, 4;
    %load/vec4 v0x5597bb701cd0_0;
    %cmp/e;
    %flag_get/vec4 4;
    %and;
T_1.6;
    %flag_set/vec4 10;
    %flag_get/vec4 10;
    %jmp/0 T_1.5, 10;
    %ix/getv/s 4, v0x5597bb6de000_0;
    %load/vec4a v0x5597bb702600, 4;
    %load/vec4 v0x5597bb701db0_0;
    %cmp/e;
    %flag_get/vec4 4;
    %and;
T_1.5;
    %flag_set/vec4 9;
    %flag_get/vec4 9;
    %jmp/0 T_1.4, 9;
    %ix/getv/s 4, v0x5597bb6de000_0;
    %load/vec4a v0x5597bb702950, 4;
    %load/vec4 v0x5597bb701e90_0;
    %cmp/e;
    %flag_get/vec4 4;
    %and;
T_1.4;
    %flag_set/vec4 8;
    %jmp/0xz  T_1.2, 8;
    %pushi/vec4 1, 0, 1;
    %store/vec4 v0x5597bb702050_0, 0, 1;
    %load/vec4 v0x5597bb6de000_0;
    %pad/s 4;
    %store/vec4 v0x5597bb702110_0, 0, 4;
T_1.2 ;
    %load/vec4 v0x5597bb6de000_0;
    %addi 1, 0, 32;
    %cast2;
    %store/vec4 v0x5597bb6de000_0, 0, 32;
    %jmp T_1.0;
T_1.1 ;
    %end;
    .scope S_0x5597bb6c58b0;
t_0 %join;
    %jmp T_1;
    .thread T_1, $push;
    .scope S_0x5597bb6c58b0;
T_2 ;
    %wait E_0x5597bb666f00;
    %load/vec4 v0x5597bb703390_0;
    %flag_set/vec4 8;
    %jmp/0xz  T_2.0, 8;
    %pushi/vec4 0, 0, 4;
    %assign/vec4 v0x5597bb667d20_0, 0;
    %pushi/vec4 0, 0, 1;
    %assign/vec4 v0x5597bb667330_0, 0;
    %pushi/vec4 0, 0, 1;
    %assign/vec4 v0x5597bb702cd0_0, 0;
    %pushi/vec4 0, 0, 8;
    %assign/vec4 v0x5597bb7031f0_0, 0;
    %pushi/vec4 0, 0, 8;
    %assign/vec4 v0x5597bb702f50_0, 0;
    %pushi/vec4 0, 0, 8;
    %assign/vec4 v0x5597bb703030_0, 0;
    %pushi/vec4 0, 0, 8;
    %assign/vec4 v0x5597bb702e70_0, 0;
    %pushi/vec4 0, 0, 8;
    %assign/vec4 v0x5597bb703110_0, 0;
    %pushi/vec4 0, 0, 32;
    %assign/vec4 v0x5597bb7019e0_0, 0;
    %pushi/vec4 0, 0, 32;
    %assign/vec4 v0x5597bb702d90_0, 0;
    %pushi/vec4 0, 0, 32;
    %assign/vec4 v0x5597bb703450_0, 0;
    %pushi/vec4 0, 0, 32;
    %assign/vec4 v0x5597bb6e0bf0_0, 0;
    %pushi/vec4 0, 0, 32;
    %store/vec4 v0x5597bb701b10_0, 0, 32;
T_2.2 ;
    %load/vec4 v0x5597bb701b10_0;
    %cmpi/s 16, 0, 32;
    %jmp/0xz T_2.3, 5;
    %pushi/vec4 0, 0, 1;
    %ix/getv/s 3, v0x5597bb701b10_0;
    %ix/load 4, 0, 0; Constant delay
    %assign/vec4/a/d v0x5597bb703530, 0, 4;
    %pushi/vec4 0, 0, 8;
    %ix/getv/s 3, v0x5597bb701b10_0;
    %ix/load 4, 0, 0; Constant delay
    %assign/vec4/a/d v0x5597bb702c10, 0, 4;
    %pushi/vec4 0, 0, 8;
    %ix/getv/s 3, v0x5597bb701b10_0;
    %ix/load 4, 0, 0; Constant delay
    %assign/vec4/a/d v0x5597bb7022b0, 0, 4;
    %pushi/vec4 0, 0, 8;
    %ix/getv/s 3, v0x5597bb701b10_0;
    %ix/load 4, 0, 0; Constant delay
    %assign/vec4/a/d v0x5597bb702600, 0, 4;
    %pushi/vec4 0, 0, 8;
    %ix/getv/s 3, v0x5597bb701b10_0;
    %ix/load 4, 0, 0; Constant delay
    %assign/vec4/a/d v0x5597bb7021f0, 0, 4;
    %pushi/vec4 0, 0, 8;
    %ix/getv/s 3, v0x5597bb701b10_0;
    %ix/load 4, 0, 0; Constant delay
    %assign/vec4/a/d v0x5597bb702950, 0, 4;
    %load/vec4 v0x5597bb701b10_0;
    %addi 1, 0, 32;
    %store/vec4 v0x5597bb701b10_0, 0, 32;
    %jmp T_2.2;
T_2.3 ;
    %jmp T_2.1;
T_2.0 ;
    %pushi/vec4 0, 0, 1;
    %assign/vec4 v0x5597bb667330_0, 0;
    %pushi/vec4 0, 0, 1;
    %assign/vec4 v0x5597bb702cd0_0, 0;
    %load/vec4 v0x5597bb7032d0_0;
    %flag_set/vec4 8;
    %jmp/0xz  T_2.4, 8;
    %load/vec4 v0x5597bb702050_0;
    %flag_set/vec4 8;
    %jmp/0xz  T_2.6, 8;
    %pushi/vec4 1, 0, 1;
    %assign/vec4 v0x5597bb667330_0, 0;
    %pushi/vec4 0, 0, 1;
    %assign/vec4 v0x5597bb702cd0_0, 0;
    %load/vec4 v0x5597bb7019e0_0;
    %addi 1, 0, 32;
    %assign/vec4 v0x5597bb7019e0_0, 0;
    %load/vec4 v0x5597bb702110_0;
    %pad/u 6;
    %ix/vec4 4;
    %load/vec4a v0x5597bb702c10, 4;
    %assign/vec4 v0x5597bb7031f0_0, 0;
    %load/vec4 v0x5597bb702110_0;
    %pad/u 6;
    %ix/vec4 4;
    %load/vec4a v0x5597bb7022b0, 4;
    %assign/vec4 v0x5597bb702f50_0, 0;
    %load/vec4 v0x5597bb702110_0;
    %pad/u 6;
    %ix/vec4 4;
    %load/vec4a v0x5597bb702600, 4;
    %assign/vec4 v0x5597bb703030_0, 0;
    %load/vec4 v0x5597bb702110_0;
    %pad/u 6;
    %ix/vec4 4;
    %load/vec4a v0x5597bb7021f0, 4;
    %assign/vec4 v0x5597bb702e70_0, 0;
    %load/vec4 v0x5597bb702110_0;
    %pad/u 6;
    %ix/vec4 4;
    %load/vec4a v0x5597bb702950, 4;
    %assign/vec4 v0x5597bb703110_0, 0;
    %jmp T_2.7;
T_2.6 ;
    %pushi/vec4 0, 0, 1;
    %assign/vec4 v0x5597bb667330_0, 0;
    %pushi/vec4 1, 0, 1;
    %assign/vec4 v0x5597bb702cd0_0, 0;
    %load/vec4 v0x5597bb702d90_0;
    %addi 1, 0, 32;
    %assign/vec4 v0x5597bb702d90_0, 0;
    %load/vec4 v0x5597bb703450_0;
    %addi 1, 0, 32;
    %assign/vec4 v0x5597bb703450_0, 0;
    %load/vec4 v0x5597bb701f70_0;
    %load/vec4 v0x5597bb667d20_0;
    %pad/u 6;
    %ix/vec4 3;
    %ix/load 4, 0, 0; Constant delay
    %assign/vec4/a/d v0x5597bb702c10, 0, 4;
    %load/vec4 v0x5597bb701cd0_0;
    %load/vec4 v0x5597bb667d20_0;
    %pad/u 6;
    %ix/vec4 3;
    %ix/load 4, 0, 0; Constant delay
    %assign/vec4/a/d v0x5597bb7022b0, 0, 4;
    %load/vec4 v0x5597bb701db0_0;
    %load/vec4 v0x5597bb667d20_0;
    %pad/u 6;
    %ix/vec4 3;
    %ix/load 4, 0, 0; Constant delay
    %assign/vec4/a/d v0x5597bb702600, 0, 4;
    %load/vec4 v0x5597bb701bf0_0;
    %load/vec4 v0x5597bb667d20_0;
    %pad/u 6;
    %ix/vec4 3;
    %ix/load 4, 0, 0; Constant delay
    %assign/vec4/a/d v0x5597bb7021f0, 0, 4;
    %load/vec4 v0x5597bb701e90_0;
    %load/vec4 v0x5597bb667d20_0;
    %pad/u 6;
    %ix/vec4 3;
    %ix/load 4, 0, 0; Constant delay
    %assign/vec4/a/d v0x5597bb702950, 0, 4;
    %load/vec4 v0x5597bb667d20_0;
    %pad/u 6;
    %ix/vec4 4;
    %load/vec4a v0x5597bb703530, 4;
    %flag_set/vec4 8;
    %jmp/0xz  T_2.8, 8;
    %load/vec4 v0x5597bb6e0bf0_0;
    %addi 1, 0, 32;
    %assign/vec4 v0x5597bb6e0bf0_0, 0;
T_2.8 ;
    %pushi/vec4 1, 0, 1;
    %load/vec4 v0x5597bb667d20_0;
    %pad/u 6;
    %ix/vec4 3;
    %ix/load 4, 0, 0; Constant delay
    %assign/vec4/a/d v0x5597bb703530, 0, 4;
    %load/vec4 v0x5597bb701f70_0;
    %assign/vec4 v0x5597bb7031f0_0, 0;
    %load/vec4 v0x5597bb701cd0_0;
    %assign/vec4 v0x5597bb702f50_0, 0;
    %load/vec4 v0x5597bb701db0_0;
    %assign/vec4 v0x5597bb703030_0, 0;
    %load/vec4 v0x5597bb701bf0_0;
    %assign/vec4 v0x5597bb702e70_0, 0;
    %load/vec4 v0x5597bb701e90_0;
    %assign/vec4 v0x5597bb703110_0, 0;
    %load/vec4 v0x5597bb667d20_0;
    %addi 1, 0, 4;
    %assign/vec4 v0x5597bb667d20_0, 0;
T_2.7 ;
T_2.4 ;
T_2.1 ;
    %jmp T_2;
    .thread T_2;
    .scope S_0x5597bb6b98c0;
T_3 ;
    %delay 5000, 0;
    %load/vec4 v0x5597bb7070a0_0;
    %inv;
    %store/vec4 v0x5597bb7070a0_0, 0, 1;
    %jmp T_3;
    .thread T_3;
    .scope S_0x5597bb6b98c0;
T_4 ;
    %pushi/vec4 13, 0, 8;
    %ix/load 4, 0, 0;
    %flag_set/imm 4, 0;
    %store/vec4a v0x5597bb707ca0, 4, 0;
    %pushi/vec4 6, 0, 8;
    %ix/load 4, 0, 0;
    %flag_set/imm 4, 0;
    %store/vec4a v0x5597bb707d60, 4, 0;
    %pushi/vec4 13, 0, 8;
    %ix/load 4, 1, 0;
    %flag_set/imm 4, 0;
    %store/vec4a v0x5597bb707ca0, 4, 0;
    %pushi/vec4 6, 0, 8;
    %ix/load 4, 1, 0;
    %flag_set/imm 4, 0;
    %store/vec4a v0x5597bb707d60, 4, 0;
    %pushi/vec4 7, 0, 8;
    %ix/load 4, 2, 0;
    %flag_set/imm 4, 0;
    %store/vec4a v0x5597bb707ca0, 4, 0;
    %pushi/vec4 8, 0, 8;
    %ix/load 4, 2, 0;
    %flag_set/imm 4, 0;
    %store/vec4a v0x5597bb707d60, 4, 0;
    %pushi/vec4 1, 0, 8;
    %ix/load 4, 3, 0;
    %flag_set/imm 4, 0;
    %store/vec4a v0x5597bb707ca0, 4, 0;
    %pushi/vec4 2, 0, 8;
    %ix/load 4, 3, 0;
    %flag_set/imm 4, 0;
    %store/vec4a v0x5597bb707d60, 4, 0;
    %pushi/vec4 7, 0, 8;
    %ix/load 4, 4, 0;
    %flag_set/imm 4, 0;
    %store/vec4a v0x5597bb707ca0, 4, 0;
    %pushi/vec4 8, 0, 8;
    %ix/load 4, 4, 0;
    %flag_set/imm 4, 0;
    %store/vec4a v0x5597bb707d60, 4, 0;
    %pushi/vec4 0, 0, 8;
    %ix/load 4, 5, 0;
    %flag_set/imm 4, 0;
    %store/vec4a v0x5597bb707ca0, 4, 0;
    %pushi/vec4 0, 0, 8;
    %ix/load 4, 5, 0;
    %flag_set/imm 4, 0;
    %store/vec4a v0x5597bb707d60, 4, 0;
    %pushi/vec4 255, 0, 8;
    %ix/load 4, 6, 0;
    %flag_set/imm 4, 0;
    %store/vec4a v0x5597bb707ca0, 4, 0;
    %pushi/vec4 255, 0, 8;
    %ix/load 4, 6, 0;
    %flag_set/imm 4, 0;
    %store/vec4a v0x5597bb707d60, 4, 0;
    %pushi/vec4 1, 0, 8;
    %ix/load 4, 7, 0;
    %flag_set/imm 4, 0;
    %store/vec4a v0x5597bb707ca0, 4, 0;
    %pushi/vec4 2, 0, 8;
    %ix/load 4, 7, 0;
    %flag_set/imm 4, 0;
    %store/vec4a v0x5597bb707d60, 4, 0;
    %pushi/vec4 33, 0, 8;
    %ix/load 4, 8, 0;
    %flag_set/imm 4, 0;
    %store/vec4a v0x5597bb707ca0, 4, 0;
    %pushi/vec4 66, 0, 8;
    %ix/load 4, 8, 0;
    %flag_set/imm 4, 0;
    %store/vec4a v0x5597bb707d60, 4, 0;
    %pushi/vec4 33, 0, 8;
    %ix/load 4, 9, 0;
    %flag_set/imm 4, 0;
    %store/vec4a v0x5597bb707ca0, 4, 0;
    %pushi/vec4 66, 0, 8;
    %ix/load 4, 9, 0;
    %flag_set/imm 4, 0;
    %store/vec4a v0x5597bb707d60, 4, 0;
    %pushi/vec4 165, 0, 8;
    %ix/load 4, 10, 0;
    %flag_set/imm 4, 0;
    %store/vec4a v0x5597bb707ca0, 4, 0;
    %pushi/vec4 90, 0, 8;
    %ix/load 4, 10, 0;
    %flag_set/imm 4, 0;
    %store/vec4a v0x5597bb707d60, 4, 0;
    %pushi/vec4 0, 0, 8;
    %ix/load 4, 11, 0;
    %flag_set/imm 4, 0;
    %store/vec4a v0x5597bb707ca0, 4, 0;
    %pushi/vec4 0, 0, 8;
    %ix/load 4, 11, 0;
    %flag_set/imm 4, 0;
    %store/vec4a v0x5597bb707d60, 4, 0;
    %end;
    .thread T_4;
    .scope S_0x5597bb6b98c0;
T_5 ;
    %vpi_call/w 3 41 "$dumpfile", "sim/v4/gtkwave_overall.vcd" {0 0 0};
    %vpi_call/w 3 42 "$dumpvars", 32'sb00000000000000000000000000000000, S_0x5597bb6b98c0 {0 0 0};
    %pushi/vec4 0, 0, 1;
    %store/vec4 v0x5597bb7070a0_0, 0, 1;
    %pushi/vec4 1, 0, 1;
    %store/vec4 v0x5597bb707a30_0, 0, 1;
    %pushi/vec4 0, 0, 1;
    %store/vec4 v0x5597bb7073d0_0, 0, 1;
    %pushi/vec4 0, 0, 8;
    %store/vec4 v0x5597bb706e60_0, 0, 8;
    %pushi/vec4 0, 0, 8;
    %store/vec4 v0x5597bb706f90_0, 0, 8;
    %pushi/vec4 2, 0, 32;
T_5.0 %dup/vec4;
    %pushi/vec4 0, 0, 32;
    %cmp/s;
    %jmp/1xz T_5.1, 5;
    %jmp/1 T_5.1, 4;
    %pushi/vec4 1, 0, 32;
    %sub;
    %wait E_0x5597bb666f00;
    %jmp T_5.0;
T_5.1 ;
    %pop/vec4 1;
    %wait E_0x5597bb69f850;
    %pushi/vec4 0, 0, 1;
    %store/vec4 v0x5597bb707a30_0, 0, 1;
    %vpi_call/w 3 49 "$display", "=========================================================" {0 0 0};
    %vpi_call/w 3 50 "$display", "V4 GTKWAVE OVERALL TEST -- post RA/T patch (race-free)" {0 0 0};
    %vpi_call/w 3 51 "$display", "=========================================================" {0 0 0};
    %pushi/vec4 0, 0, 32;
    %store/vec4 v0x5597bb7072f0_0, 0, 32;
T_5.2 ;
    %load/vec4 v0x5597bb7072f0_0;
    %cmpi/s 12, 0, 32;
    %jmp/0xz T_5.3, 5;
    %wait E_0x5597bb69f850;
    %ix/getv/s 4, v0x5597bb7072f0_0;
    %load/vec4a v0x5597bb707ca0, 4;
    %store/vec4 v0x5597bb706e60_0, 0, 8;
    %ix/getv/s 4, v0x5597bb7072f0_0;
    %load/vec4a v0x5597bb707d60, 4;
    %store/vec4 v0x5597bb706f90_0, 0, 8;
    %pushi/vec4 1, 0, 1;
    %store/vec4 v0x5597bb7073d0_0, 0, 1;
    %wait E_0x5597bb666f00;
    %delay 1000, 0;
    %vpi_call/w 3 62 "$display", "[%0d] A=0x%0h B=0x%0h | hit=%0b miss=%0b | Y=0x%0h RA=0x%0h RD=0x%0h R0=0x%0h T=0x%0h | hits=%0d misses=%0d", v0x5597bb7072f0_0, v0x5597bb706e60_0, v0x5597bb706f90_0, v0x5597bb7078f0_0, v0x5597bb707990_0, v0x5597bb707830_0, v0x5597bb7075f0_0, v0x5597bb7076b0_0, v0x5597bb707530_0, v0x5597bb707770_0, v0x5597bb7071e0_0, v0x5597bb707470_0 {0 0 0};
    %wait E_0x5597bb69f850;
    %pushi/vec4 0, 0, 1;
    %store/vec4 v0x5597bb7073d0_0, 0, 1;
    %load/vec4 v0x5597bb7072f0_0;
    %addi 1, 0, 32;
    %store/vec4 v0x5597bb7072f0_0, 0, 32;
    %jmp T_5.2;
T_5.3 ;
    %wait E_0x5597bb666f00;
    %vpi_call/w 3 72 "$display", "=========================================================" {0 0 0};
    %vpi_call/w 3 73 "$display", "FINAL COUNTS: hits=%0d misses=%0d stores=%0d evicts=%0d", v0x5597bb7071e0_0, v0x5597bb707470_0, v0x5597bb707ad0_0, v0x5597bb707140_0 {0 0 0};
    %vpi_call/w 3 75 "$display", "Expected: hits=5 misses=7 (7 unique pairs + 5 repeats)" {0 0 0};
    %vpi_call/w 3 76 "$display", "Done. Open sim/v4/gtkwave_overall.vcd in GTKWave to inspect." {0 0 0};
    %vpi_call/w 3 77 "$display", "=========================================================" {0 0 0};
    %vpi_call/w 3 78 "$finish" {0 0 0};
    %end;
    .thread T_5;
# The file index is used to find the file name in the following table.
:file_names 8;
    "N/A";
    "<interactive>";
    "-";
    "tb/v4/tb_v4_gtkwave_overall.sv";
    "rtl/v4/ifa_v4_end_to_end_core.sv";
    "rtl/v4/ifa_v4_core.sv";
    "rtl/v4/ifa_relation_memory_controller.sv";
    "rtl/v4/ifa_rpc_stub.sv";
