#! /usr/bin/vvp
:ivl_version "12.0 (stable)";
:ivl_delay_selection "TYPICAL";
:vpi_time_precision + 0;
:vpi_module "/usr/lib/x86_64-linux-gnu/ivl/system.vpi";
:vpi_module "/usr/lib/x86_64-linux-gnu/ivl/vhdl_sys.vpi";
:vpi_module "/usr/lib/x86_64-linux-gnu/ivl/vhdl_textio.vpi";
:vpi_module "/usr/lib/x86_64-linux-gnu/ivl/v2005_math.vpi";
:vpi_module "/usr/lib/x86_64-linux-gnu/ivl/va_math.vpi";
:vpi_module "/usr/lib/x86_64-linux-gnu/ivl/v2009.vpi";
S_0x576db80014f0 .scope package, "$unit" "$unit" 2 1;
 .timescale 0 0;
S_0x576db8001680 .scope module, "ifa_stack_memory_v4" "ifa_stack_memory_v4" 3 12;
 .timescale 0 0;
    .port_info 0 /INPUT 1 "clk";
    .port_info 1 /INPUT 1 "rst";
    .port_info 2 /INPUT 4 "active_yara";
    .port_info 3 /INPUT 4 "stack_pointer";
    .port_info 4 /INPUT 1 "write_valid";
    .port_info 5 /INPUT 1 "read_valid";
    .port_info 6 /INPUT 8 "write_data";
    .port_info 7 /OUTPUT 8 "read_data";
    .port_info 8 /OUTPUT 1 "write_done";
    .port_info 9 /OUTPUT 1 "read_done";
    .port_info 10 /OUTPUT 1 "stack_allowed";
    .port_info 11 /OUTPUT 1 "stack_denied";
P_0x576db802d0c0 .param/l "MAX_YARA" 0 3 14, +C4<00000000000000000000000000010000>;
P_0x576db802d100 .param/l "PHYS_ADDR_W" 0 3 26, +C4<00000000000000000000000000001000>;
P_0x576db802d140 .param/l "SP_W" 0 3 20, +C4<00000000000000000000000000000100>;
P_0x576db802d180 .param/l "STACK_DEPTH" 0 3 15, +C4<00000000000000000000000000010000>;
P_0x576db802d1c0 .param/l "TOTAL_DEPTH" 0 3 23, +C4<00000000000000000000000100000000>;
P_0x576db802d200 .param/l "WIDTH" 0 3 13, +C4<00000000000000000000000000001000>;
P_0x576db802d240 .param/l "YARA_W" 0 3 17, +C4<00000000000000000000000000000100>;
o0x7000b6afc018 .functor BUFZ 4, C4<zzzz>; HiZ drive
v0x576db80405f0_0 .net "active_yara", 3 0, o0x7000b6afc018;  0 drivers
v0x576db8059420_0 .var "active_yara_valid", 0 0;
o0x7000b6afc078 .functor BUFZ 1, C4<z>; HiZ drive
v0x576db80594e0_0 .net "clk", 0 0, o0x7000b6afc078;  0 drivers
v0x576db80595b0_0 .var "physical_address", 7 0;
v0x576db8059690_0 .var "read_data", 7 0;
v0x576db80597c0_0 .var "read_done", 0 0;
o0x7000b6afc138 .functor BUFZ 1, C4<z>; HiZ drive
v0x576db8059880_0 .net "read_valid", 0 0, o0x7000b6afc138;  0 drivers
v0x576db8059940_0 .var/i "reset_index", 31 0;
o0x7000b6afc198 .functor BUFZ 1, C4<z>; HiZ drive
v0x576db8059a20_0 .net "rst", 0 0, o0x7000b6afc198;  0 drivers
v0x576db8059ae0_0 .var "stack_allowed", 0 0;
v0x576db8059ba0_0 .var "stack_denied", 0 0;
v0x576db8059c60 .array "stack_mem", 255 0, 7 0;
o0x7000b6afc228 .functor BUFZ 4, C4<zzzz>; HiZ drive
v0x576db8059d20_0 .net "stack_pointer", 3 0, o0x7000b6afc228;  0 drivers
v0x576db8059e00_0 .var "stack_pointer_valid", 0 0;
o0x7000b6afc288 .functor BUFZ 8, C4<zzzzzzzz>; HiZ drive
v0x576db8059ec0_0 .net "write_data", 7 0, o0x7000b6afc288;  0 drivers
v0x576db8059fa0_0 .var "write_done", 0 0;
o0x7000b6afc2e8 .functor BUFZ 1, C4<z>; HiZ drive
v0x576db805a060_0 .net "write_valid", 0 0, o0x7000b6afc2e8;  0 drivers
E_0x576db803cfb0 .event posedge, v0x576db80594e0_0;
E_0x576db803d820 .event anyedge, v0x576db80405f0_0, v0x576db8059d20_0;
    .scope S_0x576db8001680;
T_0 ;
    %end;
    .thread T_0;
    .scope S_0x576db8001680;
T_1 ;
Ewait_0 .event/or E_0x576db803d820, E_0x0;
    %wait Ewait_0;
    %load/vec4 v0x576db80405f0_0;
    %pad/u 32;
    %cmpi/u 16, 0, 32;
    %flag_get/vec4 5;
    %store/vec4 v0x576db8059420_0, 0, 1;
    %load/vec4 v0x576db8059d20_0;
    %pad/u 32;
    %cmpi/u 16, 0, 32;
    %flag_get/vec4 5;
    %store/vec4 v0x576db8059e00_0, 0, 1;
    %load/vec4 v0x576db80405f0_0;
    %pad/u 32;
    %muli 16, 0, 32;
    %load/vec4 v0x576db8059d20_0;
    %pad/u 32;
    %add;
    %pad/u 8;
    %store/vec4 v0x576db80595b0_0, 0, 8;
    %jmp T_1;
    .thread T_1, $push;
    .scope S_0x576db8001680;
T_2 ;
    %wait E_0x576db803cfb0;
    %load/vec4 v0x576db8059a20_0;
    %flag_set/vec4 8;
    %jmp/0xz  T_2.0, 8;
    %pushi/vec4 0, 0, 8;
    %assign/vec4 v0x576db8059690_0, 0;
    %pushi/vec4 0, 0, 1;
    %assign/vec4 v0x576db8059fa0_0, 0;
    %pushi/vec4 0, 0, 1;
    %assign/vec4 v0x576db80597c0_0, 0;
    %pushi/vec4 0, 0, 1;
    %assign/vec4 v0x576db8059ae0_0, 0;
    %pushi/vec4 0, 0, 1;
    %assign/vec4 v0x576db8059ba0_0, 0;
    %pushi/vec4 0, 0, 32;
    %store/vec4 v0x576db8059940_0, 0, 32;
T_2.2 ;
    %load/vec4 v0x576db8059940_0;
    %cmpi/s 256, 0, 32;
    %jmp/0xz T_2.3, 5;
    %pushi/vec4 0, 0, 8;
    %ix/getv/s 3, v0x576db8059940_0;
    %ix/load 4, 0, 0; Constant delay
    %assign/vec4/a/d v0x576db8059c60, 0, 4;
    %load/vec4 v0x576db8059940_0;
    %addi 1, 0, 32;
    %store/vec4 v0x576db8059940_0, 0, 32;
    %jmp T_2.2;
T_2.3 ;
    %jmp T_2.1;
T_2.0 ;
    %pushi/vec4 0, 0, 1;
    %assign/vec4 v0x576db8059fa0_0, 0;
    %pushi/vec4 0, 0, 1;
    %assign/vec4 v0x576db80597c0_0, 0;
    %pushi/vec4 0, 0, 1;
    %assign/vec4 v0x576db8059ae0_0, 0;
    %pushi/vec4 0, 0, 1;
    %assign/vec4 v0x576db8059ba0_0, 0;
    %load/vec4 v0x576db805a060_0;
    %flag_set/vec4 8;
    %jmp/1 T_2.6, 8;
    %load/vec4 v0x576db8059880_0;
    %flag_set/vec4 9;
    %flag_or 8, 9;
T_2.6;
    %jmp/0xz  T_2.4, 8;
    %load/vec4 v0x576db8059420_0;
    %nor/r;
    %flag_set/vec4 8;
    %jmp/1 T_2.9, 8;
    %load/vec4 v0x576db8059e00_0;
    %nor/r;
    %flag_set/vec4 9;
    %flag_or 8, 9;
T_2.9;
    %jmp/0xz  T_2.7, 8;
    %pushi/vec4 1, 0, 1;
    %assign/vec4 v0x576db8059ba0_0, 0;
    %jmp T_2.8;
T_2.7 ;
    %pushi/vec4 1, 0, 1;
    %assign/vec4 v0x576db8059ae0_0, 0;
    %load/vec4 v0x576db805a060_0;
    %flag_set/vec4 8;
    %jmp/0xz  T_2.10, 8;
    %load/vec4 v0x576db8059ec0_0;
    %load/vec4 v0x576db80595b0_0;
    %pad/u 10;
    %ix/vec4 3;
    %ix/load 4, 0, 0; Constant delay
    %assign/vec4/a/d v0x576db8059c60, 0, 4;
    %pushi/vec4 1, 0, 1;
    %assign/vec4 v0x576db8059fa0_0, 0;
T_2.10 ;
    %load/vec4 v0x576db8059880_0;
    %flag_set/vec4 8;
    %jmp/0xz  T_2.12, 8;
    %load/vec4 v0x576db80595b0_0;
    %pad/u 10;
    %ix/vec4 4;
    %load/vec4a v0x576db8059c60, 4;
    %assign/vec4 v0x576db8059690_0, 0;
    %pushi/vec4 1, 0, 1;
    %assign/vec4 v0x576db80597c0_0, 0;
T_2.12 ;
T_2.8 ;
T_2.4 ;
T_2.1 ;
    %jmp T_2;
    .thread T_2;
# The file index is used to find the file name in the following table.
:file_names 4;
    "N/A";
    "<interactive>";
    "-";
    "rtl/v4/ifa_stack_memory_v4.sv";
