#! /usr/bin/vvp
:ivl_version "12.0 (stable)";
:ivl_delay_selection "TYPICAL";
:vpi_time_precision - 12;
:vpi_module "/usr/lib/x86_64-linux-gnu/ivl/system.vpi";
:vpi_module "/usr/lib/x86_64-linux-gnu/ivl/vhdl_sys.vpi";
:vpi_module "/usr/lib/x86_64-linux-gnu/ivl/vhdl_textio.vpi";
:vpi_module "/usr/lib/x86_64-linux-gnu/ivl/v2005_math.vpi";
:vpi_module "/usr/lib/x86_64-linux-gnu/ivl/va_math.vpi";
:vpi_module "/usr/lib/x86_64-linux-gnu/ivl/v2009.vpi";
S_0x5e505e8406d0 .scope package, "$unit" "$unit" 2 1;
 .timescale 0 0;
S_0x5e505e840860 .scope module, "tb_ifa_v4_core" "tb_ifa_v4_core" 3 3;
 .timescale -9 -12;
P_0x5e505e815180 .param/l "DEPTH" 1 3 6, +C4<00000000000000000000000000000100>;
P_0x5e505e8151c0 .param/l "WIDTH" 1 3 5, +C4<00000000000000000000000000001000>;
v0x5e505e8780f0_0 .var "clk", 0 0;
v0x5e505e878200_0 .net "evict_count", 31 0, v0x5e505e852860_0;  1 drivers
v0x5e505e878310_0 .net "hit_count", 31 0, v0x5e505e874f90_0;  1 drivers
v0x5e505e878400_0 .net "miss_count", 31 0, v0x5e505e875e00_0;  1 drivers
v0x5e505e878510_0 .net "out_r0", 7 0, v0x5e505e875ee0_0;  1 drivers
v0x5e505e878670_0 .net "out_ra", 7 0, v0x5e505e875fc0_0;  1 drivers
v0x5e505e878780_0 .net "out_rd", 7 0, v0x5e505e8760a0_0;  1 drivers
v0x5e505e878890_0 .net "out_t", 7 0, v0x5e505e876180_0;  1 drivers
v0x5e505e8789a0_0 .net "out_y", 7 0, v0x5e505e876260_0;  1 drivers
v0x5e505e878a60_0 .net "rmu_hit", 0 0, v0x5e505e7ee330_0;  1 drivers
v0x5e505e878b50_0 .net "rmu_miss", 0 0, v0x5e505e875d40_0;  1 drivers
v0x5e505e878c40_0 .var "rpc_r0", 7 0;
v0x5e505e878d50_0 .var "rpc_ra", 7 0;
v0x5e505e878e60_0 .var "rpc_rd", 7 0;
v0x5e505e878f70_0 .var "rpc_t", 7 0;
v0x5e505e879080_0 .var "rpc_valid", 0 0;
v0x5e505e879170_0 .var "rpc_y", 7 0;
v0x5e505e879390_0 .var "rst", 0 0;
v0x5e505e879480_0 .net "store_count", 31 0, v0x5e505e8764c0_0;  1 drivers
E_0x5e505e7edf00 .event negedge, v0x5e505e81e5c0_0;
S_0x5e505e839590 .scope module, "dut" "ifa_v4_core" 3 31, 4 19 0, S_0x5e505e840860;
 .timescale 0 0;
    .port_info 0 /INPUT 1 "clk";
    .port_info 1 /INPUT 1 "rst";
    .port_info 2 /INPUT 1 "rpc_valid";
    .port_info 3 /INPUT 8 "rpc_y";
    .port_info 4 /INPUT 8 "rpc_ra";
    .port_info 5 /INPUT 8 "rpc_rd";
    .port_info 6 /INPUT 8 "rpc_r0";
    .port_info 7 /INPUT 8 "rpc_t";
    .port_info 8 /OUTPUT 1 "rmu_hit";
    .port_info 9 /OUTPUT 1 "rmu_miss";
    .port_info 10 /OUTPUT 8 "out_y";
    .port_info 11 /OUTPUT 8 "out_ra";
    .port_info 12 /OUTPUT 8 "out_rd";
    .port_info 13 /OUTPUT 8 "out_r0";
    .port_info 14 /OUTPUT 8 "out_t";
    .port_info 15 /OUTPUT 32 "hit_count";
    .port_info 16 /OUTPUT 32 "miss_count";
    .port_info 17 /OUTPUT 32 "store_count";
    .port_info 18 /OUTPUT 32 "evict_count";
P_0x5e505e840a40 .param/l "DEPTH" 0 4 21, +C4<00000000000000000000000000000100>;
P_0x5e505e840a80 .param/l "WIDTH" 0 4 20, +C4<00000000000000000000000000001000>;
v0x5e505e81e380_0 .net "clk", 0 0, v0x5e505e8780f0_0;  1 drivers
v0x5e505e876a40_0 .net "evict_count", 31 0, v0x5e505e852860_0;  alias, 1 drivers
v0x5e505e876b10_0 .net "hit_count", 31 0, v0x5e505e874f90_0;  alias, 1 drivers
v0x5e505e876c10_0 .net "miss_count", 31 0, v0x5e505e875e00_0;  alias, 1 drivers
v0x5e505e876ce0_0 .net "out_r0", 7 0, v0x5e505e875ee0_0;  alias, 1 drivers
v0x5e505e876d80_0 .net "out_ra", 7 0, v0x5e505e875fc0_0;  alias, 1 drivers
v0x5e505e876e50_0 .net "out_rd", 7 0, v0x5e505e8760a0_0;  alias, 1 drivers
v0x5e505e876f20_0 .net "out_t", 7 0, v0x5e505e876180_0;  alias, 1 drivers
v0x5e505e876ff0_0 .net "out_y", 7 0, v0x5e505e876260_0;  alias, 1 drivers
v0x5e505e8770c0_0 .net "rmu_hit", 0 0, v0x5e505e7ee330_0;  alias, 1 drivers
v0x5e505e877190_0 .net "rmu_miss", 0 0, v0x5e505e875d40_0;  alias, 1 drivers
v0x5e505e877260_0 .net "rpc_r0", 7 0, v0x5e505e878c40_0;  1 drivers
v0x5e505e877330_0 .net "rpc_ra", 7 0, v0x5e505e878d50_0;  1 drivers
v0x5e505e877400_0 .net "rpc_rd", 7 0, v0x5e505e878e60_0;  1 drivers
v0x5e505e8774d0_0 .net "rpc_t", 7 0, v0x5e505e878f70_0;  1 drivers
v0x5e505e8775a0_0 .net "rpc_valid", 0 0, v0x5e505e879080_0;  1 drivers
v0x5e505e877670_0 .net "rpc_y", 7 0, v0x5e505e879170_0;  1 drivers
v0x5e505e877740_0 .net "rst", 0 0, v0x5e505e879390_0;  1 drivers
v0x5e505e877810_0 .net "store_count", 31 0, v0x5e505e8764c0_0;  alias, 1 drivers
S_0x5e505e8561c0 .scope module, "rmc" "ifa_relation_memory_controller" 4 52, 5 14 0, S_0x5e505e839590;
 .timescale 0 0;
    .port_info 0 /INPUT 1 "clk";
    .port_info 1 /INPUT 1 "rst";
    .port_info 2 /INPUT 1 "req_valid";
    .port_info 3 /INPUT 8 "in_y";
    .port_info 4 /INPUT 8 "in_ra";
    .port_info 5 /INPUT 8 "in_rd";
    .port_info 6 /INPUT 8 "in_r0";
    .port_info 7 /INPUT 8 "in_t";
    .port_info 8 /OUTPUT 1 "hit";
    .port_info 9 /OUTPUT 1 "miss";
    .port_info 10 /OUTPUT 8 "out_y";
    .port_info 11 /OUTPUT 8 "out_ra";
    .port_info 12 /OUTPUT 8 "out_rd";
    .port_info 13 /OUTPUT 8 "out_r0";
    .port_info 14 /OUTPUT 8 "out_t";
    .port_info 15 /OUTPUT 32 "hit_count";
    .port_info 16 /OUTPUT 32 "miss_count";
    .port_info 17 /OUTPUT 32 "store_count";
    .port_info 18 /OUTPUT 32 "evict_count";
P_0x5e505e8563a0 .param/l "DEPTH" 0 5 16, +C4<00000000000000000000000000000100>;
P_0x5e505e8563e0 .param/l "INDEX_W" 1 5 44, +C4<00000000000000000000000000000010>;
P_0x5e505e856420 .param/l "WIDTH" 0 5 15, +C4<00000000000000000000000000001000>;
v0x5e505e81e5c0_0 .net "clk", 0 0, v0x5e505e8780f0_0;  alias, 1 drivers
v0x5e505e852860_0 .var "evict_count", 31 0;
v0x5e505e7eed20_0 .var "fifo_ptr", 1 0;
v0x5e505e7ee330_0 .var "hit", 0 0;
v0x5e505e874f90_0 .var "hit_count", 31 0;
v0x5e505e8750c0_0 .var/i "i", 31 0;
v0x5e505e8751a0_0 .net "in_r0", 7 0, v0x5e505e878c40_0;  alias, 1 drivers
v0x5e505e875280_0 .net "in_ra", 7 0, v0x5e505e878d50_0;  alias, 1 drivers
v0x5e505e875360_0 .net "in_rd", 7 0, v0x5e505e878e60_0;  alias, 1 drivers
v0x5e505e875440_0 .net "in_t", 7 0, v0x5e505e878f70_0;  alias, 1 drivers
v0x5e505e875520_0 .net "in_y", 7 0, v0x5e505e879170_0;  alias, 1 drivers
v0x5e505e875600_0 .var "lookup_hit", 0 0;
v0x5e505e8756c0_0 .var "lookup_index", 1 0;
v0x5e505e8757a0 .array "mem_r0", 3 0, 7 0;
v0x5e505e875860 .array "mem_ra", 3 0, 7 0;
v0x5e505e8759a0 .array "mem_rd", 3 0, 7 0;
v0x5e505e875b10 .array "mem_t", 3 0, 7 0;
v0x5e505e875c80 .array "mem_y", 3 0, 7 0;
v0x5e505e875d40_0 .var "miss", 0 0;
v0x5e505e875e00_0 .var "miss_count", 31 0;
v0x5e505e875ee0_0 .var "out_r0", 7 0;
v0x5e505e875fc0_0 .var "out_ra", 7 0;
v0x5e505e8760a0_0 .var "out_rd", 7 0;
v0x5e505e876180_0 .var "out_t", 7 0;
v0x5e505e876260_0 .var "out_y", 7 0;
v0x5e505e876340_0 .net "req_valid", 0 0, v0x5e505e879080_0;  alias, 1 drivers
v0x5e505e876400_0 .net "rst", 0 0, v0x5e505e879390_0;  alias, 1 drivers
v0x5e505e8764c0_0 .var "store_count", 31 0;
v0x5e505e8765a0 .array "valid", 3 0, 0 0;
E_0x5e505e82b120 .event posedge, v0x5e505e81e5c0_0;
v0x5e505e8765a0_0 .array/port v0x5e505e8765a0, 0;
v0x5e505e8765a0_1 .array/port v0x5e505e8765a0, 1;
v0x5e505e8765a0_2 .array/port v0x5e505e8765a0, 2;
v0x5e505e8765a0_3 .array/port v0x5e505e8765a0, 3;
E_0x5e505e82dc20/0 .event anyedge, v0x5e505e8765a0_0, v0x5e505e8765a0_1, v0x5e505e8765a0_2, v0x5e505e8765a0_3;
v0x5e505e875860_0 .array/port v0x5e505e875860, 0;
v0x5e505e875860_1 .array/port v0x5e505e875860, 1;
v0x5e505e875860_2 .array/port v0x5e505e875860, 2;
v0x5e505e875860_3 .array/port v0x5e505e875860, 3;
E_0x5e505e82dc20/1 .event anyedge, v0x5e505e875860_0, v0x5e505e875860_1, v0x5e505e875860_2, v0x5e505e875860_3;
v0x5e505e8759a0_0 .array/port v0x5e505e8759a0, 0;
v0x5e505e8759a0_1 .array/port v0x5e505e8759a0, 1;
v0x5e505e8759a0_2 .array/port v0x5e505e8759a0, 2;
E_0x5e505e82dc20/2 .event anyedge, v0x5e505e875280_0, v0x5e505e8759a0_0, v0x5e505e8759a0_1, v0x5e505e8759a0_2;
v0x5e505e8759a0_3 .array/port v0x5e505e8759a0, 3;
v0x5e505e875b10_0 .array/port v0x5e505e875b10, 0;
v0x5e505e875b10_1 .array/port v0x5e505e875b10, 1;
E_0x5e505e82dc20/3 .event anyedge, v0x5e505e8759a0_3, v0x5e505e875360_0, v0x5e505e875b10_0, v0x5e505e875b10_1;
v0x5e505e875b10_2 .array/port v0x5e505e875b10, 2;
v0x5e505e875b10_3 .array/port v0x5e505e875b10, 3;
E_0x5e505e82dc20/4 .event anyedge, v0x5e505e875b10_2, v0x5e505e875b10_3, v0x5e505e875440_0;
E_0x5e505e82dc20 .event/or E_0x5e505e82dc20/0, E_0x5e505e82dc20/1, E_0x5e505e82dc20/2, E_0x5e505e82dc20/3, E_0x5e505e82dc20/4;
S_0x5e505e7ed680 .scope begin, "$ivl_for_loop0" "$ivl_for_loop0" 5 73, 5 73 0, S_0x5e505e8561c0;
 .timescale 0 0;
v0x5e505e839c20_0 .var/2s "j", 31 0;
S_0x5e505e877b20 .scope autotask, "send_rpc_frame" "send_rpc_frame" 3 60, 3 60 0, S_0x5e505e840860;
 .timescale -9 -12;
v0x5e505e81dba0_0 .var "r0", 7 0;
v0x5e505e877d10_0 .var "ra", 7 0;
v0x5e505e877df0_0 .var "rd", 7 0;
v0x5e505e877ee0_0 .var "t", 7 0;
v0x5e505e877fc0_0 .var "y", 7 0;
TD_tb_ifa_v4_core.send_rpc_frame ;
    %wait E_0x5e505e7edf00;
    %pushi/vec4 1, 0, 1;
    %store/vec4 v0x5e505e879080_0, 0, 1;
    %load/vec4 v0x5e505e877fc0_0;
    %store/vec4 v0x5e505e879170_0, 0, 8;
    %load/vec4 v0x5e505e877d10_0;
    %store/vec4 v0x5e505e878d50_0, 0, 8;
    %load/vec4 v0x5e505e877df0_0;
    %store/vec4 v0x5e505e878e60_0, 0, 8;
    %load/vec4 v0x5e505e81dba0_0;
    %store/vec4 v0x5e505e878c40_0, 0, 8;
    %load/vec4 v0x5e505e877ee0_0;
    %store/vec4 v0x5e505e878f70_0, 0, 8;
    %wait E_0x5e505e7edf00;
    %pushi/vec4 0, 0, 1;
    %store/vec4 v0x5e505e879080_0, 0, 1;
    %end;
    .scope S_0x5e505e8561c0;
T_1 ;
Ewait_0 .event/or E_0x5e505e82dc20, E_0x0;
    %wait Ewait_0;
    %pushi/vec4 0, 0, 1;
    %store/vec4 v0x5e505e875600_0, 0, 1;
    %pushi/vec4 0, 0, 2;
    %store/vec4 v0x5e505e8756c0_0, 0, 2;
    %fork t_1, S_0x5e505e7ed680;
    %jmp t_0;
    .scope S_0x5e505e7ed680;
t_1 ;
    %pushi/vec4 0, 0, 32;
    %store/vec4 v0x5e505e839c20_0, 0, 32;
T_1.0 ;
    %load/vec4 v0x5e505e839c20_0;
    %cmpi/s 4, 0, 32;
    %jmp/0xz T_1.1, 5;
    %ix/getv/s 4, v0x5e505e839c20_0;
    %load/vec4a v0x5e505e8765a0, 4;
    %flag_set/vec4 11;
    %flag_get/vec4 11;
    %jmp/0 T_1.6, 11;
    %ix/getv/s 4, v0x5e505e839c20_0;
    %load/vec4a v0x5e505e875860, 4;
    %load/vec4 v0x5e505e875280_0;
    %cmp/e;
    %flag_get/vec4 4;
    %and;
T_1.6;
    %flag_set/vec4 10;
    %flag_get/vec4 10;
    %jmp/0 T_1.5, 10;
    %ix/getv/s 4, v0x5e505e839c20_0;
    %load/vec4a v0x5e505e8759a0, 4;
    %load/vec4 v0x5e505e875360_0;
    %cmp/e;
    %flag_get/vec4 4;
    %and;
T_1.5;
    %flag_set/vec4 9;
    %flag_get/vec4 9;
    %jmp/0 T_1.4, 9;
    %ix/getv/s 4, v0x5e505e839c20_0;
    %load/vec4a v0x5e505e875b10, 4;
    %load/vec4 v0x5e505e875440_0;
    %cmp/e;
    %flag_get/vec4 4;
    %and;
T_1.4;
    %flag_set/vec4 8;
    %jmp/0xz  T_1.2, 8;
    %pushi/vec4 1, 0, 1;
    %store/vec4 v0x5e505e875600_0, 0, 1;
    %load/vec4 v0x5e505e839c20_0;
    %pad/s 2;
    %store/vec4 v0x5e505e8756c0_0, 0, 2;
T_1.2 ;
    %load/vec4 v0x5e505e839c20_0;
    %addi 1, 0, 32;
    %cast2;
    %store/vec4 v0x5e505e839c20_0, 0, 32;
    %jmp T_1.0;
T_1.1 ;
    %end;
    .scope S_0x5e505e8561c0;
t_0 %join;
    %jmp T_1;
    .thread T_1, $push;
    .scope S_0x5e505e8561c0;
T_2 ;
    %wait E_0x5e505e82b120;
    %load/vec4 v0x5e505e876400_0;
    %flag_set/vec4 8;
    %jmp/0xz  T_2.0, 8;
    %pushi/vec4 0, 0, 2;
    %assign/vec4 v0x5e505e7eed20_0, 0;
    %pushi/vec4 0, 0, 1;
    %assign/vec4 v0x5e505e7ee330_0, 0;
    %pushi/vec4 0, 0, 1;
    %assign/vec4 v0x5e505e875d40_0, 0;
    %pushi/vec4 0, 0, 8;
    %assign/vec4 v0x5e505e876260_0, 0;
    %pushi/vec4 0, 0, 8;
    %assign/vec4 v0x5e505e875fc0_0, 0;
    %pushi/vec4 0, 0, 8;
    %assign/vec4 v0x5e505e8760a0_0, 0;
    %pushi/vec4 0, 0, 8;
    %assign/vec4 v0x5e505e875ee0_0, 0;
    %pushi/vec4 0, 0, 8;
    %assign/vec4 v0x5e505e876180_0, 0;
    %pushi/vec4 0, 0, 32;
    %assign/vec4 v0x5e505e874f90_0, 0;
    %pushi/vec4 0, 0, 32;
    %assign/vec4 v0x5e505e875e00_0, 0;
    %pushi/vec4 0, 0, 32;
    %assign/vec4 v0x5e505e8764c0_0, 0;
    %pushi/vec4 0, 0, 32;
    %assign/vec4 v0x5e505e852860_0, 0;
    %pushi/vec4 0, 0, 32;
    %store/vec4 v0x5e505e8750c0_0, 0, 32;
T_2.2 ;
    %load/vec4 v0x5e505e8750c0_0;
    %cmpi/s 4, 0, 32;
    %jmp/0xz T_2.3, 5;
    %pushi/vec4 0, 0, 1;
    %ix/getv/s 3, v0x5e505e8750c0_0;
    %ix/load 4, 0, 0; Constant delay
    %assign/vec4/a/d v0x5e505e8765a0, 0, 4;
    %pushi/vec4 0, 0, 8;
    %ix/getv/s 3, v0x5e505e8750c0_0;
    %ix/load 4, 0, 0; Constant delay
    %assign/vec4/a/d v0x5e505e875c80, 0, 4;
    %pushi/vec4 0, 0, 8;
    %ix/getv/s 3, v0x5e505e8750c0_0;
    %ix/load 4, 0, 0; Constant delay
    %assign/vec4/a/d v0x5e505e875860, 0, 4;
    %pushi/vec4 0, 0, 8;
    %ix/getv/s 3, v0x5e505e8750c0_0;
    %ix/load 4, 0, 0; Constant delay
    %assign/vec4/a/d v0x5e505e8759a0, 0, 4;
    %pushi/vec4 0, 0, 8;
    %ix/getv/s 3, v0x5e505e8750c0_0;
    %ix/load 4, 0, 0; Constant delay
    %assign/vec4/a/d v0x5e505e8757a0, 0, 4;
    %pushi/vec4 0, 0, 8;
    %ix/getv/s 3, v0x5e505e8750c0_0;
    %ix/load 4, 0, 0; Constant delay
    %assign/vec4/a/d v0x5e505e875b10, 0, 4;
    %load/vec4 v0x5e505e8750c0_0;
    %addi 1, 0, 32;
    %store/vec4 v0x5e505e8750c0_0, 0, 32;
    %jmp T_2.2;
T_2.3 ;
    %jmp T_2.1;
T_2.0 ;
    %pushi/vec4 0, 0, 1;
    %assign/vec4 v0x5e505e7ee330_0, 0;
    %pushi/vec4 0, 0, 1;
    %assign/vec4 v0x5e505e875d40_0, 0;
    %load/vec4 v0x5e505e876340_0;
    %flag_set/vec4 8;
    %jmp/0xz  T_2.4, 8;
    %load/vec4 v0x5e505e875600_0;
    %flag_set/vec4 8;
    %jmp/0xz  T_2.6, 8;
    %pushi/vec4 1, 0, 1;
    %assign/vec4 v0x5e505e7ee330_0, 0;
    %pushi/vec4 0, 0, 1;
    %assign/vec4 v0x5e505e875d40_0, 0;
    %load/vec4 v0x5e505e874f90_0;
    %addi 1, 0, 32;
    %assign/vec4 v0x5e505e874f90_0, 0;
    %load/vec4 v0x5e505e8756c0_0;
    %pad/u 4;
    %ix/vec4 4;
    %load/vec4a v0x5e505e875c80, 4;
    %assign/vec4 v0x5e505e876260_0, 0;
    %load/vec4 v0x5e505e8756c0_0;
    %pad/u 4;
    %ix/vec4 4;
    %load/vec4a v0x5e505e875860, 4;
    %assign/vec4 v0x5e505e875fc0_0, 0;
    %load/vec4 v0x5e505e8756c0_0;
    %pad/u 4;
    %ix/vec4 4;
    %load/vec4a v0x5e505e8759a0, 4;
    %assign/vec4 v0x5e505e8760a0_0, 0;
    %load/vec4 v0x5e505e8756c0_0;
    %pad/u 4;
    %ix/vec4 4;
    %load/vec4a v0x5e505e8757a0, 4;
    %assign/vec4 v0x5e505e875ee0_0, 0;
    %load/vec4 v0x5e505e8756c0_0;
    %pad/u 4;
    %ix/vec4 4;
    %load/vec4a v0x5e505e875b10, 4;
    %assign/vec4 v0x5e505e876180_0, 0;
    %jmp T_2.7;
T_2.6 ;
    %pushi/vec4 0, 0, 1;
    %assign/vec4 v0x5e505e7ee330_0, 0;
    %pushi/vec4 1, 0, 1;
    %assign/vec4 v0x5e505e875d40_0, 0;
    %load/vec4 v0x5e505e875e00_0;
    %addi 1, 0, 32;
    %assign/vec4 v0x5e505e875e00_0, 0;
    %load/vec4 v0x5e505e8764c0_0;
    %addi 1, 0, 32;
    %assign/vec4 v0x5e505e8764c0_0, 0;
    %load/vec4 v0x5e505e875520_0;
    %load/vec4 v0x5e505e7eed20_0;
    %pad/u 4;
    %ix/vec4 3;
    %ix/load 4, 0, 0; Constant delay
    %assign/vec4/a/d v0x5e505e875c80, 0, 4;
    %load/vec4 v0x5e505e875280_0;
    %load/vec4 v0x5e505e7eed20_0;
    %pad/u 4;
    %ix/vec4 3;
    %ix/load 4, 0, 0; Constant delay
    %assign/vec4/a/d v0x5e505e875860, 0, 4;
    %load/vec4 v0x5e505e875360_0;
    %load/vec4 v0x5e505e7eed20_0;
    %pad/u 4;
    %ix/vec4 3;
    %ix/load 4, 0, 0; Constant delay
    %assign/vec4/a/d v0x5e505e8759a0, 0, 4;
    %load/vec4 v0x5e505e8751a0_0;
    %load/vec4 v0x5e505e7eed20_0;
    %pad/u 4;
    %ix/vec4 3;
    %ix/load 4, 0, 0; Constant delay
    %assign/vec4/a/d v0x5e505e8757a0, 0, 4;
    %load/vec4 v0x5e505e875440_0;
    %load/vec4 v0x5e505e7eed20_0;
    %pad/u 4;
    %ix/vec4 3;
    %ix/load 4, 0, 0; Constant delay
    %assign/vec4/a/d v0x5e505e875b10, 0, 4;
    %load/vec4 v0x5e505e7eed20_0;
    %pad/u 4;
    %ix/vec4 4;
    %load/vec4a v0x5e505e8765a0, 4;
    %flag_set/vec4 8;
    %jmp/0xz  T_2.8, 8;
    %load/vec4 v0x5e505e852860_0;
    %addi 1, 0, 32;
    %assign/vec4 v0x5e505e852860_0, 0;
T_2.8 ;
    %pushi/vec4 1, 0, 1;
    %load/vec4 v0x5e505e7eed20_0;
    %pad/u 4;
    %ix/vec4 3;
    %ix/load 4, 0, 0; Constant delay
    %assign/vec4/a/d v0x5e505e8765a0, 0, 4;
    %load/vec4 v0x5e505e875520_0;
    %assign/vec4 v0x5e505e876260_0, 0;
    %load/vec4 v0x5e505e875280_0;
    %assign/vec4 v0x5e505e875fc0_0, 0;
    %load/vec4 v0x5e505e875360_0;
    %assign/vec4 v0x5e505e8760a0_0, 0;
    %load/vec4 v0x5e505e8751a0_0;
    %assign/vec4 v0x5e505e875ee0_0, 0;
    %load/vec4 v0x5e505e875440_0;
    %assign/vec4 v0x5e505e876180_0, 0;
    %load/vec4 v0x5e505e7eed20_0;
    %addi 1, 0, 2;
    %assign/vec4 v0x5e505e7eed20_0, 0;
T_2.7 ;
T_2.4 ;
T_2.1 ;
    %jmp T_2;
    .thread T_2;
    .scope S_0x5e505e840860;
T_3 ;
    %delay 5000, 0;
    %load/vec4 v0x5e505e8780f0_0;
    %inv;
    %store/vec4 v0x5e505e8780f0_0, 0, 1;
    %jmp T_3;
    .thread T_3;
    .scope S_0x5e505e840860;
T_4 ;
    %pushi/vec4 0, 0, 1;
    %store/vec4 v0x5e505e8780f0_0, 0, 1;
    %pushi/vec4 1, 0, 1;
    %store/vec4 v0x5e505e879390_0, 0, 1;
    %pushi/vec4 0, 0, 1;
    %store/vec4 v0x5e505e879080_0, 0, 1;
    %pushi/vec4 0, 0, 8;
    %store/vec4 v0x5e505e879170_0, 0, 8;
    %pushi/vec4 0, 0, 8;
    %store/vec4 v0x5e505e878d50_0, 0, 8;
    %pushi/vec4 0, 0, 8;
    %store/vec4 v0x5e505e878e60_0, 0, 8;
    %pushi/vec4 0, 0, 8;
    %store/vec4 v0x5e505e878c40_0, 0, 8;
    %pushi/vec4 0, 0, 8;
    %store/vec4 v0x5e505e878f70_0, 0, 8;
    %pushi/vec4 3, 0, 32;
T_4.0 %dup/vec4;
    %pushi/vec4 0, 0, 32;
    %cmp/s;
    %jmp/1xz T_4.1, 5;
    %jmp/1 T_4.1, 4;
    %pushi/vec4 1, 0, 32;
    %sub;
    %wait E_0x5e505e7edf00;
    %jmp T_4.0;
T_4.1 ;
    %pop/vec4 1;
    %pushi/vec4 0, 0, 1;
    %store/vec4 v0x5e505e879390_0, 0, 1;
    %vpi_call/w 3 95 "$display", "==================================================" {0 0 0};
    %vpi_call/w 3 96 "$display", "IF\303\201 V4 CORE WRAPPER TEST" {0 0 0};
    %vpi_call/w 3 97 "$display", "==================================================" {0 0 0};
    %alloc S_0x5e505e877b20;
    %pushi/vec4 19, 0, 8;
    %store/vec4 v0x5e505e877fc0_0, 0, 8;
    %pushi/vec4 4, 0, 8;
    %store/vec4 v0x5e505e877d10_0, 0, 8;
    %pushi/vec4 11, 0, 8;
    %store/vec4 v0x5e505e877df0_0, 0, 8;
    %pushi/vec4 240, 0, 8;
    %store/vec4 v0x5e505e81dba0_0, 0, 8;
    %pushi/vec4 3, 0, 8;
    %store/vec4 v0x5e505e877ee0_0, 0, 8;
    %fork TD_tb_ifa_v4_core.send_rpc_frame, S_0x5e505e877b20;
    %join;
    %free S_0x5e505e877b20;
    %wait E_0x5e505e82b120;
    %vpi_call/w 3 103 "$display", "TEST 1 MISS: hit=%0d miss=%0d out_y=%02h", v0x5e505e878a60_0, v0x5e505e878b50_0, v0x5e505e8789a0_0 {0 0 0};
    %load/vec4 v0x5e505e878b50_0;
    %cmpi/ne 1, 0, 1;
    %jmp/0xz  T_4.2, 6;
    %vpi_call/w 3 106 "$fatal", 32'sb00000000000000000000000000000001, "Expected MISS on first frame" {0 0 0};
T_4.2 ;
    %load/vec4 v0x5e505e8789a0_0;
    %cmpi/ne 19, 0, 8;
    %jmp/1 T_4.6, 6;
    %flag_mov 8, 6;
    %load/vec4 v0x5e505e878510_0;
    %cmpi/ne 240, 0, 8;
    %flag_or 6, 8;
T_4.6;
    %jmp/0xz  T_4.4, 6;
    %vpi_call/w 3 109 "$fatal", 32'sb00000000000000000000000000000001, "MISS should output incoming RPC frame" {0 0 0};
T_4.4 ;
    %alloc S_0x5e505e877b20;
    %pushi/vec4 170, 0, 8;
    %store/vec4 v0x5e505e877fc0_0, 0, 8;
    %pushi/vec4 4, 0, 8;
    %store/vec4 v0x5e505e877d10_0, 0, 8;
    %pushi/vec4 11, 0, 8;
    %store/vec4 v0x5e505e877df0_0, 0, 8;
    %pushi/vec4 85, 0, 8;
    %store/vec4 v0x5e505e81dba0_0, 0, 8;
    %pushi/vec4 3, 0, 8;
    %store/vec4 v0x5e505e877ee0_0, 0, 8;
    %fork TD_tb_ifa_v4_core.send_rpc_frame, S_0x5e505e877b20;
    %join;
    %free S_0x5e505e877b20;
    %wait E_0x5e505e82b120;
    %vpi_call/w 3 115 "$display", "TEST 2 HIT: hit=%0d miss=%0d out_y=%02h out_r0=%02h", v0x5e505e878a60_0, v0x5e505e878b50_0, v0x5e505e8789a0_0, v0x5e505e878510_0 {0 0 0};
    %load/vec4 v0x5e505e878a60_0;
    %cmpi/ne 1, 0, 1;
    %jmp/0xz  T_4.7, 6;
    %vpi_call/w 3 119 "$fatal", 32'sb00000000000000000000000000000001, "Expected HIT on repeated relation key" {0 0 0};
T_4.7 ;
    %load/vec4 v0x5e505e8789a0_0;
    %cmpi/ne 19, 0, 8;
    %jmp/1 T_4.11, 6;
    %flag_mov 8, 6;
    %load/vec4 v0x5e505e878510_0;
    %cmpi/ne 240, 0, 8;
    %flag_or 6, 8;
T_4.11;
    %jmp/0xz  T_4.9, 6;
    %vpi_call/w 3 122 "$fatal", 32'sb00000000000000000000000000000001, "HIT should return stored full relation frame" {0 0 0};
T_4.9 ;
    %vpi_call/w 3 124 "$display", "COUNTERS: hits=%0d misses=%0d stores=%0d evicts=%0d", v0x5e505e878310_0, v0x5e505e878400_0, v0x5e505e879480_0, v0x5e505e878200_0 {0 0 0};
    %vpi_call/w 3 127 "$display", "==================================================" {0 0 0};
    %vpi_call/w 3 128 "$display", "ALL V4 CORE WRAPPER TESTS PASSED" {0 0 0};
    %vpi_call/w 3 129 "$display", "==================================================" {0 0 0};
    %vpi_call/w 3 131 "$finish" {0 0 0};
    %end;
    .thread T_4;
# The file index is used to find the file name in the following table.
:file_names 6;
    "N/A";
    "<interactive>";
    "-";
    "tb/v4/tb_ifa_v4_core.sv";
    "rtl/v4/ifa_v4_core.sv";
    "rtl/v4/ifa_relation_memory_controller.sv";
