#! /usr/bin/vvp
:ivl_version "12.0 (stable)";
:ivl_delay_selection "TYPICAL";
:vpi_time_precision - 12;
:vpi_module "/usr/lib/x86_64-linux-gnu/ivl/system.vpi";
:vpi_module "/usr/lib/x86_64-linux-gnu/ivl/vhdl_sys.vpi";
:vpi_module "/usr/lib/x86_64-linux-gnu/ivl/vhdl_textio.vpi";
:vpi_module "/usr/lib/x86_64-linux-gnu/ivl/v2005_math.vpi";
:vpi_module "/usr/lib/x86_64-linux-gnu/ivl/va_math.vpi";
:vpi_module "/usr/lib/x86_64-linux-gnu/ivl/v2009.vpi";
S_0x5781a885ca00 .scope package, "$unit" "$unit" 2 1;
 .timescale 0 0;
S_0x5781a885cb90 .scope module, "tb_ifa_v4_modus_tollens" "tb_ifa_v4_modus_tollens" 3 3;
 .timescale -9 -12;
P_0x5781a883e1d0 .param/l "DEPTH" 1 3 6, +C4<00000000000000000000000000010000>;
P_0x5781a883e210 .param/l "WIDTH" 1 3 5, +C4<00000000000000000000000000001000>;
v0x5781a8880410_0 .var "P", 7 0;
v0x5781a8880540_0 .var "Q", 7 0;
v0x5781a8880650_0 .var "clk", 0 0;
v0x5781a88806f0_0 .var "conclusion_not_p", 0 0;
v0x5781a8880790_0 .var/i "cycles", 31 0;
v0x5781a88808c0_0 .net "evict_count", 31 0, v0x5781a87e3d20_0;  1 drivers
v0x5781a8880980_0 .net "hit_count", 31 0, v0x5781a887af90_0;  1 drivers
v0x5781a8880a40_0 .var "in_valid", 0 0;
v0x5781a8880ae0_0 .net "miss_count", 31 0, v0x5781a887c340_0;  1 drivers
v0x5781a8880ba0_0 .net "out_r0", 7 0, v0x5781a887c420_0;  1 drivers
v0x5781a8880c60_0 .net "out_ra", 7 0, v0x5781a887c500_0;  1 drivers
v0x5781a8880d20_0 .net "out_rd", 7 0, v0x5781a887c5e0_0;  1 drivers
v0x5781a8880de0_0 .net "out_t", 7 0, v0x5781a887c6c0_0;  1 drivers
v0x5781a8880ea0_0 .net "out_y", 7 0, v0x5781a887c7a0_0;  1 drivers
v0x5781a8880f60_0 .net "rmu_hit", 0 0, v0x5781a887aed0_0;  1 drivers
v0x5781a8881000_0 .net "rmu_miss", 0 0, v0x5781a887c280_0;  1 drivers
v0x5781a88810a0_0 .var "rst", 0 0;
v0x5781a8881250_0 .net "store_count", 31 0, v0x5781a887ca00_0;  1 drivers
E_0x5781a87e2f00 .event negedge, v0x5781a8857930_0;
S_0x5781a88356d0 .scope module, "dut" "ifa_v4_end_to_end_core" 3 35, 4 7 0, S_0x5781a885cb90;
 .timescale 0 0;
    .port_info 0 /INPUT 1 "clk";
    .port_info 1 /INPUT 1 "rst";
    .port_info 2 /INPUT 1 "in_valid";
    .port_info 3 /INPUT 8 "A";
    .port_info 4 /INPUT 8 "B";
    .port_info 5 /OUTPUT 1 "rmu_hit";
    .port_info 6 /OUTPUT 1 "rmu_miss";
    .port_info 7 /OUTPUT 8 "out_y";
    .port_info 8 /OUTPUT 8 "out_ra";
    .port_info 9 /OUTPUT 8 "out_rd";
    .port_info 10 /OUTPUT 8 "out_r0";
    .port_info 11 /OUTPUT 8 "out_t";
    .port_info 12 /OUTPUT 32 "hit_count";
    .port_info 13 /OUTPUT 32 "miss_count";
    .port_info 14 /OUTPUT 32 "store_count";
    .port_info 15 /OUTPUT 32 "evict_count";
P_0x5781a880a430 .param/l "DEPTH" 0 4 9, +C4<00000000000000000000000000010000>;
P_0x5781a880a470 .param/l "WIDTH" 0 4 8, +C4<00000000000000000000000000001000>;
v0x5781a887edc0_0 .net "A", 7 0, v0x5781a8880410_0;  1 drivers
v0x5781a887eea0_0 .net "B", 7 0, v0x5781a8880540_0;  1 drivers
v0x5781a887ef40_0 .net "clk", 0 0, v0x5781a8880650_0;  1 drivers
v0x5781a887f030_0 .net "evict_count", 31 0, v0x5781a87e3d20_0;  alias, 1 drivers
v0x5781a887f120_0 .net "hit_count", 31 0, v0x5781a887af90_0;  alias, 1 drivers
v0x5781a887f260_0 .net "in_valid", 0 0, v0x5781a8880a40_0;  1 drivers
v0x5781a887f350_0 .net "miss_count", 31 0, v0x5781a887c340_0;  alias, 1 drivers
v0x5781a887f460_0 .net "out_r0", 7 0, v0x5781a887c420_0;  alias, 1 drivers
v0x5781a887f570_0 .net "out_ra", 7 0, v0x5781a887c500_0;  alias, 1 drivers
v0x5781a887f630_0 .net "out_rd", 7 0, v0x5781a887c5e0_0;  alias, 1 drivers
v0x5781a887f740_0 .net "out_t", 7 0, v0x5781a887c6c0_0;  alias, 1 drivers
v0x5781a887f850_0 .net "out_y", 7 0, v0x5781a887c7a0_0;  alias, 1 drivers
v0x5781a887f960_0 .net "rmu_hit", 0 0, v0x5781a887aed0_0;  alias, 1 drivers
v0x5781a887fa50_0 .net "rmu_miss", 0 0, v0x5781a887c280_0;  alias, 1 drivers
v0x5781a887fb40_0 .net "rpc_r0", 7 0, v0x5781a887e730_0;  1 drivers
v0x5781a887fc00_0 .net "rpc_ra", 7 0, v0x5781a887e850_0;  1 drivers
v0x5781a887fcc0_0 .net "rpc_rd", 7 0, v0x5781a887e960_0;  1 drivers
v0x5781a887fe90_0 .net "rpc_t", 7 0, v0x5781a887eac0_0;  1 drivers
v0x5781a887ff50_0 .net "rpc_y", 7 0, v0x5781a887ebd0_0;  1 drivers
v0x5781a8880010_0 .net "rst", 0 0, v0x5781a88810a0_0;  1 drivers
v0x5781a8880100_0 .net "store_count", 31 0, v0x5781a887ca00_0;  alias, 1 drivers
S_0x5781a882e590 .scope module, "core" "ifa_v4_core" 4 55, 5 19 0, S_0x5781a88356d0;
 .timescale 0 0;
    .port_info 0 /INPUT 1 "clk";
    .port_info 1 /INPUT 1 "rst";
    .port_info 2 /INPUT 1 "rpc_valid";
    .port_info 3 /INPUT 8 "rpc_y";
    .port_info 4 /INPUT 8 "rpc_ra";
    .port_info 5 /INPUT 8 "rpc_rd";
    .port_info 6 /INPUT 8 "rpc_r0";
    .port_info 7 /INPUT 8 "rpc_t";
    .port_info 8 /OUTPUT 1 "rmu_hit";
    .port_info 9 /OUTPUT 1 "rmu_miss";
    .port_info 10 /OUTPUT 8 "out_y";
    .port_info 11 /OUTPUT 8 "out_ra";
    .port_info 12 /OUTPUT 8 "out_rd";
    .port_info 13 /OUTPUT 8 "out_r0";
    .port_info 14 /OUTPUT 8 "out_t";
    .port_info 15 /OUTPUT 32 "hit_count";
    .port_info 16 /OUTPUT 32 "miss_count";
    .port_info 17 /OUTPUT 32 "store_count";
    .port_info 18 /OUTPUT 32 "evict_count";
P_0x5781a882e770 .param/l "DEPTH" 0 5 21, +C4<00000000000000000000000000010000>;
P_0x5781a882e7b0 .param/l "WIDTH" 0 5 20, +C4<00000000000000000000000000001000>;
v0x5781a88170a0_0 .net "clk", 0 0, v0x5781a8880650_0;  alias, 1 drivers
v0x5781a887d130_0 .net "evict_count", 31 0, v0x5781a87e3d20_0;  alias, 1 drivers
v0x5781a887d200_0 .net "hit_count", 31 0, v0x5781a887af90_0;  alias, 1 drivers
v0x5781a887d300_0 .net "miss_count", 31 0, v0x5781a887c340_0;  alias, 1 drivers
v0x5781a887d3d0_0 .net "out_r0", 7 0, v0x5781a887c420_0;  alias, 1 drivers
v0x5781a887d470_0 .net "out_ra", 7 0, v0x5781a887c500_0;  alias, 1 drivers
v0x5781a887d540_0 .net "out_rd", 7 0, v0x5781a887c5e0_0;  alias, 1 drivers
v0x5781a887d610_0 .net "out_t", 7 0, v0x5781a887c6c0_0;  alias, 1 drivers
v0x5781a887d6e0_0 .net "out_y", 7 0, v0x5781a887c7a0_0;  alias, 1 drivers
v0x5781a887d840_0 .net "rmu_hit", 0 0, v0x5781a887aed0_0;  alias, 1 drivers
v0x5781a887d910_0 .net "rmu_miss", 0 0, v0x5781a887c280_0;  alias, 1 drivers
v0x5781a887d9e0_0 .net "rpc_r0", 7 0, v0x5781a887e730_0;  alias, 1 drivers
v0x5781a887dab0_0 .net "rpc_ra", 7 0, v0x5781a887e850_0;  alias, 1 drivers
v0x5781a887db80_0 .net "rpc_rd", 7 0, v0x5781a887e960_0;  alias, 1 drivers
v0x5781a887dc50_0 .net "rpc_t", 7 0, v0x5781a887eac0_0;  alias, 1 drivers
v0x5781a887dd20_0 .net "rpc_valid", 0 0, v0x5781a8880a40_0;  alias, 1 drivers
v0x5781a887ddf0_0 .net "rpc_y", 7 0, v0x5781a887ebd0_0;  alias, 1 drivers
v0x5781a887dec0_0 .net "rst", 0 0, v0x5781a88810a0_0;  alias, 1 drivers
v0x5781a887df90_0 .net "store_count", 31 0, v0x5781a887ca00_0;  alias, 1 drivers
S_0x5781a8839540 .scope module, "rmc" "ifa_relation_memory_controller" 5 52, 6 14 0, S_0x5781a882e590;
 .timescale 0 0;
    .port_info 0 /INPUT 1 "clk";
    .port_info 1 /INPUT 1 "rst";
    .port_info 2 /INPUT 1 "req_valid";
    .port_info 3 /INPUT 8 "in_y";
    .port_info 4 /INPUT 8 "in_ra";
    .port_info 5 /INPUT 8 "in_rd";
    .port_info 6 /INPUT 8 "in_r0";
    .port_info 7 /INPUT 8 "in_t";
    .port_info 8 /OUTPUT 1 "hit";
    .port_info 9 /OUTPUT 1 "miss";
    .port_info 10 /OUTPUT 8 "out_y";
    .port_info 11 /OUTPUT 8 "out_ra";
    .port_info 12 /OUTPUT 8 "out_rd";
    .port_info 13 /OUTPUT 8 "out_r0";
    .port_info 14 /OUTPUT 8 "out_t";
    .port_info 15 /OUTPUT 32 "hit_count";
    .port_info 16 /OUTPUT 32 "miss_count";
    .port_info 17 /OUTPUT 32 "store_count";
    .port_info 18 /OUTPUT 32 "evict_count";
P_0x5781a8839720 .param/l "DEPTH" 0 6 16, +C4<00000000000000000000000000010000>;
P_0x5781a8839760 .param/l "INDEX_W" 1 6 44, +C4<00000000000000000000000000000100>;
P_0x5781a88397a0 .param/l "WIDTH" 0 6 15, +C4<00000000000000000000000000001000>;
v0x5781a8857930_0 .net "clk", 0 0, v0x5781a8880650_0;  alias, 1 drivers
v0x5781a87e3d20_0 .var "evict_count", 31 0;
v0x5781a87e3330_0 .var "fifo_ptr", 3 0;
v0x5781a887aed0_0 .var "hit", 0 0;
v0x5781a887af90_0 .var "hit_count", 31 0;
v0x5781a887b0c0_0 .var/i "i", 31 0;
v0x5781a887b1a0_0 .net "in_r0", 7 0, v0x5781a887e730_0;  alias, 1 drivers
v0x5781a887b280_0 .net "in_ra", 7 0, v0x5781a887e850_0;  alias, 1 drivers
v0x5781a887b360_0 .net "in_rd", 7 0, v0x5781a887e960_0;  alias, 1 drivers
v0x5781a887b440_0 .net "in_t", 7 0, v0x5781a887eac0_0;  alias, 1 drivers
v0x5781a887b520_0 .net "in_y", 7 0, v0x5781a887ebd0_0;  alias, 1 drivers
v0x5781a887b600_0 .var "lookup_hit", 0 0;
v0x5781a887b6c0_0 .var "lookup_index", 3 0;
v0x5781a887b7a0 .array "mem_r0", 15 0, 7 0;
v0x5781a887b860 .array "mem_ra", 15 0, 7 0;
v0x5781a887bbb0 .array "mem_rd", 15 0, 7 0;
v0x5781a887bf00 .array "mem_t", 15 0, 7 0;
v0x5781a887c1c0 .array "mem_y", 15 0, 7 0;
v0x5781a887c280_0 .var "miss", 0 0;
v0x5781a887c340_0 .var "miss_count", 31 0;
v0x5781a887c420_0 .var "out_r0", 7 0;
v0x5781a887c500_0 .var "out_ra", 7 0;
v0x5781a887c5e0_0 .var "out_rd", 7 0;
v0x5781a887c6c0_0 .var "out_t", 7 0;
v0x5781a887c7a0_0 .var "out_y", 7 0;
v0x5781a887c880_0 .net "req_valid", 0 0, v0x5781a8880a40_0;  alias, 1 drivers
v0x5781a887c940_0 .net "rst", 0 0, v0x5781a88810a0_0;  alias, 1 drivers
v0x5781a887ca00_0 .var "store_count", 31 0;
v0x5781a887cae0 .array "valid", 15 0, 0 0;
E_0x5781a8820120 .event posedge, v0x5781a8857930_0;
v0x5781a887cae0_0 .array/port v0x5781a887cae0, 0;
v0x5781a887cae0_1 .array/port v0x5781a887cae0, 1;
v0x5781a887cae0_2 .array/port v0x5781a887cae0, 2;
v0x5781a887cae0_3 .array/port v0x5781a887cae0, 3;
E_0x5781a8822c20/0 .event anyedge, v0x5781a887cae0_0, v0x5781a887cae0_1, v0x5781a887cae0_2, v0x5781a887cae0_3;
v0x5781a887cae0_4 .array/port v0x5781a887cae0, 4;
v0x5781a887cae0_5 .array/port v0x5781a887cae0, 5;
v0x5781a887cae0_6 .array/port v0x5781a887cae0, 6;
v0x5781a887cae0_7 .array/port v0x5781a887cae0, 7;
E_0x5781a8822c20/1 .event anyedge, v0x5781a887cae0_4, v0x5781a887cae0_5, v0x5781a887cae0_6, v0x5781a887cae0_7;
v0x5781a887cae0_8 .array/port v0x5781a887cae0, 8;
v0x5781a887cae0_9 .array/port v0x5781a887cae0, 9;
v0x5781a887cae0_10 .array/port v0x5781a887cae0, 10;
v0x5781a887cae0_11 .array/port v0x5781a887cae0, 11;
E_0x5781a8822c20/2 .event anyedge, v0x5781a887cae0_8, v0x5781a887cae0_9, v0x5781a887cae0_10, v0x5781a887cae0_11;
v0x5781a887cae0_12 .array/port v0x5781a887cae0, 12;
v0x5781a887cae0_13 .array/port v0x5781a887cae0, 13;
v0x5781a887cae0_14 .array/port v0x5781a887cae0, 14;
v0x5781a887cae0_15 .array/port v0x5781a887cae0, 15;
E_0x5781a8822c20/3 .event anyedge, v0x5781a887cae0_12, v0x5781a887cae0_13, v0x5781a887cae0_14, v0x5781a887cae0_15;
v0x5781a887b860_0 .array/port v0x5781a887b860, 0;
v0x5781a887b860_1 .array/port v0x5781a887b860, 1;
v0x5781a887b860_2 .array/port v0x5781a887b860, 2;
v0x5781a887b860_3 .array/port v0x5781a887b860, 3;
E_0x5781a8822c20/4 .event anyedge, v0x5781a887b860_0, v0x5781a887b860_1, v0x5781a887b860_2, v0x5781a887b860_3;
v0x5781a887b860_4 .array/port v0x5781a887b860, 4;
v0x5781a887b860_5 .array/port v0x5781a887b860, 5;
v0x5781a887b860_6 .array/port v0x5781a887b860, 6;
v0x5781a887b860_7 .array/port v0x5781a887b860, 7;
E_0x5781a8822c20/5 .event anyedge, v0x5781a887b860_4, v0x5781a887b860_5, v0x5781a887b860_6, v0x5781a887b860_7;
v0x5781a887b860_8 .array/port v0x5781a887b860, 8;
v0x5781a887b860_9 .array/port v0x5781a887b860, 9;
v0x5781a887b860_10 .array/port v0x5781a887b860, 10;
v0x5781a887b860_11 .array/port v0x5781a887b860, 11;
E_0x5781a8822c20/6 .event anyedge, v0x5781a887b860_8, v0x5781a887b860_9, v0x5781a887b860_10, v0x5781a887b860_11;
v0x5781a887b860_12 .array/port v0x5781a887b860, 12;
v0x5781a887b860_13 .array/port v0x5781a887b860, 13;
v0x5781a887b860_14 .array/port v0x5781a887b860, 14;
v0x5781a887b860_15 .array/port v0x5781a887b860, 15;
E_0x5781a8822c20/7 .event anyedge, v0x5781a887b860_12, v0x5781a887b860_13, v0x5781a887b860_14, v0x5781a887b860_15;
v0x5781a887bbb0_0 .array/port v0x5781a887bbb0, 0;
v0x5781a887bbb0_1 .array/port v0x5781a887bbb0, 1;
v0x5781a887bbb0_2 .array/port v0x5781a887bbb0, 2;
E_0x5781a8822c20/8 .event anyedge, v0x5781a887b280_0, v0x5781a887bbb0_0, v0x5781a887bbb0_1, v0x5781a887bbb0_2;
v0x5781a887bbb0_3 .array/port v0x5781a887bbb0, 3;
v0x5781a887bbb0_4 .array/port v0x5781a887bbb0, 4;
v0x5781a887bbb0_5 .array/port v0x5781a887bbb0, 5;
v0x5781a887bbb0_6 .array/port v0x5781a887bbb0, 6;
E_0x5781a8822c20/9 .event anyedge, v0x5781a887bbb0_3, v0x5781a887bbb0_4, v0x5781a887bbb0_5, v0x5781a887bbb0_6;
v0x5781a887bbb0_7 .array/port v0x5781a887bbb0, 7;
v0x5781a887bbb0_8 .array/port v0x5781a887bbb0, 8;
v0x5781a887bbb0_9 .array/port v0x5781a887bbb0, 9;
v0x5781a887bbb0_10 .array/port v0x5781a887bbb0, 10;
E_0x5781a8822c20/10 .event anyedge, v0x5781a887bbb0_7, v0x5781a887bbb0_8, v0x5781a887bbb0_9, v0x5781a887bbb0_10;
v0x5781a887bbb0_11 .array/port v0x5781a887bbb0, 11;
v0x5781a887bbb0_12 .array/port v0x5781a887bbb0, 12;
v0x5781a887bbb0_13 .array/port v0x5781a887bbb0, 13;
v0x5781a887bbb0_14 .array/port v0x5781a887bbb0, 14;
E_0x5781a8822c20/11 .event anyedge, v0x5781a887bbb0_11, v0x5781a887bbb0_12, v0x5781a887bbb0_13, v0x5781a887bbb0_14;
v0x5781a887bbb0_15 .array/port v0x5781a887bbb0, 15;
v0x5781a887bf00_0 .array/port v0x5781a887bf00, 0;
v0x5781a887bf00_1 .array/port v0x5781a887bf00, 1;
E_0x5781a8822c20/12 .event anyedge, v0x5781a887bbb0_15, v0x5781a887b360_0, v0x5781a887bf00_0, v0x5781a887bf00_1;
v0x5781a887bf00_2 .array/port v0x5781a887bf00, 2;
v0x5781a887bf00_3 .array/port v0x5781a887bf00, 3;
v0x5781a887bf00_4 .array/port v0x5781a887bf00, 4;
v0x5781a887bf00_5 .array/port v0x5781a887bf00, 5;
E_0x5781a8822c20/13 .event anyedge, v0x5781a887bf00_2, v0x5781a887bf00_3, v0x5781a887bf00_4, v0x5781a887bf00_5;
v0x5781a887bf00_6 .array/port v0x5781a887bf00, 6;
v0x5781a887bf00_7 .array/port v0x5781a887bf00, 7;
v0x5781a887bf00_8 .array/port v0x5781a887bf00, 8;
v0x5781a887bf00_9 .array/port v0x5781a887bf00, 9;
E_0x5781a8822c20/14 .event anyedge, v0x5781a887bf00_6, v0x5781a887bf00_7, v0x5781a887bf00_8, v0x5781a887bf00_9;
v0x5781a887bf00_10 .array/port v0x5781a887bf00, 10;
v0x5781a887bf00_11 .array/port v0x5781a887bf00, 11;
v0x5781a887bf00_12 .array/port v0x5781a887bf00, 12;
v0x5781a887bf00_13 .array/port v0x5781a887bf00, 13;
E_0x5781a8822c20/15 .event anyedge, v0x5781a887bf00_10, v0x5781a887bf00_11, v0x5781a887bf00_12, v0x5781a887bf00_13;
v0x5781a887bf00_14 .array/port v0x5781a887bf00, 14;
v0x5781a887bf00_15 .array/port v0x5781a887bf00, 15;
E_0x5781a8822c20/16 .event anyedge, v0x5781a887bf00_14, v0x5781a887bf00_15, v0x5781a887b440_0;
E_0x5781a8822c20 .event/or E_0x5781a8822c20/0, E_0x5781a8822c20/1, E_0x5781a8822c20/2, E_0x5781a8822c20/3, E_0x5781a8822c20/4, E_0x5781a8822c20/5, E_0x5781a8822c20/6, E_0x5781a8822c20/7, E_0x5781a8822c20/8, E_0x5781a8822c20/9, E_0x5781a8822c20/10, E_0x5781a8822c20/11, E_0x5781a8822c20/12, E_0x5781a8822c20/13, E_0x5781a8822c20/14, E_0x5781a8822c20/15, E_0x5781a8822c20/16;
S_0x5781a87e2490 .scope begin, "$ivl_for_loop0" "$ivl_for_loop0" 6 73, 6 73 0, S_0x5781a8839540;
 .timescale 0 0;
v0x5781a8856b80_0 .var/2s "j", 31 0;
S_0x5781a887e2a0 .scope module, "rpc" "ifa_rpc_stub" 4 41, 7 19 0, S_0x5781a88356d0;
 .timescale 0 0;
    .port_info 0 /INPUT 8 "A";
    .port_info 1 /INPUT 8 "B";
    .port_info 2 /OUTPUT 8 "Y";
    .port_info 3 /OUTPUT 8 "RA";
    .port_info 4 /OUTPUT 8 "RD";
    .port_info 5 /OUTPUT 8 "R0";
    .port_info 6 /OUTPUT 8 "T";
P_0x5781a887e450 .param/l "WIDTH" 0 7 20, +C4<00000000000000000000000000001000>;
v0x5781a8817000_0 .net "A", 7 0, v0x5781a8880410_0;  alias, 1 drivers
v0x5781a887e650_0 .net "B", 7 0, v0x5781a8880540_0;  alias, 1 drivers
v0x5781a887e730_0 .var "R0", 7 0;
v0x5781a887e850_0 .var "RA", 7 0;
v0x5781a887e960_0 .var "RD", 7 0;
v0x5781a887eac0_0 .var "T", 7 0;
v0x5781a887ebd0_0 .var "Y", 7 0;
E_0x5781a885c040 .event anyedge, v0x5781a8817000_0, v0x5781a887e650_0;
    .scope S_0x5781a887e2a0;
T_0 ;
Ewait_0 .event/or E_0x5781a885c040, E_0x0;
    %wait Ewait_0;
    %load/vec4 v0x5781a8817000_0;
    %load/vec4 v0x5781a887e650_0;
    %add;
    %store/vec4 v0x5781a887ebd0_0, 0, 8;
    %load/vec4 v0x5781a8817000_0;
    %load/vec4 v0x5781a887e650_0;
    %and;
    %store/vec4 v0x5781a887e850_0, 0, 8;
    %load/vec4 v0x5781a8817000_0;
    %load/vec4 v0x5781a887e650_0;
    %xor;
    %store/vec4 v0x5781a887e960_0, 0, 8;
    %load/vec4 v0x5781a8817000_0;
    %load/vec4 v0x5781a887e650_0;
    %or;
    %inv;
    %store/vec4 v0x5781a887e730_0, 0, 8;
    %load/vec4 v0x5781a887e960_0;
    %load/vec4 v0x5781a887ebd0_0;
    %xor;
    %store/vec4 v0x5781a887eac0_0, 0, 8;
    %jmp T_0;
    .thread T_0, $push;
    .scope S_0x5781a8839540;
T_1 ;
Ewait_1 .event/or E_0x5781a8822c20, E_0x0;
    %wait Ewait_1;
    %pushi/vec4 0, 0, 1;
    %store/vec4 v0x5781a887b600_0, 0, 1;
    %pushi/vec4 0, 0, 4;
    %store/vec4 v0x5781a887b6c0_0, 0, 4;
    %fork t_1, S_0x5781a87e2490;
    %jmp t_0;
    .scope S_0x5781a87e2490;
t_1 ;
    %pushi/vec4 0, 0, 32;
    %store/vec4 v0x5781a8856b80_0, 0, 32;
T_1.0 ;
    %load/vec4 v0x5781a8856b80_0;
    %cmpi/s 16, 0, 32;
    %jmp/0xz T_1.1, 5;
    %ix/getv/s 4, v0x5781a8856b80_0;
    %load/vec4a v0x5781a887cae0, 4;
    %flag_set/vec4 11;
    %flag_get/vec4 11;
    %jmp/0 T_1.6, 11;
    %ix/getv/s 4, v0x5781a8856b80_0;
    %load/vec4a v0x5781a887b860, 4;
    %load/vec4 v0x5781a887b280_0;
    %cmp/e;
    %flag_get/vec4 4;
    %and;
T_1.6;
    %flag_set/vec4 10;
    %flag_get/vec4 10;
    %jmp/0 T_1.5, 10;
    %ix/getv/s 4, v0x5781a8856b80_0;
    %load/vec4a v0x5781a887bbb0, 4;
    %load/vec4 v0x5781a887b360_0;
    %cmp/e;
    %flag_get/vec4 4;
    %and;
T_1.5;
    %flag_set/vec4 9;
    %flag_get/vec4 9;
    %jmp/0 T_1.4, 9;
    %ix/getv/s 4, v0x5781a8856b80_0;
    %load/vec4a v0x5781a887bf00, 4;
    %load/vec4 v0x5781a887b440_0;
    %cmp/e;
    %flag_get/vec4 4;
    %and;
T_1.4;
    %flag_set/vec4 8;
    %jmp/0xz  T_1.2, 8;
    %pushi/vec4 1, 0, 1;
    %store/vec4 v0x5781a887b600_0, 0, 1;
    %load/vec4 v0x5781a8856b80_0;
    %pad/s 4;
    %store/vec4 v0x5781a887b6c0_0, 0, 4;
T_1.2 ;
    %load/vec4 v0x5781a8856b80_0;
    %addi 1, 0, 32;
    %cast2;
    %store/vec4 v0x5781a8856b80_0, 0, 32;
    %jmp T_1.0;
T_1.1 ;
    %end;
    .scope S_0x5781a8839540;
t_0 %join;
    %jmp T_1;
    .thread T_1, $push;
    .scope S_0x5781a8839540;
T_2 ;
    %wait E_0x5781a8820120;
    %load/vec4 v0x5781a887c940_0;
    %flag_set/vec4 8;
    %jmp/0xz  T_2.0, 8;
    %pushi/vec4 0, 0, 4;
    %assign/vec4 v0x5781a87e3330_0, 0;
    %pushi/vec4 0, 0, 1;
    %assign/vec4 v0x5781a887aed0_0, 0;
    %pushi/vec4 0, 0, 1;
    %assign/vec4 v0x5781a887c280_0, 0;
    %pushi/vec4 0, 0, 8;
    %assign/vec4 v0x5781a887c7a0_0, 0;
    %pushi/vec4 0, 0, 8;
    %assign/vec4 v0x5781a887c500_0, 0;
    %pushi/vec4 0, 0, 8;
    %assign/vec4 v0x5781a887c5e0_0, 0;
    %pushi/vec4 0, 0, 8;
    %assign/vec4 v0x5781a887c420_0, 0;
    %pushi/vec4 0, 0, 8;
    %assign/vec4 v0x5781a887c6c0_0, 0;
    %pushi/vec4 0, 0, 32;
    %assign/vec4 v0x5781a887af90_0, 0;
    %pushi/vec4 0, 0, 32;
    %assign/vec4 v0x5781a887c340_0, 0;
    %pushi/vec4 0, 0, 32;
    %assign/vec4 v0x5781a887ca00_0, 0;
    %pushi/vec4 0, 0, 32;
    %assign/vec4 v0x5781a87e3d20_0, 0;
    %pushi/vec4 0, 0, 32;
    %store/vec4 v0x5781a887b0c0_0, 0, 32;
T_2.2 ;
    %load/vec4 v0x5781a887b0c0_0;
    %cmpi/s 16, 0, 32;
    %jmp/0xz T_2.3, 5;
    %pushi/vec4 0, 0, 1;
    %ix/getv/s 3, v0x5781a887b0c0_0;
    %ix/load 4, 0, 0; Constant delay
    %assign/vec4/a/d v0x5781a887cae0, 0, 4;
    %pushi/vec4 0, 0, 8;
    %ix/getv/s 3, v0x5781a887b0c0_0;
    %ix/load 4, 0, 0; Constant delay
    %assign/vec4/a/d v0x5781a887c1c0, 0, 4;
    %pushi/vec4 0, 0, 8;
    %ix/getv/s 3, v0x5781a887b0c0_0;
    %ix/load 4, 0, 0; Constant delay
    %assign/vec4/a/d v0x5781a887b860, 0, 4;
    %pushi/vec4 0, 0, 8;
    %ix/getv/s 3, v0x5781a887b0c0_0;
    %ix/load 4, 0, 0; Constant delay
    %assign/vec4/a/d v0x5781a887bbb0, 0, 4;
    %pushi/vec4 0, 0, 8;
    %ix/getv/s 3, v0x5781a887b0c0_0;
    %ix/load 4, 0, 0; Constant delay
    %assign/vec4/a/d v0x5781a887b7a0, 0, 4;
    %pushi/vec4 0, 0, 8;
    %ix/getv/s 3, v0x5781a887b0c0_0;
    %ix/load 4, 0, 0; Constant delay
    %assign/vec4/a/d v0x5781a887bf00, 0, 4;
    %load/vec4 v0x5781a887b0c0_0;
    %addi 1, 0, 32;
    %store/vec4 v0x5781a887b0c0_0, 0, 32;
    %jmp T_2.2;
T_2.3 ;
    %jmp T_2.1;
T_2.0 ;
    %pushi/vec4 0, 0, 1;
    %assign/vec4 v0x5781a887aed0_0, 0;
    %pushi/vec4 0, 0, 1;
    %assign/vec4 v0x5781a887c280_0, 0;
    %load/vec4 v0x5781a887c880_0;
    %flag_set/vec4 8;
    %jmp/0xz  T_2.4, 8;
    %load/vec4 v0x5781a887b600_0;
    %flag_set/vec4 8;
    %jmp/0xz  T_2.6, 8;
    %pushi/vec4 1, 0, 1;
    %assign/vec4 v0x5781a887aed0_0, 0;
    %pushi/vec4 0, 0, 1;
    %assign/vec4 v0x5781a887c280_0, 0;
    %load/vec4 v0x5781a887af90_0;
    %addi 1, 0, 32;
    %assign/vec4 v0x5781a887af90_0, 0;
    %load/vec4 v0x5781a887b6c0_0;
    %pad/u 6;
    %ix/vec4 4;
    %load/vec4a v0x5781a887c1c0, 4;
    %assign/vec4 v0x5781a887c7a0_0, 0;
    %load/vec4 v0x5781a887b6c0_0;
    %pad/u 6;
    %ix/vec4 4;
    %load/vec4a v0x5781a887b860, 4;
    %assign/vec4 v0x5781a887c500_0, 0;
    %load/vec4 v0x5781a887b6c0_0;
    %pad/u 6;
    %ix/vec4 4;
    %load/vec4a v0x5781a887bbb0, 4;
    %assign/vec4 v0x5781a887c5e0_0, 0;
    %load/vec4 v0x5781a887b6c0_0;
    %pad/u 6;
    %ix/vec4 4;
    %load/vec4a v0x5781a887b7a0, 4;
    %assign/vec4 v0x5781a887c420_0, 0;
    %load/vec4 v0x5781a887b6c0_0;
    %pad/u 6;
    %ix/vec4 4;
    %load/vec4a v0x5781a887bf00, 4;
    %assign/vec4 v0x5781a887c6c0_0, 0;
    %jmp T_2.7;
T_2.6 ;
    %pushi/vec4 0, 0, 1;
    %assign/vec4 v0x5781a887aed0_0, 0;
    %pushi/vec4 1, 0, 1;
    %assign/vec4 v0x5781a887c280_0, 0;
    %load/vec4 v0x5781a887c340_0;
    %addi 1, 0, 32;
    %assign/vec4 v0x5781a887c340_0, 0;
    %load/vec4 v0x5781a887ca00_0;
    %addi 1, 0, 32;
    %assign/vec4 v0x5781a887ca00_0, 0;
    %load/vec4 v0x5781a887b520_0;
    %load/vec4 v0x5781a87e3330_0;
    %pad/u 6;
    %ix/vec4 3;
    %ix/load 4, 0, 0; Constant delay
    %assign/vec4/a/d v0x5781a887c1c0, 0, 4;
    %load/vec4 v0x5781a887b280_0;
    %load/vec4 v0x5781a87e3330_0;
    %pad/u 6;
    %ix/vec4 3;
    %ix/load 4, 0, 0; Constant delay
    %assign/vec4/a/d v0x5781a887b860, 0, 4;
    %load/vec4 v0x5781a887b360_0;
    %load/vec4 v0x5781a87e3330_0;
    %pad/u 6;
    %ix/vec4 3;
    %ix/load 4, 0, 0; Constant delay
    %assign/vec4/a/d v0x5781a887bbb0, 0, 4;
    %load/vec4 v0x5781a887b1a0_0;
    %load/vec4 v0x5781a87e3330_0;
    %pad/u 6;
    %ix/vec4 3;
    %ix/load 4, 0, 0; Constant delay
    %assign/vec4/a/d v0x5781a887b7a0, 0, 4;
    %load/vec4 v0x5781a887b440_0;
    %load/vec4 v0x5781a87e3330_0;
    %pad/u 6;
    %ix/vec4 3;
    %ix/load 4, 0, 0; Constant delay
    %assign/vec4/a/d v0x5781a887bf00, 0, 4;
    %load/vec4 v0x5781a87e3330_0;
    %pad/u 6;
    %ix/vec4 4;
    %load/vec4a v0x5781a887cae0, 4;
    %flag_set/vec4 8;
    %jmp/0xz  T_2.8, 8;
    %load/vec4 v0x5781a87e3d20_0;
    %addi 1, 0, 32;
    %assign/vec4 v0x5781a87e3d20_0, 0;
T_2.8 ;
    %pushi/vec4 1, 0, 1;
    %load/vec4 v0x5781a87e3330_0;
    %pad/u 6;
    %ix/vec4 3;
    %ix/load 4, 0, 0; Constant delay
    %assign/vec4/a/d v0x5781a887cae0, 0, 4;
    %load/vec4 v0x5781a887b520_0;
    %assign/vec4 v0x5781a887c7a0_0, 0;
    %load/vec4 v0x5781a887b280_0;
    %assign/vec4 v0x5781a887c500_0, 0;
    %load/vec4 v0x5781a887b360_0;
    %assign/vec4 v0x5781a887c5e0_0, 0;
    %load/vec4 v0x5781a887b1a0_0;
    %assign/vec4 v0x5781a887c420_0, 0;
    %load/vec4 v0x5781a887b440_0;
    %assign/vec4 v0x5781a887c6c0_0, 0;
    %load/vec4 v0x5781a87e3330_0;
    %addi 1, 0, 4;
    %assign/vec4 v0x5781a87e3330_0, 0;
T_2.7 ;
T_2.4 ;
T_2.1 ;
    %jmp T_2;
    .thread T_2;
    .scope S_0x5781a885cb90;
T_3 ;
    %delay 5000, 0;
    %load/vec4 v0x5781a8880650_0;
    %inv;
    %store/vec4 v0x5781a8880650_0, 0, 1;
    %jmp T_3;
    .thread T_3;
    .scope S_0x5781a885cb90;
T_4 ;
    %wait E_0x5781a8820120;
    %load/vec4 v0x5781a88810a0_0;
    %nor/r;
    %flag_set/vec4 8;
    %jmp/0xz  T_4.0, 8;
    %load/vec4 v0x5781a8880790_0;
    %addi 1, 0, 32;
    %assign/vec4 v0x5781a8880790_0, 0;
T_4.0 ;
    %jmp T_4;
    .thread T_4;
    .scope S_0x5781a885cb90;
T_5 ;
    %vpi_call/w 3 66 "$dumpfile", "sim/v4/ifa_v4_modus_tollens.vcd" {0 0 0};
    %vpi_call/w 3 67 "$dumpvars", 32'sb00000000000000000000000000000000, S_0x5781a885cb90 {0 0 0};
    %pushi/vec4 0, 0, 1;
    %store/vec4 v0x5781a8880650_0, 0, 1;
    %pushi/vec4 1, 0, 1;
    %store/vec4 v0x5781a88810a0_0, 0, 1;
    %pushi/vec4 0, 0, 1;
    %store/vec4 v0x5781a8880a40_0, 0, 1;
    %pushi/vec4 0, 0, 8;
    %store/vec4 v0x5781a8880410_0, 0, 8;
    %pushi/vec4 0, 0, 8;
    %store/vec4 v0x5781a8880540_0, 0, 8;
    %pushi/vec4 0, 0, 32;
    %store/vec4 v0x5781a8880790_0, 0, 32;
    %pushi/vec4 0, 0, 1;
    %store/vec4 v0x5781a88806f0_0, 0, 1;
    %pushi/vec4 3, 0, 32;
T_5.0 %dup/vec4;
    %pushi/vec4 0, 0, 32;
    %cmp/s;
    %jmp/1xz T_5.1, 5;
    %jmp/1 T_5.1, 4;
    %pushi/vec4 1, 0, 32;
    %sub;
    %wait E_0x5781a8820120;
    %jmp T_5.0;
T_5.1 ;
    %pop/vec4 1;
    %pushi/vec4 0, 0, 1;
    %store/vec4 v0x5781a88810a0_0, 0, 1;
    %vpi_call/w 3 80 "$display", "==================================================" {0 0 0};
    %vpi_call/w 3 81 "$display", "IF\303\201 V4 MODUS TOLLENS TEST" {0 0 0};
    %vpi_call/w 3 82 "$display", "Rule: P -> Q, observe not-Q, conclude not-P" {0 0 0};
    %vpi_call/w 3 83 "$display", "Case: P=1, Q=0" {0 0 0};
    %vpi_call/w 3 84 "$display", "==================================================" {0 0 0};
    %wait E_0x5781a87e2f00;
    %pushi/vec4 1, 0, 8;
    %store/vec4 v0x5781a8880410_0, 0, 8;
    %pushi/vec4 0, 0, 8;
    %store/vec4 v0x5781a8880540_0, 0, 8;
    %pushi/vec4 1, 0, 1;
    %store/vec4 v0x5781a8880a40_0, 0, 1;
    %wait E_0x5781a87e2f00;
    %pushi/vec4 0, 0, 1;
    %store/vec4 v0x5781a8880a40_0, 0, 1;
    %wait E_0x5781a8820120;
    %load/vec4 v0x5781a8880d20_0;
    %cmpi/e 1, 0, 8;
    %flag_get/vec4 4;
    %jmp/0 T_5.4, 4;
    %load/vec4 v0x5781a8880c60_0;
    %pushi/vec4 0, 0, 8;
    %cmp/e;
    %flag_get/vec4 4;
    %and;
T_5.4;
    %flag_set/vec4 8;
    %jmp/0xz  T_5.2, 8;
    %pushi/vec4 1, 0, 1;
    %store/vec4 v0x5781a88806f0_0, 0, 1;
T_5.2 ;
    %vpi_call/w 3 105 "$display", "P                    = 0x%02h", v0x5781a8880410_0 {0 0 0};
    %vpi_call/w 3 106 "$display", "Q                    = 0x%02h", v0x5781a8880540_0 {0 0 0};
    %vpi_call/w 3 107 "$display", "Y                    = 0x%02h", v0x5781a8880ea0_0 {0 0 0};
    %vpi_call/w 3 108 "$display", "RA                   = 0x%02h", v0x5781a8880c60_0 {0 0 0};
    %vpi_call/w 3 109 "$display", "RD                   = 0x%02h", v0x5781a8880d20_0 {0 0 0};
    %vpi_call/w 3 110 "$display", "R0                   = 0x%02h", v0x5781a8880ba0_0 {0 0 0};
    %vpi_call/w 3 111 "$display", "T                    = 0x%02h", v0x5781a8880de0_0 {0 0 0};
    %vpi_call/w 3 112 "$display", "RMU hit              = %0d", v0x5781a8880f60_0 {0 0 0};
    %vpi_call/w 3 113 "$display", "RMU miss             = %0d", v0x5781a8881000_0 {0 0 0};
    %vpi_call/w 3 114 "$display", "conclusion_not_p     = %0d", v0x5781a88806f0_0 {0 0 0};
    %vpi_call/w 3 115 "$display", "cycles               = %0d", v0x5781a8880790_0 {0 0 0};
    %vpi_call/w 3 116 "$display", "hit_count            = %0d", v0x5781a8880980_0 {0 0 0};
    %vpi_call/w 3 117 "$display", "miss_count           = %0d", v0x5781a8880ae0_0 {0 0 0};
    %load/vec4 v0x5781a88806f0_0;
    %cmpi/ne 1, 0, 1;
    %jmp/0xz  T_5.5, 6;
    %vpi_call/w 3 120 "$fatal", 32'sb00000000000000000000000000000001, "Expected modus-tollens conclusion not-P" {0 0 0};
T_5.5 ;
    %vpi_call/w 3 122 "$display", "==================================================" {0 0 0};
    %vpi_call/w 3 123 "$display", "ALL IF\303\201 V4 MODUS TOLLENS TESTS PASSED" {0 0 0};
    %vpi_call/w 3 124 "$display", "==================================================" {0 0 0};
    %vpi_call/w 3 126 "$finish" {0 0 0};
    %end;
    .thread T_5;
# The file index is used to find the file name in the following table.
:file_names 8;
    "N/A";
    "<interactive>";
    "-";
    "tb/v4/tb_ifa_v4_modus_tollens.sv";
    "rtl/v4/ifa_v4_end_to_end_core.sv";
    "rtl/v4/ifa_v4_core.sv";
    "rtl/v4/ifa_relation_memory_controller.sv";
    "rtl/v4/ifa_rpc_stub.sv";
