#! /usr/bin/vvp
:ivl_version "12.0 (stable)";
:ivl_delay_selection "TYPICAL";
:vpi_time_precision - 12;
:vpi_module "/usr/lib/x86_64-linux-gnu/ivl/system.vpi";
:vpi_module "/usr/lib/x86_64-linux-gnu/ivl/vhdl_sys.vpi";
:vpi_module "/usr/lib/x86_64-linux-gnu/ivl/vhdl_textio.vpi";
:vpi_module "/usr/lib/x86_64-linux-gnu/ivl/v2005_math.vpi";
:vpi_module "/usr/lib/x86_64-linux-gnu/ivl/va_math.vpi";
:vpi_module "/usr/lib/x86_64-linux-gnu/ivl/v2009.vpi";
S_0x6515980e7120 .scope package, "$unit" "$unit" 2 1;
 .timescale 0 0;
S_0x6515980f7290 .scope module, "tb_ifa_native_rau_v4" "tb_ifa_native_rau_v4" 3 3;
 .timescale -9 -12;
P_0x6515980c3810 .param/l "EXC_DIV_ZERO" 1 3 18, C4<0010>;
P_0x6515980c3850 .param/l "OP_DAGBA" 1 3 10, C4<0010>;
P_0x6515980c3890 .param/l "OP_GBE" 1 3 13, C4<0101>;
P_0x6515980c38d0 .param/l "OP_JU" 1 3 15, C4<0111>;
P_0x6515980c3910 .param/l "OP_KERE" 1 3 16, C4<1000>;
P_0x6515980c3950 .param/l "OP_KU" 1 3 12, C4<0100>;
P_0x6515980c3990 .param/l "OP_PAPO" 1 3 8, C4<0000>;
P_0x6515980c39d0 .param/l "OP_PIN" 1 3 11, C4<0011>;
P_0x6515980c3a10 .param/l "OP_SEDA" 1 3 14, C4<0110>;
P_0x6515980c3a50 .param/l "OP_WIDTH" 1 3 6, +C4<00000000000000000000000000000100>;
P_0x6515980c3a90 .param/l "OP_YO" 1 3 9, C4<0001>;
P_0x6515980c3ad0 .param/l "STATE_NONE" 1 3 21, C4<0000>;
P_0x6515980c3b10 .param/l "STATE_POWER_EXTENDED" 1 3 24, C4<0001>;
P_0x6515980c3b50 .param/l "WIDTH" 1 3 5, +C4<00000000000000000000000000001000>;
v0x65159811a030_0 .var "A", 7 0;
v0x65159811a110_0 .var "B", 7 0;
v0x65159811a1b0_0 .net "R0", 7 0, L_0x65159811b040;  1 drivers
v0x65159811a280_0 .net "RA", 7 0, L_0x65159811ace0;  1 drivers
v0x65159811a350_0 .net "RD", 7 0, L_0x65159811adf0;  1 drivers
v0x65159811a3f0_0 .net "T", 7 0, v0x651598118f30_0;  1 drivers
v0x65159811a4c0_0 .net "Y", 7 0, v0x651598119010_0;  1 drivers
v0x65159811a590_0 .net "eq_flag", 0 0, v0x6515981192b0_0;  1 drivers
v0x65159811a660_0 .net "exception_code", 3 0, v0x651598119370_0;  1 drivers
v0x65159811a730_0 .net "exception_valid", 0 0, v0x651598119450_0;  1 drivers
v0x65159811a800_0 .net "gt_flag", 0 0, v0x651598119510_0;  1 drivers
v0x65159811a8d0_0 .net "lt_flag", 0 0, v0x6515981195d0_0;  1 drivers
v0x65159811a9a0_0 .var "op", 3 0;
v0x65159811aa70_0 .net "state_code", 3 0, v0x651598119af0_0;  1 drivers
v0x65159811ab40_0 .net "state_valid", 0 0, v0x651598119bd0_0;  1 drivers
v0x65159811ac10_0 .net "valid", 0 0, v0x651598119d70_0;  1 drivers
S_0x6515980f7420 .scope autotask, "check_relations" "check_relations" 3 77, 3 77 0, S_0x6515980f7290;
 .timescale -9 -12;
TD_tb_ifa_native_rau_v4.check_relations ;
    %load/vec4 v0x65159811a280_0;
    %load/vec4 v0x65159811a030_0;
    %load/vec4 v0x65159811a110_0;
    %and;
    %cmp/ne;
    %jmp/0xz  T_0.0, 6;
    %vpi_call/w 3 80 "$fatal", 32'sb00000000000000000000000000000001, "RA invariant failed" {0 0 0};
T_0.0 ;
    %load/vec4 v0x65159811a350_0;
    %load/vec4 v0x65159811a030_0;
    %load/vec4 v0x65159811a110_0;
    %xor;
    %cmp/ne;
    %jmp/0xz  T_0.2, 6;
    %vpi_call/w 3 84 "$fatal", 32'sb00000000000000000000000000000001, "RD invariant failed" {0 0 0};
T_0.2 ;
    %load/vec4 v0x65159811a1b0_0;
    %load/vec4 v0x65159811a030_0;
    %load/vec4 v0x65159811a110_0;
    %or;
    %inv;
    %cmp/ne;
    %jmp/0xz  T_0.4, 6;
    %vpi_call/w 3 88 "$fatal", 32'sb00000000000000000000000000000001, "R0 invariant failed" {0 0 0};
T_0.4 ;
    %end;
S_0x65159806e490 .scope module, "dut" "ifa_native_rau_v4" 3 53, 4 34 0, S_0x6515980f7290;
 .timescale 0 0;
    .port_info 0 /INPUT 4 "op";
    .port_info 1 /INPUT 8 "A";
    .port_info 2 /INPUT 8 "B";
    .port_info 3 /OUTPUT 8 "Y";
    .port_info 4 /OUTPUT 8 "RA";
    .port_info 5 /OUTPUT 8 "RD";
    .port_info 6 /OUTPUT 8 "R0";
    .port_info 7 /OUTPUT 8 "T";
    .port_info 8 /OUTPUT 1 "valid";
    .port_info 9 /OUTPUT 1 "exception_valid";
    .port_info 10 /OUTPUT 4 "exception_code";
    .port_info 11 /OUTPUT 1 "state_valid";
    .port_info 12 /OUTPUT 4 "state_code";
    .port_info 13 /OUTPUT 1 "eq_flag";
    .port_info 14 /OUTPUT 1 "gt_flag";
    .port_info 15 /OUTPUT 1 "lt_flag";
P_0x6515980d8600 .param/l "EXC_DIV_ZERO" 1 4 81, C4<0010>;
P_0x6515980d8640 .param/l "EXC_NONE" 1 4 79, C4<0000>;
P_0x6515980d8680 .param/l "EXC_UNIMPLEMENTED" 1 4 80, C4<0001>;
P_0x6515980d86c0 .param/l "OP_DAGBA" 1 4 67, C4<0010>;
P_0x6515980d8700 .param/l "OP_GBE" 1 4 70, C4<0101>;
P_0x6515980d8740 .param/l "OP_JU" 1 4 72, C4<0111>;
P_0x6515980d8780 .param/l "OP_KERE" 1 4 73, C4<1000>;
P_0x6515980d87c0 .param/l "OP_KU" 1 4 69, C4<0100>;
P_0x6515980d8800 .param/l "OP_PAPO" 1 4 65, C4<0000>;
P_0x6515980d8840 .param/l "OP_PIN" 1 4 68, C4<0011>;
P_0x6515980d8880 .param/l "OP_SEDA" 1 4 71, C4<0110>;
P_0x6515980d88c0 .param/l "OP_WIDTH" 0 4 36, +C4<00000000000000000000000000000100>;
P_0x6515980d8900 .param/l "OP_YO" 1 4 66, C4<0001>;
P_0x6515980d8940 .param/l "STATE_NONE" 1 4 87, C4<0000>;
P_0x6515980d8980 .param/l "STATE_POWER_EXTENDED" 1 4 88, C4<0001>;
P_0x6515980d89c0 .param/l "WIDTH" 0 4 35, +C4<00000000000000000000000000001000>;
L_0x65159811ace0 .functor AND 8, v0x65159811a030_0, v0x65159811a110_0, C4<11111111>, C4<11111111>;
L_0x65159811adf0 .functor XOR 8, v0x65159811a030_0, v0x65159811a110_0, C4<00000000>, C4<00000000>;
L_0x65159811aeb0 .functor OR 8, v0x65159811a030_0, v0x65159811a110_0, C4<00000000>, C4<00000000>;
L_0x65159811b040 .functor NOT 8, L_0x65159811aeb0, C4<00000000>, C4<00000000>, C4<00000000>;
v0x6515980eca90_0 .net "A", 7 0, v0x65159811a030_0;  1 drivers
v0x651598118b80_0 .net "B", 7 0, v0x65159811a110_0;  1 drivers
v0x651598118c60_0 .net "R0", 7 0, L_0x65159811b040;  alias, 1 drivers
v0x651598118d20_0 .net "RA", 7 0, L_0x65159811ace0;  alias, 1 drivers
v0x651598118e00_0 .net "RD", 7 0, L_0x65159811adf0;  alias, 1 drivers
v0x651598118f30_0 .var "T", 7 0;
v0x651598119010_0 .var "Y", 7 0;
v0x6515981190f0_0 .net *"_ivl_4", 7 0, L_0x65159811aeb0;  1 drivers
v0x6515981191d0_0 .var "add_full", 8 0;
v0x6515981192b0_0 .var "eq_flag", 0 0;
v0x651598119370_0 .var "exception_code", 3 0;
v0x651598119450_0 .var "exception_valid", 0 0;
v0x651598119510_0 .var "gt_flag", 0 0;
v0x6515981195d0_0 .var "lt_flag", 0 0;
v0x651598119690_0 .var "mul_full", 15 0;
v0x651598119770_0 .net "op", 3 0, v0x65159811a9a0_0;  1 drivers
v0x651598119850_0 .var "power_acc", 15 0;
v0x651598119930_0 .var/i "power_index", 31 0;
v0x651598119a10_0 .var "power_product", 23 0;
v0x651598119af0_0 .var "state_code", 3 0;
v0x651598119bd0_0 .var "state_valid", 0 0;
v0x651598119c90_0 .var "sub_full", 8 0;
v0x651598119d70_0 .var "valid", 0 0;
E_0x6515980aac50/0 .event anyedge, v0x651598119770_0, v0x6515980eca90_0, v0x651598118b80_0, v0x6515981191d0_0;
E_0x6515980aac50/1 .event anyedge, v0x651598119c90_0, v0x651598119690_0, v0x651598119850_0, v0x651598119a10_0;
E_0x6515980aac50 .event/or E_0x6515980aac50/0, E_0x6515980aac50/1;
    .scope S_0x65159806e490;
T_1 ;
    %wait E_0x6515980aac50;
    %pushi/vec4 0, 0, 8;
    %store/vec4 v0x651598119010_0, 0, 8;
    %pushi/vec4 0, 0, 8;
    %store/vec4 v0x651598118f30_0, 0, 8;
    %pushi/vec4 1, 0, 1;
    %store/vec4 v0x651598119d70_0, 0, 1;
    %pushi/vec4 0, 0, 1;
    %store/vec4 v0x651598119450_0, 0, 1;
    %pushi/vec4 0, 0, 4;
    %store/vec4 v0x651598119370_0, 0, 4;
    %pushi/vec4 0, 0, 1;
    %store/vec4 v0x651598119bd0_0, 0, 1;
    %pushi/vec4 0, 0, 4;
    %store/vec4 v0x651598119af0_0, 0, 4;
    %pushi/vec4 0, 0, 1;
    %store/vec4 v0x6515981192b0_0, 0, 1;
    %pushi/vec4 0, 0, 1;
    %store/vec4 v0x651598119510_0, 0, 1;
    %pushi/vec4 0, 0, 1;
    %store/vec4 v0x6515981195d0_0, 0, 1;
    %pushi/vec4 0, 0, 9;
    %store/vec4 v0x6515981191d0_0, 0, 9;
    %pushi/vec4 0, 0, 9;
    %store/vec4 v0x651598119c90_0, 0, 9;
    %pushi/vec4 0, 0, 16;
    %store/vec4 v0x651598119690_0, 0, 16;
    %pushi/vec4 1, 0, 16;
    %store/vec4 v0x651598119850_0, 0, 16;
    %pushi/vec4 0, 0, 24;
    %store/vec4 v0x651598119a10_0, 0, 24;
    %load/vec4 v0x651598119770_0;
    %dup/vec4;
    %pushi/vec4 0, 0, 4;
    %cmp/u;
    %jmp/1 T_1.0, 6;
    %dup/vec4;
    %pushi/vec4 1, 0, 4;
    %cmp/u;
    %jmp/1 T_1.1, 6;
    %dup/vec4;
    %pushi/vec4 2, 0, 4;
    %cmp/u;
    %jmp/1 T_1.2, 6;
    %dup/vec4;
    %pushi/vec4 3, 0, 4;
    %cmp/u;
    %jmp/1 T_1.3, 6;
    %dup/vec4;
    %pushi/vec4 4, 0, 4;
    %cmp/u;
    %jmp/1 T_1.4, 6;
    %dup/vec4;
    %pushi/vec4 5, 0, 4;
    %cmp/u;
    %jmp/1 T_1.5, 6;
    %dup/vec4;
    %pushi/vec4 6, 0, 4;
    %cmp/u;
    %jmp/1 T_1.6, 6;
    %dup/vec4;
    %pushi/vec4 7, 0, 4;
    %cmp/u;
    %jmp/1 T_1.7, 6;
    %dup/vec4;
    %pushi/vec4 8, 0, 4;
    %cmp/u;
    %jmp/1 T_1.8, 6;
    %pushi/vec4 0, 0, 1;
    %store/vec4 v0x651598119d70_0, 0, 1;
    %pushi/vec4 1, 0, 1;
    %store/vec4 v0x651598119450_0, 0, 1;
    %pushi/vec4 1, 0, 4;
    %store/vec4 v0x651598119370_0, 0, 4;
    %jmp T_1.10;
T_1.0 ;
    %pushi/vec4 0, 0, 1;
    %load/vec4 v0x6515980eca90_0;
    %concat/vec4; draw_concat_vec4
    %pushi/vec4 0, 0, 1;
    %load/vec4 v0x651598118b80_0;
    %concat/vec4; draw_concat_vec4
    %add;
    %store/vec4 v0x6515981191d0_0, 0, 9;
    %load/vec4 v0x6515981191d0_0;
    %parti/s 8, 0, 2;
    %store/vec4 v0x651598119010_0, 0, 8;
    %pushi/vec4 0, 0, 8;
    %store/vec4 v0x651598118f30_0, 0, 8;
    %load/vec4 v0x6515981191d0_0;
    %parti/s 1, 8, 5;
    %ix/load 4, 0, 0;
    %flag_set/imm 4, 0;
    %store/vec4 v0x651598118f30_0, 4, 1;
    %jmp T_1.10;
T_1.1 ;
    %pushi/vec4 0, 0, 1;
    %load/vec4 v0x6515980eca90_0;
    %concat/vec4; draw_concat_vec4
    %pushi/vec4 0, 0, 1;
    %load/vec4 v0x651598118b80_0;
    %concat/vec4; draw_concat_vec4
    %sub;
    %store/vec4 v0x651598119c90_0, 0, 9;
    %load/vec4 v0x651598119c90_0;
    %parti/s 8, 0, 2;
    %store/vec4 v0x651598119010_0, 0, 8;
    %pushi/vec4 0, 0, 8;
    %store/vec4 v0x651598118f30_0, 0, 8;
    %load/vec4 v0x6515980eca90_0;
    %load/vec4 v0x651598118b80_0;
    %cmp/u;
    %flag_get/vec4 5;
    %ix/load 4, 0, 0;
    %flag_set/imm 4, 0;
    %store/vec4 v0x651598118f30_0, 4, 1;
    %jmp T_1.10;
T_1.2 ;
    %load/vec4 v0x6515980eca90_0;
    %pad/u 16;
    %load/vec4 v0x651598118b80_0;
    %pad/u 16;
    %mul;
    %store/vec4 v0x651598119690_0, 0, 16;
    %load/vec4 v0x651598119690_0;
    %parti/s 8, 0, 2;
    %store/vec4 v0x651598119010_0, 0, 8;
    %load/vec4 v0x651598119690_0;
    %parti/s 8, 8, 5;
    %store/vec4 v0x651598118f30_0, 0, 8;
    %jmp T_1.10;
T_1.3 ;
    %load/vec4 v0x651598118b80_0;
    %cmpi/e 0, 0, 8;
    %jmp/0xz  T_1.11, 4;
    %pushi/vec4 0, 0, 8;
    %store/vec4 v0x651598119010_0, 0, 8;
    %pushi/vec4 255, 0, 8;
    %store/vec4 v0x651598118f30_0, 0, 8;
    %pushi/vec4 0, 0, 1;
    %store/vec4 v0x651598119d70_0, 0, 1;
    %pushi/vec4 1, 0, 1;
    %store/vec4 v0x651598119450_0, 0, 1;
    %pushi/vec4 2, 0, 4;
    %store/vec4 v0x651598119370_0, 0, 4;
    %jmp T_1.12;
T_1.11 ;
    %load/vec4 v0x6515980eca90_0;
    %load/vec4 v0x651598118b80_0;
    %div;
    %store/vec4 v0x651598119010_0, 0, 8;
    %load/vec4 v0x6515980eca90_0;
    %load/vec4 v0x651598118b80_0;
    %mod;
    %store/vec4 v0x651598118f30_0, 0, 8;
T_1.12 ;
    %jmp T_1.10;
T_1.4 ;
    %load/vec4 v0x651598118b80_0;
    %cmpi/e 0, 0, 8;
    %jmp/0xz  T_1.13, 4;
    %pushi/vec4 0, 0, 8;
    %store/vec4 v0x651598119010_0, 0, 8;
    %pushi/vec4 255, 0, 8;
    %store/vec4 v0x651598118f30_0, 0, 8;
    %pushi/vec4 0, 0, 1;
    %store/vec4 v0x651598119d70_0, 0, 1;
    %pushi/vec4 1, 0, 1;
    %store/vec4 v0x651598119450_0, 0, 1;
    %pushi/vec4 2, 0, 4;
    %store/vec4 v0x651598119370_0, 0, 4;
    %jmp T_1.14;
T_1.13 ;
    %load/vec4 v0x6515980eca90_0;
    %load/vec4 v0x651598118b80_0;
    %mod;
    %store/vec4 v0x651598119010_0, 0, 8;
    %load/vec4 v0x6515980eca90_0;
    %load/vec4 v0x651598118b80_0;
    %div;
    %store/vec4 v0x651598118f30_0, 0, 8;
T_1.14 ;
    %jmp T_1.10;
T_1.5 ;
    %pushi/vec4 1, 0, 16;
    %store/vec4 v0x651598119850_0, 0, 16;
    %pushi/vec4 0, 0, 1;
    %store/vec4 v0x651598119bd0_0, 0, 1;
    %pushi/vec4 0, 0, 4;
    %store/vec4 v0x651598119af0_0, 0, 4;
    %pushi/vec4 0, 0, 32;
    %store/vec4 v0x651598119930_0, 0, 32;
T_1.15 ;
    %load/vec4 v0x651598119930_0;
    %cmpi/s 256, 0, 32;
    %jmp/0xz T_1.16, 5;
    %load/vec4 v0x651598119930_0;
    %load/vec4 v0x651598118b80_0;
    %pad/u 32;
    %cmp/u;
    %jmp/0xz  T_1.17, 5;
    %load/vec4 v0x651598119850_0;
    %pad/u 24;
    %load/vec4 v0x6515980eca90_0;
    %pad/u 24;
    %mul;
    %store/vec4 v0x651598119a10_0, 0, 24;
    %load/vec4 v0x651598119a10_0;
    %parti/s 8, 16, 6;
    %cmpi/ne 0, 0, 8;
    %jmp/0xz  T_1.19, 4;
    %pushi/vec4 1, 0, 1;
    %store/vec4 v0x651598119bd0_0, 0, 1;
    %pushi/vec4 1, 0, 4;
    %store/vec4 v0x651598119af0_0, 0, 4;
T_1.19 ;
    %load/vec4 v0x651598119a10_0;
    %parti/s 16, 0, 2;
    %store/vec4 v0x651598119850_0, 0, 16;
T_1.17 ;
    %load/vec4 v0x651598119930_0;
    %addi 1, 0, 32;
    %store/vec4 v0x651598119930_0, 0, 32;
    %jmp T_1.15;
T_1.16 ;
    %load/vec4 v0x651598119850_0;
    %parti/s 8, 0, 2;
    %store/vec4 v0x651598119010_0, 0, 8;
    %load/vec4 v0x651598119850_0;
    %parti/s 8, 8, 5;
    %store/vec4 v0x651598118f30_0, 0, 8;
    %jmp T_1.10;
T_1.6 ;
    %pushi/vec4 0, 0, 1;
    %load/vec4 v0x6515980eca90_0;
    %concat/vec4; draw_concat_vec4
    %pushi/vec4 0, 0, 1;
    %load/vec4 v0x651598118b80_0;
    %concat/vec4; draw_concat_vec4
    %sub;
    %store/vec4 v0x651598119c90_0, 0, 9;
    %load/vec4 v0x651598119c90_0;
    %parti/s 8, 0, 2;
    %store/vec4 v0x651598119010_0, 0, 8;
    %pushi/vec4 0, 0, 8;
    %store/vec4 v0x651598118f30_0, 0, 8;
    %load/vec4 v0x6515980eca90_0;
    %load/vec4 v0x651598118b80_0;
    %cmp/u;
    %flag_get/vec4 5;
    %ix/load 4, 0, 0;
    %flag_set/imm 4, 0;
    %store/vec4 v0x651598118f30_0, 4, 1;
    %load/vec4 v0x6515980eca90_0;
    %load/vec4 v0x651598118b80_0;
    %cmp/e;
    %flag_get/vec4 4;
    %store/vec4 v0x6515981192b0_0, 0, 1;
    %load/vec4 v0x651598118b80_0;
    %load/vec4 v0x6515980eca90_0;
    %cmp/u;
    %flag_get/vec4 5;
    %store/vec4 v0x651598119510_0, 0, 1;
    %load/vec4 v0x6515980eca90_0;
    %load/vec4 v0x651598118b80_0;
    %cmp/u;
    %flag_get/vec4 5;
    %store/vec4 v0x6515981195d0_0, 0, 1;
    %jmp T_1.10;
T_1.7 ;
    %pushi/vec4 0, 0, 8;
    %store/vec4 v0x651598119010_0, 0, 8;
    %load/vec4 v0x651598118b80_0;
    %load/vec4 v0x6515980eca90_0;
    %cmp/u;
    %flag_get/vec4 5;
    %ix/load 4, 0, 0;
    %flag_set/imm 4, 0;
    %store/vec4 v0x651598119010_0, 4, 1;
    %pushi/vec4 0, 0, 8;
    %store/vec4 v0x651598118f30_0, 0, 8;
    %load/vec4 v0x6515980eca90_0;
    %load/vec4 v0x651598118b80_0;
    %cmp/u;
    %flag_get/vec4 5;
    %ix/load 4, 0, 0;
    %flag_set/imm 4, 0;
    %store/vec4 v0x651598118f30_0, 4, 1;
    %load/vec4 v0x6515980eca90_0;
    %load/vec4 v0x651598118b80_0;
    %cmp/e;
    %flag_get/vec4 4;
    %store/vec4 v0x6515981192b0_0, 0, 1;
    %load/vec4 v0x651598118b80_0;
    %load/vec4 v0x6515980eca90_0;
    %cmp/u;
    %flag_get/vec4 5;
    %store/vec4 v0x651598119510_0, 0, 1;
    %load/vec4 v0x6515980eca90_0;
    %load/vec4 v0x651598118b80_0;
    %cmp/u;
    %flag_get/vec4 5;
    %store/vec4 v0x6515981195d0_0, 0, 1;
    %jmp T_1.10;
T_1.8 ;
    %pushi/vec4 0, 0, 8;
    %store/vec4 v0x651598119010_0, 0, 8;
    %load/vec4 v0x6515980eca90_0;
    %load/vec4 v0x651598118b80_0;
    %cmp/u;
    %flag_get/vec4 5;
    %ix/load 4, 0, 0;
    %flag_set/imm 4, 0;
    %store/vec4 v0x651598119010_0, 4, 1;
    %pushi/vec4 0, 0, 8;
    %store/vec4 v0x651598118f30_0, 0, 8;
    %load/vec4 v0x6515980eca90_0;
    %load/vec4 v0x651598118b80_0;
    %cmp/u;
    %flag_get/vec4 5;
    %ix/load 4, 0, 0;
    %flag_set/imm 4, 0;
    %store/vec4 v0x651598118f30_0, 4, 1;
    %load/vec4 v0x6515980eca90_0;
    %load/vec4 v0x651598118b80_0;
    %cmp/e;
    %flag_get/vec4 4;
    %store/vec4 v0x6515981192b0_0, 0, 1;
    %load/vec4 v0x651598118b80_0;
    %load/vec4 v0x6515980eca90_0;
    %cmp/u;
    %flag_get/vec4 5;
    %store/vec4 v0x651598119510_0, 0, 1;
    %load/vec4 v0x6515980eca90_0;
    %load/vec4 v0x651598118b80_0;
    %cmp/u;
    %flag_get/vec4 5;
    %store/vec4 v0x6515981195d0_0, 0, 1;
    %jmp T_1.10;
T_1.10 ;
    %pop/vec4 1;
    %jmp T_1;
    .thread T_1, $push;
    .scope S_0x6515980f7290;
T_2 ;
    %vpi_call/w 3 94 "$display", "============================================================" {0 0 0};
    %vpi_call/w 3 97 "$display", "IF\303\201 V4 COMPLETE NATIVE RAU TEST" {0 0 0};
    %vpi_call/w 3 100 "$display", "============================================================" {0 0 0};
    %pushi/vec4 0, 0, 4;
    %store/vec4 v0x65159811a9a0_0, 0, 4;
    %pushi/vec4 240, 0, 8;
    %store/vec4 v0x65159811a030_0, 0, 8;
    %pushi/vec4 48, 0, 8;
    %store/vec4 v0x65159811a110_0, 0, 8;
    %delay 1000, 0;
    %alloc S_0x6515980f7420;
    %fork TD_tb_ifa_native_rau_v4.check_relations, S_0x6515980f7420;
    %join;
    %free S_0x6515980f7420;
    %load/vec4 v0x65159811a4c0_0;
    %cmpi/ne 32, 0, 8;
    %jmp/1 T_2.3, 6;
    %flag_mov 8, 6;
    %load/vec4 v0x65159811a3f0_0;
    %cmpi/ne 1, 0, 8;
    %flag_or 6, 8;
T_2.3;
    %jmp/1 T_2.2, 6;
    %flag_mov 8, 6;
    %load/vec4 v0x65159811ab40_0;
    %cmpi/ne 0, 0, 1;
    %flag_or 6, 8;
T_2.2;
    %jmp/0xz  T_2.0, 6;
    %vpi_call/w 3 120 "$fatal", 32'sb00000000000000000000000000000001, "PAPO failed" {0 0 0};
T_2.0 ;
    %vpi_call/w 3 123 "$display", "PASS: PAPO Y=%02h T=%02h", v0x65159811a4c0_0, v0x65159811a3f0_0 {0 0 0};
    %pushi/vec4 1, 0, 4;
    %store/vec4 v0x65159811a9a0_0, 0, 4;
    %pushi/vec4 6, 0, 8;
    %store/vec4 v0x65159811a030_0, 0, 8;
    %pushi/vec4 13, 0, 8;
    %store/vec4 v0x65159811a110_0, 0, 8;
    %delay 1000, 0;
    %alloc S_0x6515980f7420;
    %fork TD_tb_ifa_native_rau_v4.check_relations, S_0x6515980f7420;
    %join;
    %free S_0x6515980f7420;
    %load/vec4 v0x65159811a4c0_0;
    %cmpi/ne 249, 0, 8;
    %jmp/1 T_2.7, 6;
    %flag_mov 8, 6;
    %load/vec4 v0x65159811a3f0_0;
    %cmpi/ne 1, 0, 8;
    %flag_or 6, 8;
T_2.7;
    %jmp/1 T_2.6, 6;
    %flag_mov 8, 6;
    %load/vec4 v0x65159811ab40_0;
    %cmpi/ne 0, 0, 1;
    %flag_or 6, 8;
T_2.6;
    %jmp/0xz  T_2.4, 6;
    %vpi_call/w 3 145 "$fatal", 32'sb00000000000000000000000000000001, "YO failed" {0 0 0};
T_2.4 ;
    %vpi_call/w 3 148 "$display", "PASS: YO Y=%02h T=%02h", v0x65159811a4c0_0, v0x65159811a3f0_0 {0 0 0};
    %pushi/vec4 2, 0, 4;
    %store/vec4 v0x65159811a9a0_0, 0, 4;
    %pushi/vec4 240, 0, 8;
    %store/vec4 v0x65159811a030_0, 0, 8;
    %pushi/vec4 16, 0, 8;
    %store/vec4 v0x65159811a110_0, 0, 8;
    %delay 1000, 0;
    %alloc S_0x6515980f7420;
    %fork TD_tb_ifa_native_rau_v4.check_relations, S_0x6515980f7420;
    %join;
    %free S_0x6515980f7420;
    %load/vec4 v0x65159811a4c0_0;
    %cmpi/ne 0, 0, 8;
    %jmp/1 T_2.10, 6;
    %flag_mov 8, 6;
    %load/vec4 v0x65159811a3f0_0;
    %cmpi/ne 15, 0, 8;
    %flag_or 6, 8;
T_2.10;
    %jmp/0xz  T_2.8, 6;
    %vpi_call/w 3 171 "$fatal", 32'sb00000000000000000000000000000001, "DAGBA failed" {0 0 0};
T_2.8 ;
    %vpi_call/w 3 174 "$display", "PASS: DAGBA Y=%02h T=%02h", v0x65159811a4c0_0, v0x65159811a3f0_0 {0 0 0};
    %pushi/vec4 3, 0, 4;
    %store/vec4 v0x65159811a9a0_0, 0, 4;
    %pushi/vec4 29, 0, 8;
    %store/vec4 v0x65159811a030_0, 0, 8;
    %pushi/vec4 6, 0, 8;
    %store/vec4 v0x65159811a110_0, 0, 8;
    %delay 1000, 0;
    %alloc S_0x6515980f7420;
    %fork TD_tb_ifa_native_rau_v4.check_relations, S_0x6515980f7420;
    %join;
    %free S_0x6515980f7420;
    %load/vec4 v0x65159811a4c0_0;
    %cmpi/ne 4, 0, 8;
    %jmp/1 T_2.15, 6;
    %flag_mov 8, 6;
    %load/vec4 v0x65159811a3f0_0;
    %cmpi/ne 5, 0, 8;
    %flag_or 6, 8;
T_2.15;
    %jmp/1 T_2.14, 6;
    %flag_mov 8, 6;
    %load/vec4 v0x65159811ac10_0;
    %cmpi/ne 1, 0, 1;
    %flag_or 6, 8;
T_2.14;
    %jmp/1 T_2.13, 6;
    %flag_mov 8, 6;
    %load/vec4 v0x65159811a730_0;
    %cmpi/ne 0, 0, 1;
    %flag_or 6, 8;
T_2.13;
    %jmp/0xz  T_2.11, 6;
    %vpi_call/w 3 199 "$fatal", 32'sb00000000000000000000000000000001, "PIN failed" {0 0 0};
T_2.11 ;
    %vpi_call/w 3 202 "$display", "PASS: PIN quotient=%0d remainder=%0d", v0x65159811a4c0_0, v0x65159811a3f0_0 {0 0 0};
    %pushi/vec4 4, 0, 4;
    %store/vec4 v0x65159811a9a0_0, 0, 4;
    %pushi/vec4 29, 0, 8;
    %store/vec4 v0x65159811a030_0, 0, 8;
    %pushi/vec4 6, 0, 8;
    %store/vec4 v0x65159811a110_0, 0, 8;
    %delay 1000, 0;
    %alloc S_0x6515980f7420;
    %fork TD_tb_ifa_native_rau_v4.check_relations, S_0x6515980f7420;
    %join;
    %free S_0x6515980f7420;
    %load/vec4 v0x65159811a4c0_0;
    %cmpi/ne 5, 0, 8;
    %jmp/1 T_2.18, 6;
    %flag_mov 8, 6;
    %load/vec4 v0x65159811a3f0_0;
    %cmpi/ne 4, 0, 8;
    %flag_or 6, 8;
T_2.18;
    %jmp/0xz  T_2.16, 6;
    %vpi_call/w 3 223 "$fatal", 32'sb00000000000000000000000000000001, "KU failed" {0 0 0};
T_2.16 ;
    %vpi_call/w 3 226 "$display", "PASS: KU remainder=%0d quotient=%0d", v0x65159811a4c0_0, v0x65159811a3f0_0 {0 0 0};
    %pushi/vec4 3, 0, 4;
    %store/vec4 v0x65159811a9a0_0, 0, 4;
    %pushi/vec4 29, 0, 8;
    %store/vec4 v0x65159811a030_0, 0, 8;
    %pushi/vec4 0, 0, 8;
    %store/vec4 v0x65159811a110_0, 0, 8;
    %delay 1000, 0;
    %alloc S_0x6515980f7420;
    %fork TD_tb_ifa_native_rau_v4.check_relations, S_0x6515980f7420;
    %join;
    %free S_0x6515980f7420;
    %load/vec4 v0x65159811a4c0_0;
    %cmpi/ne 0, 0, 8;
    %jmp/1 T_2.24, 6;
    %flag_mov 8, 6;
    %load/vec4 v0x65159811a3f0_0;
    %cmpi/ne 255, 0, 8;
    %flag_or 6, 8;
T_2.24;
    %jmp/1 T_2.23, 6;
    %flag_mov 8, 6;
    %load/vec4 v0x65159811ac10_0;
    %cmpi/ne 0, 0, 1;
    %flag_or 6, 8;
T_2.23;
    %jmp/1 T_2.22, 6;
    %flag_mov 8, 6;
    %load/vec4 v0x65159811a730_0;
    %cmpi/ne 1, 0, 1;
    %flag_or 6, 8;
T_2.22;
    %jmp/1 T_2.21, 6;
    %flag_mov 8, 6;
    %load/vec4 v0x65159811a660_0;
    %cmpi/ne 2, 0, 4;
    %flag_or 6, 8;
T_2.21;
    %jmp/0xz  T_2.19, 6;
    %vpi_call/w 3 250 "$fatal", 32'sb00000000000000000000000000000001, "PIN division-by-zero rule failed" {0 0 0};
T_2.19 ;
    %vpi_call/w 3 256 "$display", "PASS: PIN division-by-zero exception" {0 0 0};
    %pushi/vec4 5, 0, 4;
    %store/vec4 v0x65159811a9a0_0, 0, 4;
    %pushi/vec4 3, 0, 8;
    %store/vec4 v0x65159811a030_0, 0, 8;
    %pushi/vec4 4, 0, 8;
    %store/vec4 v0x65159811a110_0, 0, 8;
    %delay 1000, 0;
    %alloc S_0x6515980f7420;
    %fork TD_tb_ifa_native_rau_v4.check_relations, S_0x6515980f7420;
    %join;
    %free S_0x6515980f7420;
    %load/vec4 v0x65159811a4c0_0;
    %cmpi/ne 81, 0, 8;
    %jmp/1 T_2.29, 6;
    %flag_mov 8, 6;
    %load/vec4 v0x65159811a3f0_0;
    %cmpi/ne 0, 0, 8;
    %flag_or 6, 8;
T_2.29;
    %jmp/1 T_2.28, 6;
    %flag_mov 8, 6;
    %load/vec4 v0x65159811ab40_0;
    %cmpi/ne 0, 0, 1;
    %flag_or 6, 8;
T_2.28;
    %jmp/1 T_2.27, 6;
    %flag_mov 8, 6;
    %load/vec4 v0x65159811aa70_0;
    %cmpi/ne 0, 0, 4;
    %flag_or 6, 8;
T_2.27;
    %jmp/0xz  T_2.25, 6;
    %vpi_call/w 3 279 "$fatal", 32'sb00000000000000000000000000000001, "GBE 3^4 failed" {0 0 0};
T_2.25 ;
    %vpi_call/w 3 282 "$display", "PASS: GBE 3^4 Y=%02h T=%02h STATE=NONE", v0x65159811a4c0_0, v0x65159811a3f0_0 {0 0 0};
    %pushi/vec4 5, 0, 4;
    %store/vec4 v0x65159811a9a0_0, 0, 4;
    %pushi/vec4 16, 0, 8;
    %store/vec4 v0x65159811a030_0, 0, 8;
    %pushi/vec4 3, 0, 8;
    %store/vec4 v0x65159811a110_0, 0, 8;
    %delay 1000, 0;
    %alloc S_0x6515980f7420;
    %fork TD_tb_ifa_native_rau_v4.check_relations, S_0x6515980f7420;
    %join;
    %free S_0x6515980f7420;
    %load/vec4 v0x65159811a4c0_0;
    %cmpi/ne 0, 0, 8;
    %jmp/1 T_2.33, 6;
    %flag_mov 8, 6;
    %load/vec4 v0x65159811a3f0_0;
    %cmpi/ne 16, 0, 8;
    %flag_or 6, 8;
T_2.33;
    %jmp/1 T_2.32, 6;
    %flag_mov 8, 6;
    %load/vec4 v0x65159811ab40_0;
    %cmpi/ne 0, 0, 1;
    %flag_or 6, 8;
T_2.32;
    %jmp/0xz  T_2.30, 6;
    %vpi_call/w 3 306 "$fatal", 32'sb00000000000000000000000000000001, "GBE transport-word test failed" {0 0 0};
T_2.30 ;
    %vpi_call/w 3 312 "$display", "PASS: GBE transport Y=%02h T=%02h", v0x65159811a4c0_0, v0x65159811a3f0_0 {0 0 0};
    %pushi/vec4 5, 0, 4;
    %store/vec4 v0x65159811a9a0_0, 0, 4;
    %pushi/vec4 255, 0, 8;
    %store/vec4 v0x65159811a030_0, 0, 8;
    %pushi/vec4 3, 0, 8;
    %store/vec4 v0x65159811a110_0, 0, 8;
    %delay 1000, 0;
    %alloc S_0x6515980f7420;
    %fork TD_tb_ifa_native_rau_v4.check_relations, S_0x6515980f7420;
    %join;
    %free S_0x6515980f7420;
    %load/vec4 v0x65159811ab40_0;
    %cmpi/ne 1, 0, 1;
    %jmp/1 T_2.36, 6;
    %flag_mov 8, 6;
    %load/vec4 v0x65159811aa70_0;
    %cmpi/ne 1, 0, 4;
    %flag_or 6, 8;
T_2.36;
    %jmp/0xz  T_2.34, 6;
    %vpi_call/w 3 335 "$fatal", 32'sb00000000000000000000000000000001, "GBE extended state was not reported" {0 0 0};
T_2.34 ;
    %vpi_call/w 3 341 "$display", "PASS: GBE entered STATE_POWER_EXTENDED" {0 0 0};
    %pushi/vec4 6, 0, 4;
    %store/vec4 v0x65159811a9a0_0, 0, 4;
    %pushi/vec4 20, 0, 8;
    %store/vec4 v0x65159811a030_0, 0, 8;
    %pushi/vec4 20, 0, 8;
    %store/vec4 v0x65159811a110_0, 0, 8;
    %delay 1000, 0;
    %alloc S_0x6515980f7420;
    %fork TD_tb_ifa_native_rau_v4.check_relations, S_0x6515980f7420;
    %join;
    %free S_0x6515980f7420;
    %load/vec4 v0x65159811a4c0_0;
    %cmpi/ne 0, 0, 8;
    %jmp/1 T_2.42, 6;
    %flag_mov 8, 6;
    %load/vec4 v0x65159811a3f0_0;
    %cmpi/ne 0, 0, 8;
    %flag_or 6, 8;
T_2.42;
    %jmp/1 T_2.41, 6;
    %flag_mov 8, 6;
    %load/vec4 v0x65159811a590_0;
    %cmpi/ne 1, 0, 1;
    %flag_or 6, 8;
T_2.41;
    %jmp/1 T_2.40, 6;
    %flag_mov 8, 6;
    %load/vec4 v0x65159811a800_0;
    %cmpi/ne 0, 0, 1;
    %flag_or 6, 8;
T_2.40;
    %jmp/1 T_2.39, 6;
    %flag_mov 8, 6;
    %load/vec4 v0x65159811a8d0_0;
    %cmpi/ne 0, 0, 1;
    %flag_or 6, 8;
T_2.39;
    %jmp/0xz  T_2.37, 6;
    %vpi_call/w 3 363 "$fatal", 32'sb00000000000000000000000000000001, "SEDA equality failed" {0 0 0};
T_2.37 ;
    %vpi_call/w 3 366 "$display", "PASS: SEDA equality" {0 0 0};
    %pushi/vec4 6, 0, 4;
    %store/vec4 v0x65159811a9a0_0, 0, 4;
    %pushi/vec4 20, 0, 8;
    %store/vec4 v0x65159811a030_0, 0, 8;
    %pushi/vec4 10, 0, 8;
    %store/vec4 v0x65159811a110_0, 0, 8;
    %delay 1000, 0;
    %alloc S_0x6515980f7420;
    %fork TD_tb_ifa_native_rau_v4.check_relations, S_0x6515980f7420;
    %join;
    %free S_0x6515980f7420;
    %load/vec4 v0x65159811a4c0_0;
    %cmpi/ne 10, 0, 8;
    %jmp/1 T_2.46, 6;
    %flag_mov 8, 6;
    %load/vec4 v0x65159811a3f0_0;
    %cmpi/ne 0, 0, 8;
    %flag_or 6, 8;
T_2.46;
    %jmp/1 T_2.45, 6;
    %flag_mov 8, 6;
    %load/vec4 v0x65159811a800_0;
    %cmpi/ne 1, 0, 1;
    %flag_or 6, 8;
T_2.45;
    %jmp/0xz  T_2.43, 6;
    %vpi_call/w 3 384 "$fatal", 32'sb00000000000000000000000000000001, "SEDA greater failed" {0 0 0};
T_2.43 ;
    %vpi_call/w 3 387 "$display", "PASS: SEDA greater" {0 0 0};
    %pushi/vec4 6, 0, 4;
    %store/vec4 v0x65159811a9a0_0, 0, 4;
    %pushi/vec4 10, 0, 8;
    %store/vec4 v0x65159811a030_0, 0, 8;
    %pushi/vec4 20, 0, 8;
    %store/vec4 v0x65159811a110_0, 0, 8;
    %delay 1000, 0;
    %alloc S_0x6515980f7420;
    %fork TD_tb_ifa_native_rau_v4.check_relations, S_0x6515980f7420;
    %join;
    %free S_0x6515980f7420;
    %load/vec4 v0x65159811a4c0_0;
    %cmpi/ne 246, 0, 8;
    %jmp/1 T_2.50, 6;
    %flag_mov 8, 6;
    %load/vec4 v0x65159811a3f0_0;
    %cmpi/ne 1, 0, 8;
    %flag_or 6, 8;
T_2.50;
    %jmp/1 T_2.49, 6;
    %flag_mov 8, 6;
    %load/vec4 v0x65159811a8d0_0;
    %cmpi/ne 1, 0, 1;
    %flag_or 6, 8;
T_2.49;
    %jmp/0xz  T_2.47, 6;
    %vpi_call/w 3 405 "$fatal", 32'sb00000000000000000000000000000001, "SEDA less failed" {0 0 0};
T_2.47 ;
    %vpi_call/w 3 408 "$display", "PASS: SEDA less" {0 0 0};
    %pushi/vec4 7, 0, 4;
    %store/vec4 v0x65159811a9a0_0, 0, 4;
    %pushi/vec4 20, 0, 8;
    %store/vec4 v0x65159811a030_0, 0, 8;
    %pushi/vec4 10, 0, 8;
    %store/vec4 v0x65159811a110_0, 0, 8;
    %delay 1000, 0;
    %alloc S_0x6515980f7420;
    %fork TD_tb_ifa_native_rau_v4.check_relations, S_0x6515980f7420;
    %join;
    %free S_0x6515980f7420;
    %load/vec4 v0x65159811a4c0_0;
    %cmpi/ne 1, 0, 8;
    %jmp/1 T_2.53, 6;
    %flag_mov 8, 6;
    %load/vec4 v0x65159811a800_0;
    %cmpi/ne 1, 0, 1;
    %flag_or 6, 8;
T_2.53;
    %jmp/0xz  T_2.51, 6;
    %vpi_call/w 3 425 "$fatal", 32'sb00000000000000000000000000000001, "JU true predicate failed" {0 0 0};
T_2.51 ;
    %pushi/vec4 7, 0, 4;
    %store/vec4 v0x65159811a9a0_0, 0, 4;
    %pushi/vec4 5, 0, 8;
    %store/vec4 v0x65159811a030_0, 0, 8;
    %pushi/vec4 10, 0, 8;
    %store/vec4 v0x65159811a110_0, 0, 8;
    %delay 1000, 0;
    %alloc S_0x6515980f7420;
    %fork TD_tb_ifa_native_rau_v4.check_relations, S_0x6515980f7420;
    %join;
    %free S_0x6515980f7420;
    %load/vec4 v0x65159811a4c0_0;
    %cmpi/ne 0, 0, 8;
    %jmp/1 T_2.57, 6;
    %flag_mov 8, 6;
    %load/vec4 v0x65159811a8d0_0;
    %cmpi/ne 1, 0, 1;
    %flag_or 6, 8;
T_2.57;
    %jmp/1 T_2.56, 6;
    %flag_mov 8, 6;
    %load/vec4 v0x65159811a3f0_0;
    %cmpi/ne 1, 0, 8;
    %flag_or 6, 8;
T_2.56;
    %jmp/0xz  T_2.54, 6;
    %vpi_call/w 3 440 "$fatal", 32'sb00000000000000000000000000000001, "JU false predicate failed" {0 0 0};
T_2.54 ;
    %vpi_call/w 3 443 "$display", "PASS: JU predicate" {0 0 0};
    %pushi/vec4 8, 0, 4;
    %store/vec4 v0x65159811a9a0_0, 0, 4;
    %pushi/vec4 5, 0, 8;
    %store/vec4 v0x65159811a030_0, 0, 8;
    %pushi/vec4 10, 0, 8;
    %store/vec4 v0x65159811a110_0, 0, 8;
    %delay 1000, 0;
    %alloc S_0x6515980f7420;
    %fork TD_tb_ifa_native_rau_v4.check_relations, S_0x6515980f7420;
    %join;
    %free S_0x6515980f7420;
    %load/vec4 v0x65159811a4c0_0;
    %cmpi/ne 1, 0, 8;
    %jmp/1 T_2.61, 6;
    %flag_mov 8, 6;
    %load/vec4 v0x65159811a8d0_0;
    %cmpi/ne 1, 0, 1;
    %flag_or 6, 8;
T_2.61;
    %jmp/1 T_2.60, 6;
    %flag_mov 8, 6;
    %load/vec4 v0x65159811a3f0_0;
    %cmpi/ne 1, 0, 8;
    %flag_or 6, 8;
T_2.60;
    %jmp/0xz  T_2.58, 6;
    %vpi_call/w 3 461 "$fatal", 32'sb00000000000000000000000000000001, "KERE true predicate failed" {0 0 0};
T_2.58 ;
    %pushi/vec4 8, 0, 4;
    %store/vec4 v0x65159811a9a0_0, 0, 4;
    %pushi/vec4 20, 0, 8;
    %store/vec4 v0x65159811a030_0, 0, 8;
    %pushi/vec4 10, 0, 8;
    %store/vec4 v0x65159811a110_0, 0, 8;
    %delay 1000, 0;
    %alloc S_0x6515980f7420;
    %fork TD_tb_ifa_native_rau_v4.check_relations, S_0x6515980f7420;
    %join;
    %free S_0x6515980f7420;
    %load/vec4 v0x65159811a4c0_0;
    %cmpi/ne 0, 0, 8;
    %jmp/1 T_2.64, 6;
    %flag_mov 8, 6;
    %load/vec4 v0x65159811a800_0;
    %cmpi/ne 1, 0, 1;
    %flag_or 6, 8;
T_2.64;
    %jmp/0xz  T_2.62, 6;
    %vpi_call/w 3 475 "$fatal", 32'sb00000000000000000000000000000001, "KERE false predicate failed" {0 0 0};
T_2.62 ;
    %vpi_call/w 3 478 "$display", "PASS: KERE predicate" {0 0 0};
    %vpi_call/w 3 480 "$display", "============================================================" {0 0 0};
    %vpi_call/w 3 483 "$display", "PASS: ALL NATIVE IF\303\201 MATHEMATICAL FUNCTIONS VERIFIED" {0 0 0};
    %vpi_call/w 3 486 "$display", "PASS: RA, RD AND R0 ARE UNIVERSAL" {0 0 0};
    %vpi_call/w 3 489 "$display", "PASS: EXTENDED POWER IS AN IF\303\201 STATE, NOT OVERFLOW" {0 0 0};
    %vpi_call/w 3 492 "$display", "============================================================" {0 0 0};
    %vpi_call/w 3 496 "$finish" {0 0 0};
    %end;
    .thread T_2;
# The file index is used to find the file name in the following table.
:file_names 5;
    "N/A";
    "<interactive>";
    "-";
    "tb/v4/tb_ifa_native_rau_v4.sv";
    "rtl/v4/ifa_native_rau_v4.sv";
