#! /usr/bin/vvp
:ivl_version "12.0 (stable)";
:ivl_delay_selection "TYPICAL";
:vpi_time_precision - 12;
:vpi_module "/usr/lib/x86_64-linux-gnu/ivl/system.vpi";
:vpi_module "/usr/lib/x86_64-linux-gnu/ivl/vhdl_sys.vpi";
:vpi_module "/usr/lib/x86_64-linux-gnu/ivl/vhdl_textio.vpi";
:vpi_module "/usr/lib/x86_64-linux-gnu/ivl/v2005_math.vpi";
:vpi_module "/usr/lib/x86_64-linux-gnu/ivl/va_math.vpi";
:vpi_module "/usr/lib/x86_64-linux-gnu/ivl/v2009.vpi";
S_0x5cc0e0540260 .scope package, "$unit" "$unit" 2 1;
 .timescale 0 0;
S_0x5cc0e053de10 .scope module, "tb_ifa_yara_context_switch" "tb_ifa_yara_context_switch" 3 3;
 .timescale -9 -12;
P_0x5cc0e050f2f0 .param/l "IR_WIDTH" 1 3 6, +C4<00000000000000000000000000010000>;
P_0x5cc0e050f330 .param/l "WIDTH" 1 3 5, +C4<00000000000000000000000000001000>;
P_0x5cc0e050f370 .param/l "YARA_COUNT" 1 3 7, +C4<00000000000000000000000000000010>;
P_0x5cc0e050f3b0 .param/l "YARA_W" 1 3 8, +C4<00000000000000000000000000000001>;
v0x5cc0e0561620_0 .var "active_yara", 0 0;
v0x5cc0e0561700_0 .var "clear_yara", 1 0;
v0x5cc0e05617d0_0 .var "clk", 0 0;
v0x5cc0e05618d0_0 .var "context_write", 0 0;
v0x5cc0e05619a0_0 .net "read_a", 7 0, v0x5cc0e055fe10_0;  1 drivers
v0x5cc0e0561a90_0 .net "read_address", 7 0, v0x5cc0e055fef0_0;  1 drivers
v0x5cc0e0561b60_0 .net "read_b", 7 0, v0x5cc0e055ffd0_0;  1 drivers
v0x5cc0e0561c30_0 .net "read_flags", 7 0, v0x5cc0e05600b0_0;  1 drivers
v0x5cc0e0561d00_0 .net "read_ir", 15 0, v0x5cc0e0560190_0;  1 drivers
v0x5cc0e0561dd0_0 .net "read_pc", 7 0, v0x5cc0e0560270_0;  1 drivers
v0x5cc0e0561ea0_0 .var "rst", 0 0;
v0x5cc0e0561f70_0 .var "write_a", 7 0;
v0x5cc0e0562040_0 .var "write_address", 7 0;
v0x5cc0e0562110_0 .var "write_b", 7 0;
v0x5cc0e05621e0_0 .var "write_flags", 7 0;
v0x5cc0e05622b0_0 .var "write_ir", 15 0;
v0x5cc0e0562380_0 .var "write_pc", 7 0;
E_0x5cc0e0513c70 .event negedge, v0x5cc0e055f850_0;
S_0x5cc0e0522ef0 .scope autotask, "clear_context" "clear_context" 3 117, 3 117 0, S_0x5cc0e053de10;
 .timescale -9 -12;
v0x5cc0e0507950_0 .var "yara", 0 0;
TD_tb_ifa_yara_context_switch.clear_context ;
    %wait E_0x5cc0e0513c70;
    %pushi/vec4 0, 0, 2;
    %store/vec4 v0x5cc0e0561700_0, 0, 2;
    %pushi/vec4 1, 0, 1;
    %ix/getv 4, v0x5cc0e0507950_0;
    %store/vec4 v0x5cc0e0561700_0, 4, 1;
    %wait E_0x5cc0e0513c70;
    %pushi/vec4 0, 0, 2;
    %store/vec4 v0x5cc0e0561700_0, 0, 2;
    %delay 1000, 0;
    %vpi_call/w 3 129 "$display", "CLEARED YARA=%0d", v0x5cc0e0507950_0 {0 0 0};
    %end;
S_0x5cc0e055ec70 .scope module, "dut" "ifa_yara_context_bank" 3 36, 4 25 0, S_0x5cc0e053de10;
 .timescale 0 0;
    .port_info 0 /INPUT 1 "clk";
    .port_info 1 /INPUT 1 "rst";
    .port_info 2 /INPUT 1 "active_yara";
    .port_info 3 /INPUT 1 "context_write";
    .port_info 4 /INPUT 8 "write_pc";
    .port_info 5 /INPUT 16 "write_ir";
    .port_info 6 /INPUT 8 "write_a";
    .port_info 7 /INPUT 8 "write_b";
    .port_info 8 /INPUT 8 "write_address";
    .port_info 9 /INPUT 8 "write_flags";
    .port_info 10 /INPUT 2 "clear_yara";
    .port_info 11 /OUTPUT 8 "read_pc";
    .port_info 12 /OUTPUT 16 "read_ir";
    .port_info 13 /OUTPUT 8 "read_a";
    .port_info 14 /OUTPUT 8 "read_b";
    .port_info 15 /OUTPUT 8 "read_address";
    .port_info 16 /OUTPUT 8 "read_flags";
P_0x5cc0e055ee70 .param/l "IR_WIDTH" 0 4 27, +C4<00000000000000000000000000010000>;
P_0x5cc0e055eeb0 .param/l "MAX_YARA" 0 4 33, +C4<00000000000000000000000000000010>;
P_0x5cc0e055eef0 .param/l "WIDTH" 0 4 26, +C4<00000000000000000000000000001000>;
P_0x5cc0e055ef30 .param/l "YARA_COUNT" 0 4 30, +C4<00000000000000000000000000000010>;
P_0x5cc0e055ef70 .param/l "YARA_W" 0 4 35, +C4<00000000000000000000000000000001>;
v0x5cc0e0508b20 .array "a_mem", 1 0, 7 0;
v0x5cc0e0507270_0 .net "active_yara", 0 0, v0x5cc0e0561620_0;  1 drivers
v0x5cc0e0506510_0 .var "active_yara_valid", 0 0;
v0x5cc0e0506aa0 .array "address_mem", 1 0, 7 0;
v0x5cc0e055f600 .array "b_mem", 1 0, 7 0;
v0x5cc0e055f770_0 .net "clear_yara", 1 0, v0x5cc0e0561700_0;  1 drivers
v0x5cc0e055f850_0 .net "clk", 0 0, v0x5cc0e05617d0_0;  1 drivers
v0x5cc0e055f910_0 .var/i "context_index", 31 0;
v0x5cc0e055f9f0_0 .net "context_write", 0 0, v0x5cc0e05618d0_0;  1 drivers
v0x5cc0e055fab0 .array "flags_mem", 1 0, 7 0;
v0x5cc0e055fbd0 .array "ir_mem", 1 0, 15 0;
v0x5cc0e055fcf0 .array "pc_mem", 1 0, 7 0;
v0x5cc0e055fe10_0 .var "read_a", 7 0;
v0x5cc0e055fef0_0 .var "read_address", 7 0;
v0x5cc0e055ffd0_0 .var "read_b", 7 0;
v0x5cc0e05600b0_0 .var "read_flags", 7 0;
v0x5cc0e0560190_0 .var "read_ir", 15 0;
v0x5cc0e0560270_0 .var "read_pc", 7 0;
v0x5cc0e0560350_0 .net "rst", 0 0, v0x5cc0e0561ea0_0;  1 drivers
v0x5cc0e0560410_0 .net "write_a", 7 0, v0x5cc0e0561f70_0;  1 drivers
v0x5cc0e05604f0_0 .net "write_address", 7 0, v0x5cc0e0562040_0;  1 drivers
v0x5cc0e05605d0_0 .net "write_b", 7 0, v0x5cc0e0562110_0;  1 drivers
v0x5cc0e05606b0_0 .net "write_flags", 7 0, v0x5cc0e05621e0_0;  1 drivers
v0x5cc0e0560790_0 .net "write_ir", 15 0, v0x5cc0e05622b0_0;  1 drivers
v0x5cc0e0560870_0 .net "write_pc", 7 0, v0x5cc0e0562380_0;  1 drivers
v0x5cc0e055fcf0_0 .array/port v0x5cc0e055fcf0, 0;
v0x5cc0e055fcf0_1 .array/port v0x5cc0e055fcf0, 1;
E_0x5cc0e0514710/0 .event anyedge, v0x5cc0e0506510_0, v0x5cc0e0507270_0, v0x5cc0e055fcf0_0, v0x5cc0e055fcf0_1;
v0x5cc0e055fbd0_0 .array/port v0x5cc0e055fbd0, 0;
v0x5cc0e055fbd0_1 .array/port v0x5cc0e055fbd0, 1;
v0x5cc0e0508b20_0 .array/port v0x5cc0e0508b20, 0;
v0x5cc0e0508b20_1 .array/port v0x5cc0e0508b20, 1;
E_0x5cc0e0514710/1 .event anyedge, v0x5cc0e055fbd0_0, v0x5cc0e055fbd0_1, v0x5cc0e0508b20_0, v0x5cc0e0508b20_1;
v0x5cc0e055f600_0 .array/port v0x5cc0e055f600, 0;
v0x5cc0e055f600_1 .array/port v0x5cc0e055f600, 1;
v0x5cc0e0506aa0_0 .array/port v0x5cc0e0506aa0, 0;
v0x5cc0e0506aa0_1 .array/port v0x5cc0e0506aa0, 1;
E_0x5cc0e0514710/2 .event anyedge, v0x5cc0e055f600_0, v0x5cc0e055f600_1, v0x5cc0e0506aa0_0, v0x5cc0e0506aa0_1;
v0x5cc0e055fab0_0 .array/port v0x5cc0e055fab0, 0;
v0x5cc0e055fab0_1 .array/port v0x5cc0e055fab0, 1;
E_0x5cc0e0514710/3 .event anyedge, v0x5cc0e055fab0_0, v0x5cc0e055fab0_1;
E_0x5cc0e0514710 .event/or E_0x5cc0e0514710/0, E_0x5cc0e0514710/1, E_0x5cc0e0514710/2, E_0x5cc0e0514710/3;
E_0x5cc0e05131d0 .event posedge, v0x5cc0e055f850_0;
E_0x5cc0e0512c60 .event anyedge, v0x5cc0e0507270_0;
S_0x5cc0e0560b70 .scope autotask, "select_context" "select_context" 3 97, 3 97 0, S_0x5cc0e053de10;
 .timescale -9 -12;
v0x5cc0e0560d00_0 .var "yara", 0 0;
TD_tb_ifa_yara_context_switch.select_context ;
    %wait E_0x5cc0e0513c70;
    %load/vec4 v0x5cc0e0560d00_0;
    %store/vec4 v0x5cc0e0561620_0, 0, 1;
    %delay 1000, 0;
    %vpi_call/w 3 104 "$display", "READ  YARA=%0d PC=%02h IR=%04h A=%02h B=%02h ADDR=%02h FLAGS=%02h", v0x5cc0e0560d00_0, v0x5cc0e0561dd0_0, v0x5cc0e0561d00_0, v0x5cc0e05619a0_0, v0x5cc0e0561b60_0, v0x5cc0e0561a90_0, v0x5cc0e0561c30_0 {0 0 0};
    %end;
S_0x5cc0e0560dc0 .scope autotask, "write_context" "write_context" 3 62, 3 62 0, S_0x5cc0e053de10;
 .timescale -9 -12;
v0x5cc0e0560fa0_0 .var "a", 7 0;
v0x5cc0e05610a0_0 .var "address", 7 0;
v0x5cc0e0561180_0 .var "b", 7 0;
v0x5cc0e0561270_0 .var "flags", 7 0;
v0x5cc0e0561350_0 .var "ir", 15 0;
v0x5cc0e0561480_0 .var "pc", 7 0;
v0x5cc0e0561560_0 .var "yara", 0 0;
TD_tb_ifa_yara_context_switch.write_context ;
    %wait E_0x5cc0e0513c70;
    %load/vec4 v0x5cc0e0561560_0;
    %store/vec4 v0x5cc0e0561620_0, 0, 1;
    %load/vec4 v0x5cc0e0561480_0;
    %store/vec4 v0x5cc0e0562380_0, 0, 8;
    %load/vec4 v0x5cc0e0561350_0;
    %store/vec4 v0x5cc0e05622b0_0, 0, 16;
    %load/vec4 v0x5cc0e0560fa0_0;
    %store/vec4 v0x5cc0e0561f70_0, 0, 8;
    %load/vec4 v0x5cc0e0561180_0;
    %store/vec4 v0x5cc0e0562110_0, 0, 8;
    %load/vec4 v0x5cc0e05610a0_0;
    %store/vec4 v0x5cc0e0562040_0, 0, 8;
    %load/vec4 v0x5cc0e0561270_0;
    %store/vec4 v0x5cc0e05621e0_0, 0, 8;
    %pushi/vec4 1, 0, 1;
    %store/vec4 v0x5cc0e05618d0_0, 0, 1;
    %wait E_0x5cc0e0513c70;
    %pushi/vec4 0, 0, 1;
    %store/vec4 v0x5cc0e05618d0_0, 0, 1;
    %delay 1000, 0;
    %vpi_call/w 3 90 "$display", "WRITE YARA=%0d PC=%02h IR=%04h A=%02h B=%02h ADDR=%02h FLAGS=%02h", v0x5cc0e0561560_0, v0x5cc0e0561480_0, v0x5cc0e0561350_0, v0x5cc0e0560fa0_0, v0x5cc0e0561180_0, v0x5cc0e05610a0_0, v0x5cc0e0561270_0 {0 0 0};
    %end;
    .scope S_0x5cc0e055ec70;
T_3 ;
    %end;
    .thread T_3;
    .scope S_0x5cc0e055ec70;
T_4 ;
Ewait_0 .event/or E_0x5cc0e0512c60, E_0x0;
    %wait Ewait_0;
    %load/vec4 v0x5cc0e0507270_0;
    %pad/u 32;
    %cmpi/u 2, 0, 32;
    %flag_get/vec4 5;
    %store/vec4 v0x5cc0e0506510_0, 0, 1;
    %jmp T_4;
    .thread T_4, $push;
    .scope S_0x5cc0e055ec70;
T_5 ;
    %wait E_0x5cc0e05131d0;
    %load/vec4 v0x5cc0e0560350_0;
    %flag_set/vec4 8;
    %jmp/0xz  T_5.0, 8;
    %pushi/vec4 0, 0, 32;
    %store/vec4 v0x5cc0e055f910_0, 0, 32;
T_5.2 ;
    %load/vec4 v0x5cc0e055f910_0;
    %cmpi/s 2, 0, 32;
    %jmp/0xz T_5.3, 5;
    %pushi/vec4 0, 0, 8;
    %ix/getv/s 3, v0x5cc0e055f910_0;
    %ix/load 4, 0, 0; Constant delay
    %assign/vec4/a/d v0x5cc0e055fcf0, 0, 4;
    %pushi/vec4 0, 0, 16;
    %ix/getv/s 3, v0x5cc0e055f910_0;
    %ix/load 4, 0, 0; Constant delay
    %assign/vec4/a/d v0x5cc0e055fbd0, 0, 4;
    %pushi/vec4 0, 0, 8;
    %ix/getv/s 3, v0x5cc0e055f910_0;
    %ix/load 4, 0, 0; Constant delay
    %assign/vec4/a/d v0x5cc0e0508b20, 0, 4;
    %pushi/vec4 0, 0, 8;
    %ix/getv/s 3, v0x5cc0e055f910_0;
    %ix/load 4, 0, 0; Constant delay
    %assign/vec4/a/d v0x5cc0e055f600, 0, 4;
    %pushi/vec4 0, 0, 8;
    %ix/getv/s 3, v0x5cc0e055f910_0;
    %ix/load 4, 0, 0; Constant delay
    %assign/vec4/a/d v0x5cc0e0506aa0, 0, 4;
    %pushi/vec4 0, 0, 8;
    %ix/getv/s 3, v0x5cc0e055f910_0;
    %ix/load 4, 0, 0; Constant delay
    %assign/vec4/a/d v0x5cc0e055fab0, 0, 4;
    %load/vec4 v0x5cc0e055f910_0;
    %addi 1, 0, 32;
    %store/vec4 v0x5cc0e055f910_0, 0, 32;
    %jmp T_5.2;
T_5.3 ;
    %jmp T_5.1;
T_5.0 ;
    %pushi/vec4 0, 0, 32;
    %store/vec4 v0x5cc0e055f910_0, 0, 32;
T_5.4 ;
    %load/vec4 v0x5cc0e055f910_0;
    %cmpi/s 2, 0, 32;
    %jmp/0xz T_5.5, 5;
    %load/vec4 v0x5cc0e055f770_0;
    %load/vec4 v0x5cc0e055f910_0;
    %part/s 1;
    %flag_set/vec4 8;
    %jmp/0xz  T_5.6, 8;
    %pushi/vec4 0, 0, 8;
    %ix/getv/s 3, v0x5cc0e055f910_0;
    %ix/load 4, 0, 0; Constant delay
    %assign/vec4/a/d v0x5cc0e055fcf0, 0, 4;
    %pushi/vec4 0, 0, 16;
    %ix/getv/s 3, v0x5cc0e055f910_0;
    %ix/load 4, 0, 0; Constant delay
    %assign/vec4/a/d v0x5cc0e055fbd0, 0, 4;
    %pushi/vec4 0, 0, 8;
    %ix/getv/s 3, v0x5cc0e055f910_0;
    %ix/load 4, 0, 0; Constant delay
    %assign/vec4/a/d v0x5cc0e0508b20, 0, 4;
    %pushi/vec4 0, 0, 8;
    %ix/getv/s 3, v0x5cc0e055f910_0;
    %ix/load 4, 0, 0; Constant delay
    %assign/vec4/a/d v0x5cc0e055f600, 0, 4;
    %pushi/vec4 0, 0, 8;
    %ix/getv/s 3, v0x5cc0e055f910_0;
    %ix/load 4, 0, 0; Constant delay
    %assign/vec4/a/d v0x5cc0e0506aa0, 0, 4;
    %pushi/vec4 0, 0, 8;
    %ix/getv/s 3, v0x5cc0e055f910_0;
    %ix/load 4, 0, 0; Constant delay
    %assign/vec4/a/d v0x5cc0e055fab0, 0, 4;
T_5.6 ;
    %load/vec4 v0x5cc0e055f910_0;
    %addi 1, 0, 32;
    %store/vec4 v0x5cc0e055f910_0, 0, 32;
    %jmp T_5.4;
T_5.5 ;
    %load/vec4 v0x5cc0e055f9f0_0;
    %flag_set/vec4 10;
    %flag_get/vec4 10;
    %jmp/0 T_5.11, 10;
    %load/vec4 v0x5cc0e0506510_0;
    %and;
T_5.11;
    %flag_set/vec4 9;
    %flag_get/vec4 9;
    %jmp/0 T_5.10, 9;
    %load/vec4 v0x5cc0e055f770_0;
    %load/vec4 v0x5cc0e0507270_0;
    %part/u 1;
    %nor/r;
    %and;
T_5.10;
    %flag_set/vec4 8;
    %jmp/0xz  T_5.8, 8;
    %load/vec4 v0x5cc0e0560870_0;
    %load/vec4 v0x5cc0e0507270_0;
    %pad/u 3;
    %ix/vec4 3;
    %ix/load 4, 0, 0; Constant delay
    %assign/vec4/a/d v0x5cc0e055fcf0, 0, 4;
    %load/vec4 v0x5cc0e0560790_0;
    %load/vec4 v0x5cc0e0507270_0;
    %pad/u 3;
    %ix/vec4 3;
    %ix/load 4, 0, 0; Constant delay
    %assign/vec4/a/d v0x5cc0e055fbd0, 0, 4;
    %load/vec4 v0x5cc0e0560410_0;
    %load/vec4 v0x5cc0e0507270_0;
    %pad/u 3;
    %ix/vec4 3;
    %ix/load 4, 0, 0; Constant delay
    %assign/vec4/a/d v0x5cc0e0508b20, 0, 4;
    %load/vec4 v0x5cc0e05605d0_0;
    %load/vec4 v0x5cc0e0507270_0;
    %pad/u 3;
    %ix/vec4 3;
    %ix/load 4, 0, 0; Constant delay
    %assign/vec4/a/d v0x5cc0e055f600, 0, 4;
    %load/vec4 v0x5cc0e05604f0_0;
    %load/vec4 v0x5cc0e0507270_0;
    %pad/u 3;
    %ix/vec4 3;
    %ix/load 4, 0, 0; Constant delay
    %assign/vec4/a/d v0x5cc0e0506aa0, 0, 4;
    %load/vec4 v0x5cc0e05606b0_0;
    %load/vec4 v0x5cc0e0507270_0;
    %pad/u 3;
    %ix/vec4 3;
    %ix/load 4, 0, 0; Constant delay
    %assign/vec4/a/d v0x5cc0e055fab0, 0, 4;
T_5.8 ;
T_5.1 ;
    %jmp T_5;
    .thread T_5;
    .scope S_0x5cc0e055ec70;
T_6 ;
Ewait_1 .event/or E_0x5cc0e0514710, E_0x0;
    %wait Ewait_1;
    %pushi/vec4 0, 0, 8;
    %store/vec4 v0x5cc0e0560270_0, 0, 8;
    %pushi/vec4 0, 0, 16;
    %store/vec4 v0x5cc0e0560190_0, 0, 16;
    %pushi/vec4 0, 0, 8;
    %store/vec4 v0x5cc0e055fe10_0, 0, 8;
    %pushi/vec4 0, 0, 8;
    %store/vec4 v0x5cc0e055ffd0_0, 0, 8;
    %pushi/vec4 0, 0, 8;
    %store/vec4 v0x5cc0e055fef0_0, 0, 8;
    %pushi/vec4 0, 0, 8;
    %store/vec4 v0x5cc0e05600b0_0, 0, 8;
    %load/vec4 v0x5cc0e0506510_0;
    %flag_set/vec4 8;
    %jmp/0xz  T_6.0, 8;
    %load/vec4 v0x5cc0e0507270_0;
    %pad/u 3;
    %ix/vec4 4;
    %load/vec4a v0x5cc0e055fcf0, 4;
    %store/vec4 v0x5cc0e0560270_0, 0, 8;
    %load/vec4 v0x5cc0e0507270_0;
    %pad/u 3;
    %ix/vec4 4;
    %load/vec4a v0x5cc0e055fbd0, 4;
    %store/vec4 v0x5cc0e0560190_0, 0, 16;
    %load/vec4 v0x5cc0e0507270_0;
    %pad/u 3;
    %ix/vec4 4;
    %load/vec4a v0x5cc0e0508b20, 4;
    %store/vec4 v0x5cc0e055fe10_0, 0, 8;
    %load/vec4 v0x5cc0e0507270_0;
    %pad/u 3;
    %ix/vec4 4;
    %load/vec4a v0x5cc0e055f600, 4;
    %store/vec4 v0x5cc0e055ffd0_0, 0, 8;
    %load/vec4 v0x5cc0e0507270_0;
    %pad/u 3;
    %ix/vec4 4;
    %load/vec4a v0x5cc0e0506aa0, 4;
    %store/vec4 v0x5cc0e055fef0_0, 0, 8;
    %load/vec4 v0x5cc0e0507270_0;
    %pad/u 3;
    %ix/vec4 4;
    %load/vec4a v0x5cc0e055fab0, 4;
    %store/vec4 v0x5cc0e05600b0_0, 0, 8;
T_6.0 ;
    %jmp T_6;
    .thread T_6, $push;
    .scope S_0x5cc0e053de10;
T_7 ;
    %delay 5000, 0;
    %load/vec4 v0x5cc0e05617d0_0;
    %inv;
    %store/vec4 v0x5cc0e05617d0_0, 0, 1;
    %jmp T_7;
    .thread T_7;
    .scope S_0x5cc0e053de10;
T_8 ;
    %vpi_call/w 3 134 "$dumpfile", "sim/v4/ifa_yara_context_switch.vcd" {0 0 0};
    %vpi_call/w 3 135 "$dumpvars", 32'sb00000000000000000000000000000000, S_0x5cc0e053de10 {0 0 0};
    %pushi/vec4 0, 0, 1;
    %store/vec4 v0x5cc0e05617d0_0, 0, 1;
    %pushi/vec4 1, 0, 1;
    %store/vec4 v0x5cc0e0561ea0_0, 0, 1;
    %pushi/vec4 0, 0, 1;
    %store/vec4 v0x5cc0e0561620_0, 0, 1;
    %pushi/vec4 0, 0, 1;
    %store/vec4 v0x5cc0e05618d0_0, 0, 1;
    %pushi/vec4 0, 0, 8;
    %store/vec4 v0x5cc0e0562380_0, 0, 8;
    %pushi/vec4 0, 0, 16;
    %store/vec4 v0x5cc0e05622b0_0, 0, 16;
    %pushi/vec4 0, 0, 8;
    %store/vec4 v0x5cc0e0561f70_0, 0, 8;
    %pushi/vec4 0, 0, 8;
    %store/vec4 v0x5cc0e0562110_0, 0, 8;
    %pushi/vec4 0, 0, 8;
    %store/vec4 v0x5cc0e0562040_0, 0, 8;
    %pushi/vec4 0, 0, 8;
    %store/vec4 v0x5cc0e05621e0_0, 0, 8;
    %pushi/vec4 0, 0, 2;
    %store/vec4 v0x5cc0e0561700_0, 0, 2;
    %pushi/vec4 3, 0, 32;
T_8.0 %dup/vec4;
    %pushi/vec4 0, 0, 32;
    %cmp/s;
    %jmp/1xz T_8.1, 5;
    %jmp/1 T_8.1, 4;
    %pushi/vec4 1, 0, 32;
    %sub;
    %wait E_0x5cc0e0513c70;
    %jmp T_8.0;
T_8.1 ;
    %pop/vec4 1;
    %pushi/vec4 0, 0, 1;
    %store/vec4 v0x5cc0e0561ea0_0, 0, 1;
    %vpi_call/w 3 155 "$display", "============================================================" {0 0 0};
    %vpi_call/w 3 156 "$display", "IF\303\201 V4 Y\303\200R\303\201 CONTEXT-SWITCH TEST" {0 0 0};
    %vpi_call/w 3 157 "$display", "============================================================" {0 0 0};
    %alloc S_0x5cc0e0560dc0;
    %pushi/vec4 0, 0, 1;
    %store/vec4 v0x5cc0e0561560_0, 0, 1;
    %pushi/vec4 18, 0, 8;
    %store/vec4 v0x5cc0e0561480_0, 0, 8;
    %pushi/vec4 41216, 0, 16;
    %store/vec4 v0x5cc0e0561350_0, 0, 16;
    %pushi/vec4 13, 0, 8;
    %store/vec4 v0x5cc0e0560fa0_0, 0, 8;
    %pushi/vec4 6, 0, 8;
    %store/vec4 v0x5cc0e0561180_0, 0, 8;
    %pushi/vec4 32, 0, 8;
    %store/vec4 v0x5cc0e05610a0_0, 0, 8;
    %pushi/vec4 5, 0, 8;
    %store/vec4 v0x5cc0e0561270_0, 0, 8;
    %fork TD_tb_ifa_yara_context_switch.write_context, S_0x5cc0e0560dc0;
    %join;
    %free S_0x5cc0e0560dc0;
    %alloc S_0x5cc0e0560dc0;
    %pushi/vec4 1, 0, 1;
    %store/vec4 v0x5cc0e0561560_0, 0, 1;
    %pushi/vec4 68, 0, 8;
    %store/vec4 v0x5cc0e0561480_0, 0, 8;
    %pushi/vec4 45568, 0, 16;
    %store/vec4 v0x5cc0e0561350_0, 0, 16;
    %pushi/vec4 33, 0, 8;
    %store/vec4 v0x5cc0e0560fa0_0, 0, 8;
    %pushi/vec4 66, 0, 8;
    %store/vec4 v0x5cc0e0561180_0, 0, 8;
    %pushi/vec4 128, 0, 8;
    %store/vec4 v0x5cc0e05610a0_0, 0, 8;
    %pushi/vec4 160, 0, 8;
    %store/vec4 v0x5cc0e0561270_0, 0, 8;
    %fork TD_tb_ifa_yara_context_switch.write_context, S_0x5cc0e0560dc0;
    %join;
    %free S_0x5cc0e0560dc0;
    %alloc S_0x5cc0e0560b70;
    %pushi/vec4 0, 0, 1;
    %store/vec4 v0x5cc0e0560d00_0, 0, 1;
    %fork TD_tb_ifa_yara_context_switch.select_context, S_0x5cc0e0560b70;
    %join;
    %free S_0x5cc0e0560b70;
    %load/vec4 v0x5cc0e0561dd0_0;
    %cmpi/ne 18, 0, 8;
    %jmp/1 T_8.8, 6;
    %flag_mov 8, 6;
    %load/vec4 v0x5cc0e0561d00_0;
    %cmpi/ne 41216, 0, 16;
    %flag_or 6, 8;
T_8.8;
    %jmp/1 T_8.7, 6;
    %flag_mov 8, 6;
    %load/vec4 v0x5cc0e05619a0_0;
    %cmpi/ne 13, 0, 8;
    %flag_or 6, 8;
T_8.7;
    %jmp/1 T_8.6, 6;
    %flag_mov 8, 6;
    %load/vec4 v0x5cc0e0561b60_0;
    %cmpi/ne 6, 0, 8;
    %flag_or 6, 8;
T_8.6;
    %jmp/1 T_8.5, 6;
    %flag_mov 8, 6;
    %load/vec4 v0x5cc0e0561a90_0;
    %cmpi/ne 32, 0, 8;
    %flag_or 6, 8;
T_8.5;
    %jmp/1 T_8.4, 6;
    %flag_mov 8, 6;
    %load/vec4 v0x5cc0e0561c30_0;
    %cmpi/ne 5, 0, 8;
    %flag_or 6, 8;
T_8.4;
    %jmp/0xz  T_8.2, 6;
    %vpi_call/w 3 192 "$fatal", 32'sb00000000000000000000000000000001, "YARA 0 context restore failed" {0 0 0};
T_8.2 ;
    %alloc S_0x5cc0e0560b70;
    %pushi/vec4 1, 0, 1;
    %store/vec4 v0x5cc0e0560d00_0, 0, 1;
    %fork TD_tb_ifa_yara_context_switch.select_context, S_0x5cc0e0560b70;
    %join;
    %free S_0x5cc0e0560b70;
    %load/vec4 v0x5cc0e0561dd0_0;
    %cmpi/ne 68, 0, 8;
    %jmp/1 T_8.15, 6;
    %flag_mov 8, 6;
    %load/vec4 v0x5cc0e0561d00_0;
    %cmpi/ne 45568, 0, 16;
    %flag_or 6, 8;
T_8.15;
    %jmp/1 T_8.14, 6;
    %flag_mov 8, 6;
    %load/vec4 v0x5cc0e05619a0_0;
    %cmpi/ne 33, 0, 8;
    %flag_or 6, 8;
T_8.14;
    %jmp/1 T_8.13, 6;
    %flag_mov 8, 6;
    %load/vec4 v0x5cc0e0561b60_0;
    %cmpi/ne 66, 0, 8;
    %flag_or 6, 8;
T_8.13;
    %jmp/1 T_8.12, 6;
    %flag_mov 8, 6;
    %load/vec4 v0x5cc0e0561a90_0;
    %cmpi/ne 128, 0, 8;
    %flag_or 6, 8;
T_8.12;
    %jmp/1 T_8.11, 6;
    %flag_mov 8, 6;
    %load/vec4 v0x5cc0e0561c30_0;
    %cmpi/ne 160, 0, 8;
    %flag_or 6, 8;
T_8.11;
    %jmp/0xz  T_8.9, 6;
    %vpi_call/w 3 205 "$fatal", 32'sb00000000000000000000000000000001, "YARA 1 context restore failed" {0 0 0};
T_8.9 ;
    %alloc S_0x5cc0e0522ef0;
    %pushi/vec4 0, 0, 1;
    %store/vec4 v0x5cc0e0507950_0, 0, 1;
    %fork TD_tb_ifa_yara_context_switch.clear_context, S_0x5cc0e0522ef0;
    %join;
    %free S_0x5cc0e0522ef0;
    %alloc S_0x5cc0e0560b70;
    %pushi/vec4 0, 0, 1;
    %store/vec4 v0x5cc0e0560d00_0, 0, 1;
    %fork TD_tb_ifa_yara_context_switch.select_context, S_0x5cc0e0560b70;
    %join;
    %free S_0x5cc0e0560b70;
    %load/vec4 v0x5cc0e0561dd0_0;
    %pad/u 32;
    %cmpi/ne 0, 0, 32;
    %jmp/1 T_8.22, 6;
    %flag_mov 8, 6;
    %load/vec4 v0x5cc0e0561d00_0;
    %pad/u 32;
    %cmpi/ne 0, 0, 32;
    %flag_or 6, 8;
T_8.22;
    %jmp/1 T_8.21, 6;
    %flag_mov 8, 6;
    %load/vec4 v0x5cc0e05619a0_0;
    %pad/u 32;
    %cmpi/ne 0, 0, 32;
    %flag_or 6, 8;
T_8.21;
    %jmp/1 T_8.20, 6;
    %flag_mov 8, 6;
    %load/vec4 v0x5cc0e0561b60_0;
    %pad/u 32;
    %cmpi/ne 0, 0, 32;
    %flag_or 6, 8;
T_8.20;
    %jmp/1 T_8.19, 6;
    %flag_mov 8, 6;
    %load/vec4 v0x5cc0e0561a90_0;
    %pad/u 32;
    %cmpi/ne 0, 0, 32;
    %flag_or 6, 8;
T_8.19;
    %jmp/1 T_8.18, 6;
    %flag_mov 8, 6;
    %load/vec4 v0x5cc0e0561c30_0;
    %pad/u 32;
    %cmpi/ne 0, 0, 32;
    %flag_or 6, 8;
T_8.18;
    %jmp/0xz  T_8.16, 6;
    %vpi_call/w 3 220 "$fatal", 32'sb00000000000000000000000000000001, "YARA 0 context did not clear" {0 0 0};
T_8.16 ;
    %alloc S_0x5cc0e0560b70;
    %pushi/vec4 1, 0, 1;
    %store/vec4 v0x5cc0e0560d00_0, 0, 1;
    %fork TD_tb_ifa_yara_context_switch.select_context, S_0x5cc0e0560b70;
    %join;
    %free S_0x5cc0e0560b70;
    %load/vec4 v0x5cc0e0561dd0_0;
    %cmpi/ne 68, 0, 8;
    %jmp/1 T_8.29, 6;
    %flag_mov 8, 6;
    %load/vec4 v0x5cc0e0561d00_0;
    %cmpi/ne 45568, 0, 16;
    %flag_or 6, 8;
T_8.29;
    %jmp/1 T_8.28, 6;
    %flag_mov 8, 6;
    %load/vec4 v0x5cc0e05619a0_0;
    %cmpi/ne 33, 0, 8;
    %flag_or 6, 8;
T_8.28;
    %jmp/1 T_8.27, 6;
    %flag_mov 8, 6;
    %load/vec4 v0x5cc0e0561b60_0;
    %cmpi/ne 66, 0, 8;
    %flag_or 6, 8;
T_8.27;
    %jmp/1 T_8.26, 6;
    %flag_mov 8, 6;
    %load/vec4 v0x5cc0e0561a90_0;
    %cmpi/ne 128, 0, 8;
    %flag_or 6, 8;
T_8.26;
    %jmp/1 T_8.25, 6;
    %flag_mov 8, 6;
    %load/vec4 v0x5cc0e0561c30_0;
    %cmpi/ne 160, 0, 8;
    %flag_or 6, 8;
T_8.25;
    %jmp/0xz  T_8.23, 6;
    %vpi_call/w 3 233 "$fatal", 32'sb00000000000000000000000000000001, "YARA 1 was corrupted by YARA 0 clear" {0 0 0};
T_8.23 ;
    %vpi_call/w 3 235 "$display", "============================================================" {0 0 0};
    %vpi_call/w 3 236 "$display", "PASS: Each Y\303\200R\303\201 preserves independent processor state" {0 0 0};
    %vpi_call/w 3 237 "$display", "PASS: On\303\255l\341\272\271\314\200 can switch and restore contexts" {0 0 0};
    %vpi_call/w 3 238 "$display", "PASS: Local context clear does not affect another Y\303\200R\303\201" {0 0 0};
    %vpi_call/w 3 239 "$display", "============================================================" {0 0 0};
    %vpi_call/w 3 241 "$finish" {0 0 0};
    %end;
    .thread T_8;
# The file index is used to find the file name in the following table.
:file_names 5;
    "N/A";
    "<interactive>";
    "-";
    "tb/v4/tb_ifa_yara_context_switch.sv";
    "rtl/v4/ifa_yara_context_bank.sv";
