#! /usr/bin/vvp
:ivl_version "12.0 (stable)";
:ivl_delay_selection "TYPICAL";
:vpi_time_precision - 12;
:vpi_module "/usr/lib/x86_64-linux-gnu/ivl/system.vpi";
:vpi_module "/usr/lib/x86_64-linux-gnu/ivl/vhdl_sys.vpi";
:vpi_module "/usr/lib/x86_64-linux-gnu/ivl/vhdl_textio.vpi";
:vpi_module "/usr/lib/x86_64-linux-gnu/ivl/v2005_math.vpi";
:vpi_module "/usr/lib/x86_64-linux-gnu/ivl/va_math.vpi";
:vpi_module "/usr/lib/x86_64-linux-gnu/ivl/v2009.vpi";
S_0x562cf7d03060 .scope package, "$unit" "$unit" 2 1;
 .timescale 0 0;
S_0x562cf7d031f0 .scope module, "tb_ifa_general_memory_guard" "tb_ifa_general_memory_guard" 3 3;
 .timescale -9 -12;
P_0x562cf7d15430 .param/l "ADDR_W" 1 3 6, +C4<00000000000000000000000000000100>;
P_0x562cf7d15470 .param/l "WIDTH" 1 3 5, +C4<00000000000000000000000000001000>;
P_0x562cf7d154b0 .param/l "YARA_COUNT" 1 3 7, +C4<00000000000000000000000000000010>;
P_0x562cf7d154f0 .param/l "YARA_W" 1 3 8, +C4<00000000000000000000000000000001>;
v0x562cf7d59ad0_0 .net "active_read_permission", 0 0, v0x562cf7ce1560_0;  1 drivers
v0x562cf7d59b90_0 .net "active_write_permission", 0 0, v0x562cf7ce1e40_0;  1 drivers
v0x562cf7d59c30_0 .var "active_yara", 0 0;
v0x562cf7d59cd0_0 .net "address_owned", 0 0, v0x562cf7ce2d00_0;  1 drivers
v0x562cf7d59d70_0 .net "address_owner", 0 0, v0x562cf7ce1ab0_0;  1 drivers
v0x562cf7d59e60_0 .var "admin_address", 3 0;
v0x562cf7d59f00_0 .var "admin_yara", 0 0;
v0x562cf7d59fd0_0 .var "babalawo_mode", 0 0;
v0x562cf7d5a0a0_0 .var "clk", 0 0;
v0x562cf7d5a200_0 .net "denied_count", 31 0, v0x562cf7d561f0_0;  1 drivers
v0x562cf7d5a2d0_0 .var "grant_read_valid", 0 0;
v0x562cf7d5a3a0_0 .var "grant_write_valid", 0 0;
v0x562cf7d5a470_0 .var "mem_address", 3 0;
v0x562cf7d5a540_0 .net "mem_allowed", 0 0, v0x562cf7d566b0_0;  1 drivers
v0x562cf7d5a610_0 .net "mem_denied", 0 0, v0x562cf7d56770_0;  1 drivers
v0x562cf7d5a6e0_0 .net "mem_read_data", 7 0, v0x562cf7d56830_0;  1 drivers
v0x562cf7d5a7b0_0 .var "mem_request", 0 0;
v0x562cf7d5a990_0 .var "mem_write", 0 0;
v0x562cf7d5aa60_0 .var "mem_write_data", 7 0;
v0x562cf7d5ab30_0 .net "read_count", 31 0, v0x562cf7d57220_0;  1 drivers
v0x562cf7d5ac00_0 .var "revoke_read_valid", 0 0;
v0x562cf7d5acd0_0 .var "revoke_write_valid", 0 0;
v0x562cf7d5ada0_0 .var "rst", 0 0;
v0x562cf7d5ae70_0 .net "write_count", 31 0, v0x562cf7d57eb0_0;  1 drivers
E_0x562cf7cea210 .event negedge, v0x562cf7d56130_0;
S_0x562cf7cb0490 .scope module, "dut" "ifa_general_memory_guard" 3 47, 4 23 0, S_0x562cf7d031f0;
 .timescale 0 0;
    .port_info 0 /INPUT 1 "clk";
    .port_info 1 /INPUT 1 "rst";
    .port_info 2 /INPUT 1 "active_yara";
    .port_info 3 /INPUT 1 "mem_request";
    .port_info 4 /INPUT 1 "mem_write";
    .port_info 5 /INPUT 4 "mem_address";
    .port_info 6 /INPUT 8 "mem_write_data";
    .port_info 7 /OUTPUT 8 "mem_read_data";
    .port_info 8 /OUTPUT 1 "mem_allowed";
    .port_info 9 /OUTPUT 1 "mem_denied";
    .port_info 10 /INPUT 1 "babalawo_mode";
    .port_info 11 /INPUT 1 "grant_read_valid";
    .port_info 12 /INPUT 1 "grant_write_valid";
    .port_info 13 /INPUT 1 "revoke_read_valid";
    .port_info 14 /INPUT 1 "revoke_write_valid";
    .port_info 15 /INPUT 4 "admin_address";
    .port_info 16 /INPUT 1 "admin_yara";
    .port_info 17 /OUTPUT 1 "address_owned";
    .port_info 18 /OUTPUT 1 "address_owner";
    .port_info 19 /OUTPUT 1 "active_read_permission";
    .port_info 20 /OUTPUT 1 "active_write_permission";
    .port_info 21 /OUTPUT 32 "read_count";
    .port_info 22 /OUTPUT 32 "write_count";
    .port_info 23 /OUTPUT 32 "denied_count";
P_0x562cf7cb0670 .param/l "ADDR_W" 0 4 25, +C4<00000000000000000000000000000100>;
P_0x562cf7cb06b0 .param/l "DEPTH" 0 4 36, +C4<00000000000000000000000000010000>;
P_0x562cf7cb06f0 .param/l "MAX_YARA" 0 4 31, +C4<00000000000000000000000000000010>;
P_0x562cf7cb0730 .param/l "WIDTH" 0 4 24, +C4<00000000000000000000000000001000>;
P_0x562cf7cb0770 .param/l "YARA_COUNT" 0 4 28, +C4<00000000000000000000000000000010>;
P_0x562cf7cb07b0 .param/l "YARA_W" 0 4 33, +C4<00000000000000000000000000000001>;
v0x562cf7ce1560_0 .var "active_read_permission", 0 0;
v0x562cf7ce1e40_0 .var "active_write_permission", 0 0;
v0x562cf7ce6810_0 .net "active_yara", 0 0, v0x562cf7d59c30_0;  1 drivers
v0x562cf7ce54c0_0 .var "active_yara_valid", 0 0;
v0x562cf7ce3f00_0 .var/i "address_index", 31 0;
v0x562cf7ce2d00_0 .var "address_owned", 0 0;
v0x562cf7ce1ab0_0 .var "address_owner", 0 0;
v0x562cf7d55df0_0 .net "admin_address", 3 0, v0x562cf7d59e60_0;  1 drivers
v0x562cf7d55ed0_0 .net "admin_yara", 0 0, v0x562cf7d59f00_0;  1 drivers
v0x562cf7d55fb0_0 .var "admin_yara_valid", 0 0;
v0x562cf7d56070_0 .net "babalawo_mode", 0 0, v0x562cf7d59fd0_0;  1 drivers
v0x562cf7d56130_0 .net "clk", 0 0, v0x562cf7d5a0a0_0;  1 drivers
v0x562cf7d561f0_0 .var "denied_count", 31 0;
v0x562cf7d562d0_0 .var "grant_read_accepted", 0 0;
v0x562cf7d56390_0 .net "grant_read_valid", 0 0, v0x562cf7d5a2d0_0;  1 drivers
v0x562cf7d56450_0 .var "grant_write_accepted", 0 0;
v0x562cf7d56510_0 .net "grant_write_valid", 0 0, v0x562cf7d5a3a0_0;  1 drivers
v0x562cf7d565d0_0 .net "mem_address", 3 0, v0x562cf7d5a470_0;  1 drivers
v0x562cf7d566b0_0 .var "mem_allowed", 0 0;
v0x562cf7d56770_0 .var "mem_denied", 0 0;
v0x562cf7d56830_0 .var "mem_read_data", 7 0;
v0x562cf7d56910_0 .net "mem_request", 0 0, v0x562cf7d5a7b0_0;  1 drivers
v0x562cf7d569d0_0 .net "mem_write", 0 0, v0x562cf7d5a990_0;  1 drivers
v0x562cf7d56a90_0 .net "mem_write_data", 7 0, v0x562cf7d5aa60_0;  1 drivers
v0x562cf7d56b70 .array "memory", 15 0, 7 0;
v0x562cf7d56c30 .array "owner", 15 0, 0 0;
v0x562cf7d56ef0 .array "owner_valid", 15 0, 0 0;
v0x562cf7d57220_0 .var "read_count", 31 0;
v0x562cf7d57300 .array "read_permission", 31 0, 0 0;
v0x562cf7d578b0_0 .var "request_can_read", 0 0;
v0x562cf7d57970_0 .var "request_can_write", 0 0;
v0x562cf7d57a30_0 .var "request_is_owner", 0 0;
v0x562cf7d57af0_0 .var "revoke_read_accepted", 0 0;
v0x562cf7d57bb0_0 .net "revoke_read_valid", 0 0, v0x562cf7d5ac00_0;  1 drivers
v0x562cf7d57c70_0 .var "revoke_write_accepted", 0 0;
v0x562cf7d57d30_0 .net "revoke_write_valid", 0 0, v0x562cf7d5acd0_0;  1 drivers
v0x562cf7d57df0_0 .net "rst", 0 0, v0x562cf7d5ada0_0;  1 drivers
v0x562cf7d57eb0_0 .var "write_count", 31 0;
v0x562cf7d57f90 .array "write_permission", 31 0, 0 0;
v0x562cf7d58430_0 .var/i "yara_index", 31 0;
E_0x562cf7cef200 .event posedge, v0x562cf7d56130_0;
E_0x562cf7cf3320/0 .event anyedge, v0x562cf7d56070_0, v0x562cf7d56390_0, v0x562cf7d55fb0_0, v0x562cf7d56510_0;
E_0x562cf7cf3320/1 .event anyedge, v0x562cf7d57bb0_0, v0x562cf7d57d30_0;
E_0x562cf7cf3320 .event/or E_0x562cf7cf3320/0, E_0x562cf7cf3320/1;
v0x562cf7d56ef0_0 .array/port v0x562cf7d56ef0, 0;
v0x562cf7d56ef0_1 .array/port v0x562cf7d56ef0, 1;
v0x562cf7d56ef0_2 .array/port v0x562cf7d56ef0, 2;
E_0x562cf7cea1d0/0 .event anyedge, v0x562cf7d565d0_0, v0x562cf7d56ef0_0, v0x562cf7d56ef0_1, v0x562cf7d56ef0_2;
v0x562cf7d56ef0_3 .array/port v0x562cf7d56ef0, 3;
v0x562cf7d56ef0_4 .array/port v0x562cf7d56ef0, 4;
v0x562cf7d56ef0_5 .array/port v0x562cf7d56ef0, 5;
v0x562cf7d56ef0_6 .array/port v0x562cf7d56ef0, 6;
E_0x562cf7cea1d0/1 .event anyedge, v0x562cf7d56ef0_3, v0x562cf7d56ef0_4, v0x562cf7d56ef0_5, v0x562cf7d56ef0_6;
v0x562cf7d56ef0_7 .array/port v0x562cf7d56ef0, 7;
v0x562cf7d56ef0_8 .array/port v0x562cf7d56ef0, 8;
v0x562cf7d56ef0_9 .array/port v0x562cf7d56ef0, 9;
v0x562cf7d56ef0_10 .array/port v0x562cf7d56ef0, 10;
E_0x562cf7cea1d0/2 .event anyedge, v0x562cf7d56ef0_7, v0x562cf7d56ef0_8, v0x562cf7d56ef0_9, v0x562cf7d56ef0_10;
v0x562cf7d56ef0_11 .array/port v0x562cf7d56ef0, 11;
v0x562cf7d56ef0_12 .array/port v0x562cf7d56ef0, 12;
v0x562cf7d56ef0_13 .array/port v0x562cf7d56ef0, 13;
v0x562cf7d56ef0_14 .array/port v0x562cf7d56ef0, 14;
E_0x562cf7cea1d0/3 .event anyedge, v0x562cf7d56ef0_11, v0x562cf7d56ef0_12, v0x562cf7d56ef0_13, v0x562cf7d56ef0_14;
v0x562cf7d56ef0_15 .array/port v0x562cf7d56ef0, 15;
v0x562cf7d56c30_0 .array/port v0x562cf7d56c30, 0;
v0x562cf7d56c30_1 .array/port v0x562cf7d56c30, 1;
v0x562cf7d56c30_2 .array/port v0x562cf7d56c30, 2;
E_0x562cf7cea1d0/4 .event anyedge, v0x562cf7d56ef0_15, v0x562cf7d56c30_0, v0x562cf7d56c30_1, v0x562cf7d56c30_2;
v0x562cf7d56c30_3 .array/port v0x562cf7d56c30, 3;
v0x562cf7d56c30_4 .array/port v0x562cf7d56c30, 4;
v0x562cf7d56c30_5 .array/port v0x562cf7d56c30, 5;
v0x562cf7d56c30_6 .array/port v0x562cf7d56c30, 6;
E_0x562cf7cea1d0/5 .event anyedge, v0x562cf7d56c30_3, v0x562cf7d56c30_4, v0x562cf7d56c30_5, v0x562cf7d56c30_6;
v0x562cf7d56c30_7 .array/port v0x562cf7d56c30, 7;
v0x562cf7d56c30_8 .array/port v0x562cf7d56c30, 8;
v0x562cf7d56c30_9 .array/port v0x562cf7d56c30, 9;
v0x562cf7d56c30_10 .array/port v0x562cf7d56c30, 10;
E_0x562cf7cea1d0/6 .event anyedge, v0x562cf7d56c30_7, v0x562cf7d56c30_8, v0x562cf7d56c30_9, v0x562cf7d56c30_10;
v0x562cf7d56c30_11 .array/port v0x562cf7d56c30, 11;
v0x562cf7d56c30_12 .array/port v0x562cf7d56c30, 12;
v0x562cf7d56c30_13 .array/port v0x562cf7d56c30, 13;
v0x562cf7d56c30_14 .array/port v0x562cf7d56c30, 14;
E_0x562cf7cea1d0/7 .event anyedge, v0x562cf7d56c30_11, v0x562cf7d56c30_12, v0x562cf7d56c30_13, v0x562cf7d56c30_14;
v0x562cf7d56c30_15 .array/port v0x562cf7d56c30, 15;
v0x562cf7d57300_0 .array/port v0x562cf7d57300, 0;
E_0x562cf7cea1d0/8 .event anyedge, v0x562cf7d56c30_15, v0x562cf7ce54c0_0, v0x562cf7ce6810_0, v0x562cf7d57300_0;
v0x562cf7d57300_1 .array/port v0x562cf7d57300, 1;
v0x562cf7d57300_2 .array/port v0x562cf7d57300, 2;
v0x562cf7d57300_3 .array/port v0x562cf7d57300, 3;
v0x562cf7d57300_4 .array/port v0x562cf7d57300, 4;
E_0x562cf7cea1d0/9 .event anyedge, v0x562cf7d57300_1, v0x562cf7d57300_2, v0x562cf7d57300_3, v0x562cf7d57300_4;
v0x562cf7d57300_5 .array/port v0x562cf7d57300, 5;
v0x562cf7d57300_6 .array/port v0x562cf7d57300, 6;
v0x562cf7d57300_7 .array/port v0x562cf7d57300, 7;
v0x562cf7d57300_8 .array/port v0x562cf7d57300, 8;
E_0x562cf7cea1d0/10 .event anyedge, v0x562cf7d57300_5, v0x562cf7d57300_6, v0x562cf7d57300_7, v0x562cf7d57300_8;
v0x562cf7d57300_9 .array/port v0x562cf7d57300, 9;
v0x562cf7d57300_10 .array/port v0x562cf7d57300, 10;
v0x562cf7d57300_11 .array/port v0x562cf7d57300, 11;
v0x562cf7d57300_12 .array/port v0x562cf7d57300, 12;
E_0x562cf7cea1d0/11 .event anyedge, v0x562cf7d57300_9, v0x562cf7d57300_10, v0x562cf7d57300_11, v0x562cf7d57300_12;
v0x562cf7d57300_13 .array/port v0x562cf7d57300, 13;
v0x562cf7d57300_14 .array/port v0x562cf7d57300, 14;
v0x562cf7d57300_15 .array/port v0x562cf7d57300, 15;
v0x562cf7d57300_16 .array/port v0x562cf7d57300, 16;
E_0x562cf7cea1d0/12 .event anyedge, v0x562cf7d57300_13, v0x562cf7d57300_14, v0x562cf7d57300_15, v0x562cf7d57300_16;
v0x562cf7d57300_17 .array/port v0x562cf7d57300, 17;
v0x562cf7d57300_18 .array/port v0x562cf7d57300, 18;
v0x562cf7d57300_19 .array/port v0x562cf7d57300, 19;
v0x562cf7d57300_20 .array/port v0x562cf7d57300, 20;
E_0x562cf7cea1d0/13 .event anyedge, v0x562cf7d57300_17, v0x562cf7d57300_18, v0x562cf7d57300_19, v0x562cf7d57300_20;
v0x562cf7d57300_21 .array/port v0x562cf7d57300, 21;
v0x562cf7d57300_22 .array/port v0x562cf7d57300, 22;
v0x562cf7d57300_23 .array/port v0x562cf7d57300, 23;
v0x562cf7d57300_24 .array/port v0x562cf7d57300, 24;
E_0x562cf7cea1d0/14 .event anyedge, v0x562cf7d57300_21, v0x562cf7d57300_22, v0x562cf7d57300_23, v0x562cf7d57300_24;
v0x562cf7d57300_25 .array/port v0x562cf7d57300, 25;
v0x562cf7d57300_26 .array/port v0x562cf7d57300, 26;
v0x562cf7d57300_27 .array/port v0x562cf7d57300, 27;
v0x562cf7d57300_28 .array/port v0x562cf7d57300, 28;
E_0x562cf7cea1d0/15 .event anyedge, v0x562cf7d57300_25, v0x562cf7d57300_26, v0x562cf7d57300_27, v0x562cf7d57300_28;
v0x562cf7d57300_29 .array/port v0x562cf7d57300, 29;
v0x562cf7d57300_30 .array/port v0x562cf7d57300, 30;
v0x562cf7d57300_31 .array/port v0x562cf7d57300, 31;
v0x562cf7d57f90_0 .array/port v0x562cf7d57f90, 0;
E_0x562cf7cea1d0/16 .event anyedge, v0x562cf7d57300_29, v0x562cf7d57300_30, v0x562cf7d57300_31, v0x562cf7d57f90_0;
v0x562cf7d57f90_1 .array/port v0x562cf7d57f90, 1;
v0x562cf7d57f90_2 .array/port v0x562cf7d57f90, 2;
v0x562cf7d57f90_3 .array/port v0x562cf7d57f90, 3;
v0x562cf7d57f90_4 .array/port v0x562cf7d57f90, 4;
E_0x562cf7cea1d0/17 .event anyedge, v0x562cf7d57f90_1, v0x562cf7d57f90_2, v0x562cf7d57f90_3, v0x562cf7d57f90_4;
v0x562cf7d57f90_5 .array/port v0x562cf7d57f90, 5;
v0x562cf7d57f90_6 .array/port v0x562cf7d57f90, 6;
v0x562cf7d57f90_7 .array/port v0x562cf7d57f90, 7;
v0x562cf7d57f90_8 .array/port v0x562cf7d57f90, 8;
E_0x562cf7cea1d0/18 .event anyedge, v0x562cf7d57f90_5, v0x562cf7d57f90_6, v0x562cf7d57f90_7, v0x562cf7d57f90_8;
v0x562cf7d57f90_9 .array/port v0x562cf7d57f90, 9;
v0x562cf7d57f90_10 .array/port v0x562cf7d57f90, 10;
v0x562cf7d57f90_11 .array/port v0x562cf7d57f90, 11;
v0x562cf7d57f90_12 .array/port v0x562cf7d57f90, 12;
E_0x562cf7cea1d0/19 .event anyedge, v0x562cf7d57f90_9, v0x562cf7d57f90_10, v0x562cf7d57f90_11, v0x562cf7d57f90_12;
v0x562cf7d57f90_13 .array/port v0x562cf7d57f90, 13;
v0x562cf7d57f90_14 .array/port v0x562cf7d57f90, 14;
v0x562cf7d57f90_15 .array/port v0x562cf7d57f90, 15;
v0x562cf7d57f90_16 .array/port v0x562cf7d57f90, 16;
E_0x562cf7cea1d0/20 .event anyedge, v0x562cf7d57f90_13, v0x562cf7d57f90_14, v0x562cf7d57f90_15, v0x562cf7d57f90_16;
v0x562cf7d57f90_17 .array/port v0x562cf7d57f90, 17;
v0x562cf7d57f90_18 .array/port v0x562cf7d57f90, 18;
v0x562cf7d57f90_19 .array/port v0x562cf7d57f90, 19;
v0x562cf7d57f90_20 .array/port v0x562cf7d57f90, 20;
E_0x562cf7cea1d0/21 .event anyedge, v0x562cf7d57f90_17, v0x562cf7d57f90_18, v0x562cf7d57f90_19, v0x562cf7d57f90_20;
v0x562cf7d57f90_21 .array/port v0x562cf7d57f90, 21;
v0x562cf7d57f90_22 .array/port v0x562cf7d57f90, 22;
v0x562cf7d57f90_23 .array/port v0x562cf7d57f90, 23;
v0x562cf7d57f90_24 .array/port v0x562cf7d57f90, 24;
E_0x562cf7cea1d0/22 .event anyedge, v0x562cf7d57f90_21, v0x562cf7d57f90_22, v0x562cf7d57f90_23, v0x562cf7d57f90_24;
v0x562cf7d57f90_25 .array/port v0x562cf7d57f90, 25;
v0x562cf7d57f90_26 .array/port v0x562cf7d57f90, 26;
v0x562cf7d57f90_27 .array/port v0x562cf7d57f90, 27;
v0x562cf7d57f90_28 .array/port v0x562cf7d57f90, 28;
E_0x562cf7cea1d0/23 .event anyedge, v0x562cf7d57f90_25, v0x562cf7d57f90_26, v0x562cf7d57f90_27, v0x562cf7d57f90_28;
v0x562cf7d57f90_29 .array/port v0x562cf7d57f90, 29;
v0x562cf7d57f90_30 .array/port v0x562cf7d57f90, 30;
v0x562cf7d57f90_31 .array/port v0x562cf7d57f90, 31;
E_0x562cf7cea1d0/24 .event anyedge, v0x562cf7d57f90_29, v0x562cf7d57f90_30, v0x562cf7d57f90_31;
E_0x562cf7cea1d0 .event/or E_0x562cf7cea1d0/0, E_0x562cf7cea1d0/1, E_0x562cf7cea1d0/2, E_0x562cf7cea1d0/3, E_0x562cf7cea1d0/4, E_0x562cf7cea1d0/5, E_0x562cf7cea1d0/6, E_0x562cf7cea1d0/7, E_0x562cf7cea1d0/8, E_0x562cf7cea1d0/9, E_0x562cf7cea1d0/10, E_0x562cf7cea1d0/11, E_0x562cf7cea1d0/12, E_0x562cf7cea1d0/13, E_0x562cf7cea1d0/14, E_0x562cf7cea1d0/15, E_0x562cf7cea1d0/16, E_0x562cf7cea1d0/17, E_0x562cf7cea1d0/18, E_0x562cf7cea1d0/19, E_0x562cf7cea1d0/20, E_0x562cf7cea1d0/21, E_0x562cf7cea1d0/22, E_0x562cf7cea1d0/23, E_0x562cf7cea1d0/24;
E_0x562cf7ced000 .event anyedge, v0x562cf7ce6810_0, v0x562cf7d55ed0_0;
S_0x562cf7d58810 .scope autotask, "grant_read" "grant_read" 3 133, 3 133 0, S_0x562cf7d031f0;
 .timescale -9 -12;
v0x562cf7d589c0_0 .var "address", 3 0;
v0x562cf7d58aa0_0 .var "yara", 0 0;
TD_tb_ifa_general_memory_guard.grant_read ;
    %wait E_0x562cf7cea210;
    %load/vec4 v0x562cf7d58aa0_0;
    %store/vec4 v0x562cf7d59f00_0, 0, 1;
    %load/vec4 v0x562cf7d589c0_0;
    %store/vec4 v0x562cf7d59e60_0, 0, 4;
    %pushi/vec4 1, 0, 1;
    %store/vec4 v0x562cf7d5a2d0_0, 0, 1;
    %wait E_0x562cf7cef200;
    %delay 1000, 0;
    %wait E_0x562cf7cea210;
    %pushi/vec4 0, 0, 1;
    %store/vec4 v0x562cf7d5a2d0_0, 0, 1;
    %vpi_call/w 3 150 "$display", "ONILE GRANT READ: YARA=%0d ADDR=%0h", v0x562cf7d58aa0_0, v0x562cf7d589c0_0 {0 0 0};
    %end;
S_0x562cf7d58b60 .scope autotask, "grant_write" "grant_write" 3 154, 3 154 0, S_0x562cf7d031f0;
 .timescale -9 -12;
v0x562cf7d58d40_0 .var "address", 3 0;
v0x562cf7d58e20_0 .var "yara", 0 0;
TD_tb_ifa_general_memory_guard.grant_write ;
    %wait E_0x562cf7cea210;
    %load/vec4 v0x562cf7d58e20_0;
    %store/vec4 v0x562cf7d59f00_0, 0, 1;
    %load/vec4 v0x562cf7d58d40_0;
    %store/vec4 v0x562cf7d59e60_0, 0, 4;
    %pushi/vec4 1, 0, 1;
    %store/vec4 v0x562cf7d5a3a0_0, 0, 1;
    %wait E_0x562cf7cef200;
    %delay 1000, 0;
    %wait E_0x562cf7cea210;
    %pushi/vec4 0, 0, 1;
    %store/vec4 v0x562cf7d5a3a0_0, 0, 1;
    %vpi_call/w 3 171 "$display", "ONILE GRANT WRITE: YARA=%0d ADDR=%0h", v0x562cf7d58e20_0, v0x562cf7d58d40_0 {0 0 0};
    %end;
S_0x562cf7d58ee0 .scope autotask, "read_memory" "read_memory" 3 110, 3 110 0, S_0x562cf7d031f0;
 .timescale -9 -12;
v0x562cf7d590c0_0 .var "address", 3 0;
v0x562cf7d591c0_0 .var "yara", 0 0;
TD_tb_ifa_general_memory_guard.read_memory ;
    %wait E_0x562cf7cea210;
    %load/vec4 v0x562cf7d591c0_0;
    %store/vec4 v0x562cf7d59c30_0, 0, 1;
    %load/vec4 v0x562cf7d590c0_0;
    %store/vec4 v0x562cf7d5a470_0, 0, 4;
    %pushi/vec4 0, 0, 1;
    %store/vec4 v0x562cf7d5a990_0, 0, 1;
    %pushi/vec4 1, 0, 1;
    %store/vec4 v0x562cf7d5a7b0_0, 0, 1;
    %wait E_0x562cf7cef200;
    %delay 1000, 0;
    %vpi_call/w 3 125 "$display", "READ  YARA=%0d ADDR=%0h DATA=%02h allowed=%0d denied=%0d owner=%0d", v0x562cf7d591c0_0, v0x562cf7d590c0_0, v0x562cf7d5a6e0_0, v0x562cf7d5a540_0, v0x562cf7d5a610_0, v0x562cf7d59d70_0 {0 0 0};
    %wait E_0x562cf7cea210;
    %pushi/vec4 0, 0, 1;
    %store/vec4 v0x562cf7d5a7b0_0, 0, 1;
    %end;
S_0x562cf7d59280 .scope autotask, "revoke_read" "revoke_read" 3 175, 3 175 0, S_0x562cf7d031f0;
 .timescale -9 -12;
v0x562cf7d594b0_0 .var "address", 3 0;
v0x562cf7d595b0_0 .var "yara", 0 0;
TD_tb_ifa_general_memory_guard.revoke_read ;
    %wait E_0x562cf7cea210;
    %load/vec4 v0x562cf7d595b0_0;
    %store/vec4 v0x562cf7d59f00_0, 0, 1;
    %load/vec4 v0x562cf7d594b0_0;
    %store/vec4 v0x562cf7d59e60_0, 0, 4;
    %pushi/vec4 1, 0, 1;
    %store/vec4 v0x562cf7d5ac00_0, 0, 1;
    %wait E_0x562cf7cef200;
    %delay 1000, 0;
    %wait E_0x562cf7cea210;
    %pushi/vec4 0, 0, 1;
    %store/vec4 v0x562cf7d5ac00_0, 0, 1;
    %vpi_call/w 3 192 "$display", "ONILE REVOKE READ: YARA=%0d ADDR=%0h", v0x562cf7d595b0_0, v0x562cf7d594b0_0 {0 0 0};
    %end;
S_0x562cf7d59670 .scope autotask, "write_memory" "write_memory" 3 84, 3 84 0, S_0x562cf7d031f0;
 .timescale -9 -12;
v0x562cf7d59850_0 .var "address", 3 0;
v0x562cf7d59950_0 .var "data", 7 0;
v0x562cf7d59a30_0 .var "yara", 0 0;
TD_tb_ifa_general_memory_guard.write_memory ;
    %wait E_0x562cf7cea210;
    %load/vec4 v0x562cf7d59a30_0;
    %store/vec4 v0x562cf7d59c30_0, 0, 1;
    %load/vec4 v0x562cf7d59850_0;
    %store/vec4 v0x562cf7d5a470_0, 0, 4;
    %load/vec4 v0x562cf7d59950_0;
    %store/vec4 v0x562cf7d5aa60_0, 0, 8;
    %pushi/vec4 1, 0, 1;
    %store/vec4 v0x562cf7d5a990_0, 0, 1;
    %pushi/vec4 1, 0, 1;
    %store/vec4 v0x562cf7d5a7b0_0, 0, 1;
    %wait E_0x562cf7cef200;
    %delay 1000, 0;
    %vpi_call/w 3 101 "$display", "WRITE YARA=%0d ADDR=%0h DATA=%02h allowed=%0d denied=%0d owner=%0d", v0x562cf7d59a30_0, v0x562cf7d59850_0, v0x562cf7d59950_0, v0x562cf7d5a540_0, v0x562cf7d5a610_0, v0x562cf7d59d70_0 {0 0 0};
    %wait E_0x562cf7cea210;
    %pushi/vec4 0, 0, 1;
    %store/vec4 v0x562cf7d5a7b0_0, 0, 1;
    %pushi/vec4 0, 0, 1;
    %store/vec4 v0x562cf7d5a990_0, 0, 1;
    %end;
    .scope S_0x562cf7cb0490;
T_5 ;
    %end;
    .thread T_5;
    .scope S_0x562cf7cb0490;
T_6 ;
Ewait_0 .event/or E_0x562cf7ced000, E_0x0;
    %wait Ewait_0;
    %load/vec4 v0x562cf7ce6810_0;
    %pad/u 32;
    %cmpi/u 2, 0, 32;
    %flag_get/vec4 5;
    %store/vec4 v0x562cf7ce54c0_0, 0, 1;
    %load/vec4 v0x562cf7d55ed0_0;
    %pad/u 32;
    %cmpi/u 2, 0, 32;
    %flag_get/vec4 5;
    %store/vec4 v0x562cf7d55fb0_0, 0, 1;
    %jmp T_6;
    .thread T_6, $push;
    .scope S_0x562cf7cb0490;
T_7 ;
Ewait_1 .event/or E_0x562cf7cea1d0, E_0x0;
    %wait Ewait_1;
    %load/vec4 v0x562cf7d565d0_0;
    %pad/u 6;
    %ix/vec4 4;
    %load/vec4a v0x562cf7d56ef0, 4;
    %store/vec4 v0x562cf7ce2d00_0, 0, 1;
    %load/vec4 v0x562cf7d565d0_0;
    %pad/u 6;
    %ix/vec4 4;
    %load/vec4a v0x562cf7d56c30, 4;
    %store/vec4 v0x562cf7ce1ab0_0, 0, 1;
    %pushi/vec4 0, 0, 1;
    %store/vec4 v0x562cf7ce1560_0, 0, 1;
    %pushi/vec4 0, 0, 1;
    %store/vec4 v0x562cf7ce1e40_0, 0, 1;
    %pushi/vec4 0, 0, 1;
    %store/vec4 v0x562cf7d57a30_0, 0, 1;
    %pushi/vec4 0, 0, 1;
    %store/vec4 v0x562cf7d578b0_0, 0, 1;
    %pushi/vec4 0, 0, 1;
    %store/vec4 v0x562cf7d57970_0, 0, 1;
    %load/vec4 v0x562cf7ce54c0_0;
    %flag_set/vec4 8;
    %jmp/0xz  T_7.0, 8;
    %load/vec4 v0x562cf7d565d0_0;
    %pad/u 8;
    %pad/u 9;
    %muli 2, 0, 9;
    %pad/u 10;
    %load/vec4 v0x562cf7ce6810_0;
    %pad/u 3;
    %pad/u 10;
    %add;
    %ix/vec4 4;
    %load/vec4a v0x562cf7d57300, 4;
    %store/vec4 v0x562cf7ce1560_0, 0, 1;
    %load/vec4 v0x562cf7d565d0_0;
    %pad/u 8;
    %pad/u 9;
    %muli 2, 0, 9;
    %pad/u 10;
    %load/vec4 v0x562cf7ce6810_0;
    %pad/u 3;
    %pad/u 10;
    %add;
    %ix/vec4 4;
    %load/vec4a v0x562cf7d57f90, 4;
    %store/vec4 v0x562cf7ce1e40_0, 0, 1;
    %load/vec4 v0x562cf7d565d0_0;
    %pad/u 6;
    %ix/vec4 4;
    %load/vec4a v0x562cf7d56ef0, 4;
    %flag_set/vec4 8;
    %flag_get/vec4 8;
    %jmp/0 T_7.2, 8;
    %load/vec4 v0x562cf7d565d0_0;
    %pad/u 6;
    %ix/vec4 4;
    %load/vec4a v0x562cf7d56c30, 4;
    %load/vec4 v0x562cf7ce6810_0;
    %cmp/e;
    %flag_get/vec4 4;
    %and;
T_7.2;
    %store/vec4 v0x562cf7d57a30_0, 0, 1;
    %load/vec4 v0x562cf7d565d0_0;
    %pad/u 6;
    %ix/vec4 4;
    %load/vec4a v0x562cf7d56ef0, 4;
    %nor/r;
    %flag_set/vec4 8;
    %jmp/1 T_7.4, 8;
    %load/vec4 v0x562cf7d57a30_0;
    %flag_set/vec4 9;
    %flag_or 8, 9;
T_7.4;
    %flag_get/vec4 8;
    %jmp/1 T_7.3, 8;
    %load/vec4 v0x562cf7d565d0_0;
    %pad/u 8;
    %pad/u 9;
    %muli 2, 0, 9;
    %pad/u 10;
    %load/vec4 v0x562cf7ce6810_0;
    %pad/u 3;
    %pad/u 10;
    %add;
    %ix/vec4 4;
    %load/vec4a v0x562cf7d57300, 4;
    %or;
T_7.3;
    %store/vec4 v0x562cf7d578b0_0, 0, 1;
    %load/vec4 v0x562cf7d565d0_0;
    %pad/u 6;
    %ix/vec4 4;
    %load/vec4a v0x562cf7d56ef0, 4;
    %nor/r;
    %flag_set/vec4 8;
    %jmp/1 T_7.6, 8;
    %load/vec4 v0x562cf7d57a30_0;
    %flag_set/vec4 9;
    %flag_or 8, 9;
T_7.6;
    %flag_get/vec4 8;
    %jmp/1 T_7.5, 8;
    %load/vec4 v0x562cf7d565d0_0;
    %pad/u 8;
    %pad/u 9;
    %muli 2, 0, 9;
    %pad/u 10;
    %load/vec4 v0x562cf7ce6810_0;
    %pad/u 3;
    %pad/u 10;
    %add;
    %ix/vec4 4;
    %load/vec4a v0x562cf7d57f90, 4;
    %or;
T_7.5;
    %store/vec4 v0x562cf7d57970_0, 0, 1;
T_7.0 ;
    %jmp T_7;
    .thread T_7, $push;
    .scope S_0x562cf7cb0490;
T_8 ;
Ewait_2 .event/or E_0x562cf7cf3320, E_0x0;
    %wait Ewait_2;
    %load/vec4 v0x562cf7d56070_0;
    %flag_set/vec4 9;
    %flag_get/vec4 9;
    %jmp/0 T_8.1, 9;
    %load/vec4 v0x562cf7d56390_0;
    %and;
T_8.1;
    %flag_set/vec4 8;
    %flag_get/vec4 8;
    %jmp/0 T_8.0, 8;
    %load/vec4 v0x562cf7d55fb0_0;
    %and;
T_8.0;
    %store/vec4 v0x562cf7d562d0_0, 0, 1;
    %load/vec4 v0x562cf7d56070_0;
    %flag_set/vec4 9;
    %flag_get/vec4 9;
    %jmp/0 T_8.3, 9;
    %load/vec4 v0x562cf7d56510_0;
    %and;
T_8.3;
    %flag_set/vec4 8;
    %flag_get/vec4 8;
    %jmp/0 T_8.2, 8;
    %load/vec4 v0x562cf7d55fb0_0;
    %and;
T_8.2;
    %store/vec4 v0x562cf7d56450_0, 0, 1;
    %load/vec4 v0x562cf7d56070_0;
    %flag_set/vec4 9;
    %flag_get/vec4 9;
    %jmp/0 T_8.5, 9;
    %load/vec4 v0x562cf7d57bb0_0;
    %and;
T_8.5;
    %flag_set/vec4 8;
    %flag_get/vec4 8;
    %jmp/0 T_8.4, 8;
    %load/vec4 v0x562cf7d55fb0_0;
    %and;
T_8.4;
    %store/vec4 v0x562cf7d57af0_0, 0, 1;
    %load/vec4 v0x562cf7d56070_0;
    %flag_set/vec4 9;
    %flag_get/vec4 9;
    %jmp/0 T_8.7, 9;
    %load/vec4 v0x562cf7d57d30_0;
    %and;
T_8.7;
    %flag_set/vec4 8;
    %flag_get/vec4 8;
    %jmp/0 T_8.6, 8;
    %load/vec4 v0x562cf7d55fb0_0;
    %and;
T_8.6;
    %store/vec4 v0x562cf7d57c70_0, 0, 1;
    %jmp T_8;
    .thread T_8, $push;
    .scope S_0x562cf7cb0490;
T_9 ;
    %wait E_0x562cf7cef200;
    %load/vec4 v0x562cf7d57df0_0;
    %flag_set/vec4 8;
    %jmp/0xz  T_9.0, 8;
    %pushi/vec4 0, 0, 8;
    %assign/vec4 v0x562cf7d56830_0, 0;
    %pushi/vec4 0, 0, 1;
    %assign/vec4 v0x562cf7d566b0_0, 0;
    %pushi/vec4 0, 0, 1;
    %assign/vec4 v0x562cf7d56770_0, 0;
    %pushi/vec4 0, 0, 32;
    %assign/vec4 v0x562cf7d57220_0, 0;
    %pushi/vec4 0, 0, 32;
    %assign/vec4 v0x562cf7d57eb0_0, 0;
    %pushi/vec4 0, 0, 32;
    %assign/vec4 v0x562cf7d561f0_0, 0;
    %pushi/vec4 0, 0, 32;
    %store/vec4 v0x562cf7ce3f00_0, 0, 32;
T_9.2 ;
    %load/vec4 v0x562cf7ce3f00_0;
    %cmpi/s 16, 0, 32;
    %jmp/0xz T_9.3, 5;
    %pushi/vec4 0, 0, 8;
    %ix/getv/s 3, v0x562cf7ce3f00_0;
    %ix/load 4, 0, 0; Constant delay
    %assign/vec4/a/d v0x562cf7d56b70, 0, 4;
    %pushi/vec4 0, 0, 1;
    %ix/getv/s 3, v0x562cf7ce3f00_0;
    %ix/load 4, 0, 0; Constant delay
    %assign/vec4/a/d v0x562cf7d56ef0, 0, 4;
    %pushi/vec4 0, 0, 1;
    %ix/getv/s 3, v0x562cf7ce3f00_0;
    %ix/load 4, 0, 0; Constant delay
    %assign/vec4/a/d v0x562cf7d56c30, 0, 4;
    %pushi/vec4 0, 0, 32;
    %store/vec4 v0x562cf7d58430_0, 0, 32;
T_9.4 ;
    %load/vec4 v0x562cf7d58430_0;
    %cmpi/s 2, 0, 32;
    %jmp/0xz T_9.5, 5;
    %pushi/vec4 0, 0, 1;
    %load/vec4 v0x562cf7ce3f00_0;
    %pad/s 34;
    %pad/s 35;
    %muli 2, 0, 35;
    %pad/s 36;
    %load/vec4 v0x562cf7d58430_0;
    %pad/s 36;
    %add;
    %ix/vec4/s 3;
    %ix/load 4, 0, 0; Constant delay
    %assign/vec4/a/d v0x562cf7d57300, 0, 4;
    %pushi/vec4 0, 0, 1;
    %load/vec4 v0x562cf7ce3f00_0;
    %pad/s 34;
    %pad/s 35;
    %muli 2, 0, 35;
    %pad/s 36;
    %load/vec4 v0x562cf7d58430_0;
    %pad/s 36;
    %add;
    %ix/vec4/s 3;
    %ix/load 4, 0, 0; Constant delay
    %assign/vec4/a/d v0x562cf7d57f90, 0, 4;
    %load/vec4 v0x562cf7d58430_0;
    %addi 1, 0, 32;
    %store/vec4 v0x562cf7d58430_0, 0, 32;
    %jmp T_9.4;
T_9.5 ;
    %load/vec4 v0x562cf7ce3f00_0;
    %addi 1, 0, 32;
    %store/vec4 v0x562cf7ce3f00_0, 0, 32;
    %jmp T_9.2;
T_9.3 ;
    %jmp T_9.1;
T_9.0 ;
    %pushi/vec4 0, 0, 1;
    %assign/vec4 v0x562cf7d566b0_0, 0;
    %pushi/vec4 0, 0, 1;
    %assign/vec4 v0x562cf7d56770_0, 0;
    %load/vec4 v0x562cf7d562d0_0;
    %flag_set/vec4 8;
    %jmp/0xz  T_9.6, 8;
    %pushi/vec4 1, 0, 1;
    %load/vec4 v0x562cf7d55df0_0;
    %pad/u 8;
    %pad/u 9;
    %muli 2, 0, 9;
    %pad/u 10;
    %load/vec4 v0x562cf7d55ed0_0;
    %pad/u 3;
    %pad/u 10;
    %add;
    %ix/vec4 3;
    %ix/load 4, 0, 0; Constant delay
    %assign/vec4/a/d v0x562cf7d57300, 0, 4;
T_9.6 ;
    %load/vec4 v0x562cf7d56450_0;
    %flag_set/vec4 8;
    %jmp/0xz  T_9.8, 8;
    %pushi/vec4 1, 0, 1;
    %load/vec4 v0x562cf7d55df0_0;
    %pad/u 8;
    %pad/u 9;
    %muli 2, 0, 9;
    %pad/u 10;
    %load/vec4 v0x562cf7d55ed0_0;
    %pad/u 3;
    %pad/u 10;
    %add;
    %ix/vec4 3;
    %ix/load 4, 0, 0; Constant delay
    %assign/vec4/a/d v0x562cf7d57f90, 0, 4;
T_9.8 ;
    %load/vec4 v0x562cf7d57af0_0;
    %flag_set/vec4 8;
    %jmp/0xz  T_9.10, 8;
    %pushi/vec4 0, 0, 1;
    %load/vec4 v0x562cf7d55df0_0;
    %pad/u 8;
    %pad/u 9;
    %muli 2, 0, 9;
    %pad/u 10;
    %load/vec4 v0x562cf7d55ed0_0;
    %pad/u 3;
    %pad/u 10;
    %add;
    %ix/vec4 3;
    %ix/load 4, 0, 0; Constant delay
    %assign/vec4/a/d v0x562cf7d57300, 0, 4;
T_9.10 ;
    %load/vec4 v0x562cf7d57c70_0;
    %flag_set/vec4 8;
    %jmp/0xz  T_9.12, 8;
    %pushi/vec4 0, 0, 1;
    %load/vec4 v0x562cf7d55df0_0;
    %pad/u 8;
    %pad/u 9;
    %muli 2, 0, 9;
    %pad/u 10;
    %load/vec4 v0x562cf7d55ed0_0;
    %pad/u 3;
    %pad/u 10;
    %add;
    %ix/vec4 3;
    %ix/load 4, 0, 0; Constant delay
    %assign/vec4/a/d v0x562cf7d57f90, 0, 4;
T_9.12 ;
    %load/vec4 v0x562cf7d56910_0;
    %flag_set/vec4 8;
    %jmp/0xz  T_9.14, 8;
    %load/vec4 v0x562cf7ce54c0_0;
    %nor/r;
    %flag_set/vec4 8;
    %jmp/0xz  T_9.16, 8;
    %pushi/vec4 0, 0, 8;
    %assign/vec4 v0x562cf7d56830_0, 0;
    %pushi/vec4 1, 0, 1;
    %assign/vec4 v0x562cf7d56770_0, 0;
    %load/vec4 v0x562cf7d561f0_0;
    %addi 1, 0, 32;
    %assign/vec4 v0x562cf7d561f0_0, 0;
    %jmp T_9.17;
T_9.16 ;
    %load/vec4 v0x562cf7d569d0_0;
    %flag_set/vec4 8;
    %jmp/0xz  T_9.18, 8;
    %load/vec4 v0x562cf7d57970_0;
    %flag_set/vec4 8;
    %jmp/0xz  T_9.20, 8;
    %load/vec4 v0x562cf7d565d0_0;
    %pad/u 6;
    %ix/vec4 4;
    %load/vec4a v0x562cf7d56ef0, 4;
    %nor/r;
    %flag_set/vec4 8;
    %jmp/0xz  T_9.22, 8;
    %pushi/vec4 1, 0, 1;
    %load/vec4 v0x562cf7d565d0_0;
    %pad/u 6;
    %ix/vec4 3;
    %ix/load 4, 0, 0; Constant delay
    %assign/vec4/a/d v0x562cf7d56ef0, 0, 4;
    %load/vec4 v0x562cf7ce6810_0;
    %load/vec4 v0x562cf7d565d0_0;
    %pad/u 6;
    %ix/vec4 3;
    %ix/load 4, 0, 0; Constant delay
    %assign/vec4/a/d v0x562cf7d56c30, 0, 4;
T_9.22 ;
    %load/vec4 v0x562cf7d56a90_0;
    %load/vec4 v0x562cf7d565d0_0;
    %pad/u 6;
    %ix/vec4 3;
    %ix/load 4, 0, 0; Constant delay
    %assign/vec4/a/d v0x562cf7d56b70, 0, 4;
    %pushi/vec4 1, 0, 1;
    %assign/vec4 v0x562cf7d566b0_0, 0;
    %load/vec4 v0x562cf7d57eb0_0;
    %addi 1, 0, 32;
    %assign/vec4 v0x562cf7d57eb0_0, 0;
    %jmp T_9.21;
T_9.20 ;
    %pushi/vec4 1, 0, 1;
    %assign/vec4 v0x562cf7d56770_0, 0;
    %load/vec4 v0x562cf7d561f0_0;
    %addi 1, 0, 32;
    %assign/vec4 v0x562cf7d561f0_0, 0;
T_9.21 ;
    %jmp T_9.19;
T_9.18 ;
    %load/vec4 v0x562cf7d578b0_0;
    %flag_set/vec4 8;
    %jmp/0xz  T_9.24, 8;
    %load/vec4 v0x562cf7d565d0_0;
    %pad/u 6;
    %ix/vec4 4;
    %load/vec4a v0x562cf7d56b70, 4;
    %assign/vec4 v0x562cf7d56830_0, 0;
    %pushi/vec4 1, 0, 1;
    %assign/vec4 v0x562cf7d566b0_0, 0;
    %load/vec4 v0x562cf7d57220_0;
    %addi 1, 0, 32;
    %assign/vec4 v0x562cf7d57220_0, 0;
    %jmp T_9.25;
T_9.24 ;
    %pushi/vec4 0, 0, 8;
    %assign/vec4 v0x562cf7d56830_0, 0;
    %pushi/vec4 1, 0, 1;
    %assign/vec4 v0x562cf7d56770_0, 0;
    %load/vec4 v0x562cf7d561f0_0;
    %addi 1, 0, 32;
    %assign/vec4 v0x562cf7d561f0_0, 0;
T_9.25 ;
T_9.19 ;
T_9.17 ;
T_9.14 ;
T_9.1 ;
    %jmp T_9;
    .thread T_9;
    .scope S_0x562cf7d031f0;
T_10 ;
    %delay 5000, 0;
    %load/vec4 v0x562cf7d5a0a0_0;
    %inv;
    %store/vec4 v0x562cf7d5a0a0_0, 0, 1;
    %jmp T_10;
    .thread T_10;
    .scope S_0x562cf7d031f0;
T_11 ;
    %vpi_call/w 3 197 "$dumpfile", "sim/v4/ifa_general_memory_guard.vcd" {0 0 0};
    %vpi_call/w 3 198 "$dumpvars", 32'sb00000000000000000000000000000000, S_0x562cf7d031f0 {0 0 0};
    %pushi/vec4 0, 0, 1;
    %store/vec4 v0x562cf7d5a0a0_0, 0, 1;
    %pushi/vec4 1, 0, 1;
    %store/vec4 v0x562cf7d5ada0_0, 0, 1;
    %pushi/vec4 0, 0, 1;
    %store/vec4 v0x562cf7d59c30_0, 0, 1;
    %pushi/vec4 0, 0, 1;
    %store/vec4 v0x562cf7d5a7b0_0, 0, 1;
    %pushi/vec4 0, 0, 1;
    %store/vec4 v0x562cf7d5a990_0, 0, 1;
    %pushi/vec4 0, 0, 4;
    %store/vec4 v0x562cf7d5a470_0, 0, 4;
    %pushi/vec4 0, 0, 8;
    %store/vec4 v0x562cf7d5aa60_0, 0, 8;
    %pushi/vec4 0, 0, 1;
    %store/vec4 v0x562cf7d59fd0_0, 0, 1;
    %pushi/vec4 0, 0, 1;
    %store/vec4 v0x562cf7d5a2d0_0, 0, 1;
    %pushi/vec4 0, 0, 1;
    %store/vec4 v0x562cf7d5a3a0_0, 0, 1;
    %pushi/vec4 0, 0, 1;
    %store/vec4 v0x562cf7d5ac00_0, 0, 1;
    %pushi/vec4 0, 0, 1;
    %store/vec4 v0x562cf7d5acd0_0, 0, 1;
    %pushi/vec4 0, 0, 4;
    %store/vec4 v0x562cf7d59e60_0, 0, 4;
    %pushi/vec4 0, 0, 1;
    %store/vec4 v0x562cf7d59f00_0, 0, 1;
    %pushi/vec4 3, 0, 32;
T_11.0 %dup/vec4;
    %pushi/vec4 0, 0, 32;
    %cmp/s;
    %jmp/1xz T_11.1, 5;
    %jmp/1 T_11.1, 4;
    %pushi/vec4 1, 0, 32;
    %sub;
    %wait E_0x562cf7cea210;
    %jmp T_11.0;
T_11.1 ;
    %pop/vec4 1;
    %pushi/vec4 0, 0, 1;
    %store/vec4 v0x562cf7d5ada0_0, 0, 1;
    %vpi_call/w 3 223 "$display", "============================================================" {0 0 0};
    %vpi_call/w 3 224 "$display", "IF\303\201 V4 SHARED GENERAL MEMORY GUARD TEST" {0 0 0};
    %vpi_call/w 3 225 "$display", "============================================================" {0 0 0};
    %alloc S_0x562cf7d59670;
    %pushi/vec4 0, 0, 1;
    %store/vec4 v0x562cf7d59a30_0, 0, 1;
    %pushi/vec4 3, 0, 4;
    %store/vec4 v0x562cf7d59850_0, 0, 4;
    %pushi/vec4 170, 0, 8;
    %store/vec4 v0x562cf7d59950_0, 0, 8;
    %fork TD_tb_ifa_general_memory_guard.write_memory, S_0x562cf7d59670;
    %join;
    %free S_0x562cf7d59670;
    %load/vec4 v0x562cf7d5a540_0;
    %cmpi/ne 1, 0, 1;
    %jmp/0xz  T_11.2, 6;
    %vpi_call/w 3 231 "$fatal", 32'sb00000000000000000000000000000001, "Owner's first write should be allowed" {0 0 0};
T_11.2 ;
    %load/vec4 v0x562cf7d59d70_0;
    %pad/u 32;
    %cmpi/ne 0, 0, 32;
    %jmp/0xz  T_11.4, 6;
    %vpi_call/w 3 234 "$fatal", 32'sb00000000000000000000000000000001, "YARA 0 should own address 3" {0 0 0};
T_11.4 ;
    %alloc S_0x562cf7d58ee0;
    %pushi/vec4 1, 0, 1;
    %store/vec4 v0x562cf7d591c0_0, 0, 1;
    %pushi/vec4 3, 0, 4;
    %store/vec4 v0x562cf7d590c0_0, 0, 4;
    %fork TD_tb_ifa_general_memory_guard.read_memory, S_0x562cf7d58ee0;
    %join;
    %free S_0x562cf7d58ee0;
    %load/vec4 v0x562cf7d5a610_0;
    %cmpi/ne 1, 0, 1;
    %jmp/0xz  T_11.6, 6;
    %vpi_call/w 3 240 "$fatal", 32'sb00000000000000000000000000000001, "Cross-YARA read should be denied by default" {0 0 0};
T_11.6 ;
    %alloc S_0x562cf7d58810;
    %pushi/vec4 1, 0, 1;
    %store/vec4 v0x562cf7d58aa0_0, 0, 1;
    %pushi/vec4 3, 0, 4;
    %store/vec4 v0x562cf7d589c0_0, 0, 4;
    %fork TD_tb_ifa_general_memory_guard.grant_read, S_0x562cf7d58810;
    %join;
    %free S_0x562cf7d58810;
    %alloc S_0x562cf7d58ee0;
    %pushi/vec4 1, 0, 1;
    %store/vec4 v0x562cf7d591c0_0, 0, 1;
    %pushi/vec4 3, 0, 4;
    %store/vec4 v0x562cf7d590c0_0, 0, 4;
    %fork TD_tb_ifa_general_memory_guard.read_memory, S_0x562cf7d58ee0;
    %join;
    %free S_0x562cf7d58ee0;
    %load/vec4 v0x562cf7d5a610_0;
    %cmpi/ne 1, 0, 1;
    %jmp/0xz  T_11.8, 6;
    %vpi_call/w 3 248 "$fatal", 32'sb00000000000000000000000000000001, "Normal-mode grant must have no effect" {0 0 0};
T_11.8 ;
    %pushi/vec4 1, 0, 1;
    %store/vec4 v0x562cf7d59fd0_0, 0, 1;
    %alloc S_0x562cf7d58810;
    %pushi/vec4 1, 0, 1;
    %store/vec4 v0x562cf7d58aa0_0, 0, 1;
    %pushi/vec4 3, 0, 4;
    %store/vec4 v0x562cf7d589c0_0, 0, 4;
    %fork TD_tb_ifa_general_memory_guard.grant_read, S_0x562cf7d58810;
    %join;
    %free S_0x562cf7d58810;
    %pushi/vec4 0, 0, 1;
    %store/vec4 v0x562cf7d59fd0_0, 0, 1;
    %alloc S_0x562cf7d58ee0;
    %pushi/vec4 1, 0, 1;
    %store/vec4 v0x562cf7d591c0_0, 0, 1;
    %pushi/vec4 3, 0, 4;
    %store/vec4 v0x562cf7d590c0_0, 0, 4;
    %fork TD_tb_ifa_general_memory_guard.read_memory, S_0x562cf7d58ee0;
    %join;
    %free S_0x562cf7d58ee0;
    %load/vec4 v0x562cf7d5a540_0;
    %cmpi/ne 1, 0, 1;
    %jmp/1 T_11.12, 6;
    %flag_mov 8, 6;
    %load/vec4 v0x562cf7d5a6e0_0;
    %cmpi/ne 170, 0, 8;
    %flag_or 6, 8;
T_11.12;
    %jmp/0xz  T_11.10, 6;
    %vpi_call/w 3 259 "$fatal", 32'sb00000000000000000000000000000001, "Granted read should return shared data" {0 0 0};
T_11.10 ;
    %alloc S_0x562cf7d59670;
    %pushi/vec4 1, 0, 1;
    %store/vec4 v0x562cf7d59a30_0, 0, 1;
    %pushi/vec4 3, 0, 4;
    %store/vec4 v0x562cf7d59850_0, 0, 4;
    %pushi/vec4 85, 0, 8;
    %store/vec4 v0x562cf7d59950_0, 0, 8;
    %fork TD_tb_ifa_general_memory_guard.write_memory, S_0x562cf7d59670;
    %join;
    %free S_0x562cf7d59670;
    %load/vec4 v0x562cf7d5a610_0;
    %cmpi/ne 1, 0, 1;
    %jmp/0xz  T_11.13, 6;
    %vpi_call/w 3 265 "$fatal", 32'sb00000000000000000000000000000001, "Read grant must not imply write access" {0 0 0};
T_11.13 ;
    %pushi/vec4 1, 0, 1;
    %store/vec4 v0x562cf7d59fd0_0, 0, 1;
    %alloc S_0x562cf7d58b60;
    %pushi/vec4 1, 0, 1;
    %store/vec4 v0x562cf7d58e20_0, 0, 1;
    %pushi/vec4 3, 0, 4;
    %store/vec4 v0x562cf7d58d40_0, 0, 4;
    %fork TD_tb_ifa_general_memory_guard.grant_write, S_0x562cf7d58b60;
    %join;
    %free S_0x562cf7d58b60;
    %pushi/vec4 0, 0, 1;
    %store/vec4 v0x562cf7d59fd0_0, 0, 1;
    %alloc S_0x562cf7d59670;
    %pushi/vec4 1, 0, 1;
    %store/vec4 v0x562cf7d59a30_0, 0, 1;
    %pushi/vec4 3, 0, 4;
    %store/vec4 v0x562cf7d59850_0, 0, 4;
    %pushi/vec4 85, 0, 8;
    %store/vec4 v0x562cf7d59950_0, 0, 8;
    %fork TD_tb_ifa_general_memory_guard.write_memory, S_0x562cf7d59670;
    %join;
    %free S_0x562cf7d59670;
    %load/vec4 v0x562cf7d5a540_0;
    %cmpi/ne 1, 0, 1;
    %jmp/0xz  T_11.15, 6;
    %vpi_call/w 3 275 "$fatal", 32'sb00000000000000000000000000000001, "Granted write should be allowed" {0 0 0};
T_11.15 ;
    %alloc S_0x562cf7d58ee0;
    %pushi/vec4 0, 0, 1;
    %store/vec4 v0x562cf7d591c0_0, 0, 1;
    %pushi/vec4 3, 0, 4;
    %store/vec4 v0x562cf7d590c0_0, 0, 4;
    %fork TD_tb_ifa_general_memory_guard.read_memory, S_0x562cf7d58ee0;
    %join;
    %free S_0x562cf7d58ee0;
    %load/vec4 v0x562cf7d5a6e0_0;
    %cmpi/ne 85, 0, 8;
    %jmp/0xz  T_11.17, 6;
    %vpi_call/w 3 281 "$fatal", 32'sb00000000000000000000000000000001, "Owner did not observe shared-memory update" {0 0 0};
T_11.17 ;
    %pushi/vec4 1, 0, 1;
    %store/vec4 v0x562cf7d59fd0_0, 0, 1;
    %alloc S_0x562cf7d59280;
    %pushi/vec4 1, 0, 1;
    %store/vec4 v0x562cf7d595b0_0, 0, 1;
    %pushi/vec4 3, 0, 4;
    %store/vec4 v0x562cf7d594b0_0, 0, 4;
    %fork TD_tb_ifa_general_memory_guard.revoke_read, S_0x562cf7d59280;
    %join;
    %free S_0x562cf7d59280;
    %pushi/vec4 0, 0, 1;
    %store/vec4 v0x562cf7d59fd0_0, 0, 1;
    %alloc S_0x562cf7d58ee0;
    %pushi/vec4 1, 0, 1;
    %store/vec4 v0x562cf7d591c0_0, 0, 1;
    %pushi/vec4 3, 0, 4;
    %store/vec4 v0x562cf7d590c0_0, 0, 4;
    %fork TD_tb_ifa_general_memory_guard.read_memory, S_0x562cf7d58ee0;
    %join;
    %free S_0x562cf7d58ee0;
    %load/vec4 v0x562cf7d5a610_0;
    %cmpi/ne 1, 0, 1;
    %jmp/0xz  T_11.19, 6;
    %vpi_call/w 3 291 "$fatal", 32'sb00000000000000000000000000000001, "Revoked read permission should deny access" {0 0 0};
T_11.19 ;
    %vpi_call/w 3 293 "$display", "\000" {0 0 0};
    %vpi_call/w 3 294 "$display", "FINAL COUNTERS" {0 0 0};
    %vpi_call/w 3 295 "$display", "------------------------------------------------------------" {0 0 0};
    %vpi_call/w 3 296 "$display", "Reads   = %0d", v0x562cf7d5ab30_0 {0 0 0};
    %vpi_call/w 3 297 "$display", "Writes  = %0d", v0x562cf7d5ae70_0 {0 0 0};
    %vpi_call/w 3 298 "$display", "Denied  = %0d", v0x562cf7d5a200_0 {0 0 0};
    %vpi_call/w 3 300 "$display", "============================================================" {0 0 0};
    %vpi_call/w 3 301 "$display", "PASS: General Memory ownership is enforced" {0 0 0};
    %vpi_call/w 3 302 "$display", "PASS: Cross-Y\303\200R\303\201 access is denied by default" {0 0 0};
    %vpi_call/w 3 303 "$display", "PASS: Only Babal\303\241wo may administer permissions" {0 0 0};
    %vpi_call/w 3 304 "$display", "PASS: Read and write permissions remain separate" {0 0 0};
    %vpi_call/w 3 305 "$display", "PASS: Revocation blocks later access" {0 0 0};
    %vpi_call/w 3 306 "$display", "============================================================" {0 0 0};
    %vpi_call/w 3 308 "$finish" {0 0 0};
    %end;
    .thread T_11;
# The file index is used to find the file name in the following table.
:file_names 5;
    "N/A";
    "<interactive>";
    "-";
    "tb/v4/tb_ifa_general_memory_guard.sv";
    "rtl/v4/ifa_general_memory_guard.sv";
