#! /usr/bin/vvp
:ivl_version "12.0 (stable)";
:ivl_delay_selection "TYPICAL";
:vpi_time_precision - 12;
:vpi_module "/usr/lib/x86_64-linux-gnu/ivl/system.vpi";
:vpi_module "/usr/lib/x86_64-linux-gnu/ivl/vhdl_sys.vpi";
:vpi_module "/usr/lib/x86_64-linux-gnu/ivl/vhdl_textio.vpi";
:vpi_module "/usr/lib/x86_64-linux-gnu/ivl/v2005_math.vpi";
:vpi_module "/usr/lib/x86_64-linux-gnu/ivl/va_math.vpi";
:vpi_module "/usr/lib/x86_64-linux-gnu/ivl/v2009.vpi";
S_0x651cc72f0e30 .scope package, "$unit" "$unit" 2 1;
 .timescale 0 0;
S_0x651cc72f1150 .scope module, "tb_ifa_yara_frame_delegation" "tb_ifa_yara_frame_delegation" 3 3;
 .timescale -9 -12;
v0x651cc732e5c0_0 .var "A", 7 0;
v0x651cc732e6f0_0 .var "B", 7 0;
v0x651cc732e800_0 .var "active_yara", 0 0;
v0x651cc732e8a0_0 .var "clk", 0 0;
v0x651cc732e940_0 .var "in_valid", 0 0;
v0x651cc732ea30_0 .var "last_share_denied", 0 0;
v0x651cc732ead0_0 .var "last_share_done", 0 0;
v0x651cc732eb70_0 .net "out_r0", 7 0, v0x651cc732b2e0_0;  1 drivers
v0x651cc732ec10_0 .net "out_ra", 7 0, v0x651cc732b3c0_0;  1 drivers
v0x651cc732ecb0_0 .net "out_rd", 7 0, v0x651cc732b4a0_0;  1 drivers
v0x651cc732ed50_0 .net "out_t", 7 0, v0x651cc732b580_0;  1 drivers
v0x651cc732edf0_0 .net "out_y", 7 0, v0x651cc732b660_0;  1 drivers
v0x651cc732eec0_0 .net "rmu_hit", 0 0, v0x651cc732b820_0;  1 drivers
v0x651cc732ef90_0 .net "rmu_miss", 0 0, v0x651cc732b8e0_0;  1 drivers
v0x651cc732f060_0 .var "rst", 0 0;
v0x651cc732f100_0 .var "share_authorized", 0 0;
v0x651cc732f1d0_0 .var "share_commit", 0 0;
v0x651cc732f2a0_0 .net "share_denied", 0 0, v0x651cc732cf00_0;  1 drivers
v0x651cc732f370_0 .var "share_destination_yara", 0 0;
v0x651cc732f440_0 .net "share_done", 0 0, v0x651cc732d0a0_0;  1 drivers
v0x651cc732f510_0 .var "share_source_yara", 0 0;
v0x651cc732f5e0_0 .net "yara0_hits", 31 0, v0x651cc732d850_0;  1 drivers
v0x651cc732f6b0_0 .net "yara0_imports", 31 0, v0x651cc732d930_0;  1 drivers
v0x651cc732f780_0 .net "yara0_misses", 31 0, v0x651cc732da10_0;  1 drivers
v0x651cc732f850_0 .net "yara1_hits", 31 0, v0x651cc732daf0_0;  1 drivers
v0x651cc732f920_0 .net "yara1_imports", 31 0, v0x651cc732dbd0_0;  1 drivers
v0x651cc732f9f0_0 .net "yara1_misses", 31 0, v0x651cc732dcb0_0;  1 drivers
E_0x651cc727ac40 .event negedge, v0x651cc7323320_0;
S_0x651cc723d490 .scope autotask, "delegate_frame" "delegate_frame" 3 100, 3 100 0, S_0x651cc72f1150;
 .timescale -9 -12;
v0x651cc72d3360_0 .var "authorized", 0 0;
v0x651cc72d3910_0 .var "dst", 0 0;
v0x651cc72d1a50_0 .var "src", 0 0;
TD_tb_ifa_yara_frame_delegation.delegate_frame ;
    %wait E_0x651cc727ac40;
    %load/vec4 v0x651cc72d1a50_0;
    %store/vec4 v0x651cc732f510_0, 0, 1;
    %load/vec4 v0x651cc72d3910_0;
    %store/vec4 v0x651cc732f370_0, 0, 1;
    %load/vec4 v0x651cc72d3360_0;
    %store/vec4 v0x651cc732f100_0, 0, 1;
    %pushi/vec4 1, 0, 1;
    %store/vec4 v0x651cc732f1d0_0, 0, 1;
    %delay 1000, 0;
    %load/vec4 v0x651cc732f2a0_0;
    %store/vec4 v0x651cc732ea30_0, 0, 1;
    %wait E_0x651cc7322920;
    %delay 1000, 0;
    %load/vec4 v0x651cc732f440_0;
    %store/vec4 v0x651cc732ead0_0, 0, 1;
    %vpi_call/w 3 122 "$display", "DELEGATE %0d -> %0d authorized=%0d done=%0d denied=%0d", v0x651cc72d1a50_0, v0x651cc72d3910_0, v0x651cc72d3360_0, v0x651cc732ead0_0, v0x651cc732ea30_0 {0 0 0};
    %wait E_0x651cc727ac40;
    %pushi/vec4 0, 0, 1;
    %store/vec4 v0x651cc732f1d0_0, 0, 1;
    %end;
S_0x651cc7321670 .scope module, "dut" "ifa_yara_frame_share_core" 3 40, 4 38 0, S_0x651cc72f1150;
 .timescale 0 0;
    .port_info 0 /INPUT 1 "clk";
    .port_info 1 /INPUT 1 "rst";
    .port_info 2 /INPUT 1 "active_yara";
    .port_info 3 /INPUT 1 "in_valid";
    .port_info 4 /INPUT 8 "A";
    .port_info 5 /INPUT 8 "B";
    .port_info 6 /INPUT 1 "share_commit";
    .port_info 7 /INPUT 1 "share_source_yara";
    .port_info 8 /INPUT 1 "share_destination_yara";
    .port_info 9 /INPUT 1 "share_authorized";
    .port_info 10 /OUTPUT 1 "rmu_hit";
    .port_info 11 /OUTPUT 1 "rmu_miss";
    .port_info 12 /OUTPUT 1 "share_done";
    .port_info 13 /OUTPUT 1 "share_denied";
    .port_info 14 /OUTPUT 8 "out_y";
    .port_info 15 /OUTPUT 8 "out_ra";
    .port_info 16 /OUTPUT 8 "out_rd";
    .port_info 17 /OUTPUT 8 "out_r0";
    .port_info 18 /OUTPUT 8 "out_t";
    .port_info 19 /OUTPUT 32 "yara0_hits";
    .port_info 20 /OUTPUT 32 "yara0_misses";
    .port_info 21 /OUTPUT 32 "yara0_imports";
    .port_info 22 /OUTPUT 32 "yara1_hits";
    .port_info 23 /OUTPUT 32 "yara1_misses";
    .port_info 24 /OUTPUT 32 "yara1_imports";
P_0x651cc7321870 .param/l "DEPTH" 0 4 40, +C4<00000000000000000000000000010000>;
P_0x651cc73218b0 .param/l "MAX_YARA" 0 4 46, +C4<00000000000000000000000000000010>;
P_0x651cc73218f0 .param/l "WIDTH" 0 4 39, +C4<00000000000000000000000000001000>;
P_0x651cc7321930 .param/l "YARA_COUNT" 0 4 43, +C4<00000000000000000000000000000010>;
P_0x651cc7321970 .param/l "YARA_W" 0 4 48, +C4<00000000000000000000000000000001>;
v0x651cc732aac0_0 .net "A", 7 0, v0x651cc732e5c0_0;  1 drivers
v0x651cc732aba0_0 .net "B", 7 0, v0x651cc732e6f0_0;  1 drivers
v0x651cc732ac40_0 .net "active_yara", 0 0, v0x651cc732e800_0;  1 drivers
v0x651cc732ace0_0 .var "active_yara_valid", 0 0;
v0x651cc732ada0_0 .net "clk", 0 0, v0x651cc732e8a0_0;  1 drivers
v0x651cc732aee0_0 .var "delegation_allowed", 0 0;
v0x651cc732afa0_0 .var/i "destination_index", 31 0;
v0x651cc732b080_0 .var "destination_yara_valid", 0 0;
v0x651cc732b140_0 .var/i "done_index", 31 0;
v0x651cc732b220_0 .net "in_valid", 0 0, v0x651cc732e940_0;  1 drivers
v0x651cc732b2e0_0 .var "out_r0", 7 0;
v0x651cc732b3c0_0 .var "out_ra", 7 0;
v0x651cc732b4a0_0 .var "out_rd", 7 0;
v0x651cc732b580_0 .var "out_t", 7 0;
v0x651cc732b660_0 .var "out_y", 7 0;
v0x651cc732b740_0 .var/i "request_index", 31 0;
v0x651cc732b820_0 .var "rmu_hit", 0 0;
v0x651cc732b8e0_0 .var "rmu_miss", 0 0;
v0x651cc732b9a0_0 .var "room_admin_import_valid", 1 0;
v0x651cc732ba80 .array "room_evict_count", 1 0;
v0x651cc732ba80_0 .net v0x651cc732ba80 0, 31 0, v0x651cc73233e0_0; 1 drivers
v0x651cc732ba80_1 .net v0x651cc732ba80 1, 31 0, v0x651cc7326fe0_0; 1 drivers
v0x651cc732bb60_0 .net "room_hit", 1 0, L_0x651cc732feb0;  1 drivers
v0x651cc732bc00 .array "room_hit_count", 1 0;
v0x651cc732bc00_0 .net v0x651cc732bc00 0, 31 0, v0x651cc7323660_0; 1 drivers
v0x651cc732bc00_1 .net v0x651cc732bc00 1, 31 0, v0x651cc7327220_0; 1 drivers
v0x651cc732bce0 .array "room_import_count", 1 0;
v0x651cc732bce0_0 .net v0x651cc732bce0 0, 31 0, v0x651cc7323820_0; 1 drivers
v0x651cc732bce0_1 .net v0x651cc732bce0 1, 31 0, v0x651cc73273e0_0; 1 drivers
v0x651cc732bdb0_0 .net "room_import_done", 1 0, L_0x651cc7330120;  1 drivers
v0x651cc732be50_0 .net "room_miss", 1 0, L_0x651cc732ffb0;  1 drivers
v0x651cc732bf30 .array "room_miss_count", 1 0;
v0x651cc732bf30_0 .net v0x651cc732bf30 0, 31 0, v0x651cc7324c40_0; 1 drivers
v0x651cc732bf30_1 .net v0x651cc732bf30 1, 31 0, v0x651cc73287b0_0; 1 drivers
v0x651cc732c070 .array "room_r0", 1 0;
v0x651cc732c070_0 .net v0x651cc732c070 0, 7 0, v0x651cc7324d20_0; 1 drivers
v0x651cc732c070_1 .net v0x651cc732c070 1, 7 0, v0x651cc7328890_0; 1 drivers
v0x651cc732c170 .array "room_ra", 1 0;
v0x651cc732c170_0 .net v0x651cc732c170 0, 7 0, v0x651cc7324e00_0; 1 drivers
v0x651cc732c170_1 .net v0x651cc732c170 1, 7 0, v0x651cc7328970_0; 1 drivers
v0x651cc732c270 .array "room_rd", 1 0;
v0x651cc732c270_0 .net v0x651cc732c270 0, 7 0, v0x651cc7324ee0_0; 1 drivers
v0x651cc732c270_1 .net v0x651cc732c270 1, 7 0, v0x651cc7328c60_0; 1 drivers
v0x651cc732c370_0 .var "room_req_valid", 1 0;
v0x651cc732c410 .array "room_store_count", 1 0;
v0x651cc732c410_0 .net v0x651cc732c410 0, 31 0, v0x651cc7325300_0; 1 drivers
v0x651cc732c410_1 .net v0x651cc732c410 1, 31 0, v0x651cc7329090_0; 1 drivers
v0x651cc732c550 .array "room_t", 1 0;
v0x651cc732c550_0 .net v0x651cc732c550 0, 7 0, v0x651cc7324fc0_0; 1 drivers
v0x651cc732c550_1 .net v0x651cc732c550 1, 7 0, v0x651cc7328d40_0; 1 drivers
v0x651cc732c650 .array "room_y", 1 0;
v0x651cc732c650_0 .net v0x651cc732c650 0, 7 0, v0x651cc73250a0_0; 1 drivers
v0x651cc732c650_1 .net v0x651cc732c650 1, 7 0, v0x651cc7328e20_0; 1 drivers
v0x651cc732c960_0 .net "rpc_r0", 7 0, v0x651cc732a3f0_0;  1 drivers
v0x651cc732ca00_0 .net "rpc_ra", 7 0, v0x651cc732a510_0;  1 drivers
v0x651cc732caa0_0 .net "rpc_rd", 7 0, v0x651cc732a620_0;  1 drivers
v0x651cc732cb60_0 .net "rpc_t", 7 0, v0x651cc732a780_0;  1 drivers
v0x651cc732cc20_0 .net "rpc_y", 7 0, v0x651cc732a890_0;  1 drivers
v0x651cc732cce0_0 .net "rst", 0 0, v0x651cc732f060_0;  1 drivers
v0x651cc732cd80_0 .net "share_authorized", 0 0, v0x651cc732f100_0;  1 drivers
v0x651cc732ce40_0 .net "share_commit", 0 0, v0x651cc732f1d0_0;  1 drivers
v0x651cc732cf00_0 .var "share_denied", 0 0;
v0x651cc732cfc0_0 .net "share_destination_yara", 0 0, v0x651cc732f370_0;  1 drivers
v0x651cc732d0a0_0 .var "share_done", 0 0;
v0x651cc732d160_0 .var "share_r0", 7 0;
v0x651cc732d270_0 .var "share_ra", 7 0;
v0x651cc732d380_0 .var "share_rd", 7 0;
v0x651cc732d490_0 .net "share_source_yara", 0 0, v0x651cc732f510_0;  1 drivers
v0x651cc732d570_0 .var "share_t", 7 0;
v0x651cc732d680_0 .var "share_y", 7 0;
v0x651cc732d790_0 .var "source_yara_valid", 0 0;
v0x651cc732d850_0 .var "yara0_hits", 31 0;
v0x651cc732d930_0 .var "yara0_imports", 31 0;
v0x651cc732da10_0 .var "yara0_misses", 31 0;
v0x651cc732daf0_0 .var "yara1_hits", 31 0;
v0x651cc732dbd0_0 .var "yara1_imports", 31 0;
v0x651cc732dcb0_0 .var "yara1_misses", 31 0;
E_0x651cc727a980/0 .event anyedge, v0x651cc732ace0_0, v0x651cc732ac40_0, v0x651cc732bb60_0, v0x651cc732be50_0;
E_0x651cc727a980/1 .event anyedge, v0x651cc73250a0_0, v0x651cc7328e20_0, v0x651cc7324e00_0, v0x651cc7328970_0;
E_0x651cc727a980/2 .event anyedge, v0x651cc7324ee0_0, v0x651cc7328c60_0, v0x651cc7324d20_0, v0x651cc7328890_0;
E_0x651cc727a980/3 .event anyedge, v0x651cc7324fc0_0, v0x651cc7328d40_0;
E_0x651cc727a980 .event/or E_0x651cc727a980/0, E_0x651cc727a980/1, E_0x651cc727a980/2, E_0x651cc727a980/3;
E_0x651cc72815b0 .event anyedge, v0x651cc732bdb0_0;
E_0x651cc7284410 .event anyedge, v0x651cc732aee0_0, v0x651cc732cfc0_0;
E_0x651cc7261740/0 .event anyedge, v0x651cc732d790_0, v0x651cc732d490_0, v0x651cc73250a0_0, v0x651cc7328e20_0;
E_0x651cc7261740/1 .event anyedge, v0x651cc7324e00_0, v0x651cc7328970_0, v0x651cc7324ee0_0, v0x651cc7328c60_0;
E_0x651cc7261740/2 .event anyedge, v0x651cc7324d20_0, v0x651cc7328890_0, v0x651cc7324fc0_0, v0x651cc7328d40_0;
E_0x651cc7261740 .event/or E_0x651cc7261740/0, E_0x651cc7261740/1, E_0x651cc7261740/2;
E_0x651cc7306500/0 .event anyedge, v0x651cc732ce40_0, v0x651cc732cd80_0, v0x651cc732d790_0, v0x651cc732b080_0;
E_0x651cc7306500/1 .event anyedge, v0x651cc732d490_0, v0x651cc732cfc0_0;
E_0x651cc7306500 .event/or E_0x651cc7306500/0, E_0x651cc7306500/1;
E_0x651cc7321f80 .event anyedge, v0x651cc732b220_0, v0x651cc732ace0_0, v0x651cc732ac40_0;
E_0x651cc7322020 .event anyedge, v0x651cc732ac40_0, v0x651cc732d490_0, v0x651cc732cfc0_0;
L_0x651cc732fac0 .part v0x651cc732c370_0, 0, 1;
L_0x651cc732fbc0 .part v0x651cc732b9a0_0, 0, 1;
L_0x651cc732fcc0 .part v0x651cc732c370_0, 1, 1;
L_0x651cc732fd90 .part v0x651cc732b9a0_0, 1, 1;
L_0x651cc732feb0 .concat8 [ 1 1 0 0], v0x651cc73235a0_0, v0x651cc7327160_0;
L_0x651cc732ffb0 .concat8 [ 1 1 0 0], v0x651cc7324b80_0, v0x651cc73286f0_0;
L_0x651cc7330120 .concat8 [ 1 1 0 0], v0x651cc7323900_0, v0x651cc73274c0_0;
S_0x651cc7322080 .scope generate, "generate_local_rmu[0]" "generate_local_rmu[0]" 4 302, 4 302 0, S_0x651cc7321670;
 .timescale 0 0;
P_0x651cc7322280 .param/l "yara_index" 1 4 302, +C4<00>;
S_0x651cc7322360 .scope module, "local_rmu" "ifa_relation_memory_controller_admin" 4 311, 5 12 0, S_0x651cc7322080;
 .timescale 0 0;
    .port_info 0 /INPUT 1 "clk";
    .port_info 1 /INPUT 1 "rst";
    .port_info 2 /INPUT 1 "req_valid";
    .port_info 3 /INPUT 8 "in_y";
    .port_info 4 /INPUT 8 "in_ra";
    .port_info 5 /INPUT 8 "in_rd";
    .port_info 6 /INPUT 8 "in_r0";
    .port_info 7 /INPUT 8 "in_t";
    .port_info 8 /INPUT 1 "admin_import_valid";
    .port_info 9 /INPUT 8 "admin_y";
    .port_info 10 /INPUT 8 "admin_ra";
    .port_info 11 /INPUT 8 "admin_rd";
    .port_info 12 /INPUT 8 "admin_r0";
    .port_info 13 /INPUT 8 "admin_t";
    .port_info 14 /OUTPUT 1 "hit";
    .port_info 15 /OUTPUT 1 "miss";
    .port_info 16 /OUTPUT 1 "import_done";
    .port_info 17 /OUTPUT 8 "out_y";
    .port_info 18 /OUTPUT 8 "out_ra";
    .port_info 19 /OUTPUT 8 "out_rd";
    .port_info 20 /OUTPUT 8 "out_r0";
    .port_info 21 /OUTPUT 8 "out_t";
    .port_info 22 /OUTPUT 32 "hit_count";
    .port_info 23 /OUTPUT 32 "miss_count";
    .port_info 24 /OUTPUT 32 "store_count";
    .port_info 25 /OUTPUT 32 "evict_count";
    .port_info 26 /OUTPUT 32 "import_count";
P_0x651cc729cf20 .param/l "DEPTH" 0 5 14, +C4<00000000000000000000000000010000>;
P_0x651cc729cf60 .param/l "INDEX_W" 0 5 15, +C4<00000000000000000000000000000100>;
P_0x651cc729cfa0 .param/l "WIDTH" 0 5 13, +C4<00000000000000000000000000001000>;
v0x651cc72d22e0_0 .net "admin_import_valid", 0 0, L_0x651cc732fbc0;  1 drivers
v0x651cc72d2920_0 .var "admin_key_exists", 0 0;
v0x651cc72f70b0_0 .var "admin_key_index", 3 0;
v0x651cc72f0810_0 .net "admin_r0", 7 0, v0x651cc732d160_0;  1 drivers
v0x651cc7322f50_0 .net "admin_ra", 7 0, v0x651cc732d270_0;  1 drivers
v0x651cc7323080_0 .net "admin_rd", 7 0, v0x651cc732d380_0;  1 drivers
v0x651cc7323160_0 .net "admin_t", 7 0, v0x651cc732d570_0;  1 drivers
v0x651cc7323240_0 .net "admin_y", 7 0, v0x651cc732d680_0;  1 drivers
v0x651cc7323320_0 .net "clk", 0 0, v0x651cc732e8a0_0;  alias, 1 drivers
v0x651cc73233e0_0 .var "evict_count", 31 0;
v0x651cc73234c0_0 .var "fifo_ptr", 3 0;
v0x651cc73235a0_0 .var "hit", 0 0;
v0x651cc7323660_0 .var "hit_count", 31 0;
v0x651cc7323740_0 .var/i "i", 31 0;
v0x651cc7323820_0 .var "import_count", 31 0;
v0x651cc7323900_0 .var "import_done", 0 0;
v0x651cc73239c0_0 .net "in_r0", 7 0, v0x651cc732a3f0_0;  alias, 1 drivers
v0x651cc7323aa0_0 .net "in_ra", 7 0, v0x651cc732a510_0;  alias, 1 drivers
v0x651cc7323b80_0 .net "in_rd", 7 0, v0x651cc732a620_0;  alias, 1 drivers
v0x651cc7323c60_0 .net "in_t", 7 0, v0x651cc732a780_0;  alias, 1 drivers
v0x651cc7323d40_0 .net "in_y", 7 0, v0x651cc732a890_0;  alias, 1 drivers
v0x651cc7323e20_0 .var/i "j", 31 0;
v0x651cc7323f00_0 .var "lookup_hit", 0 0;
v0x651cc7323fc0_0 .var "lookup_index", 3 0;
v0x651cc73240a0 .array "mem_r0", 15 0, 7 0;
v0x651cc7324160 .array "mem_ra", 15 0, 7 0;
v0x651cc7324420 .array "mem_rd", 15 0, 7 0;
v0x651cc7324770 .array "mem_t", 15 0, 7 0;
v0x651cc7324ac0 .array "mem_y", 15 0, 7 0;
v0x651cc7324b80_0 .var "miss", 0 0;
v0x651cc7324c40_0 .var "miss_count", 31 0;
v0x651cc7324d20_0 .var "out_r0", 7 0;
v0x651cc7324e00_0 .var "out_ra", 7 0;
v0x651cc7324ee0_0 .var "out_rd", 7 0;
v0x651cc7324fc0_0 .var "out_t", 7 0;
v0x651cc73250a0_0 .var "out_y", 7 0;
v0x651cc7325180_0 .net "req_valid", 0 0, L_0x651cc732fac0;  1 drivers
v0x651cc7325240_0 .net "rst", 0 0, v0x651cc732f060_0;  alias, 1 drivers
v0x651cc7325300_0 .var "store_count", 31 0;
v0x651cc73253e0 .array "valid", 15 0, 0 0;
E_0x651cc7322920 .event posedge, v0x651cc7323320_0;
v0x651cc73253e0_0 .array/port v0x651cc73253e0, 0;
v0x651cc73253e0_1 .array/port v0x651cc73253e0, 1;
v0x651cc73253e0_2 .array/port v0x651cc73253e0, 2;
v0x651cc73253e0_3 .array/port v0x651cc73253e0, 3;
E_0x651cc73229a0/0 .event anyedge, v0x651cc73253e0_0, v0x651cc73253e0_1, v0x651cc73253e0_2, v0x651cc73253e0_3;
v0x651cc73253e0_4 .array/port v0x651cc73253e0, 4;
v0x651cc73253e0_5 .array/port v0x651cc73253e0, 5;
v0x651cc73253e0_6 .array/port v0x651cc73253e0, 6;
v0x651cc73253e0_7 .array/port v0x651cc73253e0, 7;
E_0x651cc73229a0/1 .event anyedge, v0x651cc73253e0_4, v0x651cc73253e0_5, v0x651cc73253e0_6, v0x651cc73253e0_7;
v0x651cc73253e0_8 .array/port v0x651cc73253e0, 8;
v0x651cc73253e0_9 .array/port v0x651cc73253e0, 9;
v0x651cc73253e0_10 .array/port v0x651cc73253e0, 10;
v0x651cc73253e0_11 .array/port v0x651cc73253e0, 11;
E_0x651cc73229a0/2 .event anyedge, v0x651cc73253e0_8, v0x651cc73253e0_9, v0x651cc73253e0_10, v0x651cc73253e0_11;
v0x651cc73253e0_12 .array/port v0x651cc73253e0, 12;
v0x651cc73253e0_13 .array/port v0x651cc73253e0, 13;
v0x651cc73253e0_14 .array/port v0x651cc73253e0, 14;
v0x651cc73253e0_15 .array/port v0x651cc73253e0, 15;
E_0x651cc73229a0/3 .event anyedge, v0x651cc73253e0_12, v0x651cc73253e0_13, v0x651cc73253e0_14, v0x651cc73253e0_15;
v0x651cc7324160_0 .array/port v0x651cc7324160, 0;
v0x651cc7324160_1 .array/port v0x651cc7324160, 1;
v0x651cc7324160_2 .array/port v0x651cc7324160, 2;
v0x651cc7324160_3 .array/port v0x651cc7324160, 3;
E_0x651cc73229a0/4 .event anyedge, v0x651cc7324160_0, v0x651cc7324160_1, v0x651cc7324160_2, v0x651cc7324160_3;
v0x651cc7324160_4 .array/port v0x651cc7324160, 4;
v0x651cc7324160_5 .array/port v0x651cc7324160, 5;
v0x651cc7324160_6 .array/port v0x651cc7324160, 6;
v0x651cc7324160_7 .array/port v0x651cc7324160, 7;
E_0x651cc73229a0/5 .event anyedge, v0x651cc7324160_4, v0x651cc7324160_5, v0x651cc7324160_6, v0x651cc7324160_7;
v0x651cc7324160_8 .array/port v0x651cc7324160, 8;
v0x651cc7324160_9 .array/port v0x651cc7324160, 9;
v0x651cc7324160_10 .array/port v0x651cc7324160, 10;
v0x651cc7324160_11 .array/port v0x651cc7324160, 11;
E_0x651cc73229a0/6 .event anyedge, v0x651cc7324160_8, v0x651cc7324160_9, v0x651cc7324160_10, v0x651cc7324160_11;
v0x651cc7324160_12 .array/port v0x651cc7324160, 12;
v0x651cc7324160_13 .array/port v0x651cc7324160, 13;
v0x651cc7324160_14 .array/port v0x651cc7324160, 14;
v0x651cc7324160_15 .array/port v0x651cc7324160, 15;
E_0x651cc73229a0/7 .event anyedge, v0x651cc7324160_12, v0x651cc7324160_13, v0x651cc7324160_14, v0x651cc7324160_15;
v0x651cc7324420_0 .array/port v0x651cc7324420, 0;
v0x651cc7324420_1 .array/port v0x651cc7324420, 1;
v0x651cc7324420_2 .array/port v0x651cc7324420, 2;
E_0x651cc73229a0/8 .event anyedge, v0x651cc7322f50_0, v0x651cc7324420_0, v0x651cc7324420_1, v0x651cc7324420_2;
v0x651cc7324420_3 .array/port v0x651cc7324420, 3;
v0x651cc7324420_4 .array/port v0x651cc7324420, 4;
v0x651cc7324420_5 .array/port v0x651cc7324420, 5;
v0x651cc7324420_6 .array/port v0x651cc7324420, 6;
E_0x651cc73229a0/9 .event anyedge, v0x651cc7324420_3, v0x651cc7324420_4, v0x651cc7324420_5, v0x651cc7324420_6;
v0x651cc7324420_7 .array/port v0x651cc7324420, 7;
v0x651cc7324420_8 .array/port v0x651cc7324420, 8;
v0x651cc7324420_9 .array/port v0x651cc7324420, 9;
v0x651cc7324420_10 .array/port v0x651cc7324420, 10;
E_0x651cc73229a0/10 .event anyedge, v0x651cc7324420_7, v0x651cc7324420_8, v0x651cc7324420_9, v0x651cc7324420_10;
v0x651cc7324420_11 .array/port v0x651cc7324420, 11;
v0x651cc7324420_12 .array/port v0x651cc7324420, 12;
v0x651cc7324420_13 .array/port v0x651cc7324420, 13;
v0x651cc7324420_14 .array/port v0x651cc7324420, 14;
E_0x651cc73229a0/11 .event anyedge, v0x651cc7324420_11, v0x651cc7324420_12, v0x651cc7324420_13, v0x651cc7324420_14;
v0x651cc7324420_15 .array/port v0x651cc7324420, 15;
v0x651cc7324770_0 .array/port v0x651cc7324770, 0;
v0x651cc7324770_1 .array/port v0x651cc7324770, 1;
E_0x651cc73229a0/12 .event anyedge, v0x651cc7324420_15, v0x651cc7323080_0, v0x651cc7324770_0, v0x651cc7324770_1;
v0x651cc7324770_2 .array/port v0x651cc7324770, 2;
v0x651cc7324770_3 .array/port v0x651cc7324770, 3;
v0x651cc7324770_4 .array/port v0x651cc7324770, 4;
v0x651cc7324770_5 .array/port v0x651cc7324770, 5;
E_0x651cc73229a0/13 .event anyedge, v0x651cc7324770_2, v0x651cc7324770_3, v0x651cc7324770_4, v0x651cc7324770_5;
v0x651cc7324770_6 .array/port v0x651cc7324770, 6;
v0x651cc7324770_7 .array/port v0x651cc7324770, 7;
v0x651cc7324770_8 .array/port v0x651cc7324770, 8;
v0x651cc7324770_9 .array/port v0x651cc7324770, 9;
E_0x651cc73229a0/14 .event anyedge, v0x651cc7324770_6, v0x651cc7324770_7, v0x651cc7324770_8, v0x651cc7324770_9;
v0x651cc7324770_10 .array/port v0x651cc7324770, 10;
v0x651cc7324770_11 .array/port v0x651cc7324770, 11;
v0x651cc7324770_12 .array/port v0x651cc7324770, 12;
v0x651cc7324770_13 .array/port v0x651cc7324770, 13;
E_0x651cc73229a0/15 .event anyedge, v0x651cc7324770_10, v0x651cc7324770_11, v0x651cc7324770_12, v0x651cc7324770_13;
v0x651cc7324770_14 .array/port v0x651cc7324770, 14;
v0x651cc7324770_15 .array/port v0x651cc7324770, 15;
E_0x651cc73229a0/16 .event anyedge, v0x651cc7324770_14, v0x651cc7324770_15, v0x651cc7323160_0;
E_0x651cc73229a0 .event/or E_0x651cc73229a0/0, E_0x651cc73229a0/1, E_0x651cc73229a0/2, E_0x651cc73229a0/3, E_0x651cc73229a0/4, E_0x651cc73229a0/5, E_0x651cc73229a0/6, E_0x651cc73229a0/7, E_0x651cc73229a0/8, E_0x651cc73229a0/9, E_0x651cc73229a0/10, E_0x651cc73229a0/11, E_0x651cc73229a0/12, E_0x651cc73229a0/13, E_0x651cc73229a0/14, E_0x651cc73229a0/15, E_0x651cc73229a0/16;
E_0x651cc7322c00/0 .event anyedge, v0x651cc73253e0_0, v0x651cc73253e0_1, v0x651cc73253e0_2, v0x651cc73253e0_3;
E_0x651cc7322c00/1 .event anyedge, v0x651cc73253e0_4, v0x651cc73253e0_5, v0x651cc73253e0_6, v0x651cc73253e0_7;
E_0x651cc7322c00/2 .event anyedge, v0x651cc73253e0_8, v0x651cc73253e0_9, v0x651cc73253e0_10, v0x651cc73253e0_11;
E_0x651cc7322c00/3 .event anyedge, v0x651cc73253e0_12, v0x651cc73253e0_13, v0x651cc73253e0_14, v0x651cc73253e0_15;
E_0x651cc7322c00/4 .event anyedge, v0x651cc7324160_0, v0x651cc7324160_1, v0x651cc7324160_2, v0x651cc7324160_3;
E_0x651cc7322c00/5 .event anyedge, v0x651cc7324160_4, v0x651cc7324160_5, v0x651cc7324160_6, v0x651cc7324160_7;
E_0x651cc7322c00/6 .event anyedge, v0x651cc7324160_8, v0x651cc7324160_9, v0x651cc7324160_10, v0x651cc7324160_11;
E_0x651cc7322c00/7 .event anyedge, v0x651cc7324160_12, v0x651cc7324160_13, v0x651cc7324160_14, v0x651cc7324160_15;
E_0x651cc7322c00/8 .event anyedge, v0x651cc7323aa0_0, v0x651cc7324420_0, v0x651cc7324420_1, v0x651cc7324420_2;
E_0x651cc7322c00/9 .event anyedge, v0x651cc7324420_3, v0x651cc7324420_4, v0x651cc7324420_5, v0x651cc7324420_6;
E_0x651cc7322c00/10 .event anyedge, v0x651cc7324420_7, v0x651cc7324420_8, v0x651cc7324420_9, v0x651cc7324420_10;
E_0x651cc7322c00/11 .event anyedge, v0x651cc7324420_11, v0x651cc7324420_12, v0x651cc7324420_13, v0x651cc7324420_14;
E_0x651cc7322c00/12 .event anyedge, v0x651cc7324420_15, v0x651cc7323b80_0, v0x651cc7324770_0, v0x651cc7324770_1;
E_0x651cc7322c00/13 .event anyedge, v0x651cc7324770_2, v0x651cc7324770_3, v0x651cc7324770_4, v0x651cc7324770_5;
E_0x651cc7322c00/14 .event anyedge, v0x651cc7324770_6, v0x651cc7324770_7, v0x651cc7324770_8, v0x651cc7324770_9;
E_0x651cc7322c00/15 .event anyedge, v0x651cc7324770_10, v0x651cc7324770_11, v0x651cc7324770_12, v0x651cc7324770_13;
E_0x651cc7322c00/16 .event anyedge, v0x651cc7324770_14, v0x651cc7324770_15, v0x651cc7323c60_0;
E_0x651cc7322c00 .event/or E_0x651cc7322c00/0, E_0x651cc7322c00/1, E_0x651cc7322c00/2, E_0x651cc7322c00/3, E_0x651cc7322c00/4, E_0x651cc7322c00/5, E_0x651cc7322c00/6, E_0x651cc7322c00/7, E_0x651cc7322c00/8, E_0x651cc7322c00/9, E_0x651cc7322c00/10, E_0x651cc7322c00/11, E_0x651cc7322c00/12, E_0x651cc7322c00/13, E_0x651cc7322c00/14, E_0x651cc7322c00/15, E_0x651cc7322c00/16;
S_0x651cc7325a70 .scope generate, "generate_local_rmu[1]" "generate_local_rmu[1]" 4 302, 4 302 0, S_0x651cc7321670;
 .timescale 0 0;
P_0x651cc7325c40 .param/l "yara_index" 1 4 302, +C4<01>;
S_0x651cc7325d00 .scope module, "local_rmu" "ifa_relation_memory_controller_admin" 4 311, 5 12 0, S_0x651cc7325a70;
 .timescale 0 0;
    .port_info 0 /INPUT 1 "clk";
    .port_info 1 /INPUT 1 "rst";
    .port_info 2 /INPUT 1 "req_valid";
    .port_info 3 /INPUT 8 "in_y";
    .port_info 4 /INPUT 8 "in_ra";
    .port_info 5 /INPUT 8 "in_rd";
    .port_info 6 /INPUT 8 "in_r0";
    .port_info 7 /INPUT 8 "in_t";
    .port_info 8 /INPUT 1 "admin_import_valid";
    .port_info 9 /INPUT 8 "admin_y";
    .port_info 10 /INPUT 8 "admin_ra";
    .port_info 11 /INPUT 8 "admin_rd";
    .port_info 12 /INPUT 8 "admin_r0";
    .port_info 13 /INPUT 8 "admin_t";
    .port_info 14 /OUTPUT 1 "hit";
    .port_info 15 /OUTPUT 1 "miss";
    .port_info 16 /OUTPUT 1 "import_done";
    .port_info 17 /OUTPUT 8 "out_y";
    .port_info 18 /OUTPUT 8 "out_ra";
    .port_info 19 /OUTPUT 8 "out_rd";
    .port_info 20 /OUTPUT 8 "out_r0";
    .port_info 21 /OUTPUT 8 "out_t";
    .port_info 22 /OUTPUT 32 "hit_count";
    .port_info 23 /OUTPUT 32 "miss_count";
    .port_info 24 /OUTPUT 32 "store_count";
    .port_info 25 /OUTPUT 32 "evict_count";
    .port_info 26 /OUTPUT 32 "import_count";
P_0x651cc72d4060 .param/l "DEPTH" 0 5 14, +C4<00000000000000000000000000010000>;
P_0x651cc72d40a0 .param/l "INDEX_W" 0 5 15, +C4<00000000000000000000000000000100>;
P_0x651cc72d40e0 .param/l "WIDTH" 0 5 13, +C4<00000000000000000000000000001000>;
v0x651cc7326830_0 .net "admin_import_valid", 0 0, L_0x651cc732fd90;  1 drivers
v0x651cc7326910_0 .var "admin_key_exists", 0 0;
v0x651cc73269d0_0 .var "admin_key_index", 3 0;
v0x651cc7326ac0_0 .net "admin_r0", 7 0, v0x651cc732d160_0;  alias, 1 drivers
v0x651cc7326bb0_0 .net "admin_ra", 7 0, v0x651cc732d270_0;  alias, 1 drivers
v0x651cc7326ca0_0 .net "admin_rd", 7 0, v0x651cc732d380_0;  alias, 1 drivers
v0x651cc7326d70_0 .net "admin_t", 7 0, v0x651cc732d570_0;  alias, 1 drivers
v0x651cc7326e40_0 .net "admin_y", 7 0, v0x651cc732d680_0;  alias, 1 drivers
v0x651cc7326f10_0 .net "clk", 0 0, v0x651cc732e8a0_0;  alias, 1 drivers
v0x651cc7326fe0_0 .var "evict_count", 31 0;
v0x651cc7327080_0 .var "fifo_ptr", 3 0;
v0x651cc7327160_0 .var "hit", 0 0;
v0x651cc7327220_0 .var "hit_count", 31 0;
v0x651cc7327300_0 .var/i "i", 31 0;
v0x651cc73273e0_0 .var "import_count", 31 0;
v0x651cc73274c0_0 .var "import_done", 0 0;
v0x651cc7327580_0 .net "in_r0", 7 0, v0x651cc732a3f0_0;  alias, 1 drivers
v0x651cc7327670_0 .net "in_ra", 7 0, v0x651cc732a510_0;  alias, 1 drivers
v0x651cc7327740_0 .net "in_rd", 7 0, v0x651cc732a620_0;  alias, 1 drivers
v0x651cc7327810_0 .net "in_t", 7 0, v0x651cc732a780_0;  alias, 1 drivers
v0x651cc73278e0_0 .net "in_y", 7 0, v0x651cc732a890_0;  alias, 1 drivers
v0x651cc73279b0_0 .var/i "j", 31 0;
v0x651cc7327a70_0 .var "lookup_hit", 0 0;
v0x651cc7327b30_0 .var "lookup_index", 3 0;
v0x651cc7327c10 .array "mem_r0", 15 0, 7 0;
v0x651cc7327cd0 .array "mem_ra", 15 0, 7 0;
v0x651cc7327f90 .array "mem_rd", 15 0, 7 0;
v0x651cc73282e0 .array "mem_t", 15 0, 7 0;
v0x651cc7328630 .array "mem_y", 15 0, 7 0;
v0x651cc73286f0_0 .var "miss", 0 0;
v0x651cc73287b0_0 .var "miss_count", 31 0;
v0x651cc7328890_0 .var "out_r0", 7 0;
v0x651cc7328970_0 .var "out_ra", 7 0;
v0x651cc7328c60_0 .var "out_rd", 7 0;
v0x651cc7328d40_0 .var "out_t", 7 0;
v0x651cc7328e20_0 .var "out_y", 7 0;
v0x651cc7328f00_0 .net "req_valid", 0 0, L_0x651cc732fcc0;  1 drivers
v0x651cc7328fc0_0 .net "rst", 0 0, v0x651cc732f060_0;  alias, 1 drivers
v0x651cc7329090_0 .var "store_count", 31 0;
v0x651cc7329150 .array "valid", 15 0, 0 0;
v0x651cc7329150_0 .array/port v0x651cc7329150, 0;
v0x651cc7329150_1 .array/port v0x651cc7329150, 1;
v0x651cc7329150_2 .array/port v0x651cc7329150, 2;
v0x651cc7329150_3 .array/port v0x651cc7329150, 3;
E_0x651cc7326350/0 .event anyedge, v0x651cc7329150_0, v0x651cc7329150_1, v0x651cc7329150_2, v0x651cc7329150_3;
v0x651cc7329150_4 .array/port v0x651cc7329150, 4;
v0x651cc7329150_5 .array/port v0x651cc7329150, 5;
v0x651cc7329150_6 .array/port v0x651cc7329150, 6;
v0x651cc7329150_7 .array/port v0x651cc7329150, 7;
E_0x651cc7326350/1 .event anyedge, v0x651cc7329150_4, v0x651cc7329150_5, v0x651cc7329150_6, v0x651cc7329150_7;
v0x651cc7329150_8 .array/port v0x651cc7329150, 8;
v0x651cc7329150_9 .array/port v0x651cc7329150, 9;
v0x651cc7329150_10 .array/port v0x651cc7329150, 10;
v0x651cc7329150_11 .array/port v0x651cc7329150, 11;
E_0x651cc7326350/2 .event anyedge, v0x651cc7329150_8, v0x651cc7329150_9, v0x651cc7329150_10, v0x651cc7329150_11;
v0x651cc7329150_12 .array/port v0x651cc7329150, 12;
v0x651cc7329150_13 .array/port v0x651cc7329150, 13;
v0x651cc7329150_14 .array/port v0x651cc7329150, 14;
v0x651cc7329150_15 .array/port v0x651cc7329150, 15;
E_0x651cc7326350/3 .event anyedge, v0x651cc7329150_12, v0x651cc7329150_13, v0x651cc7329150_14, v0x651cc7329150_15;
v0x651cc7327cd0_0 .array/port v0x651cc7327cd0, 0;
v0x651cc7327cd0_1 .array/port v0x651cc7327cd0, 1;
v0x651cc7327cd0_2 .array/port v0x651cc7327cd0, 2;
v0x651cc7327cd0_3 .array/port v0x651cc7327cd0, 3;
E_0x651cc7326350/4 .event anyedge, v0x651cc7327cd0_0, v0x651cc7327cd0_1, v0x651cc7327cd0_2, v0x651cc7327cd0_3;
v0x651cc7327cd0_4 .array/port v0x651cc7327cd0, 4;
v0x651cc7327cd0_5 .array/port v0x651cc7327cd0, 5;
v0x651cc7327cd0_6 .array/port v0x651cc7327cd0, 6;
v0x651cc7327cd0_7 .array/port v0x651cc7327cd0, 7;
E_0x651cc7326350/5 .event anyedge, v0x651cc7327cd0_4, v0x651cc7327cd0_5, v0x651cc7327cd0_6, v0x651cc7327cd0_7;
v0x651cc7327cd0_8 .array/port v0x651cc7327cd0, 8;
v0x651cc7327cd0_9 .array/port v0x651cc7327cd0, 9;
v0x651cc7327cd0_10 .array/port v0x651cc7327cd0, 10;
v0x651cc7327cd0_11 .array/port v0x651cc7327cd0, 11;
E_0x651cc7326350/6 .event anyedge, v0x651cc7327cd0_8, v0x651cc7327cd0_9, v0x651cc7327cd0_10, v0x651cc7327cd0_11;
v0x651cc7327cd0_12 .array/port v0x651cc7327cd0, 12;
v0x651cc7327cd0_13 .array/port v0x651cc7327cd0, 13;
v0x651cc7327cd0_14 .array/port v0x651cc7327cd0, 14;
v0x651cc7327cd0_15 .array/port v0x651cc7327cd0, 15;
E_0x651cc7326350/7 .event anyedge, v0x651cc7327cd0_12, v0x651cc7327cd0_13, v0x651cc7327cd0_14, v0x651cc7327cd0_15;
v0x651cc7327f90_0 .array/port v0x651cc7327f90, 0;
v0x651cc7327f90_1 .array/port v0x651cc7327f90, 1;
v0x651cc7327f90_2 .array/port v0x651cc7327f90, 2;
E_0x651cc7326350/8 .event anyedge, v0x651cc7322f50_0, v0x651cc7327f90_0, v0x651cc7327f90_1, v0x651cc7327f90_2;
v0x651cc7327f90_3 .array/port v0x651cc7327f90, 3;
v0x651cc7327f90_4 .array/port v0x651cc7327f90, 4;
v0x651cc7327f90_5 .array/port v0x651cc7327f90, 5;
v0x651cc7327f90_6 .array/port v0x651cc7327f90, 6;
E_0x651cc7326350/9 .event anyedge, v0x651cc7327f90_3, v0x651cc7327f90_4, v0x651cc7327f90_5, v0x651cc7327f90_6;
v0x651cc7327f90_7 .array/port v0x651cc7327f90, 7;
v0x651cc7327f90_8 .array/port v0x651cc7327f90, 8;
v0x651cc7327f90_9 .array/port v0x651cc7327f90, 9;
v0x651cc7327f90_10 .array/port v0x651cc7327f90, 10;
E_0x651cc7326350/10 .event anyedge, v0x651cc7327f90_7, v0x651cc7327f90_8, v0x651cc7327f90_9, v0x651cc7327f90_10;
v0x651cc7327f90_11 .array/port v0x651cc7327f90, 11;
v0x651cc7327f90_12 .array/port v0x651cc7327f90, 12;
v0x651cc7327f90_13 .array/port v0x651cc7327f90, 13;
v0x651cc7327f90_14 .array/port v0x651cc7327f90, 14;
E_0x651cc7326350/11 .event anyedge, v0x651cc7327f90_11, v0x651cc7327f90_12, v0x651cc7327f90_13, v0x651cc7327f90_14;
v0x651cc7327f90_15 .array/port v0x651cc7327f90, 15;
v0x651cc73282e0_0 .array/port v0x651cc73282e0, 0;
v0x651cc73282e0_1 .array/port v0x651cc73282e0, 1;
E_0x651cc7326350/12 .event anyedge, v0x651cc7327f90_15, v0x651cc7323080_0, v0x651cc73282e0_0, v0x651cc73282e0_1;
v0x651cc73282e0_2 .array/port v0x651cc73282e0, 2;
v0x651cc73282e0_3 .array/port v0x651cc73282e0, 3;
v0x651cc73282e0_4 .array/port v0x651cc73282e0, 4;
v0x651cc73282e0_5 .array/port v0x651cc73282e0, 5;
E_0x651cc7326350/13 .event anyedge, v0x651cc73282e0_2, v0x651cc73282e0_3, v0x651cc73282e0_4, v0x651cc73282e0_5;
v0x651cc73282e0_6 .array/port v0x651cc73282e0, 6;
v0x651cc73282e0_7 .array/port v0x651cc73282e0, 7;
v0x651cc73282e0_8 .array/port v0x651cc73282e0, 8;
v0x651cc73282e0_9 .array/port v0x651cc73282e0, 9;
E_0x651cc7326350/14 .event anyedge, v0x651cc73282e0_6, v0x651cc73282e0_7, v0x651cc73282e0_8, v0x651cc73282e0_9;
v0x651cc73282e0_10 .array/port v0x651cc73282e0, 10;
v0x651cc73282e0_11 .array/port v0x651cc73282e0, 11;
v0x651cc73282e0_12 .array/port v0x651cc73282e0, 12;
v0x651cc73282e0_13 .array/port v0x651cc73282e0, 13;
E_0x651cc7326350/15 .event anyedge, v0x651cc73282e0_10, v0x651cc73282e0_11, v0x651cc73282e0_12, v0x651cc73282e0_13;
v0x651cc73282e0_14 .array/port v0x651cc73282e0, 14;
v0x651cc73282e0_15 .array/port v0x651cc73282e0, 15;
E_0x651cc7326350/16 .event anyedge, v0x651cc73282e0_14, v0x651cc73282e0_15, v0x651cc7323160_0;
E_0x651cc7326350 .event/or E_0x651cc7326350/0, E_0x651cc7326350/1, E_0x651cc7326350/2, E_0x651cc7326350/3, E_0x651cc7326350/4, E_0x651cc7326350/5, E_0x651cc7326350/6, E_0x651cc7326350/7, E_0x651cc7326350/8, E_0x651cc7326350/9, E_0x651cc7326350/10, E_0x651cc7326350/11, E_0x651cc7326350/12, E_0x651cc7326350/13, E_0x651cc7326350/14, E_0x651cc7326350/15, E_0x651cc7326350/16;
E_0x651cc73265d0/0 .event anyedge, v0x651cc7329150_0, v0x651cc7329150_1, v0x651cc7329150_2, v0x651cc7329150_3;
E_0x651cc73265d0/1 .event anyedge, v0x651cc7329150_4, v0x651cc7329150_5, v0x651cc7329150_6, v0x651cc7329150_7;
E_0x651cc73265d0/2 .event anyedge, v0x651cc7329150_8, v0x651cc7329150_9, v0x651cc7329150_10, v0x651cc7329150_11;
E_0x651cc73265d0/3 .event anyedge, v0x651cc7329150_12, v0x651cc7329150_13, v0x651cc7329150_14, v0x651cc7329150_15;
E_0x651cc73265d0/4 .event anyedge, v0x651cc7327cd0_0, v0x651cc7327cd0_1, v0x651cc7327cd0_2, v0x651cc7327cd0_3;
E_0x651cc73265d0/5 .event anyedge, v0x651cc7327cd0_4, v0x651cc7327cd0_5, v0x651cc7327cd0_6, v0x651cc7327cd0_7;
E_0x651cc73265d0/6 .event anyedge, v0x651cc7327cd0_8, v0x651cc7327cd0_9, v0x651cc7327cd0_10, v0x651cc7327cd0_11;
E_0x651cc73265d0/7 .event anyedge, v0x651cc7327cd0_12, v0x651cc7327cd0_13, v0x651cc7327cd0_14, v0x651cc7327cd0_15;
E_0x651cc73265d0/8 .event anyedge, v0x651cc7323aa0_0, v0x651cc7327f90_0, v0x651cc7327f90_1, v0x651cc7327f90_2;
E_0x651cc73265d0/9 .event anyedge, v0x651cc7327f90_3, v0x651cc7327f90_4, v0x651cc7327f90_5, v0x651cc7327f90_6;
E_0x651cc73265d0/10 .event anyedge, v0x651cc7327f90_7, v0x651cc7327f90_8, v0x651cc7327f90_9, v0x651cc7327f90_10;
E_0x651cc73265d0/11 .event anyedge, v0x651cc7327f90_11, v0x651cc7327f90_12, v0x651cc7327f90_13, v0x651cc7327f90_14;
E_0x651cc73265d0/12 .event anyedge, v0x651cc7327f90_15, v0x651cc7323b80_0, v0x651cc73282e0_0, v0x651cc73282e0_1;
E_0x651cc73265d0/13 .event anyedge, v0x651cc73282e0_2, v0x651cc73282e0_3, v0x651cc73282e0_4, v0x651cc73282e0_5;
E_0x651cc73265d0/14 .event anyedge, v0x651cc73282e0_6, v0x651cc73282e0_7, v0x651cc73282e0_8, v0x651cc73282e0_9;
E_0x651cc73265d0/15 .event anyedge, v0x651cc73282e0_10, v0x651cc73282e0_11, v0x651cc73282e0_12, v0x651cc73282e0_13;
E_0x651cc73265d0/16 .event anyedge, v0x651cc73282e0_14, v0x651cc73282e0_15, v0x651cc7323c60_0;
E_0x651cc73265d0 .event/or E_0x651cc73265d0/0, E_0x651cc73265d0/1, E_0x651cc73265d0/2, E_0x651cc73265d0/3, E_0x651cc73265d0/4, E_0x651cc73265d0/5, E_0x651cc73265d0/6, E_0x651cc73265d0/7, E_0x651cc73265d0/8, E_0x651cc73265d0/9, E_0x651cc73265d0/10, E_0x651cc73265d0/11, E_0x651cc73265d0/12, E_0x651cc73265d0/13, E_0x651cc73265d0/14, E_0x651cc73265d0/15, E_0x651cc73265d0/16;
S_0x651cc73298c0 .scope generate, "generate_yara0_statistics" "generate_yara0_statistics" 4 407, 4 407 0, S_0x651cc7321670;
 .timescale 0 0;
E_0x651cc7329a80 .event anyedge, v0x651cc7323660_0, v0x651cc7324c40_0, v0x651cc7323820_0;
S_0x651cc7329ae0 .scope generate, "generate_yara1_statistics" "generate_yara1_statistics" 4 423, 4 423 0, S_0x651cc7321670;
 .timescale 0 0;
E_0x651cc7329cc0 .event anyedge, v0x651cc7327220_0, v0x651cc73287b0_0, v0x651cc73273e0_0;
S_0x651cc7329d40 .scope module, "shared_rpc" "ifa_rpc_stub" 4 139, 6 19 0, S_0x651cc7321670;
 .timescale 0 0;
    .port_info 0 /INPUT 8 "A";
    .port_info 1 /INPUT 8 "B";
    .port_info 2 /OUTPUT 8 "Y";
    .port_info 3 /OUTPUT 8 "RA";
    .port_info 4 /OUTPUT 8 "RD";
    .port_info 5 /OUTPUT 8 "R0";
    .port_info 6 /OUTPUT 8 "T";
P_0x651cc7329f70 .param/l "WIDTH" 0 6 20, +C4<00000000000000000000000000001000>;
v0x651cc732a210_0 .net "A", 7 0, v0x651cc732e5c0_0;  alias, 1 drivers
v0x651cc732a310_0 .net "B", 7 0, v0x651cc732e6f0_0;  alias, 1 drivers
v0x651cc732a3f0_0 .var "R0", 7 0;
v0x651cc732a510_0 .var "RA", 7 0;
v0x651cc732a620_0 .var "RD", 7 0;
v0x651cc732a780_0 .var "T", 7 0;
v0x651cc732a890_0 .var "Y", 7 0;
E_0x651cc732a190 .event anyedge, v0x651cc732a210_0, v0x651cc732a310_0;
S_0x651cc732e180 .scope autotask, "execute_relation" "execute_relation" 3 77, 3 77 0, S_0x651cc72f1150;
 .timescale -9 -12;
v0x651cc732e360_0 .var "a", 7 0;
v0x651cc732e440_0 .var "b", 7 0;
v0x651cc732e520_0 .var "room", 0 0;
TD_tb_ifa_yara_frame_delegation.execute_relation ;
    %wait E_0x651cc727ac40;
    %load/vec4 v0x651cc732e520_0;
    %store/vec4 v0x651cc732e800_0, 0, 1;
    %load/vec4 v0x651cc732e360_0;
    %store/vec4 v0x651cc732e5c0_0, 0, 8;
    %load/vec4 v0x651cc732e440_0;
    %store/vec4 v0x651cc732e6f0_0, 0, 8;
    %pushi/vec4 1, 0, 1;
    %store/vec4 v0x651cc732e940_0, 0, 1;
    %wait E_0x651cc727ac40;
    %pushi/vec4 0, 0, 1;
    %store/vec4 v0x651cc732e940_0, 0, 1;
    %delay 1000, 0;
    %vpi_call/w 3 94 "$display", "EXEC YARA=%0d A=%02h B=%02h hit=%0d miss=%0d Y=%02h RA=%02h RD=%02h R0=%02h T=%02h", v0x651cc732e520_0, v0x651cc732e360_0, v0x651cc732e440_0, v0x651cc732eec0_0, v0x651cc732ef90_0, v0x651cc732edf0_0, v0x651cc732ec10_0, v0x651cc732ecb0_0, v0x651cc732eb70_0, v0x651cc732ed50_0 {0 0 0};
    %end;
    .scope S_0x651cc7322360;
T_2 ;
Ewait_0 .event/or E_0x651cc7322c00, E_0x0;
    %wait Ewait_0;
    %pushi/vec4 0, 0, 1;
    %store/vec4 v0x651cc7323f00_0, 0, 1;
    %pushi/vec4 0, 0, 4;
    %store/vec4 v0x651cc7323fc0_0, 0, 4;
    %pushi/vec4 0, 0, 32;
    %store/vec4 v0x651cc7323e20_0, 0, 32;
T_2.0 ;
    %load/vec4 v0x651cc7323e20_0;
    %cmpi/s 16, 0, 32;
    %jmp/0xz T_2.1, 5;
    %ix/getv/s 4, v0x651cc7323e20_0;
    %load/vec4a v0x651cc73253e0, 4;
    %flag_set/vec4 11;
    %flag_get/vec4 11;
    %jmp/0 T_2.6, 11;
    %ix/getv/s 4, v0x651cc7323e20_0;
    %load/vec4a v0x651cc7324160, 4;
    %load/vec4 v0x651cc7323aa0_0;
    %cmp/e;
    %flag_get/vec4 4;
    %and;
T_2.6;
    %flag_set/vec4 10;
    %flag_get/vec4 10;
    %jmp/0 T_2.5, 10;
    %ix/getv/s 4, v0x651cc7323e20_0;
    %load/vec4a v0x651cc7324420, 4;
    %load/vec4 v0x651cc7323b80_0;
    %cmp/e;
    %flag_get/vec4 4;
    %and;
T_2.5;
    %flag_set/vec4 9;
    %flag_get/vec4 9;
    %jmp/0 T_2.4, 9;
    %ix/getv/s 4, v0x651cc7323e20_0;
    %load/vec4a v0x651cc7324770, 4;
    %load/vec4 v0x651cc7323c60_0;
    %cmp/e;
    %flag_get/vec4 4;
    %and;
T_2.4;
    %flag_set/vec4 8;
    %jmp/0xz  T_2.2, 8;
    %pushi/vec4 1, 0, 1;
    %store/vec4 v0x651cc7323f00_0, 0, 1;
    %load/vec4 v0x651cc7323e20_0;
    %pad/s 4;
    %store/vec4 v0x651cc7323fc0_0, 0, 4;
T_2.2 ;
    %load/vec4 v0x651cc7323e20_0;
    %addi 1, 0, 32;
    %store/vec4 v0x651cc7323e20_0, 0, 32;
    %jmp T_2.0;
T_2.1 ;
    %jmp T_2;
    .thread T_2, $push;
    .scope S_0x651cc7322360;
T_3 ;
Ewait_1 .event/or E_0x651cc73229a0, E_0x0;
    %wait Ewait_1;
    %pushi/vec4 0, 0, 1;
    %store/vec4 v0x651cc72d2920_0, 0, 1;
    %pushi/vec4 0, 0, 4;
    %store/vec4 v0x651cc72f70b0_0, 0, 4;
    %pushi/vec4 0, 0, 32;
    %store/vec4 v0x651cc7323e20_0, 0, 32;
T_3.0 ;
    %load/vec4 v0x651cc7323e20_0;
    %cmpi/s 16, 0, 32;
    %jmp/0xz T_3.1, 5;
    %ix/getv/s 4, v0x651cc7323e20_0;
    %load/vec4a v0x651cc73253e0, 4;
    %flag_set/vec4 11;
    %flag_get/vec4 11;
    %jmp/0 T_3.6, 11;
    %ix/getv/s 4, v0x651cc7323e20_0;
    %load/vec4a v0x651cc7324160, 4;
    %load/vec4 v0x651cc7322f50_0;
    %cmp/e;
    %flag_get/vec4 4;
    %and;
T_3.6;
    %flag_set/vec4 10;
    %flag_get/vec4 10;
    %jmp/0 T_3.5, 10;
    %ix/getv/s 4, v0x651cc7323e20_0;
    %load/vec4a v0x651cc7324420, 4;
    %load/vec4 v0x651cc7323080_0;
    %cmp/e;
    %flag_get/vec4 4;
    %and;
T_3.5;
    %flag_set/vec4 9;
    %flag_get/vec4 9;
    %jmp/0 T_3.4, 9;
    %ix/getv/s 4, v0x651cc7323e20_0;
    %load/vec4a v0x651cc7324770, 4;
    %load/vec4 v0x651cc7323160_0;
    %cmp/e;
    %flag_get/vec4 4;
    %and;
T_3.4;
    %flag_set/vec4 8;
    %jmp/0xz  T_3.2, 8;
    %pushi/vec4 1, 0, 1;
    %store/vec4 v0x651cc72d2920_0, 0, 1;
    %load/vec4 v0x651cc7323e20_0;
    %pad/s 4;
    %store/vec4 v0x651cc72f70b0_0, 0, 4;
T_3.2 ;
    %load/vec4 v0x651cc7323e20_0;
    %addi 1, 0, 32;
    %store/vec4 v0x651cc7323e20_0, 0, 32;
    %jmp T_3.0;
T_3.1 ;
    %jmp T_3;
    .thread T_3, $push;
    .scope S_0x651cc7322360;
T_4 ;
    %wait E_0x651cc7322920;
    %load/vec4 v0x651cc7325240_0;
    %flag_set/vec4 8;
    %jmp/0xz  T_4.0, 8;
    %pushi/vec4 0, 0, 4;
    %assign/vec4 v0x651cc73234c0_0, 0;
    %pushi/vec4 0, 0, 1;
    %assign/vec4 v0x651cc73235a0_0, 0;
    %pushi/vec4 0, 0, 1;
    %assign/vec4 v0x651cc7324b80_0, 0;
    %pushi/vec4 0, 0, 1;
    %assign/vec4 v0x651cc7323900_0, 0;
    %pushi/vec4 0, 0, 8;
    %assign/vec4 v0x651cc73250a0_0, 0;
    %pushi/vec4 0, 0, 8;
    %assign/vec4 v0x651cc7324e00_0, 0;
    %pushi/vec4 0, 0, 8;
    %assign/vec4 v0x651cc7324ee0_0, 0;
    %pushi/vec4 0, 0, 8;
    %assign/vec4 v0x651cc7324d20_0, 0;
    %pushi/vec4 0, 0, 8;
    %assign/vec4 v0x651cc7324fc0_0, 0;
    %pushi/vec4 0, 0, 32;
    %assign/vec4 v0x651cc7323660_0, 0;
    %pushi/vec4 0, 0, 32;
    %assign/vec4 v0x651cc7324c40_0, 0;
    %pushi/vec4 0, 0, 32;
    %assign/vec4 v0x651cc7325300_0, 0;
    %pushi/vec4 0, 0, 32;
    %assign/vec4 v0x651cc73233e0_0, 0;
    %pushi/vec4 0, 0, 32;
    %assign/vec4 v0x651cc7323820_0, 0;
    %pushi/vec4 0, 0, 32;
    %store/vec4 v0x651cc7323740_0, 0, 32;
T_4.2 ;
    %load/vec4 v0x651cc7323740_0;
    %cmpi/s 16, 0, 32;
    %jmp/0xz T_4.3, 5;
    %pushi/vec4 0, 0, 1;
    %ix/getv/s 3, v0x651cc7323740_0;
    %ix/load 4, 0, 0; Constant delay
    %assign/vec4/a/d v0x651cc73253e0, 0, 4;
    %pushi/vec4 0, 0, 8;
    %ix/getv/s 3, v0x651cc7323740_0;
    %ix/load 4, 0, 0; Constant delay
    %assign/vec4/a/d v0x651cc7324ac0, 0, 4;
    %pushi/vec4 0, 0, 8;
    %ix/getv/s 3, v0x651cc7323740_0;
    %ix/load 4, 0, 0; Constant delay
    %assign/vec4/a/d v0x651cc7324160, 0, 4;
    %pushi/vec4 0, 0, 8;
    %ix/getv/s 3, v0x651cc7323740_0;
    %ix/load 4, 0, 0; Constant delay
    %assign/vec4/a/d v0x651cc7324420, 0, 4;
    %pushi/vec4 0, 0, 8;
    %ix/getv/s 3, v0x651cc7323740_0;
    %ix/load 4, 0, 0; Constant delay
    %assign/vec4/a/d v0x651cc73240a0, 0, 4;
    %pushi/vec4 0, 0, 8;
    %ix/getv/s 3, v0x651cc7323740_0;
    %ix/load 4, 0, 0; Constant delay
    %assign/vec4/a/d v0x651cc7324770, 0, 4;
    %load/vec4 v0x651cc7323740_0;
    %addi 1, 0, 32;
    %store/vec4 v0x651cc7323740_0, 0, 32;
    %jmp T_4.2;
T_4.3 ;
    %jmp T_4.1;
T_4.0 ;
    %pushi/vec4 0, 0, 1;
    %assign/vec4 v0x651cc73235a0_0, 0;
    %pushi/vec4 0, 0, 1;
    %assign/vec4 v0x651cc7324b80_0, 0;
    %pushi/vec4 0, 0, 1;
    %assign/vec4 v0x651cc7323900_0, 0;
    %load/vec4 v0x651cc72d22e0_0;
    %flag_set/vec4 8;
    %jmp/0xz  T_4.4, 8;
    %load/vec4 v0x651cc72d2920_0;
    %flag_set/vec4 8;
    %jmp/0xz  T_4.6, 8;
    %load/vec4 v0x651cc7323240_0;
    %load/vec4 v0x651cc72f70b0_0;
    %pad/u 6;
    %ix/vec4 3;
    %ix/load 4, 0, 0; Constant delay
    %assign/vec4/a/d v0x651cc7324ac0, 0, 4;
    %load/vec4 v0x651cc7322f50_0;
    %load/vec4 v0x651cc72f70b0_0;
    %pad/u 6;
    %ix/vec4 3;
    %ix/load 4, 0, 0; Constant delay
    %assign/vec4/a/d v0x651cc7324160, 0, 4;
    %load/vec4 v0x651cc7323080_0;
    %load/vec4 v0x651cc72f70b0_0;
    %pad/u 6;
    %ix/vec4 3;
    %ix/load 4, 0, 0; Constant delay
    %assign/vec4/a/d v0x651cc7324420, 0, 4;
    %load/vec4 v0x651cc72f0810_0;
    %load/vec4 v0x651cc72f70b0_0;
    %pad/u 6;
    %ix/vec4 3;
    %ix/load 4, 0, 0; Constant delay
    %assign/vec4/a/d v0x651cc73240a0, 0, 4;
    %load/vec4 v0x651cc7323160_0;
    %load/vec4 v0x651cc72f70b0_0;
    %pad/u 6;
    %ix/vec4 3;
    %ix/load 4, 0, 0; Constant delay
    %assign/vec4/a/d v0x651cc7324770, 0, 4;
    %jmp T_4.7;
T_4.6 ;
    %load/vec4 v0x651cc73234c0_0;
    %pad/u 6;
    %ix/vec4 4;
    %load/vec4a v0x651cc73253e0, 4;
    %flag_set/vec4 8;
    %jmp/0xz  T_4.8, 8;
    %load/vec4 v0x651cc73233e0_0;
    %addi 1, 0, 32;
    %assign/vec4 v0x651cc73233e0_0, 0;
T_4.8 ;
    %load/vec4 v0x651cc7323240_0;
    %load/vec4 v0x651cc73234c0_0;
    %pad/u 6;
    %ix/vec4 3;
    %ix/load 4, 0, 0; Constant delay
    %assign/vec4/a/d v0x651cc7324ac0, 0, 4;
    %load/vec4 v0x651cc7322f50_0;
    %load/vec4 v0x651cc73234c0_0;
    %pad/u 6;
    %ix/vec4 3;
    %ix/load 4, 0, 0; Constant delay
    %assign/vec4/a/d v0x651cc7324160, 0, 4;
    %load/vec4 v0x651cc7323080_0;
    %load/vec4 v0x651cc73234c0_0;
    %pad/u 6;
    %ix/vec4 3;
    %ix/load 4, 0, 0; Constant delay
    %assign/vec4/a/d v0x651cc7324420, 0, 4;
    %load/vec4 v0x651cc72f0810_0;
    %load/vec4 v0x651cc73234c0_0;
    %pad/u 6;
    %ix/vec4 3;
    %ix/load 4, 0, 0; Constant delay
    %assign/vec4/a/d v0x651cc73240a0, 0, 4;
    %load/vec4 v0x651cc7323160_0;
    %load/vec4 v0x651cc73234c0_0;
    %pad/u 6;
    %ix/vec4 3;
    %ix/load 4, 0, 0; Constant delay
    %assign/vec4/a/d v0x651cc7324770, 0, 4;
    %pushi/vec4 1, 0, 1;
    %load/vec4 v0x651cc73234c0_0;
    %pad/u 6;
    %ix/vec4 3;
    %ix/load 4, 0, 0; Constant delay
    %assign/vec4/a/d v0x651cc73253e0, 0, 4;
    %load/vec4 v0x651cc73234c0_0;
    %addi 1, 0, 4;
    %assign/vec4 v0x651cc73234c0_0, 0;
T_4.7 ;
    %pushi/vec4 1, 0, 1;
    %assign/vec4 v0x651cc7323900_0, 0;
    %load/vec4 v0x651cc7323820_0;
    %addi 1, 0, 32;
    %assign/vec4 v0x651cc7323820_0, 0;
    %jmp T_4.5;
T_4.4 ;
    %load/vec4 v0x651cc7325180_0;
    %flag_set/vec4 8;
    %jmp/0xz  T_4.10, 8;
    %load/vec4 v0x651cc7323f00_0;
    %flag_set/vec4 8;
    %jmp/0xz  T_4.12, 8;
    %pushi/vec4 1, 0, 1;
    %assign/vec4 v0x651cc73235a0_0, 0;
    %load/vec4 v0x651cc7323fc0_0;
    %pad/u 6;
    %ix/vec4 4;
    %load/vec4a v0x651cc7324ac0, 4;
    %assign/vec4 v0x651cc73250a0_0, 0;
    %load/vec4 v0x651cc7323fc0_0;
    %pad/u 6;
    %ix/vec4 4;
    %load/vec4a v0x651cc7324160, 4;
    %assign/vec4 v0x651cc7324e00_0, 0;
    %load/vec4 v0x651cc7323fc0_0;
    %pad/u 6;
    %ix/vec4 4;
    %load/vec4a v0x651cc7324420, 4;
    %assign/vec4 v0x651cc7324ee0_0, 0;
    %load/vec4 v0x651cc7323fc0_0;
    %pad/u 6;
    %ix/vec4 4;
    %load/vec4a v0x651cc73240a0, 4;
    %assign/vec4 v0x651cc7324d20_0, 0;
    %load/vec4 v0x651cc7323fc0_0;
    %pad/u 6;
    %ix/vec4 4;
    %load/vec4a v0x651cc7324770, 4;
    %assign/vec4 v0x651cc7324fc0_0, 0;
    %load/vec4 v0x651cc7323660_0;
    %addi 1, 0, 32;
    %assign/vec4 v0x651cc7323660_0, 0;
    %jmp T_4.13;
T_4.12 ;
    %pushi/vec4 1, 0, 1;
    %assign/vec4 v0x651cc7324b80_0, 0;
    %load/vec4 v0x651cc73234c0_0;
    %pad/u 6;
    %ix/vec4 4;
    %load/vec4a v0x651cc73253e0, 4;
    %flag_set/vec4 8;
    %jmp/0xz  T_4.14, 8;
    %load/vec4 v0x651cc73233e0_0;
    %addi 1, 0, 32;
    %assign/vec4 v0x651cc73233e0_0, 0;
T_4.14 ;
    %load/vec4 v0x651cc7323d40_0;
    %load/vec4 v0x651cc73234c0_0;
    %pad/u 6;
    %ix/vec4 3;
    %ix/load 4, 0, 0; Constant delay
    %assign/vec4/a/d v0x651cc7324ac0, 0, 4;
    %load/vec4 v0x651cc7323aa0_0;
    %load/vec4 v0x651cc73234c0_0;
    %pad/u 6;
    %ix/vec4 3;
    %ix/load 4, 0, 0; Constant delay
    %assign/vec4/a/d v0x651cc7324160, 0, 4;
    %load/vec4 v0x651cc7323b80_0;
    %load/vec4 v0x651cc73234c0_0;
    %pad/u 6;
    %ix/vec4 3;
    %ix/load 4, 0, 0; Constant delay
    %assign/vec4/a/d v0x651cc7324420, 0, 4;
    %load/vec4 v0x651cc73239c0_0;
    %load/vec4 v0x651cc73234c0_0;
    %pad/u 6;
    %ix/vec4 3;
    %ix/load 4, 0, 0; Constant delay
    %assign/vec4/a/d v0x651cc73240a0, 0, 4;
    %load/vec4 v0x651cc7323c60_0;
    %load/vec4 v0x651cc73234c0_0;
    %pad/u 6;
    %ix/vec4 3;
    %ix/load 4, 0, 0; Constant delay
    %assign/vec4/a/d v0x651cc7324770, 0, 4;
    %pushi/vec4 1, 0, 1;
    %load/vec4 v0x651cc73234c0_0;
    %pad/u 6;
    %ix/vec4 3;
    %ix/load 4, 0, 0; Constant delay
    %assign/vec4/a/d v0x651cc73253e0, 0, 4;
    %load/vec4 v0x651cc7323d40_0;
    %assign/vec4 v0x651cc73250a0_0, 0;
    %load/vec4 v0x651cc7323aa0_0;
    %assign/vec4 v0x651cc7324e00_0, 0;
    %load/vec4 v0x651cc7323b80_0;
    %assign/vec4 v0x651cc7324ee0_0, 0;
    %load/vec4 v0x651cc73239c0_0;
    %assign/vec4 v0x651cc7324d20_0, 0;
    %load/vec4 v0x651cc7323c60_0;
    %assign/vec4 v0x651cc7324fc0_0, 0;
    %load/vec4 v0x651cc73234c0_0;
    %addi 1, 0, 4;
    %assign/vec4 v0x651cc73234c0_0, 0;
    %load/vec4 v0x651cc7324c40_0;
    %addi 1, 0, 32;
    %assign/vec4 v0x651cc7324c40_0, 0;
    %load/vec4 v0x651cc7325300_0;
    %addi 1, 0, 32;
    %assign/vec4 v0x651cc7325300_0, 0;
T_4.13 ;
T_4.10 ;
T_4.5 ;
T_4.1 ;
    %jmp T_4;
    .thread T_4;
    .scope S_0x651cc7325d00;
T_5 ;
Ewait_2 .event/or E_0x651cc73265d0, E_0x0;
    %wait Ewait_2;
    %pushi/vec4 0, 0, 1;
    %store/vec4 v0x651cc7327a70_0, 0, 1;
    %pushi/vec4 0, 0, 4;
    %store/vec4 v0x651cc7327b30_0, 0, 4;
    %pushi/vec4 0, 0, 32;
    %store/vec4 v0x651cc73279b0_0, 0, 32;
T_5.0 ;
    %load/vec4 v0x651cc73279b0_0;
    %cmpi/s 16, 0, 32;
    %jmp/0xz T_5.1, 5;
    %ix/getv/s 4, v0x651cc73279b0_0;
    %load/vec4a v0x651cc7329150, 4;
    %flag_set/vec4 11;
    %flag_get/vec4 11;
    %jmp/0 T_5.6, 11;
    %ix/getv/s 4, v0x651cc73279b0_0;
    %load/vec4a v0x651cc7327cd0, 4;
    %load/vec4 v0x651cc7327670_0;
    %cmp/e;
    %flag_get/vec4 4;
    %and;
T_5.6;
    %flag_set/vec4 10;
    %flag_get/vec4 10;
    %jmp/0 T_5.5, 10;
    %ix/getv/s 4, v0x651cc73279b0_0;
    %load/vec4a v0x651cc7327f90, 4;
    %load/vec4 v0x651cc7327740_0;
    %cmp/e;
    %flag_get/vec4 4;
    %and;
T_5.5;
    %flag_set/vec4 9;
    %flag_get/vec4 9;
    %jmp/0 T_5.4, 9;
    %ix/getv/s 4, v0x651cc73279b0_0;
    %load/vec4a v0x651cc73282e0, 4;
    %load/vec4 v0x651cc7327810_0;
    %cmp/e;
    %flag_get/vec4 4;
    %and;
T_5.4;
    %flag_set/vec4 8;
    %jmp/0xz  T_5.2, 8;
    %pushi/vec4 1, 0, 1;
    %store/vec4 v0x651cc7327a70_0, 0, 1;
    %load/vec4 v0x651cc73279b0_0;
    %pad/s 4;
    %store/vec4 v0x651cc7327b30_0, 0, 4;
T_5.2 ;
    %load/vec4 v0x651cc73279b0_0;
    %addi 1, 0, 32;
    %store/vec4 v0x651cc73279b0_0, 0, 32;
    %jmp T_5.0;
T_5.1 ;
    %jmp T_5;
    .thread T_5, $push;
    .scope S_0x651cc7325d00;
T_6 ;
Ewait_3 .event/or E_0x651cc7326350, E_0x0;
    %wait Ewait_3;
    %pushi/vec4 0, 0, 1;
    %store/vec4 v0x651cc7326910_0, 0, 1;
    %pushi/vec4 0, 0, 4;
    %store/vec4 v0x651cc73269d0_0, 0, 4;
    %pushi/vec4 0, 0, 32;
    %store/vec4 v0x651cc73279b0_0, 0, 32;
T_6.0 ;
    %load/vec4 v0x651cc73279b0_0;
    %cmpi/s 16, 0, 32;
    %jmp/0xz T_6.1, 5;
    %ix/getv/s 4, v0x651cc73279b0_0;
    %load/vec4a v0x651cc7329150, 4;
    %flag_set/vec4 11;
    %flag_get/vec4 11;
    %jmp/0 T_6.6, 11;
    %ix/getv/s 4, v0x651cc73279b0_0;
    %load/vec4a v0x651cc7327cd0, 4;
    %load/vec4 v0x651cc7326bb0_0;
    %cmp/e;
    %flag_get/vec4 4;
    %and;
T_6.6;
    %flag_set/vec4 10;
    %flag_get/vec4 10;
    %jmp/0 T_6.5, 10;
    %ix/getv/s 4, v0x651cc73279b0_0;
    %load/vec4a v0x651cc7327f90, 4;
    %load/vec4 v0x651cc7326ca0_0;
    %cmp/e;
    %flag_get/vec4 4;
    %and;
T_6.5;
    %flag_set/vec4 9;
    %flag_get/vec4 9;
    %jmp/0 T_6.4, 9;
    %ix/getv/s 4, v0x651cc73279b0_0;
    %load/vec4a v0x651cc73282e0, 4;
    %load/vec4 v0x651cc7326d70_0;
    %cmp/e;
    %flag_get/vec4 4;
    %and;
T_6.4;
    %flag_set/vec4 8;
    %jmp/0xz  T_6.2, 8;
    %pushi/vec4 1, 0, 1;
    %store/vec4 v0x651cc7326910_0, 0, 1;
    %load/vec4 v0x651cc73279b0_0;
    %pad/s 4;
    %store/vec4 v0x651cc73269d0_0, 0, 4;
T_6.2 ;
    %load/vec4 v0x651cc73279b0_0;
    %addi 1, 0, 32;
    %store/vec4 v0x651cc73279b0_0, 0, 32;
    %jmp T_6.0;
T_6.1 ;
    %jmp T_6;
    .thread T_6, $push;
    .scope S_0x651cc7325d00;
T_7 ;
    %wait E_0x651cc7322920;
    %load/vec4 v0x651cc7328fc0_0;
    %flag_set/vec4 8;
    %jmp/0xz  T_7.0, 8;
    %pushi/vec4 0, 0, 4;
    %assign/vec4 v0x651cc7327080_0, 0;
    %pushi/vec4 0, 0, 1;
    %assign/vec4 v0x651cc7327160_0, 0;
    %pushi/vec4 0, 0, 1;
    %assign/vec4 v0x651cc73286f0_0, 0;
    %pushi/vec4 0, 0, 1;
    %assign/vec4 v0x651cc73274c0_0, 0;
    %pushi/vec4 0, 0, 8;
    %assign/vec4 v0x651cc7328e20_0, 0;
    %pushi/vec4 0, 0, 8;
    %assign/vec4 v0x651cc7328970_0, 0;
    %pushi/vec4 0, 0, 8;
    %assign/vec4 v0x651cc7328c60_0, 0;
    %pushi/vec4 0, 0, 8;
    %assign/vec4 v0x651cc7328890_0, 0;
    %pushi/vec4 0, 0, 8;
    %assign/vec4 v0x651cc7328d40_0, 0;
    %pushi/vec4 0, 0, 32;
    %assign/vec4 v0x651cc7327220_0, 0;
    %pushi/vec4 0, 0, 32;
    %assign/vec4 v0x651cc73287b0_0, 0;
    %pushi/vec4 0, 0, 32;
    %assign/vec4 v0x651cc7329090_0, 0;
    %pushi/vec4 0, 0, 32;
    %assign/vec4 v0x651cc7326fe0_0, 0;
    %pushi/vec4 0, 0, 32;
    %assign/vec4 v0x651cc73273e0_0, 0;
    %pushi/vec4 0, 0, 32;
    %store/vec4 v0x651cc7327300_0, 0, 32;
T_7.2 ;
    %load/vec4 v0x651cc7327300_0;
    %cmpi/s 16, 0, 32;
    %jmp/0xz T_7.3, 5;
    %pushi/vec4 0, 0, 1;
    %ix/getv/s 3, v0x651cc7327300_0;
    %ix/load 4, 0, 0; Constant delay
    %assign/vec4/a/d v0x651cc7329150, 0, 4;
    %pushi/vec4 0, 0, 8;
    %ix/getv/s 3, v0x651cc7327300_0;
    %ix/load 4, 0, 0; Constant delay
    %assign/vec4/a/d v0x651cc7328630, 0, 4;
    %pushi/vec4 0, 0, 8;
    %ix/getv/s 3, v0x651cc7327300_0;
    %ix/load 4, 0, 0; Constant delay
    %assign/vec4/a/d v0x651cc7327cd0, 0, 4;
    %pushi/vec4 0, 0, 8;
    %ix/getv/s 3, v0x651cc7327300_0;
    %ix/load 4, 0, 0; Constant delay
    %assign/vec4/a/d v0x651cc7327f90, 0, 4;
    %pushi/vec4 0, 0, 8;
    %ix/getv/s 3, v0x651cc7327300_0;
    %ix/load 4, 0, 0; Constant delay
    %assign/vec4/a/d v0x651cc7327c10, 0, 4;
    %pushi/vec4 0, 0, 8;
    %ix/getv/s 3, v0x651cc7327300_0;
    %ix/load 4, 0, 0; Constant delay
    %assign/vec4/a/d v0x651cc73282e0, 0, 4;
    %load/vec4 v0x651cc7327300_0;
    %addi 1, 0, 32;
    %store/vec4 v0x651cc7327300_0, 0, 32;
    %jmp T_7.2;
T_7.3 ;
    %jmp T_7.1;
T_7.0 ;
    %pushi/vec4 0, 0, 1;
    %assign/vec4 v0x651cc7327160_0, 0;
    %pushi/vec4 0, 0, 1;
    %assign/vec4 v0x651cc73286f0_0, 0;
    %pushi/vec4 0, 0, 1;
    %assign/vec4 v0x651cc73274c0_0, 0;
    %load/vec4 v0x651cc7326830_0;
    %flag_set/vec4 8;
    %jmp/0xz  T_7.4, 8;
    %load/vec4 v0x651cc7326910_0;
    %flag_set/vec4 8;
    %jmp/0xz  T_7.6, 8;
    %load/vec4 v0x651cc7326e40_0;
    %load/vec4 v0x651cc73269d0_0;
    %pad/u 6;
    %ix/vec4 3;
    %ix/load 4, 0, 0; Constant delay
    %assign/vec4/a/d v0x651cc7328630, 0, 4;
    %load/vec4 v0x651cc7326bb0_0;
    %load/vec4 v0x651cc73269d0_0;
    %pad/u 6;
    %ix/vec4 3;
    %ix/load 4, 0, 0; Constant delay
    %assign/vec4/a/d v0x651cc7327cd0, 0, 4;
    %load/vec4 v0x651cc7326ca0_0;
    %load/vec4 v0x651cc73269d0_0;
    %pad/u 6;
    %ix/vec4 3;
    %ix/load 4, 0, 0; Constant delay
    %assign/vec4/a/d v0x651cc7327f90, 0, 4;
    %load/vec4 v0x651cc7326ac0_0;
    %load/vec4 v0x651cc73269d0_0;
    %pad/u 6;
    %ix/vec4 3;
    %ix/load 4, 0, 0; Constant delay
    %assign/vec4/a/d v0x651cc7327c10, 0, 4;
    %load/vec4 v0x651cc7326d70_0;
    %load/vec4 v0x651cc73269d0_0;
    %pad/u 6;
    %ix/vec4 3;
    %ix/load 4, 0, 0; Constant delay
    %assign/vec4/a/d v0x651cc73282e0, 0, 4;
    %jmp T_7.7;
T_7.6 ;
    %load/vec4 v0x651cc7327080_0;
    %pad/u 6;
    %ix/vec4 4;
    %load/vec4a v0x651cc7329150, 4;
    %flag_set/vec4 8;
    %jmp/0xz  T_7.8, 8;
    %load/vec4 v0x651cc7326fe0_0;
    %addi 1, 0, 32;
    %assign/vec4 v0x651cc7326fe0_0, 0;
T_7.8 ;
    %load/vec4 v0x651cc7326e40_0;
    %load/vec4 v0x651cc7327080_0;
    %pad/u 6;
    %ix/vec4 3;
    %ix/load 4, 0, 0; Constant delay
    %assign/vec4/a/d v0x651cc7328630, 0, 4;
    %load/vec4 v0x651cc7326bb0_0;
    %load/vec4 v0x651cc7327080_0;
    %pad/u 6;
    %ix/vec4 3;
    %ix/load 4, 0, 0; Constant delay
    %assign/vec4/a/d v0x651cc7327cd0, 0, 4;
    %load/vec4 v0x651cc7326ca0_0;
    %load/vec4 v0x651cc7327080_0;
    %pad/u 6;
    %ix/vec4 3;
    %ix/load 4, 0, 0; Constant delay
    %assign/vec4/a/d v0x651cc7327f90, 0, 4;
    %load/vec4 v0x651cc7326ac0_0;
    %load/vec4 v0x651cc7327080_0;
    %pad/u 6;
    %ix/vec4 3;
    %ix/load 4, 0, 0; Constant delay
    %assign/vec4/a/d v0x651cc7327c10, 0, 4;
    %load/vec4 v0x651cc7326d70_0;
    %load/vec4 v0x651cc7327080_0;
    %pad/u 6;
    %ix/vec4 3;
    %ix/load 4, 0, 0; Constant delay
    %assign/vec4/a/d v0x651cc73282e0, 0, 4;
    %pushi/vec4 1, 0, 1;
    %load/vec4 v0x651cc7327080_0;
    %pad/u 6;
    %ix/vec4 3;
    %ix/load 4, 0, 0; Constant delay
    %assign/vec4/a/d v0x651cc7329150, 0, 4;
    %load/vec4 v0x651cc7327080_0;
    %addi 1, 0, 4;
    %assign/vec4 v0x651cc7327080_0, 0;
T_7.7 ;
    %pushi/vec4 1, 0, 1;
    %assign/vec4 v0x651cc73274c0_0, 0;
    %load/vec4 v0x651cc73273e0_0;
    %addi 1, 0, 32;
    %assign/vec4 v0x651cc73273e0_0, 0;
    %jmp T_7.5;
T_7.4 ;
    %load/vec4 v0x651cc7328f00_0;
    %flag_set/vec4 8;
    %jmp/0xz  T_7.10, 8;
    %load/vec4 v0x651cc7327a70_0;
    %flag_set/vec4 8;
    %jmp/0xz  T_7.12, 8;
    %pushi/vec4 1, 0, 1;
    %assign/vec4 v0x651cc7327160_0, 0;
    %load/vec4 v0x651cc7327b30_0;
    %pad/u 6;
    %ix/vec4 4;
    %load/vec4a v0x651cc7328630, 4;
    %assign/vec4 v0x651cc7328e20_0, 0;
    %load/vec4 v0x651cc7327b30_0;
    %pad/u 6;
    %ix/vec4 4;
    %load/vec4a v0x651cc7327cd0, 4;
    %assign/vec4 v0x651cc7328970_0, 0;
    %load/vec4 v0x651cc7327b30_0;
    %pad/u 6;
    %ix/vec4 4;
    %load/vec4a v0x651cc7327f90, 4;
    %assign/vec4 v0x651cc7328c60_0, 0;
    %load/vec4 v0x651cc7327b30_0;
    %pad/u 6;
    %ix/vec4 4;
    %load/vec4a v0x651cc7327c10, 4;
    %assign/vec4 v0x651cc7328890_0, 0;
    %load/vec4 v0x651cc7327b30_0;
    %pad/u 6;
    %ix/vec4 4;
    %load/vec4a v0x651cc73282e0, 4;
    %assign/vec4 v0x651cc7328d40_0, 0;
    %load/vec4 v0x651cc7327220_0;
    %addi 1, 0, 32;
    %assign/vec4 v0x651cc7327220_0, 0;
    %jmp T_7.13;
T_7.12 ;
    %pushi/vec4 1, 0, 1;
    %assign/vec4 v0x651cc73286f0_0, 0;
    %load/vec4 v0x651cc7327080_0;
    %pad/u 6;
    %ix/vec4 4;
    %load/vec4a v0x651cc7329150, 4;
    %flag_set/vec4 8;
    %jmp/0xz  T_7.14, 8;
    %load/vec4 v0x651cc7326fe0_0;
    %addi 1, 0, 32;
    %assign/vec4 v0x651cc7326fe0_0, 0;
T_7.14 ;
    %load/vec4 v0x651cc73278e0_0;
    %load/vec4 v0x651cc7327080_0;
    %pad/u 6;
    %ix/vec4 3;
    %ix/load 4, 0, 0; Constant delay
    %assign/vec4/a/d v0x651cc7328630, 0, 4;
    %load/vec4 v0x651cc7327670_0;
    %load/vec4 v0x651cc7327080_0;
    %pad/u 6;
    %ix/vec4 3;
    %ix/load 4, 0, 0; Constant delay
    %assign/vec4/a/d v0x651cc7327cd0, 0, 4;
    %load/vec4 v0x651cc7327740_0;
    %load/vec4 v0x651cc7327080_0;
    %pad/u 6;
    %ix/vec4 3;
    %ix/load 4, 0, 0; Constant delay
    %assign/vec4/a/d v0x651cc7327f90, 0, 4;
    %load/vec4 v0x651cc7327580_0;
    %load/vec4 v0x651cc7327080_0;
    %pad/u 6;
    %ix/vec4 3;
    %ix/load 4, 0, 0; Constant delay
    %assign/vec4/a/d v0x651cc7327c10, 0, 4;
    %load/vec4 v0x651cc7327810_0;
    %load/vec4 v0x651cc7327080_0;
    %pad/u 6;
    %ix/vec4 3;
    %ix/load 4, 0, 0; Constant delay
    %assign/vec4/a/d v0x651cc73282e0, 0, 4;
    %pushi/vec4 1, 0, 1;
    %load/vec4 v0x651cc7327080_0;
    %pad/u 6;
    %ix/vec4 3;
    %ix/load 4, 0, 0; Constant delay
    %assign/vec4/a/d v0x651cc7329150, 0, 4;
    %load/vec4 v0x651cc73278e0_0;
    %assign/vec4 v0x651cc7328e20_0, 0;
    %load/vec4 v0x651cc7327670_0;
    %assign/vec4 v0x651cc7328970_0, 0;
    %load/vec4 v0x651cc7327740_0;
    %assign/vec4 v0x651cc7328c60_0, 0;
    %load/vec4 v0x651cc7327580_0;
    %assign/vec4 v0x651cc7328890_0, 0;
    %load/vec4 v0x651cc7327810_0;
    %assign/vec4 v0x651cc7328d40_0, 0;
    %load/vec4 v0x651cc7327080_0;
    %addi 1, 0, 4;
    %assign/vec4 v0x651cc7327080_0, 0;
    %load/vec4 v0x651cc73287b0_0;
    %addi 1, 0, 32;
    %assign/vec4 v0x651cc73287b0_0, 0;
    %load/vec4 v0x651cc7329090_0;
    %addi 1, 0, 32;
    %assign/vec4 v0x651cc7329090_0, 0;
T_7.13 ;
T_7.10 ;
T_7.5 ;
T_7.1 ;
    %jmp T_7;
    .thread T_7;
    .scope S_0x651cc73298c0;
T_8 ;
Ewait_4 .event/or E_0x651cc7329a80, E_0x0;
    %wait Ewait_4;
    %ix/load 4, 0, 0;
    %flag_set/imm 4, 0;
    %load/vec4a v0x651cc732bc00, 4;
    %store/vec4 v0x651cc732d850_0, 0, 32;
    %ix/load 4, 0, 0;
    %flag_set/imm 4, 0;
    %load/vec4a v0x651cc732bf30, 4;
    %store/vec4 v0x651cc732da10_0, 0, 32;
    %ix/load 4, 0, 0;
    %flag_set/imm 4, 0;
    %load/vec4a v0x651cc732bce0, 4;
    %store/vec4 v0x651cc732d930_0, 0, 32;
    %jmp T_8;
    .thread T_8, $push;
    .scope S_0x651cc7329ae0;
T_9 ;
Ewait_5 .event/or E_0x651cc7329cc0, E_0x0;
    %wait Ewait_5;
    %ix/load 4, 1, 0;
    %flag_set/imm 4, 0;
    %load/vec4a v0x651cc732bc00, 4;
    %store/vec4 v0x651cc732daf0_0, 0, 32;
    %ix/load 4, 1, 0;
    %flag_set/imm 4, 0;
    %load/vec4a v0x651cc732bf30, 4;
    %store/vec4 v0x651cc732dcb0_0, 0, 32;
    %ix/load 4, 1, 0;
    %flag_set/imm 4, 0;
    %load/vec4a v0x651cc732bce0, 4;
    %store/vec4 v0x651cc732dbd0_0, 0, 32;
    %jmp T_9;
    .thread T_9, $push;
    .scope S_0x651cc7329d40;
T_10 ;
Ewait_6 .event/or E_0x651cc732a190, E_0x0;
    %wait Ewait_6;
    %load/vec4 v0x651cc732a210_0;
    %load/vec4 v0x651cc732a310_0;
    %add;
    %store/vec4 v0x651cc732a890_0, 0, 8;
    %load/vec4 v0x651cc732a210_0;
    %load/vec4 v0x651cc732a310_0;
    %and;
    %store/vec4 v0x651cc732a510_0, 0, 8;
    %load/vec4 v0x651cc732a210_0;
    %load/vec4 v0x651cc732a310_0;
    %xor;
    %store/vec4 v0x651cc732a620_0, 0, 8;
    %load/vec4 v0x651cc732a210_0;
    %load/vec4 v0x651cc732a310_0;
    %or;
    %inv;
    %store/vec4 v0x651cc732a3f0_0, 0, 8;
    %load/vec4 v0x651cc732a620_0;
    %load/vec4 v0x651cc732a890_0;
    %xor;
    %store/vec4 v0x651cc732a780_0, 0, 8;
    %jmp T_10;
    .thread T_10, $push;
    .scope S_0x651cc7321670;
T_11 ;
    %end;
    .thread T_11;
    .scope S_0x651cc7321670;
T_12 ;
Ewait_7 .event/or E_0x651cc7322020, E_0x0;
    %wait Ewait_7;
    %load/vec4 v0x651cc732ac40_0;
    %pad/u 32;
    %cmpi/u 2, 0, 32;
    %flag_get/vec4 5;
    %store/vec4 v0x651cc732ace0_0, 0, 1;
    %load/vec4 v0x651cc732d490_0;
    %pad/u 32;
    %cmpi/u 2, 0, 32;
    %flag_get/vec4 5;
    %store/vec4 v0x651cc732d790_0, 0, 1;
    %load/vec4 v0x651cc732cfc0_0;
    %pad/u 32;
    %cmpi/u 2, 0, 32;
    %flag_get/vec4 5;
    %store/vec4 v0x651cc732b080_0, 0, 1;
    %jmp T_12;
    .thread T_12, $push;
    .scope S_0x651cc7321670;
T_13 ;
Ewait_8 .event/or E_0x651cc7321f80, E_0x0;
    %wait Ewait_8;
    %pushi/vec4 0, 0, 2;
    %store/vec4 v0x651cc732c370_0, 0, 2;
    %load/vec4 v0x651cc732b220_0;
    %flag_set/vec4 9;
    %flag_get/vec4 9;
    %jmp/0 T_13.2, 9;
    %load/vec4 v0x651cc732ace0_0;
    %and;
T_13.2;
    %flag_set/vec4 8;
    %jmp/0xz  T_13.0, 8;
    %pushi/vec4 0, 0, 32;
    %store/vec4 v0x651cc732b740_0, 0, 32;
T_13.3 ;
    %load/vec4 v0x651cc732b740_0;
    %cmpi/s 2, 0, 32;
    %jmp/0xz T_13.4, 5;
    %load/vec4 v0x651cc732ac40_0;
    %pad/u 32;
    %load/vec4 v0x651cc732b740_0;
    %cmp/e;
    %jmp/0xz  T_13.5, 4;
    %pushi/vec4 1, 0, 1;
    %ix/getv/s 4, v0x651cc732b740_0;
    %store/vec4 v0x651cc732c370_0, 4, 1;
T_13.5 ;
    %load/vec4 v0x651cc732b740_0;
    %addi 1, 0, 32;
    %store/vec4 v0x651cc732b740_0, 0, 32;
    %jmp T_13.3;
T_13.4 ;
T_13.0 ;
    %jmp T_13;
    .thread T_13, $push;
    .scope S_0x651cc7321670;
T_14 ;
Ewait_9 .event/or E_0x651cc7306500, E_0x0;
    %wait Ewait_9;
    %load/vec4 v0x651cc732ce40_0;
    %flag_set/vec4 11;
    %flag_get/vec4 11;
    %jmp/0 T_14.3, 11;
    %load/vec4 v0x651cc732cd80_0;
    %and;
T_14.3;
    %flag_set/vec4 10;
    %flag_get/vec4 10;
    %jmp/0 T_14.2, 10;
    %load/vec4 v0x651cc732d790_0;
    %and;
T_14.2;
    %flag_set/vec4 9;
    %flag_get/vec4 9;
    %jmp/0 T_14.1, 9;
    %load/vec4 v0x651cc732b080_0;
    %and;
T_14.1;
    %flag_set/vec4 8;
    %flag_get/vec4 8;
    %jmp/0 T_14.0, 8;
    %load/vec4 v0x651cc732d490_0;
    %load/vec4 v0x651cc732cfc0_0;
    %cmp/ne;
    %flag_get/vec4 4;
    %and;
T_14.0;
    %store/vec4 v0x651cc732aee0_0, 0, 1;
    %jmp T_14;
    .thread T_14, $push;
    .scope S_0x651cc7321670;
T_15 ;
Ewait_10 .event/or E_0x651cc7306500, E_0x0;
    %wait Ewait_10;
    %load/vec4 v0x651cc732ce40_0;
    %flag_set/vec4 8;
    %flag_get/vec4 8;
    %jmp/0 T_15.0, 8;
    %load/vec4 v0x651cc732cd80_0;
    %nor/r;
    %flag_set/vec4 8;
    %jmp/1 T_15.3, 8;
    %load/vec4 v0x651cc732d790_0;
    %nor/r;
    %flag_set/vec4 9;
    %flag_or 8, 9;
T_15.3;
    %jmp/1 T_15.2, 8;
    %load/vec4 v0x651cc732b080_0;
    %nor/r;
    %flag_set/vec4 9;
    %flag_or 8, 9;
T_15.2;
    %flag_get/vec4 8;
    %jmp/1 T_15.1, 8;
    %load/vec4 v0x651cc732d490_0;
    %load/vec4 v0x651cc732cfc0_0;
    %cmp/e;
    %flag_get/vec4 4;
    %or;
T_15.1;
    %and;
T_15.0;
    %store/vec4 v0x651cc732cf00_0, 0, 1;
    %jmp T_15;
    .thread T_15, $push;
    .scope S_0x651cc7321670;
T_16 ;
Ewait_11 .event/or E_0x651cc7261740, E_0x0;
    %wait Ewait_11;
    %pushi/vec4 0, 0, 8;
    %store/vec4 v0x651cc732d680_0, 0, 8;
    %pushi/vec4 0, 0, 8;
    %store/vec4 v0x651cc732d270_0, 0, 8;
    %pushi/vec4 0, 0, 8;
    %store/vec4 v0x651cc732d380_0, 0, 8;
    %pushi/vec4 0, 0, 8;
    %store/vec4 v0x651cc732d160_0, 0, 8;
    %pushi/vec4 0, 0, 8;
    %store/vec4 v0x651cc732d570_0, 0, 8;
    %load/vec4 v0x651cc732d790_0;
    %flag_set/vec4 8;
    %jmp/0xz  T_16.0, 8;
    %load/vec4 v0x651cc732d490_0;
    %pad/u 3;
    %ix/vec4 4;
    %load/vec4a v0x651cc732c650, 4;
    %store/vec4 v0x651cc732d680_0, 0, 8;
    %load/vec4 v0x651cc732d490_0;
    %pad/u 3;
    %ix/vec4 4;
    %load/vec4a v0x651cc732c170, 4;
    %store/vec4 v0x651cc732d270_0, 0, 8;
    %load/vec4 v0x651cc732d490_0;
    %pad/u 3;
    %ix/vec4 4;
    %load/vec4a v0x651cc732c270, 4;
    %store/vec4 v0x651cc732d380_0, 0, 8;
    %load/vec4 v0x651cc732d490_0;
    %pad/u 3;
    %ix/vec4 4;
    %load/vec4a v0x651cc732c070, 4;
    %store/vec4 v0x651cc732d160_0, 0, 8;
    %load/vec4 v0x651cc732d490_0;
    %pad/u 3;
    %ix/vec4 4;
    %load/vec4a v0x651cc732c550, 4;
    %store/vec4 v0x651cc732d570_0, 0, 8;
T_16.0 ;
    %jmp T_16;
    .thread T_16, $push;
    .scope S_0x651cc7321670;
T_17 ;
Ewait_12 .event/or E_0x651cc7284410, E_0x0;
    %wait Ewait_12;
    %pushi/vec4 0, 0, 2;
    %store/vec4 v0x651cc732b9a0_0, 0, 2;
    %load/vec4 v0x651cc732aee0_0;
    %flag_set/vec4 8;
    %jmp/0xz  T_17.0, 8;
    %pushi/vec4 0, 0, 32;
    %store/vec4 v0x651cc732afa0_0, 0, 32;
T_17.2 ;
    %load/vec4 v0x651cc732afa0_0;
    %cmpi/s 2, 0, 32;
    %jmp/0xz T_17.3, 5;
    %load/vec4 v0x651cc732cfc0_0;
    %pad/u 32;
    %load/vec4 v0x651cc732afa0_0;
    %cmp/e;
    %jmp/0xz  T_17.4, 4;
    %pushi/vec4 1, 0, 1;
    %ix/getv/s 4, v0x651cc732afa0_0;
    %store/vec4 v0x651cc732b9a0_0, 4, 1;
T_17.4 ;
    %load/vec4 v0x651cc732afa0_0;
    %addi 1, 0, 32;
    %store/vec4 v0x651cc732afa0_0, 0, 32;
    %jmp T_17.2;
T_17.3 ;
T_17.0 ;
    %jmp T_17;
    .thread T_17, $push;
    .scope S_0x651cc7321670;
T_18 ;
Ewait_13 .event/or E_0x651cc72815b0, E_0x0;
    %wait Ewait_13;
    %pushi/vec4 0, 0, 1;
    %store/vec4 v0x651cc732d0a0_0, 0, 1;
    %pushi/vec4 0, 0, 32;
    %store/vec4 v0x651cc732b140_0, 0, 32;
T_18.0 ;
    %load/vec4 v0x651cc732b140_0;
    %cmpi/s 2, 0, 32;
    %jmp/0xz T_18.1, 5;
    %load/vec4 v0x651cc732d0a0_0;
    %load/vec4 v0x651cc732bdb0_0;
    %load/vec4 v0x651cc732b140_0;
    %part/s 1;
    %or;
    %store/vec4 v0x651cc732d0a0_0, 0, 1;
    %load/vec4 v0x651cc732b140_0;
    %addi 1, 0, 32;
    %store/vec4 v0x651cc732b140_0, 0, 32;
    %jmp T_18.0;
T_18.1 ;
    %jmp T_18;
    .thread T_18, $push;
    .scope S_0x651cc7321670;
T_19 ;
Ewait_14 .event/or E_0x651cc727a980, E_0x0;
    %wait Ewait_14;
    %pushi/vec4 0, 0, 1;
    %store/vec4 v0x651cc732b820_0, 0, 1;
    %pushi/vec4 0, 0, 1;
    %store/vec4 v0x651cc732b8e0_0, 0, 1;
    %pushi/vec4 0, 0, 8;
    %store/vec4 v0x651cc732b660_0, 0, 8;
    %pushi/vec4 0, 0, 8;
    %store/vec4 v0x651cc732b3c0_0, 0, 8;
    %pushi/vec4 0, 0, 8;
    %store/vec4 v0x651cc732b4a0_0, 0, 8;
    %pushi/vec4 0, 0, 8;
    %store/vec4 v0x651cc732b2e0_0, 0, 8;
    %pushi/vec4 0, 0, 8;
    %store/vec4 v0x651cc732b580_0, 0, 8;
    %load/vec4 v0x651cc732ace0_0;
    %flag_set/vec4 8;
    %jmp/0xz  T_19.0, 8;
    %load/vec4 v0x651cc732bb60_0;
    %load/vec4 v0x651cc732ac40_0;
    %part/u 1;
    %store/vec4 v0x651cc732b820_0, 0, 1;
    %load/vec4 v0x651cc732be50_0;
    %load/vec4 v0x651cc732ac40_0;
    %part/u 1;
    %store/vec4 v0x651cc732b8e0_0, 0, 1;
    %load/vec4 v0x651cc732ac40_0;
    %pad/u 3;
    %ix/vec4 4;
    %load/vec4a v0x651cc732c650, 4;
    %store/vec4 v0x651cc732b660_0, 0, 8;
    %load/vec4 v0x651cc732ac40_0;
    %pad/u 3;
    %ix/vec4 4;
    %load/vec4a v0x651cc732c170, 4;
    %store/vec4 v0x651cc732b3c0_0, 0, 8;
    %load/vec4 v0x651cc732ac40_0;
    %pad/u 3;
    %ix/vec4 4;
    %load/vec4a v0x651cc732c270, 4;
    %store/vec4 v0x651cc732b4a0_0, 0, 8;
    %load/vec4 v0x651cc732ac40_0;
    %pad/u 3;
    %ix/vec4 4;
    %load/vec4a v0x651cc732c070, 4;
    %store/vec4 v0x651cc732b2e0_0, 0, 8;
    %load/vec4 v0x651cc732ac40_0;
    %pad/u 3;
    %ix/vec4 4;
    %load/vec4a v0x651cc732c550, 4;
    %store/vec4 v0x651cc732b580_0, 0, 8;
T_19.0 ;
    %jmp T_19;
    .thread T_19, $push;
    .scope S_0x651cc72f1150;
T_20 ;
    %delay 5000, 0;
    %load/vec4 v0x651cc732e8a0_0;
    %inv;
    %store/vec4 v0x651cc732e8a0_0, 0, 1;
    %jmp T_20;
    .thread T_20;
    .scope S_0x651cc72f1150;
T_21 ;
    %vpi_call/w 3 133 "$dumpfile", "sim/v4/ifa_yara_frame_delegation.vcd" {0 0 0};
    %vpi_call/w 3 134 "$dumpvars", 32'sb00000000000000000000000000000000, S_0x651cc72f1150 {0 0 0};
    %pushi/vec4 0, 0, 1;
    %store/vec4 v0x651cc732e8a0_0, 0, 1;
    %pushi/vec4 1, 0, 1;
    %store/vec4 v0x651cc732f060_0, 0, 1;
    %pushi/vec4 0, 0, 1;
    %store/vec4 v0x651cc732e800_0, 0, 1;
    %pushi/vec4 0, 0, 1;
    %store/vec4 v0x651cc732e940_0, 0, 1;
    %pushi/vec4 0, 0, 8;
    %store/vec4 v0x651cc732e5c0_0, 0, 8;
    %pushi/vec4 0, 0, 8;
    %store/vec4 v0x651cc732e6f0_0, 0, 8;
    %pushi/vec4 0, 0, 1;
    %store/vec4 v0x651cc732f1d0_0, 0, 1;
    %pushi/vec4 0, 0, 1;
    %store/vec4 v0x651cc732f510_0, 0, 1;
    %pushi/vec4 1, 0, 1;
    %store/vec4 v0x651cc732f370_0, 0, 1;
    %pushi/vec4 0, 0, 1;
    %store/vec4 v0x651cc732f100_0, 0, 1;
    %pushi/vec4 0, 0, 1;
    %store/vec4 v0x651cc732ead0_0, 0, 1;
    %pushi/vec4 0, 0, 1;
    %store/vec4 v0x651cc732ea30_0, 0, 1;
    %pushi/vec4 3, 0, 32;
T_21.0 %dup/vec4;
    %pushi/vec4 0, 0, 32;
    %cmp/s;
    %jmp/1xz T_21.1, 5;
    %jmp/1 T_21.1, 4;
    %pushi/vec4 1, 0, 32;
    %sub;
    %wait E_0x651cc727ac40;
    %jmp T_21.0;
T_21.1 ;
    %pop/vec4 1;
    %pushi/vec4 0, 0, 1;
    %store/vec4 v0x651cc732f060_0, 0, 1;
    %vpi_call/w 3 155 "$display", "============================================================" {0 0 0};
    %vpi_call/w 3 156 "$display", "IF\303\201 V4 REAL RELATION FRAME DELEGATION TEST" {0 0 0};
    %vpi_call/w 3 157 "$display", "============================================================" {0 0 0};
    %alloc S_0x651cc732e180;
    %pushi/vec4 0, 0, 1;
    %store/vec4 v0x651cc732e520_0, 0, 1;
    %pushi/vec4 13, 0, 8;
    %store/vec4 v0x651cc732e360_0, 0, 8;
    %pushi/vec4 6, 0, 8;
    %store/vec4 v0x651cc732e440_0, 0, 8;
    %fork TD_tb_ifa_yara_frame_delegation.execute_relation, S_0x651cc732e180;
    %join;
    %free S_0x651cc732e180;
    %load/vec4 v0x651cc732ef90_0;
    %cmpi/ne 1, 0, 1;
    %jmp/0xz  T_21.2, 6;
    %vpi_call/w 3 163 "$fatal", 32'sb00000000000000000000000000000001, "YARA 0 first relation should MISS" {0 0 0};
T_21.2 ;
    %alloc S_0x651cc723d490;
    %pushi/vec4 0, 0, 1;
    %store/vec4 v0x651cc72d1a50_0, 0, 1;
    %pushi/vec4 1, 0, 1;
    %store/vec4 v0x651cc72d3910_0, 0, 1;
    %pushi/vec4 0, 0, 1;
    %store/vec4 v0x651cc72d3360_0, 0, 1;
    %fork TD_tb_ifa_yara_frame_delegation.delegate_frame, S_0x651cc723d490;
    %join;
    %free S_0x651cc723d490;
    %load/vec4 v0x651cc732ea30_0;
    %cmpi/ne 1, 0, 1;
    %jmp/0xz  T_21.4, 6;
    %vpi_call/w 3 169 "$fatal", 32'sb00000000000000000000000000000001, "Unauthorized delegation should be denied" {0 0 0};
T_21.4 ;
    %alloc S_0x651cc732e180;
    %pushi/vec4 1, 0, 1;
    %store/vec4 v0x651cc732e520_0, 0, 1;
    %pushi/vec4 13, 0, 8;
    %store/vec4 v0x651cc732e360_0, 0, 8;
    %pushi/vec4 6, 0, 8;
    %store/vec4 v0x651cc732e440_0, 0, 8;
    %fork TD_tb_ifa_yara_frame_delegation.execute_relation, S_0x651cc732e180;
    %join;
    %free S_0x651cc732e180;
    %load/vec4 v0x651cc732ef90_0;
    %cmpi/ne 1, 0, 1;
    %jmp/0xz  T_21.6, 6;
    %vpi_call/w 3 175 "$fatal", 32'sb00000000000000000000000000000001, "YARA 1 must MISS before authorized delegation" {0 0 0};
T_21.6 ;
    %alloc S_0x651cc732e180;
    %pushi/vec4 0, 0, 1;
    %store/vec4 v0x651cc732e520_0, 0, 1;
    %pushi/vec4 33, 0, 8;
    %store/vec4 v0x651cc732e360_0, 0, 8;
    %pushi/vec4 66, 0, 8;
    %store/vec4 v0x651cc732e440_0, 0, 8;
    %fork TD_tb_ifa_yara_frame_delegation.execute_relation, S_0x651cc732e180;
    %join;
    %free S_0x651cc732e180;
    %load/vec4 v0x651cc732ef90_0;
    %cmpi/ne 1, 0, 1;
    %jmp/0xz  T_21.8, 6;
    %vpi_call/w 3 181 "$fatal", 32'sb00000000000000000000000000000001, "YARA 0 second relation should initially MISS" {0 0 0};
T_21.8 ;
    %alloc S_0x651cc723d490;
    %pushi/vec4 0, 0, 1;
    %store/vec4 v0x651cc72d1a50_0, 0, 1;
    %pushi/vec4 1, 0, 1;
    %store/vec4 v0x651cc72d3910_0, 0, 1;
    %pushi/vec4 1, 0, 1;
    %store/vec4 v0x651cc72d3360_0, 0, 1;
    %fork TD_tb_ifa_yara_frame_delegation.delegate_frame, S_0x651cc723d490;
    %join;
    %free S_0x651cc723d490;
    %load/vec4 v0x651cc732f920_0;
    %cmpi/ne 1, 0, 32;
    %jmp/0xz  T_21.10, 6;
    %vpi_call/w 3 187 "$fatal", 32'sb00000000000000000000000000000001, "YARA 1 should contain one imported frame" {0 0 0};
T_21.10 ;
    %alloc S_0x651cc732e180;
    %pushi/vec4 1, 0, 1;
    %store/vec4 v0x651cc732e520_0, 0, 1;
    %pushi/vec4 33, 0, 8;
    %store/vec4 v0x651cc732e360_0, 0, 8;
    %pushi/vec4 66, 0, 8;
    %store/vec4 v0x651cc732e440_0, 0, 8;
    %fork TD_tb_ifa_yara_frame_delegation.execute_relation, S_0x651cc732e180;
    %join;
    %free S_0x651cc732e180;
    %load/vec4 v0x651cc732eec0_0;
    %cmpi/ne 1, 0, 1;
    %jmp/0xz  T_21.12, 6;
    %vpi_call/w 3 193 "$fatal", 32'sb00000000000000000000000000000001, "Delegated frame should produce a YARA 1 HIT" {0 0 0};
T_21.12 ;
    %load/vec4 v0x651cc732edf0_0;
    %cmpi/ne 99, 0, 8;
    %jmp/1 T_21.19, 6;
    %flag_mov 8, 6;
    %load/vec4 v0x651cc732ec10_0;
    %cmpi/ne 0, 0, 8;
    %flag_or 6, 8;
T_21.19;
    %jmp/1 T_21.18, 6;
    %flag_mov 8, 6;
    %load/vec4 v0x651cc732ecb0_0;
    %cmpi/ne 99, 0, 8;
    %flag_or 6, 8;
T_21.18;
    %jmp/1 T_21.17, 6;
    %flag_mov 8, 6;
    %load/vec4 v0x651cc732eb70_0;
    %cmpi/ne 156, 0, 8;
    %flag_or 6, 8;
T_21.17;
    %jmp/1 T_21.16, 6;
    %flag_mov 8, 6;
    %load/vec4 v0x651cc732ed50_0;
    %cmpi/ne 0, 0, 8;
    %flag_or 6, 8;
T_21.16;
    %jmp/0xz  T_21.14, 6;
    %vpi_call/w 3 202 "$fatal", 32'sb00000000000000000000000000000001, "Delegated full Relation Frame was corrupted" {0 0 0};
T_21.14 ;
    %vpi_call/w 3 204 "$display", "\000" {0 0 0};
    %vpi_call/w 3 205 "$display", "FINAL COUNTERS" {0 0 0};
    %vpi_call/w 3 206 "$display", "YARA 0: hits=%0d misses=%0d imports=%0d", v0x651cc732f5e0_0, v0x651cc732f780_0, v0x651cc732f6b0_0 {0 0 0};
    %vpi_call/w 3 208 "$display", "YARA 1: hits=%0d misses=%0d imports=%0d", v0x651cc732f850_0, v0x651cc732f9f0_0, v0x651cc732f920_0 {0 0 0};
    %vpi_call/w 3 211 "$display", "============================================================" {0 0 0};
    %vpi_call/w 3 212 "$display", "PASS: Unauthorized delegation was denied" {0 0 0};
    %vpi_call/w 3 213 "$display", "PASS: Authorized frame was copied into destination RMU" {0 0 0};
    %vpi_call/w 3 214 "$display", "PASS: Destination reused the delegated full Relation Frame" {0 0 0};
    %vpi_call/w 3 215 "$display", "PASS: Relation key remained {RA,RD,T}" {0 0 0};
    %vpi_call/w 3 216 "$display", "============================================================" {0 0 0};
    %vpi_call/w 3 218 "$finish" {0 0 0};
    %end;
    .thread T_21;
# The file index is used to find the file name in the following table.
:file_names 7;
    "N/A";
    "<interactive>";
    "-";
    "tb/v4/tb_ifa_yara_frame_delegation.sv";
    "rtl/v4/ifa_yara_frame_share_core.sv";
    "rtl/v4/ifa_relation_memory_controller_admin.sv";
    "rtl/v4/ifa_rpc_stub.sv";
