#! /usr/bin/vvp
:ivl_version "12.0 (stable)";
:ivl_delay_selection "TYPICAL";
:vpi_time_precision - 12;
:vpi_module "/usr/lib/x86_64-linux-gnu/ivl/system.vpi";
:vpi_module "/usr/lib/x86_64-linux-gnu/ivl/vhdl_sys.vpi";
:vpi_module "/usr/lib/x86_64-linux-gnu/ivl/vhdl_textio.vpi";
:vpi_module "/usr/lib/x86_64-linux-gnu/ivl/v2005_math.vpi";
:vpi_module "/usr/lib/x86_64-linux-gnu/ivl/va_math.vpi";
:vpi_module "/usr/lib/x86_64-linux-gnu/ivl/v2009.vpi";
S_0x57f05f474510 .scope package, "$unit" "$unit" 2 1;
 .timescale 0 0;
S_0x57f05f4746c0 .scope module, "tb_ifa_v4_exhaustive_batch" "tb_ifa_v4_exhaustive_batch" 3 3;
 .timescale -9 -12;
v0x57f05f476400_0 .var/i "A", 31 0;
v0x57f05f4c0330_0 .var/i "B", 31 0;
v0x57f05f4c0410_0 .var "r0", 7 0;
v0x57f05f4c04d0_0 .var "ra", 7 0;
v0x57f05f4c05b0_0 .var "rd", 7 0;
v0x57f05f4c0690_0 .var "t", 7 0;
v0x57f05f4c0770_0 .var "y", 7 0;
    .scope S_0x57f05f4746c0;
T_0 ;
    %pushi/vec4 0, 0, 32;
    %store/vec4 v0x57f05f476400_0, 0, 32;
T_0.0 ;
    %load/vec4 v0x57f05f476400_0;
    %cmpi/s 256, 0, 32;
    %jmp/0xz T_0.1, 5;
    %pushi/vec4 0, 0, 32;
    %store/vec4 v0x57f05f4c0330_0, 0, 32;
T_0.2 ;
    %load/vec4 v0x57f05f4c0330_0;
    %cmpi/s 256, 0, 32;
    %jmp/0xz T_0.3, 5;
    %load/vec4 v0x57f05f476400_0;
    %load/vec4 v0x57f05f4c0330_0;
    %add;
    %pushi/vec4 255, 0, 32;
    %and;
    %pad/u 8;
    %store/vec4 v0x57f05f4c0770_0, 0, 8;
    %load/vec4 v0x57f05f476400_0;
    %load/vec4 v0x57f05f4c0330_0;
    %and;
    %pad/s 8;
    %store/vec4 v0x57f05f4c04d0_0, 0, 8;
    %load/vec4 v0x57f05f476400_0;
    %load/vec4 v0x57f05f4c0330_0;
    %xor;
    %pad/s 8;
    %store/vec4 v0x57f05f4c05b0_0, 0, 8;
    %load/vec4 v0x57f05f476400_0;
    %load/vec4 v0x57f05f4c0330_0;
    %or;
    %inv;
    %pad/s 8;
    %store/vec4 v0x57f05f4c0410_0, 0, 8;
    %load/vec4 v0x57f05f4c05b0_0;
    %load/vec4 v0x57f05f4c0770_0;
    %xor;
    %store/vec4 v0x57f05f4c0690_0, 0, 8;
    %vpi_call/w 3 19 "$display", "RESULT A=%02h B=%02h Y=%02h RA=%02h RD=%02h R0=%02h T=%02h", &PV<v0x57f05f476400_0, 0, 8>, &PV<v0x57f05f4c0330_0, 0, 8>, v0x57f05f4c0770_0, v0x57f05f4c04d0_0, v0x57f05f4c05b0_0, v0x57f05f4c0410_0, v0x57f05f4c0690_0 {0 0 0};
    %load/vec4 v0x57f05f4c0330_0;
    %addi 1, 0, 32;
    %store/vec4 v0x57f05f4c0330_0, 0, 32;
    %jmp T_0.2;
T_0.3 ;
    %load/vec4 v0x57f05f476400_0;
    %addi 1, 0, 32;
    %store/vec4 v0x57f05f476400_0, 0, 32;
    %jmp T_0.0;
T_0.1 ;
    %vpi_call/w 3 23 "$finish" {0 0 0};
    %end;
    .thread T_0;
# The file index is used to find the file name in the following table.
:file_names 4;
    "N/A";
    "<interactive>";
    "-";
    "tb/v4/tb_ifa_v4_exhaustive_batch.sv";
