#! /usr/bin/vvp
:ivl_version "12.0 (stable)";
:ivl_delay_selection "TYPICAL";
:vpi_time_precision - 12;
:vpi_module "/usr/lib/x86_64-linux-gnu/ivl/system.vpi";
:vpi_module "/usr/lib/x86_64-linux-gnu/ivl/vhdl_sys.vpi";
:vpi_module "/usr/lib/x86_64-linux-gnu/ivl/vhdl_textio.vpi";
:vpi_module "/usr/lib/x86_64-linux-gnu/ivl/v2005_math.vpi";
:vpi_module "/usr/lib/x86_64-linux-gnu/ivl/va_math.vpi";
:vpi_module "/usr/lib/x86_64-linux-gnu/ivl/v2009.vpi";
S_0x5cc303a83080 .scope package, "$unit" "$unit" 2 1;
 .timescale 0 0;
S_0x5cc303a82060 .scope module, "tb_ifa_stack_memory_relation_v4" "tb_ifa_stack_memory_relation_v4" 3 3;
 .timescale -9 -12;
P_0x5cc303a821f0 .param/l "ENTRY_WIDTH" 1 3 7, +C4<00000000000000000000000001000010>;
P_0x5cc303a82230 .param/l "MAX_YARA" 1 3 10, +C4<00000000000000000000000000010000>;
P_0x5cc303a82270 .param/l "OP_WIDTH" 1 3 6, +C4<00000000000000000000000000000100>;
P_0x5cc303a822b0 .param/l "SP_W" 1 3 13, +C4<00000000000000000000000000000100>;
P_0x5cc303a822f0 .param/l "STACK_DEPTH" 1 3 11, +C4<00000000000000000000000000010000>;
P_0x5cc303a82330 .param/l "WIDTH" 1 3 5, +C4<00000000000000000000000000001000>;
P_0x5cc303a82370 .param/l "YARA_W" 1 3 12, +C4<00000000000000000000000000000100>;
v0x5cc303abe870_0 .var "active_yara", 3 0;
v0x5cc303abe950_0 .var "clk", 0 0;
v0x5cc303abe9f0_0 .var "frame_yara0", 65 0;
v0x5cc303abeac0_0 .var "frame_yara1", 65 0;
v0x5cc303abeb80_0 .net "read_data", 65 0, v0x5cc303a79210_0;  1 drivers
v0x5cc303abec90_0 .net "read_done", 0 0, v0x5cc303abd480_0;  1 drivers
v0x5cc303abed60_0 .var "read_valid", 0 0;
v0x5cc303abee30_0 .var "rst", 0 0;
v0x5cc303abef00_0 .net "stack_allowed", 0 0, v0x5cc303abd7a0_0;  1 drivers
v0x5cc303abefd0_0 .net "stack_denied", 0 0, v0x5cc303abd860_0;  1 drivers
v0x5cc303abf0a0_0 .var "stack_pointer", 3 0;
v0x5cc303abf170_0 .var "write_data", 65 0;
v0x5cc303abf240_0 .net "write_done", 0 0, v0x5cc303abdc60_0;  1 drivers
v0x5cc303abf310_0 .var "write_valid", 0 0;
S_0x5cc303a915a0 .scope module, "dut" "ifa_stack_memory_v4" 3 40, 4 12 0, S_0x5cc303a82060;
 .timescale 0 0;
    .port_info 0 /INPUT 1 "clk";
    .port_info 1 /INPUT 1 "rst";
    .port_info 2 /INPUT 4 "active_yara";
    .port_info 3 /INPUT 4 "stack_pointer";
    .port_info 4 /INPUT 1 "write_valid";
    .port_info 5 /INPUT 1 "read_valid";
    .port_info 6 /INPUT 66 "write_data";
    .port_info 7 /OUTPUT 66 "read_data";
    .port_info 8 /OUTPUT 1 "write_done";
    .port_info 9 /OUTPUT 1 "read_done";
    .port_info 10 /OUTPUT 1 "stack_allowed";
    .port_info 11 /OUTPUT 1 "stack_denied";
P_0x5cc303a91780 .param/l "ENTRY_WIDTH" 0 4 17, +C4<00000000000000000000000001000010>;
P_0x5cc303a917c0 .param/l "MAX_YARA" 0 4 19, +C4<00000000000000000000000000010000>;
P_0x5cc303a91800 .param/l "PHYS_ADDR_W" 0 4 31, +C4<00000000000000000000000000001000>;
P_0x5cc303a91840 .param/l "SP_W" 0 4 25, +C4<00000000000000000000000000000100>;
P_0x5cc303a91880 .param/l "STACK_DEPTH" 0 4 20, +C4<00000000000000000000000000010000>;
P_0x5cc303a918c0 .param/l "TOTAL_DEPTH" 0 4 28, +C4<00000000000000000000000100000000>;
P_0x5cc303a91900 .param/l "WIDTH" 0 4 14, +C4<00000000000000000000000000001000>;
P_0x5cc303a91940 .param/l "YARA_W" 0 4 22, +C4<00000000000000000000000000000100>;
v0x5cc303a7a8e0_0 .net "active_yara", 3 0, v0x5cc303abe870_0;  1 drivers
v0x5cc303a78a10_0 .var "active_yara_valid", 0 0;
v0x5cc303a808d0_0 .net "clk", 0 0, v0x5cc303abe950_0;  1 drivers
v0x5cc303a7b1f0_0 .var "physical_address", 7 0;
v0x5cc303a79210_0 .var "read_data", 65 0;
v0x5cc303abd480_0 .var "read_done", 0 0;
v0x5cc303abd540_0 .net "read_valid", 0 0, v0x5cc303abed60_0;  1 drivers
v0x5cc303abd600_0 .var/i "reset_index", 31 0;
v0x5cc303abd6e0_0 .net "rst", 0 0, v0x5cc303abee30_0;  1 drivers
v0x5cc303abd7a0_0 .var "stack_allowed", 0 0;
v0x5cc303abd860_0 .var "stack_denied", 0 0;
v0x5cc303abd920 .array "stack_mem", 255 0, 65 0;
v0x5cc303abd9e0_0 .net "stack_pointer", 3 0, v0x5cc303abf0a0_0;  1 drivers
v0x5cc303abdac0_0 .var "stack_pointer_valid", 0 0;
v0x5cc303abdb80_0 .net "write_data", 65 0, v0x5cc303abf170_0;  1 drivers
v0x5cc303abdc60_0 .var "write_done", 0 0;
v0x5cc303abdd20_0 .net "write_valid", 0 0, v0x5cc303abf310_0;  1 drivers
E_0x5cc303a881b0 .event posedge, v0x5cc303a808d0_0;
E_0x5cc303a88a20 .event anyedge, v0x5cc303a7a8e0_0, v0x5cc303abd9e0_0;
S_0x5cc303abdf60 .scope autotask, "read_frame_check" "read_frame_check" 3 90, 3 90 0, S_0x5cc303a82060;
 .timescale -9 -12;
v0x5cc303abe130_0 .var "expected", 65 0;
v0x5cc303abe230_0 .var/i "sp", 31 0;
v0x5cc303abe310_0 .var/i "yara", 31 0;
E_0x5cc303a879e0 .event negedge, v0x5cc303a808d0_0;
TD_tb_ifa_stack_memory_relation_v4.read_frame_check ;
    %wait E_0x5cc303a879e0;
    %load/vec4 v0x5cc303abe310_0;
    %parti/s 4, 0, 2;
    %store/vec4 v0x5cc303abe870_0, 0, 4;
    %load/vec4 v0x5cc303abe230_0;
    %parti/s 4, 0, 2;
    %store/vec4 v0x5cc303abf0a0_0, 0, 4;
    %pushi/vec4 1, 0, 1;
    %store/vec4 v0x5cc303abed60_0, 0, 1;
    %wait E_0x5cc303a881b0;
    %delay 1000, 0;
    %load/vec4 v0x5cc303abec90_0;
    %nor/r;
    %flag_set/vec4 8;
    %jmp/1 T_0.3, 8;
    %load/vec4 v0x5cc303abef00_0;
    %nor/r;
    %flag_set/vec4 9;
    %flag_or 8, 9;
T_0.3;
    %jmp/1 T_0.2, 8;
    %load/vec4 v0x5cc303abefd0_0;
    %flag_set/vec4 9;
    %flag_or 8, 9;
T_0.2;
    %jmp/0xz  T_0.0, 8;
    %vpi_call/w 3 106 "$fatal", 32'sb00000000000000000000000000000001, "RELATION READ FAILED YARA=%0d SP=%0d", v0x5cc303abe310_0, v0x5cc303abe230_0 {0 0 0};
T_0.0 ;
    %load/vec4 v0x5cc303abeb80_0;
    %load/vec4 v0x5cc303abe130_0;
    %cmp/ne;
    %jmp/0xz  T_0.4, 6;
    %vpi_call/w 3 114 "$fatal", 32'sb00000000000000000000000000000001, "RELATION FRAME MISMATCH YARA=%0d SP=%0d", v0x5cc303abe310_0, v0x5cc303abe230_0 {0 0 0};
T_0.4 ;
    %wait E_0x5cc303a879e0;
    %pushi/vec4 0, 0, 1;
    %store/vec4 v0x5cc303abed60_0, 0, 1;
    %end;
S_0x5cc303abe3d0 .scope autotask, "write_frame" "write_frame" 3 61, 3 61 0, S_0x5cc303a82060;
 .timescale -9 -12;
v0x5cc303abe5d0_0 .var "frame", 65 0;
v0x5cc303abe6d0_0 .var/i "sp", 31 0;
v0x5cc303abe7b0_0 .var/i "yara", 31 0;
E_0x5cc303a70c10 .event negedge, v0x5cc303a808d0_0;
TD_tb_ifa_stack_memory_relation_v4.write_frame ;
    %wait E_0x5cc303a70c10;
    %load/vec4 v0x5cc303abe7b0_0;
    %parti/s 4, 0, 2;
    %store/vec4 v0x5cc303abe870_0, 0, 4;
    %load/vec4 v0x5cc303abe6d0_0;
    %parti/s 4, 0, 2;
    %store/vec4 v0x5cc303abf0a0_0, 0, 4;
    %load/vec4 v0x5cc303abe5d0_0;
    %store/vec4 v0x5cc303abf170_0, 0, 66;
    %pushi/vec4 1, 0, 1;
    %store/vec4 v0x5cc303abf310_0, 0, 1;
    %wait E_0x5cc303a881b0;
    %delay 1000, 0;
    %load/vec4 v0x5cc303abf240_0;
    %nor/r;
    %flag_set/vec4 8;
    %jmp/1 T_1.9, 8;
    %load/vec4 v0x5cc303abef00_0;
    %nor/r;
    %flag_set/vec4 9;
    %flag_or 8, 9;
T_1.9;
    %jmp/1 T_1.8, 8;
    %load/vec4 v0x5cc303abefd0_0;
    %flag_set/vec4 9;
    %flag_or 8, 9;
T_1.8;
    %jmp/0xz  T_1.6, 8;
    %vpi_call/w 3 78 "$fatal", 32'sb00000000000000000000000000000001, "RELATION WRITE FAILED YARA=%0d SP=%0d", v0x5cc303abe7b0_0, v0x5cc303abe6d0_0 {0 0 0};
T_1.6 ;
    %wait E_0x5cc303a70c10;
    %pushi/vec4 0, 0, 1;
    %store/vec4 v0x5cc303abf310_0, 0, 1;
    %end;
    .scope S_0x5cc303a915a0;
T_2 ;
    %end;
    .thread T_2;
    .scope S_0x5cc303a915a0;
T_3 ;
Ewait_0 .event/or E_0x5cc303a88a20, E_0x0;
    %wait Ewait_0;
    %load/vec4 v0x5cc303a7a8e0_0;
    %pad/u 32;
    %cmpi/u 16, 0, 32;
    %flag_get/vec4 5;
    %store/vec4 v0x5cc303a78a10_0, 0, 1;
    %load/vec4 v0x5cc303abd9e0_0;
    %pad/u 32;
    %cmpi/u 16, 0, 32;
    %flag_get/vec4 5;
    %store/vec4 v0x5cc303abdac0_0, 0, 1;
    %load/vec4 v0x5cc303a7a8e0_0;
    %pad/u 32;
    %muli 16, 0, 32;
    %load/vec4 v0x5cc303abd9e0_0;
    %pad/u 32;
    %add;
    %pad/u 8;
    %store/vec4 v0x5cc303a7b1f0_0, 0, 8;
    %jmp T_3;
    .thread T_3, $push;
    .scope S_0x5cc303a915a0;
T_4 ;
    %wait E_0x5cc303a881b0;
    %load/vec4 v0x5cc303abd6e0_0;
    %flag_set/vec4 8;
    %jmp/0xz  T_4.0, 8;
    %pushi/vec4 0, 0, 66;
    %assign/vec4 v0x5cc303a79210_0, 0;
    %pushi/vec4 0, 0, 1;
    %assign/vec4 v0x5cc303abdc60_0, 0;
    %pushi/vec4 0, 0, 1;
    %assign/vec4 v0x5cc303abd480_0, 0;
    %pushi/vec4 0, 0, 1;
    %assign/vec4 v0x5cc303abd7a0_0, 0;
    %pushi/vec4 0, 0, 1;
    %assign/vec4 v0x5cc303abd860_0, 0;
    %pushi/vec4 0, 0, 32;
    %store/vec4 v0x5cc303abd600_0, 0, 32;
T_4.2 ;
    %load/vec4 v0x5cc303abd600_0;
    %cmpi/s 256, 0, 32;
    %jmp/0xz T_4.3, 5;
    %pushi/vec4 0, 0, 66;
    %ix/getv/s 3, v0x5cc303abd600_0;
    %ix/load 4, 0, 0; Constant delay
    %assign/vec4/a/d v0x5cc303abd920, 0, 4;
    %load/vec4 v0x5cc303abd600_0;
    %addi 1, 0, 32;
    %store/vec4 v0x5cc303abd600_0, 0, 32;
    %jmp T_4.2;
T_4.3 ;
    %jmp T_4.1;
T_4.0 ;
    %pushi/vec4 0, 0, 1;
    %assign/vec4 v0x5cc303abdc60_0, 0;
    %pushi/vec4 0, 0, 1;
    %assign/vec4 v0x5cc303abd480_0, 0;
    %pushi/vec4 0, 0, 1;
    %assign/vec4 v0x5cc303abd7a0_0, 0;
    %pushi/vec4 0, 0, 1;
    %assign/vec4 v0x5cc303abd860_0, 0;
    %load/vec4 v0x5cc303abdd20_0;
    %flag_set/vec4 8;
    %jmp/1 T_4.6, 8;
    %load/vec4 v0x5cc303abd540_0;
    %flag_set/vec4 9;
    %flag_or 8, 9;
T_4.6;
    %jmp/0xz  T_4.4, 8;
    %load/vec4 v0x5cc303a78a10_0;
    %nor/r;
    %flag_set/vec4 8;
    %jmp/1 T_4.9, 8;
    %load/vec4 v0x5cc303abdac0_0;
    %nor/r;
    %flag_set/vec4 9;
    %flag_or 8, 9;
T_4.9;
    %jmp/0xz  T_4.7, 8;
    %pushi/vec4 1, 0, 1;
    %assign/vec4 v0x5cc303abd860_0, 0;
    %jmp T_4.8;
T_4.7 ;
    %pushi/vec4 1, 0, 1;
    %assign/vec4 v0x5cc303abd7a0_0, 0;
    %load/vec4 v0x5cc303abdd20_0;
    %flag_set/vec4 8;
    %jmp/0xz  T_4.10, 8;
    %load/vec4 v0x5cc303abdb80_0;
    %load/vec4 v0x5cc303a7b1f0_0;
    %pad/u 10;
    %ix/vec4 3;
    %ix/load 4, 0, 0; Constant delay
    %assign/vec4/a/d v0x5cc303abd920, 0, 4;
    %pushi/vec4 1, 0, 1;
    %assign/vec4 v0x5cc303abdc60_0, 0;
T_4.10 ;
    %load/vec4 v0x5cc303abd540_0;
    %flag_set/vec4 8;
    %jmp/0xz  T_4.12, 8;
    %load/vec4 v0x5cc303a7b1f0_0;
    %pad/u 10;
    %ix/vec4 4;
    %load/vec4a v0x5cc303abd920, 4;
    %assign/vec4 v0x5cc303a79210_0, 0;
    %pushi/vec4 1, 0, 1;
    %assign/vec4 v0x5cc303abd480_0, 0;
T_4.12 ;
T_4.8 ;
T_4.4 ;
T_4.1 ;
    %jmp T_4;
    .thread T_4;
    .scope S_0x5cc303a82060;
T_5 ;
    %delay 5000, 0;
    %load/vec4 v0x5cc303abe950_0;
    %inv;
    %store/vec4 v0x5cc303abe950_0, 0, 1;
    %jmp T_5;
    .thread T_5;
    .scope S_0x5cc303a82060;
T_6 ;
    %pushi/vec4 0, 0, 1;
    %store/vec4 v0x5cc303abe950_0, 0, 1;
    %pushi/vec4 1, 0, 1;
    %store/vec4 v0x5cc303abee30_0, 0, 1;
    %pushi/vec4 0, 0, 4;
    %store/vec4 v0x5cc303abe870_0, 0, 4;
    %pushi/vec4 0, 0, 4;
    %store/vec4 v0x5cc303abf0a0_0, 0, 4;
    %pushi/vec4 0, 0, 1;
    %store/vec4 v0x5cc303abf310_0, 0, 1;
    %pushi/vec4 0, 0, 1;
    %store/vec4 v0x5cc303abed60_0, 0, 1;
    %pushi/vec4 0, 0, 66;
    %store/vec4 v0x5cc303abf170_0, 0, 66;
    %pushi/vec4 2842575106, 0, 34;
    %concati/vec4 4230586506, 0, 32;
    %store/vec4 v0x5cc303abe9f0_0, 0, 66;
    %pushi/vec4 4167057537, 0, 33;
    %concati/vec4 4227883009, 0, 33;
    %store/vec4 v0x5cc303abeac0_0, 0, 66;
    %pushi/vec4 2, 0, 32;
T_6.0 %dup/vec4;
    %pushi/vec4 0, 0, 32;
    %cmp/s;
    %jmp/1xz T_6.1, 5;
    %jmp/1 T_6.1, 4;
    %pushi/vec4 1, 0, 32;
    %sub;
    %wait E_0x5cc303a881b0;
    %jmp T_6.0;
T_6.1 ;
    %pop/vec4 1;
    %pushi/vec4 0, 0, 1;
    %store/vec4 v0x5cc303abee30_0, 0, 1;
    %alloc S_0x5cc303abe3d0;
    %pushi/vec4 0, 0, 32;
    %store/vec4 v0x5cc303abe7b0_0, 0, 32;
    %pushi/vec4 3, 0, 32;
    %store/vec4 v0x5cc303abe6d0_0, 0, 32;
    %load/vec4 v0x5cc303abe9f0_0;
    %store/vec4 v0x5cc303abe5d0_0, 0, 66;
    %fork TD_tb_ifa_stack_memory_relation_v4.write_frame, S_0x5cc303abe3d0;
    %join;
    %free S_0x5cc303abe3d0;
    %alloc S_0x5cc303abe3d0;
    %pushi/vec4 1, 0, 32;
    %store/vec4 v0x5cc303abe7b0_0, 0, 32;
    %pushi/vec4 3, 0, 32;
    %store/vec4 v0x5cc303abe6d0_0, 0, 32;
    %load/vec4 v0x5cc303abeac0_0;
    %store/vec4 v0x5cc303abe5d0_0, 0, 66;
    %fork TD_tb_ifa_stack_memory_relation_v4.write_frame, S_0x5cc303abe3d0;
    %join;
    %free S_0x5cc303abe3d0;
    %alloc S_0x5cc303abdf60;
    %pushi/vec4 0, 0, 32;
    %store/vec4 v0x5cc303abe310_0, 0, 32;
    %pushi/vec4 3, 0, 32;
    %store/vec4 v0x5cc303abe230_0, 0, 32;
    %load/vec4 v0x5cc303abe9f0_0;
    %store/vec4 v0x5cc303abe130_0, 0, 66;
    %fork TD_tb_ifa_stack_memory_relation_v4.read_frame_check, S_0x5cc303abdf60;
    %join;
    %free S_0x5cc303abdf60;
    %alloc S_0x5cc303abdf60;
    %pushi/vec4 1, 0, 32;
    %store/vec4 v0x5cc303abe310_0, 0, 32;
    %pushi/vec4 3, 0, 32;
    %store/vec4 v0x5cc303abe230_0, 0, 32;
    %load/vec4 v0x5cc303abeac0_0;
    %store/vec4 v0x5cc303abe130_0, 0, 66;
    %fork TD_tb_ifa_stack_memory_relation_v4.read_frame_check, S_0x5cc303abdf60;
    %join;
    %free S_0x5cc303abdf60;
    %vpi_call/w 3 184 "$display", "PASS: Shared stack RAM stores 66-bit IF\303\201 relation frames" {0 0 0};
    %vpi_call/w 3 188 "$display", "PASS: 66-bit relation frames remain isolated per YARA" {0 0 0};
    %vpi_call/w 3 192 "$finish" {0 0 0};
    %end;
    .thread T_6;
# The file index is used to find the file name in the following table.
:file_names 5;
    "N/A";
    "<interactive>";
    "-";
    "tb/v4/tb_ifa_stack_memory_relation_v4.sv";
    "rtl/v4/ifa_stack_memory_v4.sv";
