#! /usr/bin/vvp
:ivl_version "12.0 (stable)";
:ivl_delay_selection "TYPICAL";
:vpi_time_precision - 12;
:vpi_module "/usr/lib/x86_64-linux-gnu/ivl/system.vpi";
:vpi_module "/usr/lib/x86_64-linux-gnu/ivl/vhdl_sys.vpi";
:vpi_module "/usr/lib/x86_64-linux-gnu/ivl/vhdl_textio.vpi";
:vpi_module "/usr/lib/x86_64-linux-gnu/ivl/v2005_math.vpi";
:vpi_module "/usr/lib/x86_64-linux-gnu/ivl/va_math.vpi";
:vpi_module "/usr/lib/x86_64-linux-gnu/ivl/v2009.vpi";
S_0x62b4540d46b0 .scope package, "$unit" "$unit" 2 1;
 .timescale 0 0;
S_0x62b4540d4840 .scope module, "tb_ifa_program_executor_v4" "tb_ifa_program_executor_v4" 3 3;
 .timescale -9 -12;
P_0x62b4540d49d0 .param/l "IMEM_AW" 1 3 9, +C4<00000000000000000000000000001000>;
P_0x62b4540d4a10 .param/l "IMEM_DEPTH" 1 3 8, +C4<00000000000000000000000100000000>;
P_0x62b4540d4a50 .param/l "IR_WIDTH" 1 3 7, +C4<00000000000000000000000000010000>;
P_0x62b4540d4a90 .param/l "OP_WIDTH" 1 3 6, +C4<00000000000000000000000000000100>;
P_0x62b4540d4ad0 .param/l "WIDTH" 1 3 5, +C4<00000000000000000000000000001000>;
v0x62b45413bee0_0 .var "active_a", 7 0;
v0x62b45413bfc0_0 .var "active_address", 7 0;
v0x62b45413c060_0 .var "active_b", 7 0;
v0x62b45413c160_0 .var "active_flags", 7 0;
v0x62b45413c230_0 .var "active_ir", 15 0;
v0x62b45413c320_0 .var "active_pc", 7 0;
v0x62b45413c3f0_0 .var "active_running", 0 0;
v0x62b45413c4c0_0 .var "active_valid", 0 0;
v0x62b45413c590_0 .net "busy", 0 0, v0x62b454138fe0_0;  1 drivers
v0x62b45413c660_0 .var "clk", 0 0;
v0x62b45413c730_0 .net "context_write", 0 0, v0x62b454139160_0;  1 drivers
v0x62b45413c800_0 .var "eq_flag", 0 0;
v0x62b45413c8d0_0 .var "exception_code", 3 0;
v0x62b45413c9a0_0 .var "exception_valid", 0 0;
v0x62b45413ca70_0 .net "execute_a", 7 0, v0x62b454139480_0;  1 drivers
v0x62b45413cb40_0 .net "execute_b", 7 0, v0x62b454139560_0;  1 drivers
v0x62b45413cc10_0 .net "execute_op", 3 0, v0x62b454139640_0;  1 drivers
v0x62b45413cce0_0 .net "execute_valid", 0 0, v0x62b454139720_0;  1 drivers
v0x62b45413cdb0_0 .net "executor_ir", 15 0, v0x62b4541397e0_0;  1 drivers
v0x62b45413ce80_0 .net "executor_pc", 7 0, v0x62b4541398c0_0;  1 drivers
v0x62b45413cf50_0 .net "executor_state", 3 0, v0x62b4541399a0_0;  1 drivers
v0x62b45413d020_0 .net "fault", 0 0, v0x62b454139a80_0;  1 drivers
v0x62b45413d0f0_0 .var "gt_flag", 0 0;
v0x62b45413d1c0_0 .net "halted", 0 0, v0x62b454139ce0_0;  1 drivers
v0x62b45413d290_0 .var "imem_write_address", 7 0;
v0x62b45413d360_0 .var "imem_write_data", 15 0;
v0x62b45413d430_0 .var "imem_write_valid", 0 0;
v0x62b45413d500_0 .net "instruction_done", 0 0, v0x62b45413a1c0_0;  1 drivers
v0x62b45413d5d0_0 .net "last_exception_code", 3 0, v0x62b45413a280_0;  1 drivers
v0x62b45413d6a0_0 .net "last_exception_valid", 0 0, v0x62b45413a360_0;  1 drivers
v0x62b45413d770_0 .net "last_operation_valid", 0 0, v0x62b45413a630_0;  1 drivers
v0x62b45413d840_0 .net "last_state_code", 3 0, v0x62b45413a6f0_0;  1 drivers
v0x62b45413d910_0 .net "last_state_valid", 0 0, v0x62b45413a7d0_0;  1 drivers
v0x62b45413dbf0_0 .var "lt_flag", 0 0;
v0x62b45413dcc0_0 .var "operation_valid", 0 0;
v0x62b45413dd90_0 .var "rst", 0 0;
v0x62b45413de60_0 .var "start", 0 0;
v0x62b45413df30_0 .var "state_code", 3 0;
v0x62b45413e000_0 .var "state_valid", 0 0;
v0x62b45413e0d0_0 .var "step", 0 0;
v0x62b45413e1a0_0 .var "stop", 0 0;
v0x62b45413e270_0 .net "write_a", 7 0, v0x62b45413b050_0;  1 drivers
v0x62b45413e340_0 .net "write_address", 7 0, v0x62b45413b130_0;  1 drivers
v0x62b45413e410_0 .net "write_b", 7 0, v0x62b45413b210_0;  1 drivers
v0x62b45413e4e0_0 .net "write_flags", 7 0, v0x62b45413b2f0_0;  1 drivers
v0x62b45413e5b0_0 .net "write_ir", 15 0, v0x62b45413b3d0_0;  1 drivers
v0x62b45413e680_0 .net "write_pc", 7 0, v0x62b45413b4b0_0;  1 drivers
E_0x62b4540b8460 .event anyedge, v0x62b454139ce0_0;
E_0x62b454094570 .event negedge, v0x62b4541390a0_0;
E_0x62b454094380 .event anyedge, v0x62b454139720_0, v0x62b454139640_0, v0x62b454139480_0, v0x62b454139560_0;
S_0x62b45406e490 .scope module, "dut" "ifa_program_executor_v4" 3 104, 4 62 0, S_0x62b4540d4840;
 .timescale 0 0;
    .port_info 0 /INPUT 1 "clk";
    .port_info 1 /INPUT 1 "rst";
    .port_info 2 /INPUT 1 "start";
    .port_info 3 /INPUT 1 "step";
    .port_info 4 /INPUT 1 "stop";
    .port_info 5 /OUTPUT 1 "busy";
    .port_info 6 /OUTPUT 1 "halted";
    .port_info 7 /OUTPUT 1 "fault";
    .port_info 8 /INPUT 1 "imem_write_valid";
    .port_info 9 /INPUT 8 "imem_write_address";
    .port_info 10 /INPUT 16 "imem_write_data";
    .port_info 11 /INPUT 1 "active_valid";
    .port_info 12 /INPUT 1 "active_running";
    .port_info 13 /INPUT 8 "active_pc";
    .port_info 14 /INPUT 16 "active_ir";
    .port_info 15 /INPUT 8 "active_a";
    .port_info 16 /INPUT 8 "active_b";
    .port_info 17 /INPUT 8 "active_address";
    .port_info 18 /INPUT 8 "active_flags";
    .port_info 19 /OUTPUT 1 "context_write";
    .port_info 20 /OUTPUT 8 "write_pc";
    .port_info 21 /OUTPUT 16 "write_ir";
    .port_info 22 /OUTPUT 8 "write_a";
    .port_info 23 /OUTPUT 8 "write_b";
    .port_info 24 /OUTPUT 8 "write_address";
    .port_info 25 /OUTPUT 8 "write_flags";
    .port_info 26 /OUTPUT 1 "execute_valid";
    .port_info 27 /OUTPUT 4 "execute_op";
    .port_info 28 /OUTPUT 8 "execute_a";
    .port_info 29 /OUTPUT 8 "execute_b";
    .port_info 30 /INPUT 1 "operation_valid";
    .port_info 31 /INPUT 1 "exception_valid";
    .port_info 32 /INPUT 4 "exception_code";
    .port_info 33 /INPUT 1 "state_valid";
    .port_info 34 /INPUT 4 "state_code";
    .port_info 35 /INPUT 1 "eq_flag";
    .port_info 36 /INPUT 1 "gt_flag";
    .port_info 37 /INPUT 1 "lt_flag";
    .port_info 38 /OUTPUT 8 "executor_pc";
    .port_info 39 /OUTPUT 16 "executor_ir";
    .port_info 40 /OUTPUT 4 "executor_state";
    .port_info 41 /OUTPUT 1 "instruction_done";
    .port_info 42 /OUTPUT 1 "last_operation_valid";
    .port_info 43 /OUTPUT 1 "last_exception_valid";
    .port_info 44 /OUTPUT 4 "last_exception_code";
    .port_info 45 /OUTPUT 1 "last_state_valid";
    .port_info 46 /OUTPUT 4 "last_state_code";
P_0x62b45411a950 .param/l "IMEM_AW" 0 4 67, +C4<00000000000000000000000000001000>;
P_0x62b45411a990 .param/l "IMEM_DEPTH" 0 4 66, +C4<00000000000000000000000100000000>;
P_0x62b45411a9d0 .param/str "INIT_FILE" 0 4 68, "\000";
P_0x62b45411aa10 .param/l "IR_WIDTH" 0 4 65, +C4<00000000000000000000000000010000>;
P_0x62b45411aa50 .param/l "OP_DAGBA" 1 4 168, C4<0010>;
P_0x62b45411aa90 .param/l "OP_GBE" 1 4 171, C4<0101>;
P_0x62b45411aad0 .param/l "OP_JU" 1 4 173, C4<0111>;
P_0x62b45411ab10 .param/l "OP_KERE" 1 4 174, C4<1000>;
P_0x62b45411ab50 .param/l "OP_KU" 1 4 170, C4<0100>;
P_0x62b45411ab90 .param/l "OP_PAPO" 1 4 166, C4<0000>;
P_0x62b45411abd0 .param/l "OP_PIN" 1 4 169, C4<0011>;
P_0x62b45411ac10 .param/l "OP_SEDA" 1 4 172, C4<0110>;
P_0x62b45411ac50 .param/l "OP_WIDTH" 0 4 64, +C4<00000000000000000000000000000100>;
P_0x62b45411ac90 .param/l "OP_YO" 1 4 167, C4<0001>;
P_0x62b45411acd0 .param/l "WIDTH" 0 4 63, +C4<00000000000000000000000000001000>;
enum0x62b454094410 .enum4 (4)
   "ST_IDLE" 4'b0000,
   "ST_FETCH" 4'b0001,
   "ST_DECODE" 4'b0010,
   "ST_WAIT_NATIVE" 4'b0011,
   "ST_COMMIT" 4'b0100,
   "ST_HALTED" 4'b0101,
   "ST_FAULT" 4'b1111
 ;
v0x62b4540fd5e0_0 .net "active_a", 7 0, v0x62b45413bee0_0;  1 drivers
v0x62b4541389d0_0 .net "active_address", 7 0, v0x62b45413bfc0_0;  1 drivers
v0x62b454138ab0_0 .net "active_b", 7 0, v0x62b45413c060_0;  1 drivers
v0x62b454138b70_0 .net "active_flags", 7 0, v0x62b45413c160_0;  1 drivers
v0x62b454138c50_0 .net "active_ir", 15 0, v0x62b45413c230_0;  1 drivers
v0x62b454138d80_0 .net "active_pc", 7 0, v0x62b45413c320_0;  1 drivers
v0x62b454138e60_0 .net "active_running", 0 0, v0x62b45413c3f0_0;  1 drivers
v0x62b454138f20_0 .net "active_valid", 0 0, v0x62b45413c4c0_0;  1 drivers
v0x62b454138fe0_0 .var "busy", 0 0;
v0x62b4541390a0_0 .net "clk", 0 0, v0x62b45413c660_0;  1 drivers
v0x62b454139160_0 .var "context_write", 0 0;
v0x62b454139220_0 .net "eq_flag", 0 0, v0x62b45413c800_0;  1 drivers
v0x62b4541392e0_0 .net "exception_code", 3 0, v0x62b45413c8d0_0;  1 drivers
v0x62b4541393c0_0 .net "exception_valid", 0 0, v0x62b45413c9a0_0;  1 drivers
v0x62b454139480_0 .var "execute_a", 7 0;
v0x62b454139560_0 .var "execute_b", 7 0;
v0x62b454139640_0 .var "execute_op", 3 0;
v0x62b454139720_0 .var "execute_valid", 0 0;
v0x62b4541397e0_0 .var "executor_ir", 15 0;
v0x62b4541398c0_0 .var "executor_pc", 7 0;
v0x62b4541399a0_0 .var "executor_state", 3 0;
v0x62b454139a80_0 .var "fault", 0 0;
v0x62b454139b40_0 .var "fetched_ir", 15 0;
v0x62b454139c20_0 .net "gt_flag", 0 0, v0x62b45413d0f0_0;  1 drivers
v0x62b454139ce0_0 .var "halted", 0 0;
v0x62b454139da0 .array "imem", 255 0, 15 0;
v0x62b454139e60_0 .net "imem_write_address", 7 0, v0x62b45413d290_0;  1 drivers
v0x62b454139f40_0 .net "imem_write_data", 15 0, v0x62b45413d360_0;  1 drivers
v0x62b45413a020_0 .net "imem_write_valid", 0 0, v0x62b45413d430_0;  1 drivers
v0x62b45413a0e0_0 .var/i "index", 31 0;
v0x62b45413a1c0_0 .var "instruction_done", 0 0;
v0x62b45413a280_0 .var "last_exception_code", 3 0;
v0x62b45413a360_0 .var "last_exception_valid", 0 0;
v0x62b45413a630_0 .var "last_operation_valid", 0 0;
v0x62b45413a6f0_0 .var "last_state_code", 3 0;
v0x62b45413a7d0_0 .var "last_state_valid", 0 0;
v0x62b45413a890_0 .net "lt_flag", 0 0, v0x62b45413dbf0_0;  1 drivers
v0x62b45413a950_0 .net "operation_valid", 0 0, v0x62b45413dcc0_0;  1 drivers
v0x62b45413aa10_0 .net "rst", 0 0, v0x62b45413dd90_0;  1 drivers
v0x62b45413aad0_0 .net "start", 0 0, v0x62b45413de60_0;  1 drivers
v0x62b45413ab90_0 .var "state", 3 0;
v0x62b45413ac70_0 .net "state_code", 3 0, v0x62b45413df30_0;  1 drivers
v0x62b45413ad50_0 .net "state_valid", 0 0, v0x62b45413e000_0;  1 drivers
v0x62b45413ae10_0 .net "step", 0 0, v0x62b45413e0d0_0;  1 drivers
v0x62b45413aed0_0 .var "step_latched", 0 0;
v0x62b45413af90_0 .net "stop", 0 0, v0x62b45413e1a0_0;  1 drivers
v0x62b45413b050_0 .var "write_a", 7 0;
v0x62b45413b130_0 .var "write_address", 7 0;
v0x62b45413b210_0 .var "write_b", 7 0;
v0x62b45413b2f0_0 .var "write_flags", 7 0;
v0x62b45413b3d0_0 .var "write_ir", 15 0;
v0x62b45413b4b0_0 .var "write_pc", 7 0;
E_0x62b4540b8f70 .event posedge, v0x62b4541390a0_0;
E_0x62b454092780 .event anyedge, v0x62b45413ab90_0, v0x62b454138d80_0, v0x62b454139b40_0;
S_0x62b45406e670 .scope autotask, "prepare_context_write" "prepare_context_write" 4 220, 4 220 0, S_0x62b45406e490;
 .timescale 0 0;
v0x62b4540fbf50_0 .var "next_a", 7 0;
v0x62b45410eae0_0 .var "next_address", 7 0;
v0x62b454111030_0 .var "next_b", 7 0;
v0x62b454112f30_0 .var "next_flags", 7 0;
v0x62b4541131f0_0 .var "next_ir", 15 0;
v0x62b4540fbbc0_0 .var "next_pc", 7 0;
TD_tb_ifa_program_executor_v4.dut.prepare_context_write ;
    %load/vec4 v0x62b4540fbbc0_0;
    %assign/vec4 v0x62b45413b4b0_0, 0;
    %load/vec4 v0x62b4541131f0_0;
    %assign/vec4 v0x62b45413b3d0_0, 0;
    %load/vec4 v0x62b4540fbf50_0;
    %assign/vec4 v0x62b45413b050_0, 0;
    %load/vec4 v0x62b454111030_0;
    %assign/vec4 v0x62b45413b210_0, 0;
    %load/vec4 v0x62b45410eae0_0;
    %assign/vec4 v0x62b45413b130_0, 0;
    %load/vec4 v0x62b454112f30_0;
    %assign/vec4 v0x62b45413b2f0_0, 0;
    %pushi/vec4 1, 0, 1;
    %assign/vec4 v0x62b454139160_0, 0;
    %end;
S_0x62b45413bb70 .scope autotask, "write_instruction" "write_instruction" 3 240, 3 240 0, S_0x62b4540d4840;
 .timescale -9 -12;
v0x62b45413bd20_0 .var "address", 7 0;
v0x62b45413be00_0 .var "instruction", 15 0;
TD_tb_ifa_program_executor_v4.write_instruction ;
    %wait E_0x62b454094570;
    %load/vec4 v0x62b45413bd20_0;
    %store/vec4 v0x62b45413d290_0, 0, 8;
    %load/vec4 v0x62b45413be00_0;
    %store/vec4 v0x62b45413d360_0, 0, 16;
    %pushi/vec4 1, 0, 1;
    %store/vec4 v0x62b45413d430_0, 0, 1;
    %wait E_0x62b4540b8f70;
    %delay 1000, 0;
    %wait E_0x62b454094570;
    %pushi/vec4 0, 0, 1;
    %store/vec4 v0x62b45413d430_0, 0, 1;
    %end;
    .scope S_0x62b45406e490;
T_2 ;
    %pushi/vec4 0, 0, 32;
    %store/vec4 v0x62b45413a0e0_0, 0, 32;
T_2.0 ;
    %load/vec4 v0x62b45413a0e0_0;
    %cmpi/s 256, 0, 32;
    %jmp/0xz T_2.1, 5;
    %pushi/vec4 0, 0, 16;
    %ix/getv/s 4, v0x62b45413a0e0_0;
    %store/vec4a v0x62b454139da0, 4, 0;
    %load/vec4 v0x62b45413a0e0_0;
    %addi 1, 0, 32;
    %store/vec4 v0x62b45413a0e0_0, 0, 32;
    %jmp T_2.0;
T_2.1 ;
    %end;
    .thread T_2;
    .scope S_0x62b45406e490;
T_3 ;
    %wait E_0x62b4540b8f70;
    %load/vec4 v0x62b45413a020_0;
    %flag_set/vec4 8;
    %jmp/0xz  T_3.0, 8;
    %load/vec4 v0x62b454139f40_0;
    %load/vec4 v0x62b454139e60_0;
    %pad/u 10;
    %ix/vec4 3;
    %ix/load 4, 0, 0; Constant delay
    %assign/vec4/a/d v0x62b454139da0, 0, 4;
T_3.0 ;
    %jmp T_3;
    .thread T_3;
    .scope S_0x62b45406e490;
T_4 ;
Ewait_0 .event/or E_0x62b454092780, E_0x0;
    %wait Ewait_0;
    %load/vec4 v0x62b45413ab90_0;
    %cmpi/ne 0, 0, 4;
    %flag_get/vec4 4;
    %jmp/0 T_4.1, 4;
    %load/vec4 v0x62b45413ab90_0;
    %pushi/vec4 5, 0, 4;
    %cmp/ne;
    %flag_get/vec4 4;
    %and;
T_4.1;
    %flag_set/vec4 8;
    %flag_get/vec4 8;
    %jmp/0 T_4.0, 8;
    %load/vec4 v0x62b45413ab90_0;
    %pushi/vec4 15, 0, 4;
    %cmp/ne;
    %flag_get/vec4 4;
    %and;
T_4.0;
    %store/vec4 v0x62b454138fe0_0, 0, 1;
    %load/vec4 v0x62b454138d80_0;
    %store/vec4 v0x62b4541398c0_0, 0, 8;
    %load/vec4 v0x62b454139b40_0;
    %store/vec4 v0x62b4541397e0_0, 0, 16;
    %load/vec4 v0x62b45413ab90_0;
    %store/vec4 v0x62b4541399a0_0, 0, 4;
    %jmp T_4;
    .thread T_4, $push;
    .scope S_0x62b45406e490;
T_5 ;
    %wait E_0x62b4540b8f70;
    %load/vec4 v0x62b45413aa10_0;
    %flag_set/vec4 8;
    %jmp/0xz  T_5.0, 8;
    %pushi/vec4 0, 0, 4;
    %assign/vec4 v0x62b45413ab90_0, 0;
    %pushi/vec4 0, 0, 16;
    %assign/vec4 v0x62b454139b40_0, 0;
    %pushi/vec4 0, 0, 1;
    %assign/vec4 v0x62b45413aed0_0, 0;
    %pushi/vec4 0, 0, 1;
    %assign/vec4 v0x62b454139ce0_0, 0;
    %pushi/vec4 0, 0, 1;
    %assign/vec4 v0x62b454139a80_0, 0;
    %pushi/vec4 0, 0, 1;
    %assign/vec4 v0x62b454139160_0, 0;
    %pushi/vec4 0, 0, 8;
    %assign/vec4 v0x62b45413b4b0_0, 0;
    %pushi/vec4 0, 0, 16;
    %assign/vec4 v0x62b45413b3d0_0, 0;
    %pushi/vec4 0, 0, 8;
    %assign/vec4 v0x62b45413b050_0, 0;
    %pushi/vec4 0, 0, 8;
    %assign/vec4 v0x62b45413b210_0, 0;
    %pushi/vec4 0, 0, 8;
    %assign/vec4 v0x62b45413b130_0, 0;
    %pushi/vec4 0, 0, 8;
    %assign/vec4 v0x62b45413b2f0_0, 0;
    %pushi/vec4 0, 0, 1;
    %assign/vec4 v0x62b454139720_0, 0;
    %pushi/vec4 0, 0, 4;
    %assign/vec4 v0x62b454139640_0, 0;
    %pushi/vec4 0, 0, 8;
    %assign/vec4 v0x62b454139480_0, 0;
    %pushi/vec4 0, 0, 8;
    %assign/vec4 v0x62b454139560_0, 0;
    %pushi/vec4 0, 0, 1;
    %assign/vec4 v0x62b45413a1c0_0, 0;
    %pushi/vec4 0, 0, 1;
    %assign/vec4 v0x62b45413a630_0, 0;
    %pushi/vec4 0, 0, 1;
    %assign/vec4 v0x62b45413a360_0, 0;
    %pushi/vec4 0, 0, 4;
    %assign/vec4 v0x62b45413a280_0, 0;
    %pushi/vec4 0, 0, 1;
    %assign/vec4 v0x62b45413a7d0_0, 0;
    %pushi/vec4 0, 0, 4;
    %assign/vec4 v0x62b45413a6f0_0, 0;
    %jmp T_5.1;
T_5.0 ;
    %pushi/vec4 0, 0, 1;
    %assign/vec4 v0x62b454139160_0, 0;
    %pushi/vec4 0, 0, 1;
    %assign/vec4 v0x62b454139720_0, 0;
    %pushi/vec4 0, 0, 1;
    %assign/vec4 v0x62b45413a1c0_0, 0;
    %load/vec4 v0x62b45413af90_0;
    %flag_set/vec4 8;
    %jmp/0xz  T_5.2, 8;
    %pushi/vec4 5, 0, 4;
    %assign/vec4 v0x62b45413ab90_0, 0;
    %pushi/vec4 1, 0, 1;
    %assign/vec4 v0x62b454139ce0_0, 0;
    %jmp T_5.3;
T_5.2 ;
    %load/vec4 v0x62b45413ab90_0;
    %dup/vec4;
    %pushi/vec4 0, 0, 4;
    %cmp/u;
    %jmp/1 T_5.4, 6;
    %dup/vec4;
    %pushi/vec4 1, 0, 4;
    %cmp/u;
    %jmp/1 T_5.5, 6;
    %dup/vec4;
    %pushi/vec4 2, 0, 4;
    %cmp/u;
    %jmp/1 T_5.6, 6;
    %dup/vec4;
    %pushi/vec4 3, 0, 4;
    %cmp/u;
    %jmp/1 T_5.7, 6;
    %dup/vec4;
    %pushi/vec4 4, 0, 4;
    %cmp/u;
    %jmp/1 T_5.8, 6;
    %dup/vec4;
    %pushi/vec4 5, 0, 4;
    %cmp/u;
    %jmp/1 T_5.9, 6;
    %dup/vec4;
    %pushi/vec4 15, 0, 4;
    %cmp/u;
    %jmp/1 T_5.10, 6;
    %pushi/vec4 1, 0, 1;
    %assign/vec4 v0x62b454139a80_0, 0;
    %pushi/vec4 15, 0, 4;
    %assign/vec4 v0x62b45413ab90_0, 0;
    %jmp T_5.12;
T_5.4 ;
    %pushi/vec4 0, 0, 1;
    %assign/vec4 v0x62b454139ce0_0, 0;
    %pushi/vec4 0, 0, 1;
    %assign/vec4 v0x62b454139a80_0, 0;
    %load/vec4 v0x62b45413aad0_0;
    %flag_set/vec4 8;
    %jmp/1 T_5.15, 8;
    %load/vec4 v0x62b45413ae10_0;
    %flag_set/vec4 9;
    %flag_or 8, 9;
T_5.15;
    %jmp/0xz  T_5.13, 8;
    %load/vec4 v0x62b454138f20_0;
    %nor/r;
    %flag_set/vec4 8;
    %jmp/1 T_5.18, 8;
    %load/vec4 v0x62b454138e60_0;
    %nor/r;
    %flag_set/vec4 9;
    %flag_or 8, 9;
T_5.18;
    %jmp/0xz  T_5.16, 8;
    %pushi/vec4 1, 0, 1;
    %assign/vec4 v0x62b454139a80_0, 0;
    %pushi/vec4 15, 0, 4;
    %assign/vec4 v0x62b45413ab90_0, 0;
    %jmp T_5.17;
T_5.16 ;
    %load/vec4 v0x62b45413ae10_0;
    %assign/vec4 v0x62b45413aed0_0, 0;
    %pushi/vec4 1, 0, 4;
    %assign/vec4 v0x62b45413ab90_0, 0;
T_5.17 ;
T_5.13 ;
    %jmp T_5.12;
T_5.5 ;
    %load/vec4 v0x62b454138f20_0;
    %nor/r;
    %flag_set/vec4 8;
    %jmp/1 T_5.21, 8;
    %load/vec4 v0x62b454138e60_0;
    %nor/r;
    %flag_set/vec4 9;
    %flag_or 8, 9;
T_5.21;
    %jmp/0xz  T_5.19, 8;
    %pushi/vec4 1, 0, 1;
    %assign/vec4 v0x62b454139a80_0, 0;
    %pushi/vec4 15, 0, 4;
    %assign/vec4 v0x62b45413ab90_0, 0;
    %jmp T_5.20;
T_5.19 ;
    %load/vec4 v0x62b454138d80_0;
    %pad/u 10;
    %ix/vec4 4;
    %load/vec4a v0x62b454139da0, 4;
    %assign/vec4 v0x62b454139b40_0, 0;
    %pushi/vec4 2, 0, 4;
    %assign/vec4 v0x62b45413ab90_0, 0;
T_5.20 ;
    %jmp T_5.12;
T_5.6 ;
    %load/vec4 v0x62b454139b40_0;
    %parti/s 4, 12, 5;
    %dup/vec4;
    %pushi/vec4 0, 0, 4;
    %cmp/u;
    %jmp/1 T_5.22, 6;
    %dup/vec4;
    %pushi/vec4 1, 0, 4;
    %cmp/u;
    %jmp/1 T_5.23, 6;
    %dup/vec4;
    %pushi/vec4 2, 0, 4;
    %cmp/u;
    %jmp/1 T_5.24, 6;
    %dup/vec4;
    %pushi/vec4 3, 0, 4;
    %cmp/u;
    %jmp/1 T_5.25, 6;
    %dup/vec4;
    %pushi/vec4 8, 0, 4;
    %cmp/u;
    %jmp/1 T_5.26, 6;
    %dup/vec4;
    %pushi/vec4 15, 0, 4;
    %cmp/u;
    %jmp/1 T_5.27, 6;
    %pushi/vec4 1, 0, 1;
    %assign/vec4 v0x62b454139a80_0, 0;
    %pushi/vec4 15, 0, 4;
    %assign/vec4 v0x62b45413ab90_0, 0;
    %jmp T_5.29;
T_5.22 ;
    %load/vec4 v0x62b454139b40_0;
    %parti/s 4, 8, 5;
    %dup/vec4;
    %pushi/vec4 1, 0, 4;
    %cmp/u;
    %jmp/1 T_5.30, 6;
    %dup/vec4;
    %pushi/vec4 2, 0, 4;
    %cmp/u;
    %jmp/1 T_5.31, 6;
    %dup/vec4;
    %pushi/vec4 3, 0, 4;
    %cmp/u;
    %jmp/1 T_5.32, 6;
    %dup/vec4;
    %pushi/vec4 4, 0, 4;
    %cmp/u;
    %jmp/1 T_5.33, 6;
    %alloc S_0x62b45406e670;
    %load/vec4 v0x62b454138d80_0;
    %addi 1, 0, 8;
    %store/vec4 v0x62b4540fbbc0_0, 0, 8;
    %load/vec4 v0x62b454139b40_0;
    %store/vec4 v0x62b4541131f0_0, 0, 16;
    %load/vec4 v0x62b4540fd5e0_0;
    %store/vec4 v0x62b4540fbf50_0, 0, 8;
    %load/vec4 v0x62b454138ab0_0;
    %store/vec4 v0x62b454111030_0, 0, 8;
    %load/vec4 v0x62b4541389d0_0;
    %store/vec4 v0x62b45410eae0_0, 0, 8;
    %load/vec4 v0x62b454138b70_0;
    %store/vec4 v0x62b454112f30_0, 0, 8;
    %fork TD_tb_ifa_program_executor_v4.dut.prepare_context_write, S_0x62b45406e670;
    %join;
    %free S_0x62b45406e670;
    %jmp T_5.35;
T_5.30 ;
    %alloc S_0x62b45406e670;
    %load/vec4 v0x62b454138b70_0;
    %parti/s 1, 2, 3;
    %flag_set/vec4 8;
    %jmp/0 T_5.36, 8;
    %load/vec4 v0x62b454139b40_0;
    %parti/s 8, 0, 2;
    %jmp/1 T_5.37, 8;
T_5.36 ; End of true expr.
    %load/vec4 v0x62b454138d80_0;
    %addi 1, 0, 8;
    %jmp/0 T_5.37, 8;
 ; End of false expr.
    %blend;
T_5.37;
    %store/vec4 v0x62b4540fbbc0_0, 0, 8;
    %load/vec4 v0x62b454139b40_0;
    %store/vec4 v0x62b4541131f0_0, 0, 16;
    %load/vec4 v0x62b4540fd5e0_0;
    %store/vec4 v0x62b4540fbf50_0, 0, 8;
    %load/vec4 v0x62b454138ab0_0;
    %store/vec4 v0x62b454111030_0, 0, 8;
    %load/vec4 v0x62b4541389d0_0;
    %store/vec4 v0x62b45410eae0_0, 0, 8;
    %load/vec4 v0x62b454138b70_0;
    %store/vec4 v0x62b454112f30_0, 0, 8;
    %fork TD_tb_ifa_program_executor_v4.dut.prepare_context_write, S_0x62b45406e670;
    %join;
    %free S_0x62b45406e670;
    %jmp T_5.35;
T_5.31 ;
    %alloc S_0x62b45406e670;
    %load/vec4 v0x62b454138b70_0;
    %parti/s 1, 1, 2;
    %flag_set/vec4 8;
    %jmp/0 T_5.38, 8;
    %load/vec4 v0x62b454139b40_0;
    %parti/s 8, 0, 2;
    %jmp/1 T_5.39, 8;
T_5.38 ; End of true expr.
    %load/vec4 v0x62b454138d80_0;
    %addi 1, 0, 8;
    %jmp/0 T_5.39, 8;
 ; End of false expr.
    %blend;
T_5.39;
    %store/vec4 v0x62b4540fbbc0_0, 0, 8;
    %load/vec4 v0x62b454139b40_0;
    %store/vec4 v0x62b4541131f0_0, 0, 16;
    %load/vec4 v0x62b4540fd5e0_0;
    %store/vec4 v0x62b4540fbf50_0, 0, 8;
    %load/vec4 v0x62b454138ab0_0;
    %store/vec4 v0x62b454111030_0, 0, 8;
    %load/vec4 v0x62b4541389d0_0;
    %store/vec4 v0x62b45410eae0_0, 0, 8;
    %load/vec4 v0x62b454138b70_0;
    %store/vec4 v0x62b454112f30_0, 0, 8;
    %fork TD_tb_ifa_program_executor_v4.dut.prepare_context_write, S_0x62b45406e670;
    %join;
    %free S_0x62b45406e670;
    %jmp T_5.35;
T_5.32 ;
    %alloc S_0x62b45406e670;
    %load/vec4 v0x62b454138b70_0;
    %parti/s 1, 0, 2;
    %flag_set/vec4 8;
    %jmp/0 T_5.40, 8;
    %load/vec4 v0x62b454139b40_0;
    %parti/s 8, 0, 2;
    %jmp/1 T_5.41, 8;
T_5.40 ; End of true expr.
    %load/vec4 v0x62b454138d80_0;
    %addi 1, 0, 8;
    %jmp/0 T_5.41, 8;
 ; End of false expr.
    %blend;
T_5.41;
    %store/vec4 v0x62b4540fbbc0_0, 0, 8;
    %load/vec4 v0x62b454139b40_0;
    %store/vec4 v0x62b4541131f0_0, 0, 16;
    %load/vec4 v0x62b4540fd5e0_0;
    %store/vec4 v0x62b4540fbf50_0, 0, 8;
    %load/vec4 v0x62b454138ab0_0;
    %store/vec4 v0x62b454111030_0, 0, 8;
    %load/vec4 v0x62b4541389d0_0;
    %store/vec4 v0x62b45410eae0_0, 0, 8;
    %load/vec4 v0x62b454138b70_0;
    %store/vec4 v0x62b454112f30_0, 0, 8;
    %fork TD_tb_ifa_program_executor_v4.dut.prepare_context_write, S_0x62b45406e670;
    %join;
    %free S_0x62b45406e670;
    %jmp T_5.35;
T_5.33 ;
    %alloc S_0x62b45406e670;
    %load/vec4 v0x62b454139b40_0;
    %parti/s 8, 0, 2;
    %store/vec4 v0x62b4540fbbc0_0, 0, 8;
    %load/vec4 v0x62b454139b40_0;
    %store/vec4 v0x62b4541131f0_0, 0, 16;
    %load/vec4 v0x62b4540fd5e0_0;
    %store/vec4 v0x62b4540fbf50_0, 0, 8;
    %load/vec4 v0x62b454138ab0_0;
    %store/vec4 v0x62b454111030_0, 0, 8;
    %load/vec4 v0x62b4541389d0_0;
    %store/vec4 v0x62b45410eae0_0, 0, 8;
    %load/vec4 v0x62b454138b70_0;
    %store/vec4 v0x62b454112f30_0, 0, 8;
    %fork TD_tb_ifa_program_executor_v4.dut.prepare_context_write, S_0x62b45406e670;
    %join;
    %free S_0x62b45406e670;
    %jmp T_5.35;
T_5.35 ;
    %pop/vec4 1;
    %pushi/vec4 4, 0, 4;
    %assign/vec4 v0x62b45413ab90_0, 0;
    %jmp T_5.29;
T_5.23 ;
    %alloc S_0x62b45406e670;
    %load/vec4 v0x62b454138d80_0;
    %addi 1, 0, 8;
    %store/vec4 v0x62b4540fbbc0_0, 0, 8;
    %load/vec4 v0x62b454139b40_0;
    %store/vec4 v0x62b4541131f0_0, 0, 16;
    %load/vec4 v0x62b454139b40_0;
    %parti/s 8, 0, 2;
    %store/vec4 v0x62b4540fbf50_0, 0, 8;
    %load/vec4 v0x62b454138ab0_0;
    %store/vec4 v0x62b454111030_0, 0, 8;
    %load/vec4 v0x62b4541389d0_0;
    %store/vec4 v0x62b45410eae0_0, 0, 8;
    %load/vec4 v0x62b454138b70_0;
    %store/vec4 v0x62b454112f30_0, 0, 8;
    %fork TD_tb_ifa_program_executor_v4.dut.prepare_context_write, S_0x62b45406e670;
    %join;
    %free S_0x62b45406e670;
    %pushi/vec4 4, 0, 4;
    %assign/vec4 v0x62b45413ab90_0, 0;
    %jmp T_5.29;
T_5.24 ;
    %alloc S_0x62b45406e670;
    %load/vec4 v0x62b454138d80_0;
    %addi 1, 0, 8;
    %store/vec4 v0x62b4540fbbc0_0, 0, 8;
    %load/vec4 v0x62b454139b40_0;
    %store/vec4 v0x62b4541131f0_0, 0, 16;
    %load/vec4 v0x62b4540fd5e0_0;
    %store/vec4 v0x62b4540fbf50_0, 0, 8;
    %load/vec4 v0x62b454139b40_0;
    %parti/s 8, 0, 2;
    %store/vec4 v0x62b454111030_0, 0, 8;
    %load/vec4 v0x62b4541389d0_0;
    %store/vec4 v0x62b45410eae0_0, 0, 8;
    %load/vec4 v0x62b454138b70_0;
    %store/vec4 v0x62b454112f30_0, 0, 8;
    %fork TD_tb_ifa_program_executor_v4.dut.prepare_context_write, S_0x62b45406e670;
    %join;
    %free S_0x62b45406e670;
    %pushi/vec4 4, 0, 4;
    %assign/vec4 v0x62b45413ab90_0, 0;
    %jmp T_5.29;
T_5.25 ;
    %alloc S_0x62b45406e670;
    %load/vec4 v0x62b454138d80_0;
    %addi 1, 0, 8;
    %store/vec4 v0x62b4540fbbc0_0, 0, 8;
    %load/vec4 v0x62b454139b40_0;
    %store/vec4 v0x62b4541131f0_0, 0, 16;
    %load/vec4 v0x62b4540fd5e0_0;
    %store/vec4 v0x62b4540fbf50_0, 0, 8;
    %load/vec4 v0x62b454138ab0_0;
    %store/vec4 v0x62b454111030_0, 0, 8;
    %load/vec4 v0x62b454139b40_0;
    %parti/s 8, 0, 2;
    %store/vec4 v0x62b45410eae0_0, 0, 8;
    %load/vec4 v0x62b454138b70_0;
    %store/vec4 v0x62b454112f30_0, 0, 8;
    %fork TD_tb_ifa_program_executor_v4.dut.prepare_context_write, S_0x62b45406e670;
    %join;
    %free S_0x62b45406e670;
    %pushi/vec4 4, 0, 4;
    %assign/vec4 v0x62b45413ab90_0, 0;
    %jmp T_5.29;
T_5.26 ;
    %load/vec4 v0x62b454139b40_0;
    %parti/s 4, 8, 5;
    %cmpi/u 8, 0, 4;
    %flag_or 5, 4;
    %jmp/0xz  T_5.42, 5;
    %load/vec4 v0x62b454139b40_0;
    %parti/s 4, 8, 5;
    %assign/vec4 v0x62b454139640_0, 0;
    %load/vec4 v0x62b4540fd5e0_0;
    %assign/vec4 v0x62b454139480_0, 0;
    %load/vec4 v0x62b454138ab0_0;
    %assign/vec4 v0x62b454139560_0, 0;
    %pushi/vec4 1, 0, 1;
    %assign/vec4 v0x62b454139720_0, 0;
    %pushi/vec4 3, 0, 4;
    %assign/vec4 v0x62b45413ab90_0, 0;
    %jmp T_5.43;
T_5.42 ;
    %pushi/vec4 1, 0, 1;
    %assign/vec4 v0x62b454139a80_0, 0;
    %pushi/vec4 15, 0, 4;
    %assign/vec4 v0x62b45413ab90_0, 0;
T_5.43 ;
    %jmp T_5.29;
T_5.27 ;
    %load/vec4 v0x62b454139b40_0;
    %parti/s 4, 8, 5;
    %dup/vec4;
    %pushi/vec4 0, 0, 4;
    %cmp/u;
    %jmp/1 T_5.44, 6;
    %dup/vec4;
    %pushi/vec4 1, 0, 4;
    %cmp/u;
    %jmp/1 T_5.45, 6;
    %pushi/vec4 1, 0, 1;
    %assign/vec4 v0x62b454139a80_0, 0;
    %pushi/vec4 15, 0, 4;
    %assign/vec4 v0x62b45413ab90_0, 0;
    %jmp T_5.47;
T_5.44 ;
    %alloc S_0x62b45406e670;
    %load/vec4 v0x62b454138d80_0;
    %addi 1, 0, 8;
    %store/vec4 v0x62b4540fbbc0_0, 0, 8;
    %load/vec4 v0x62b454139b40_0;
    %store/vec4 v0x62b4541131f0_0, 0, 16;
    %load/vec4 v0x62b4540fd5e0_0;
    %store/vec4 v0x62b4540fbf50_0, 0, 8;
    %load/vec4 v0x62b454138ab0_0;
    %store/vec4 v0x62b454111030_0, 0, 8;
    %load/vec4 v0x62b4541389d0_0;
    %store/vec4 v0x62b45410eae0_0, 0, 8;
    %load/vec4 v0x62b454138b70_0;
    %store/vec4 v0x62b454112f30_0, 0, 8;
    %fork TD_tb_ifa_program_executor_v4.dut.prepare_context_write, S_0x62b45406e670;
    %join;
    %free S_0x62b45406e670;
    %pushi/vec4 4, 0, 4;
    %assign/vec4 v0x62b45413ab90_0, 0;
    %jmp T_5.47;
T_5.45 ;
    %pushi/vec4 1, 0, 1;
    %assign/vec4 v0x62b454139ce0_0, 0;
    %pushi/vec4 5, 0, 4;
    %assign/vec4 v0x62b45413ab90_0, 0;
    %jmp T_5.47;
T_5.47 ;
    %pop/vec4 1;
    %jmp T_5.29;
T_5.29 ;
    %pop/vec4 1;
    %jmp T_5.12;
T_5.7 ;
    %load/vec4 v0x62b45413a950_0;
    %assign/vec4 v0x62b45413a630_0, 0;
    %load/vec4 v0x62b4541393c0_0;
    %assign/vec4 v0x62b45413a360_0, 0;
    %load/vec4 v0x62b4541392e0_0;
    %assign/vec4 v0x62b45413a280_0, 0;
    %load/vec4 v0x62b45413ad50_0;
    %assign/vec4 v0x62b45413a7d0_0, 0;
    %load/vec4 v0x62b45413ac70_0;
    %assign/vec4 v0x62b45413a6f0_0, 0;
    %alloc S_0x62b45406e670;
    %load/vec4 v0x62b454138d80_0;
    %addi 1, 0, 8;
    %store/vec4 v0x62b4540fbbc0_0, 0, 8;
    %load/vec4 v0x62b454139b40_0;
    %store/vec4 v0x62b4541131f0_0, 0, 16;
    %load/vec4 v0x62b4540fd5e0_0;
    %store/vec4 v0x62b4540fbf50_0, 0, 8;
    %load/vec4 v0x62b454138ab0_0;
    %store/vec4 v0x62b454111030_0, 0, 8;
    %load/vec4 v0x62b4541389d0_0;
    %store/vec4 v0x62b45410eae0_0, 0, 8;
    %pushi/vec4 0, 0, 5;
    %load/vec4 v0x62b454139220_0;
    %concat/vec4; draw_concat_vec4
    %load/vec4 v0x62b454139c20_0;
    %concat/vec4; draw_concat_vec4
    %load/vec4 v0x62b45413a890_0;
    %concat/vec4; draw_concat_vec4
    %store/vec4 v0x62b454112f30_0, 0, 8;
    %fork TD_tb_ifa_program_executor_v4.dut.prepare_context_write, S_0x62b45406e670;
    %join;
    %free S_0x62b45406e670;
    %pushi/vec4 4, 0, 4;
    %assign/vec4 v0x62b45413ab90_0, 0;
    %jmp T_5.12;
T_5.8 ;
    %pushi/vec4 1, 0, 1;
    %assign/vec4 v0x62b45413a1c0_0, 0;
    %load/vec4 v0x62b45413aed0_0;
    %flag_set/vec4 8;
    %jmp/0xz  T_5.48, 8;
    %pushi/vec4 0, 0, 1;
    %assign/vec4 v0x62b45413aed0_0, 0;
    %pushi/vec4 0, 0, 4;
    %assign/vec4 v0x62b45413ab90_0, 0;
    %jmp T_5.49;
T_5.48 ;
    %pushi/vec4 1, 0, 4;
    %assign/vec4 v0x62b45413ab90_0, 0;
T_5.49 ;
    %jmp T_5.12;
T_5.9 ;
    %pushi/vec4 1, 0, 1;
    %assign/vec4 v0x62b454139ce0_0, 0;
    %load/vec4 v0x62b45413aad0_0;
    %flag_set/vec4 8;
    %jmp/1 T_5.52, 8;
    %load/vec4 v0x62b45413ae10_0;
    %flag_set/vec4 9;
    %flag_or 8, 9;
T_5.52;
    %jmp/0xz  T_5.50, 8;
    %pushi/vec4 0, 0, 1;
    %assign/vec4 v0x62b454139ce0_0, 0;
    %load/vec4 v0x62b45413ae10_0;
    %assign/vec4 v0x62b45413aed0_0, 0;
    %pushi/vec4 1, 0, 4;
    %assign/vec4 v0x62b45413ab90_0, 0;
T_5.50 ;
    %jmp T_5.12;
T_5.10 ;
    %pushi/vec4 1, 0, 1;
    %assign/vec4 v0x62b454139a80_0, 0;
    %load/vec4 v0x62b45413aad0_0;
    %flag_set/vec4 8;
    %jmp/1 T_5.55, 8;
    %load/vec4 v0x62b45413ae10_0;
    %flag_set/vec4 9;
    %flag_or 8, 9;
T_5.55;
    %jmp/0xz  T_5.53, 8;
    %pushi/vec4 0, 0, 1;
    %assign/vec4 v0x62b454139a80_0, 0;
    %load/vec4 v0x62b45413ae10_0;
    %assign/vec4 v0x62b45413aed0_0, 0;
    %pushi/vec4 1, 0, 4;
    %assign/vec4 v0x62b45413ab90_0, 0;
T_5.53 ;
    %jmp T_5.12;
T_5.12 ;
    %pop/vec4 1;
T_5.3 ;
T_5.1 ;
    %jmp T_5;
    .thread T_5;
    .scope S_0x62b4540d4840;
T_6 ;
    %delay 5000, 0;
    %load/vec4 v0x62b45413c660_0;
    %inv;
    %store/vec4 v0x62b45413c660_0, 0, 1;
    %jmp T_6;
    .thread T_6;
    .scope S_0x62b4540d4840;
T_7 ;
    %wait E_0x62b4540b8f70;
    %load/vec4 v0x62b45413dd90_0;
    %flag_set/vec4 8;
    %jmp/0xz  T_7.0, 8;
    %pushi/vec4 0, 0, 8;
    %assign/vec4 v0x62b45413c320_0, 0;
    %pushi/vec4 0, 0, 16;
    %assign/vec4 v0x62b45413c230_0, 0;
    %pushi/vec4 0, 0, 8;
    %assign/vec4 v0x62b45413bee0_0, 0;
    %pushi/vec4 0, 0, 8;
    %assign/vec4 v0x62b45413c060_0, 0;
    %pushi/vec4 0, 0, 8;
    %assign/vec4 v0x62b45413bfc0_0, 0;
    %pushi/vec4 0, 0, 8;
    %assign/vec4 v0x62b45413c160_0, 0;
    %jmp T_7.1;
T_7.0 ;
    %load/vec4 v0x62b45413c730_0;
    %flag_set/vec4 8;
    %jmp/0xz  T_7.2, 8;
    %load/vec4 v0x62b45413e680_0;
    %assign/vec4 v0x62b45413c320_0, 0;
    %load/vec4 v0x62b45413e5b0_0;
    %assign/vec4 v0x62b45413c230_0, 0;
    %load/vec4 v0x62b45413e270_0;
    %assign/vec4 v0x62b45413bee0_0, 0;
    %load/vec4 v0x62b45413e410_0;
    %assign/vec4 v0x62b45413c060_0, 0;
    %load/vec4 v0x62b45413e340_0;
    %assign/vec4 v0x62b45413bfc0_0, 0;
    %load/vec4 v0x62b45413e4e0_0;
    %assign/vec4 v0x62b45413c160_0, 0;
T_7.2 ;
T_7.1 ;
    %jmp T_7;
    .thread T_7;
    .scope S_0x62b4540d4840;
T_8 ;
Ewait_1 .event/or E_0x62b454094380, E_0x0;
    %wait Ewait_1;
    %load/vec4 v0x62b45413cce0_0;
    %store/vec4 v0x62b45413dcc0_0, 0, 1;
    %pushi/vec4 0, 0, 1;
    %store/vec4 v0x62b45413c9a0_0, 0, 1;
    %pushi/vec4 0, 0, 4;
    %store/vec4 v0x62b45413c8d0_0, 0, 4;
    %pushi/vec4 0, 0, 1;
    %store/vec4 v0x62b45413e000_0, 0, 1;
    %pushi/vec4 0, 0, 4;
    %store/vec4 v0x62b45413df30_0, 0, 4;
    %pushi/vec4 0, 0, 1;
    %store/vec4 v0x62b45413c800_0, 0, 1;
    %pushi/vec4 0, 0, 1;
    %store/vec4 v0x62b45413d0f0_0, 0, 1;
    %pushi/vec4 0, 0, 1;
    %store/vec4 v0x62b45413dbf0_0, 0, 1;
    %load/vec4 v0x62b45413cce0_0;
    %flag_set/vec4 8;
    %jmp/0xz  T_8.0, 8;
    %load/vec4 v0x62b45413cc10_0;
    %dup/vec4;
    %pushi/vec4 0, 0, 4;
    %cmp/u;
    %jmp/1 T_8.2, 6;
    %dup/vec4;
    %pushi/vec4 6, 0, 4;
    %cmp/u;
    %jmp/1 T_8.3, 6;
    %pushi/vec4 1, 0, 1;
    %store/vec4 v0x62b45413dcc0_0, 0, 1;
    %jmp T_8.5;
T_8.2 ;
    %pushi/vec4 1, 0, 1;
    %store/vec4 v0x62b45413dcc0_0, 0, 1;
    %jmp T_8.5;
T_8.3 ;
    %load/vec4 v0x62b45413ca70_0;
    %load/vec4 v0x62b45413cb40_0;
    %cmp/e;
    %flag_get/vec4 4;
    %store/vec4 v0x62b45413c800_0, 0, 1;
    %load/vec4 v0x62b45413cb40_0;
    %load/vec4 v0x62b45413ca70_0;
    %cmp/u;
    %flag_get/vec4 5;
    %store/vec4 v0x62b45413d0f0_0, 0, 1;
    %load/vec4 v0x62b45413ca70_0;
    %load/vec4 v0x62b45413cb40_0;
    %cmp/u;
    %flag_get/vec4 5;
    %store/vec4 v0x62b45413dbf0_0, 0, 1;
    %jmp T_8.5;
T_8.5 ;
    %pop/vec4 1;
T_8.0 ;
    %jmp T_8;
    .thread T_8, $push;
    .scope S_0x62b4540d4840;
T_9 ;
    %pushi/vec4 0, 0, 1;
    %store/vec4 v0x62b45413c660_0, 0, 1;
    %pushi/vec4 1, 0, 1;
    %store/vec4 v0x62b45413dd90_0, 0, 1;
    %pushi/vec4 0, 0, 1;
    %store/vec4 v0x62b45413de60_0, 0, 1;
    %pushi/vec4 0, 0, 1;
    %store/vec4 v0x62b45413e0d0_0, 0, 1;
    %pushi/vec4 0, 0, 1;
    %store/vec4 v0x62b45413e1a0_0, 0, 1;
    %pushi/vec4 0, 0, 1;
    %store/vec4 v0x62b45413d430_0, 0, 1;
    %pushi/vec4 0, 0, 8;
    %store/vec4 v0x62b45413d290_0, 0, 8;
    %pushi/vec4 0, 0, 16;
    %store/vec4 v0x62b45413d360_0, 0, 16;
    %pushi/vec4 1, 0, 1;
    %store/vec4 v0x62b45413c4c0_0, 0, 1;
    %pushi/vec4 1, 0, 1;
    %store/vec4 v0x62b45413c3f0_0, 0, 1;
    %pushi/vec4 3, 0, 32;
T_9.0 %dup/vec4;
    %pushi/vec4 0, 0, 32;
    %cmp/s;
    %jmp/1xz T_9.1, 5;
    %jmp/1 T_9.1, 4;
    %pushi/vec4 1, 0, 32;
    %sub;
    %wait E_0x62b4540b8f70;
    %jmp T_9.0;
T_9.1 ;
    %pop/vec4 1;
    %pushi/vec4 0, 0, 1;
    %store/vec4 v0x62b45413dd90_0, 0, 1;
    %alloc S_0x62b45413bb70;
    %pushi/vec4 0, 0, 8;
    %store/vec4 v0x62b45413bd20_0, 0, 8;
    %pushi/vec4 4101, 0, 16;
    %store/vec4 v0x62b45413be00_0, 0, 16;
    %fork TD_tb_ifa_program_executor_v4.write_instruction, S_0x62b45413bb70;
    %join;
    %free S_0x62b45413bb70;
    %alloc S_0x62b45413bb70;
    %pushi/vec4 1, 0, 8;
    %store/vec4 v0x62b45413bd20_0, 0, 8;
    %pushi/vec4 8200, 0, 16;
    %store/vec4 v0x62b45413be00_0, 0, 16;
    %fork TD_tb_ifa_program_executor_v4.write_instruction, S_0x62b45413bb70;
    %join;
    %free S_0x62b45413bb70;
    %alloc S_0x62b45413bb70;
    %pushi/vec4 2, 0, 8;
    %store/vec4 v0x62b45413bd20_0, 0, 8;
    %pushi/vec4 32768, 0, 16;
    %store/vec4 v0x62b45413be00_0, 0, 16;
    %fork TD_tb_ifa_program_executor_v4.write_instruction, S_0x62b45413bb70;
    %join;
    %free S_0x62b45413bb70;
    %alloc S_0x62b45413bb70;
    %pushi/vec4 3, 0, 8;
    %store/vec4 v0x62b45413bd20_0, 0, 8;
    %pushi/vec4 8197, 0, 16;
    %store/vec4 v0x62b45413be00_0, 0, 16;
    %fork TD_tb_ifa_program_executor_v4.write_instruction, S_0x62b45413bb70;
    %join;
    %free S_0x62b45413bb70;
    %alloc S_0x62b45413bb70;
    %pushi/vec4 4, 0, 8;
    %store/vec4 v0x62b45413bd20_0, 0, 8;
    %pushi/vec4 34304, 0, 16;
    %store/vec4 v0x62b45413be00_0, 0, 16;
    %fork TD_tb_ifa_program_executor_v4.write_instruction, S_0x62b45413bb70;
    %join;
    %free S_0x62b45413bb70;
    %alloc S_0x62b45413bb70;
    %pushi/vec4 5, 0, 8;
    %store/vec4 v0x62b45413bd20_0, 0, 8;
    %pushi/vec4 263, 0, 16;
    %store/vec4 v0x62b45413be00_0, 0, 16;
    %fork TD_tb_ifa_program_executor_v4.write_instruction, S_0x62b45413bb70;
    %join;
    %free S_0x62b45413bb70;
    %alloc S_0x62b45413bb70;
    %pushi/vec4 6, 0, 8;
    %store/vec4 v0x62b45413bd20_0, 0, 8;
    %pushi/vec4 61696, 0, 16;
    %store/vec4 v0x62b45413be00_0, 0, 16;
    %fork TD_tb_ifa_program_executor_v4.write_instruction, S_0x62b45413bb70;
    %join;
    %free S_0x62b45413bb70;
    %alloc S_0x62b45413bb70;
    %pushi/vec4 7, 0, 8;
    %store/vec4 v0x62b45413bd20_0, 0, 8;
    %pushi/vec4 12330, 0, 16;
    %store/vec4 v0x62b45413be00_0, 0, 16;
    %fork TD_tb_ifa_program_executor_v4.write_instruction, S_0x62b45413bb70;
    %join;
    %free S_0x62b45413bb70;
    %alloc S_0x62b45413bb70;
    %pushi/vec4 8, 0, 8;
    %store/vec4 v0x62b45413bd20_0, 0, 8;
    %pushi/vec4 61696, 0, 16;
    %store/vec4 v0x62b45413be00_0, 0, 16;
    %fork TD_tb_ifa_program_executor_v4.write_instruction, S_0x62b45413bb70;
    %join;
    %free S_0x62b45413bb70;
    %wait E_0x62b454094570;
    %pushi/vec4 1, 0, 1;
    %store/vec4 v0x62b45413de60_0, 0, 1;
    %wait E_0x62b4540b8f70;
    %delay 1000, 0;
    %wait E_0x62b454094570;
    %pushi/vec4 0, 0, 1;
    %store/vec4 v0x62b45413de60_0, 0, 1;
T_9.2 ;
    %load/vec4 v0x62b45413d1c0_0;
    %pushi/vec4 1, 0, 1;
    %cmp/e;
    %flag_get/vec4 6;
    %cmpi/ne 1, 0, 1;
    %jmp/0xz T_9.3, 6;
    %wait E_0x62b4540b8460;
    %jmp T_9.2;
T_9.3 ;
    %delay 1000, 0;
    %load/vec4 v0x62b45413d020_0;
    %cmpi/ne 0, 0, 1;
    %jmp/0xz  T_9.4, 6;
    %vpi_call/w 3 326 "$fatal", 32'sb00000000000000000000000000000001, "Executor entered FAULT state" {0 0 0};
T_9.4 ;
    %load/vec4 v0x62b45413bee0_0;
    %cmpi/ne 5, 0, 8;
    %jmp/0xz  T_9.6, 6;
    %vpi_call/w 3 329 "$fatal", 32'sb00000000000000000000000000000001, "LDAI failed: A=%02h", v0x62b45413bee0_0 {0 0 0};
T_9.6 ;
    %load/vec4 v0x62b45413c060_0;
    %cmpi/ne 5, 0, 8;
    %jmp/0xz  T_9.8, 6;
    %vpi_call/w 3 336 "$fatal", 32'sb00000000000000000000000000000001, "LDBI failed: B=%02h", v0x62b45413c060_0 {0 0 0};
T_9.8 ;
    %load/vec4 v0x62b45413c160_0;
    %parti/s 3, 0, 2;
    %cmpi/ne 4, 0, 3;
    %jmp/0xz  T_9.10, 6;
    %vpi_call/w 3 343 "$fatal", 32'sb00000000000000000000000000000001, "SEDA flags failed: FLAGS=%02h", v0x62b45413c160_0 {0 0 0};
T_9.10 ;
    %load/vec4 v0x62b45413bfc0_0;
    %cmpi/ne 42, 0, 8;
    %jmp/0xz  T_9.12, 6;
    %vpi_call/w 3 350 "$fatal", 32'sb00000000000000000000000000000001, "BR_EQ or LDADDR failed: ADDRESS=%02h", v0x62b45413bfc0_0 {0 0 0};
T_9.12 ;
    %load/vec4 v0x62b45413c320_0;
    %cmpi/ne 8, 0, 8;
    %jmp/0xz  T_9.14, 6;
    %vpi_call/w 3 357 "$fatal", 32'sb00000000000000000000000000000001, "Final PC failed: PC=%02h", v0x62b45413c320_0 {0 0 0};
T_9.14 ;
    %load/vec4 v0x62b45413d770_0;
    %cmpi/ne 1, 0, 1;
    %jmp/0xz  T_9.16, 6;
    %vpi_call/w 3 364 "$fatal", 32'sb00000000000000000000000000000001, "Native operation status was not captured" {0 0 0};
T_9.16 ;
    %vpi_call/w 3 369 "$display", "============================================================" {0 0 0};
    %vpi_call/w 3 372 "$display", "PASS: IF\303\201 V4 PROGRAM EXECUTOR UNIT TEST COMPLETE" {0 0 0};
    %vpi_call/w 3 375 "$display", "PASS: LDAI AND LDBI VERIFIED" {0 0 0};
    %vpi_call/w 3 378 "$display", "PASS: NATIVE PAPO DISPATCH VERIFIED" {0 0 0};
    %vpi_call/w 3 381 "$display", "PASS: NATIVE SEDA FLAGS VERIFIED" {0 0 0};
    %vpi_call/w 3 384 "$display", "PASS: BR_EQ VERIFIED" {0 0 0};
    %vpi_call/w 3 387 "$display", "PASS: LDADDR VERIFIED" {0 0 0};
    %vpi_call/w 3 390 "$display", "PASS: HALT VERIFIED" {0 0 0};
    %vpi_call/w 3 393 "$display", "============================================================" {0 0 0};
    %vpi_call/w 3 397 "$finish" {0 0 0};
    %end;
    .thread T_9;
# The file index is used to find the file name in the following table.
:file_names 5;
    "N/A";
    "<interactive>";
    "-";
    "tb/v4/tb_ifa_program_executor_v4.sv";
    "rtl/v4/ifa_program_executor_v4.sv";
