#! /usr/bin/vvp
:ivl_version "12.0 (stable)";
:ivl_delay_selection "TYPICAL";
:vpi_time_precision - 12;
:vpi_module "/usr/lib/x86_64-linux-gnu/ivl/system.vpi";
:vpi_module "/usr/lib/x86_64-linux-gnu/ivl/vhdl_sys.vpi";
:vpi_module "/usr/lib/x86_64-linux-gnu/ivl/vhdl_textio.vpi";
:vpi_module "/usr/lib/x86_64-linux-gnu/ivl/v2005_math.vpi";
:vpi_module "/usr/lib/x86_64-linux-gnu/ivl/va_math.vpi";
:vpi_module "/usr/lib/x86_64-linux-gnu/ivl/v2009.vpi";
S_0x5fa6f2639600 .scope package, "$unit" "$unit" 2 1;
 .timescale 0 0;
S_0x5fa6f2639790 .scope module, "tb_ifa_relation_memory_controller" "tb_ifa_relation_memory_controller" 3 7;
 .timescale -9 -12;
P_0x5fa6f26149e0 .param/l "DEPTH" 1 3 10, +C4<00000000000000000000000000000100>;
P_0x5fa6f2614a20 .param/l "WIDTH" 1 3 9, +C4<00000000000000000000000000001000>;
v0x5fa6f26709e0_0 .var "clk", 0 0;
v0x5fa6f2670aa0_0 .net "evict_count", 31 0, v0x5fa6f2648870_0;  1 drivers
v0x5fa6f2670b70_0 .net "hit", 0 0, v0x5fa6f25ee330_0;  1 drivers
v0x5fa6f2670c70_0 .net "hit_count", 31 0, v0x5fa6f266e9b0_0;  1 drivers
v0x5fa6f2670d40_0 .var "in_r0", 7 0;
v0x5fa6f2670e30_0 .var "in_ra", 7 0;
v0x5fa6f2670f00_0 .var "in_rd", 7 0;
v0x5fa6f2670fd0_0 .var "in_t", 7 0;
v0x5fa6f26710a0_0 .var "in_y", 7 0;
v0x5fa6f2671170_0 .net "miss", 0 0, v0x5fa6f266f760_0;  1 drivers
v0x5fa6f2671240_0 .net "miss_count", 31 0, v0x5fa6f266f820_0;  1 drivers
v0x5fa6f2671310_0 .net "out_r0", 7 0, v0x5fa6f266f900_0;  1 drivers
v0x5fa6f26713e0_0 .net "out_ra", 7 0, v0x5fa6f266f9e0_0;  1 drivers
v0x5fa6f26714b0_0 .net "out_rd", 7 0, v0x5fa6f266fac0_0;  1 drivers
v0x5fa6f2671580_0 .net "out_t", 7 0, v0x5fa6f266fba0_0;  1 drivers
v0x5fa6f2671650_0 .net "out_y", 7 0, v0x5fa6f266fc80_0;  1 drivers
v0x5fa6f2671720_0 .var "req_valid", 0 0;
v0x5fa6f26717f0_0 .var "rst", 0 0;
v0x5fa6f26718c0_0 .net "store_count", 31 0, v0x5fa6f266fee0_0;  1 drivers
E_0x5fa6f25edf00 .event negedge, v0x5fa6f2625060_0;
S_0x5fa6f25ed490 .scope module, "dut" "ifa_relation_memory_controller" 3 24, 4 14 0, S_0x5fa6f2639790;
 .timescale 0 0;
    .port_info 0 /INPUT 1 "clk";
    .port_info 1 /INPUT 1 "rst";
    .port_info 2 /INPUT 1 "req_valid";
    .port_info 3 /INPUT 8 "in_y";
    .port_info 4 /INPUT 8 "in_ra";
    .port_info 5 /INPUT 8 "in_rd";
    .port_info 6 /INPUT 8 "in_r0";
    .port_info 7 /INPUT 8 "in_t";
    .port_info 8 /OUTPUT 1 "hit";
    .port_info 9 /OUTPUT 1 "miss";
    .port_info 10 /OUTPUT 8 "out_y";
    .port_info 11 /OUTPUT 8 "out_ra";
    .port_info 12 /OUTPUT 8 "out_rd";
    .port_info 13 /OUTPUT 8 "out_r0";
    .port_info 14 /OUTPUT 8 "out_t";
    .port_info 15 /OUTPUT 32 "hit_count";
    .port_info 16 /OUTPUT 32 "miss_count";
    .port_info 17 /OUTPUT 32 "store_count";
    .port_info 18 /OUTPUT 32 "evict_count";
P_0x5fa6f25ed620 .param/l "DEPTH" 0 4 16, +C4<00000000000000000000000000000100>;
P_0x5fa6f25ed660 .param/l "INDEX_W" 1 4 44, +C4<00000000000000000000000000000010>;
P_0x5fa6f25ed6a0 .param/l "WIDTH" 0 4 15, +C4<00000000000000000000000000001000>;
v0x5fa6f2625060_0 .net "clk", 0 0, v0x5fa6f26709e0_0;  1 drivers
v0x5fa6f2648870_0 .var "evict_count", 31 0;
v0x5fa6f264c640_0 .var "fifo_ptr", 1 0;
v0x5fa6f25ee330_0 .var "hit", 0 0;
v0x5fa6f266e9b0_0 .var "hit_count", 31 0;
v0x5fa6f266eae0_0 .var/i "i", 31 0;
v0x5fa6f266ebc0_0 .net "in_r0", 7 0, v0x5fa6f2670d40_0;  1 drivers
v0x5fa6f266eca0_0 .net "in_ra", 7 0, v0x5fa6f2670e30_0;  1 drivers
v0x5fa6f266ed80_0 .net "in_rd", 7 0, v0x5fa6f2670f00_0;  1 drivers
v0x5fa6f266ee60_0 .net "in_t", 7 0, v0x5fa6f2670fd0_0;  1 drivers
v0x5fa6f266ef40_0 .net "in_y", 7 0, v0x5fa6f26710a0_0;  1 drivers
v0x5fa6f266f020_0 .var "lookup_hit", 0 0;
v0x5fa6f266f0e0_0 .var "lookup_index", 1 0;
v0x5fa6f266f1c0 .array "mem_r0", 3 0, 7 0;
v0x5fa6f266f280 .array "mem_ra", 3 0, 7 0;
v0x5fa6f266f3c0 .array "mem_rd", 3 0, 7 0;
v0x5fa6f266f530 .array "mem_t", 3 0, 7 0;
v0x5fa6f266f6a0 .array "mem_y", 3 0, 7 0;
v0x5fa6f266f760_0 .var "miss", 0 0;
v0x5fa6f266f820_0 .var "miss_count", 31 0;
v0x5fa6f266f900_0 .var "out_r0", 7 0;
v0x5fa6f266f9e0_0 .var "out_ra", 7 0;
v0x5fa6f266fac0_0 .var "out_rd", 7 0;
v0x5fa6f266fba0_0 .var "out_t", 7 0;
v0x5fa6f266fc80_0 .var "out_y", 7 0;
v0x5fa6f266fd60_0 .net "req_valid", 0 0, v0x5fa6f2671720_0;  1 drivers
v0x5fa6f266fe20_0 .net "rst", 0 0, v0x5fa6f26717f0_0;  1 drivers
v0x5fa6f266fee0_0 .var "store_count", 31 0;
v0x5fa6f266ffc0 .array "valid", 3 0, 0 0;
E_0x5fa6f262b120 .event posedge, v0x5fa6f2625060_0;
v0x5fa6f266ffc0_0 .array/port v0x5fa6f266ffc0, 0;
v0x5fa6f266ffc0_1 .array/port v0x5fa6f266ffc0, 1;
v0x5fa6f266ffc0_2 .array/port v0x5fa6f266ffc0, 2;
v0x5fa6f266ffc0_3 .array/port v0x5fa6f266ffc0, 3;
E_0x5fa6f262dc20/0 .event anyedge, v0x5fa6f266ffc0_0, v0x5fa6f266ffc0_1, v0x5fa6f266ffc0_2, v0x5fa6f266ffc0_3;
v0x5fa6f266f280_0 .array/port v0x5fa6f266f280, 0;
v0x5fa6f266f280_1 .array/port v0x5fa6f266f280, 1;
v0x5fa6f266f280_2 .array/port v0x5fa6f266f280, 2;
v0x5fa6f266f280_3 .array/port v0x5fa6f266f280, 3;
E_0x5fa6f262dc20/1 .event anyedge, v0x5fa6f266f280_0, v0x5fa6f266f280_1, v0x5fa6f266f280_2, v0x5fa6f266f280_3;
v0x5fa6f266f3c0_0 .array/port v0x5fa6f266f3c0, 0;
v0x5fa6f266f3c0_1 .array/port v0x5fa6f266f3c0, 1;
v0x5fa6f266f3c0_2 .array/port v0x5fa6f266f3c0, 2;
E_0x5fa6f262dc20/2 .event anyedge, v0x5fa6f266eca0_0, v0x5fa6f266f3c0_0, v0x5fa6f266f3c0_1, v0x5fa6f266f3c0_2;
v0x5fa6f266f3c0_3 .array/port v0x5fa6f266f3c0, 3;
v0x5fa6f266f530_0 .array/port v0x5fa6f266f530, 0;
v0x5fa6f266f530_1 .array/port v0x5fa6f266f530, 1;
E_0x5fa6f262dc20/3 .event anyedge, v0x5fa6f266f3c0_3, v0x5fa6f266ed80_0, v0x5fa6f266f530_0, v0x5fa6f266f530_1;
v0x5fa6f266f530_2 .array/port v0x5fa6f266f530, 2;
v0x5fa6f266f530_3 .array/port v0x5fa6f266f530, 3;
E_0x5fa6f262dc20/4 .event anyedge, v0x5fa6f266f530_2, v0x5fa6f266f530_3, v0x5fa6f266ee60_0;
E_0x5fa6f262dc20 .event/or E_0x5fa6f262dc20/0, E_0x5fa6f262dc20/1, E_0x5fa6f262dc20/2, E_0x5fa6f262dc20/3, E_0x5fa6f262dc20/4;
S_0x5fa6f25ed7e0 .scope begin, "$ivl_for_loop0" "$ivl_for_loop0" 4 73, 4 73 0, S_0x5fa6f25ed490;
 .timescale 0 0;
v0x5fa6f261b710_0 .var/2s "j", 31 0;
S_0x5fa6f2670410 .scope autotask, "send_frame" "send_frame" 3 49, 3 49 0, S_0x5fa6f2639790;
 .timescale -9 -12;
v0x5fa6f261af30_0 .var "r0", 7 0;
v0x5fa6f2670600_0 .var "ra", 7 0;
v0x5fa6f26706e0_0 .var "rd", 7 0;
v0x5fa6f26707d0_0 .var "t", 7 0;
v0x5fa6f26708b0_0 .var "y", 7 0;
TD_tb_ifa_relation_memory_controller.send_frame ;
    %wait E_0x5fa6f25edf00;
    %pushi/vec4 1, 0, 1;
    %store/vec4 v0x5fa6f2671720_0, 0, 1;
    %load/vec4 v0x5fa6f26708b0_0;
    %store/vec4 v0x5fa6f26710a0_0, 0, 8;
    %load/vec4 v0x5fa6f2670600_0;
    %store/vec4 v0x5fa6f2670e30_0, 0, 8;
    %load/vec4 v0x5fa6f26706e0_0;
    %store/vec4 v0x5fa6f2670f00_0, 0, 8;
    %load/vec4 v0x5fa6f261af30_0;
    %store/vec4 v0x5fa6f2670d40_0, 0, 8;
    %load/vec4 v0x5fa6f26707d0_0;
    %store/vec4 v0x5fa6f2670fd0_0, 0, 8;
    %wait E_0x5fa6f25edf00;
    %pushi/vec4 0, 0, 1;
    %store/vec4 v0x5fa6f2671720_0, 0, 1;
    %end;
    .scope S_0x5fa6f25ed490;
T_1 ;
Ewait_0 .event/or E_0x5fa6f262dc20, E_0x0;
    %wait Ewait_0;
    %pushi/vec4 0, 0, 1;
    %store/vec4 v0x5fa6f266f020_0, 0, 1;
    %pushi/vec4 0, 0, 2;
    %store/vec4 v0x5fa6f266f0e0_0, 0, 2;
    %fork t_1, S_0x5fa6f25ed7e0;
    %jmp t_0;
    .scope S_0x5fa6f25ed7e0;
t_1 ;
    %pushi/vec4 0, 0, 32;
    %store/vec4 v0x5fa6f261b710_0, 0, 32;
T_1.0 ;
    %load/vec4 v0x5fa6f261b710_0;
    %cmpi/s 4, 0, 32;
    %jmp/0xz T_1.1, 5;
    %ix/getv/s 4, v0x5fa6f261b710_0;
    %load/vec4a v0x5fa6f266ffc0, 4;
    %flag_set/vec4 11;
    %flag_get/vec4 11;
    %jmp/0 T_1.6, 11;
    %ix/getv/s 4, v0x5fa6f261b710_0;
    %load/vec4a v0x5fa6f266f280, 4;
    %load/vec4 v0x5fa6f266eca0_0;
    %cmp/e;
    %flag_get/vec4 4;
    %and;
T_1.6;
    %flag_set/vec4 10;
    %flag_get/vec4 10;
    %jmp/0 T_1.5, 10;
    %ix/getv/s 4, v0x5fa6f261b710_0;
    %load/vec4a v0x5fa6f266f3c0, 4;
    %load/vec4 v0x5fa6f266ed80_0;
    %cmp/e;
    %flag_get/vec4 4;
    %and;
T_1.5;
    %flag_set/vec4 9;
    %flag_get/vec4 9;
    %jmp/0 T_1.4, 9;
    %ix/getv/s 4, v0x5fa6f261b710_0;
    %load/vec4a v0x5fa6f266f530, 4;
    %load/vec4 v0x5fa6f266ee60_0;
    %cmp/e;
    %flag_get/vec4 4;
    %and;
T_1.4;
    %flag_set/vec4 8;
    %jmp/0xz  T_1.2, 8;
    %pushi/vec4 1, 0, 1;
    %store/vec4 v0x5fa6f266f020_0, 0, 1;
    %load/vec4 v0x5fa6f261b710_0;
    %pad/s 2;
    %store/vec4 v0x5fa6f266f0e0_0, 0, 2;
T_1.2 ;
    %load/vec4 v0x5fa6f261b710_0;
    %addi 1, 0, 32;
    %cast2;
    %store/vec4 v0x5fa6f261b710_0, 0, 32;
    %jmp T_1.0;
T_1.1 ;
    %end;
    .scope S_0x5fa6f25ed490;
t_0 %join;
    %jmp T_1;
    .thread T_1, $push;
    .scope S_0x5fa6f25ed490;
T_2 ;
    %wait E_0x5fa6f262b120;
    %load/vec4 v0x5fa6f266fe20_0;
    %flag_set/vec4 8;
    %jmp/0xz  T_2.0, 8;
    %pushi/vec4 0, 0, 2;
    %assign/vec4 v0x5fa6f264c640_0, 0;
    %pushi/vec4 0, 0, 1;
    %assign/vec4 v0x5fa6f25ee330_0, 0;
    %pushi/vec4 0, 0, 1;
    %assign/vec4 v0x5fa6f266f760_0, 0;
    %pushi/vec4 0, 0, 8;
    %assign/vec4 v0x5fa6f266fc80_0, 0;
    %pushi/vec4 0, 0, 8;
    %assign/vec4 v0x5fa6f266f9e0_0, 0;
    %pushi/vec4 0, 0, 8;
    %assign/vec4 v0x5fa6f266fac0_0, 0;
    %pushi/vec4 0, 0, 8;
    %assign/vec4 v0x5fa6f266f900_0, 0;
    %pushi/vec4 0, 0, 8;
    %assign/vec4 v0x5fa6f266fba0_0, 0;
    %pushi/vec4 0, 0, 32;
    %assign/vec4 v0x5fa6f266e9b0_0, 0;
    %pushi/vec4 0, 0, 32;
    %assign/vec4 v0x5fa6f266f820_0, 0;
    %pushi/vec4 0, 0, 32;
    %assign/vec4 v0x5fa6f266fee0_0, 0;
    %pushi/vec4 0, 0, 32;
    %assign/vec4 v0x5fa6f2648870_0, 0;
    %pushi/vec4 0, 0, 32;
    %store/vec4 v0x5fa6f266eae0_0, 0, 32;
T_2.2 ;
    %load/vec4 v0x5fa6f266eae0_0;
    %cmpi/s 4, 0, 32;
    %jmp/0xz T_2.3, 5;
    %pushi/vec4 0, 0, 1;
    %ix/getv/s 3, v0x5fa6f266eae0_0;
    %ix/load 4, 0, 0; Constant delay
    %assign/vec4/a/d v0x5fa6f266ffc0, 0, 4;
    %pushi/vec4 0, 0, 8;
    %ix/getv/s 3, v0x5fa6f266eae0_0;
    %ix/load 4, 0, 0; Constant delay
    %assign/vec4/a/d v0x5fa6f266f6a0, 0, 4;
    %pushi/vec4 0, 0, 8;
    %ix/getv/s 3, v0x5fa6f266eae0_0;
    %ix/load 4, 0, 0; Constant delay
    %assign/vec4/a/d v0x5fa6f266f280, 0, 4;
    %pushi/vec4 0, 0, 8;
    %ix/getv/s 3, v0x5fa6f266eae0_0;
    %ix/load 4, 0, 0; Constant delay
    %assign/vec4/a/d v0x5fa6f266f3c0, 0, 4;
    %pushi/vec4 0, 0, 8;
    %ix/getv/s 3, v0x5fa6f266eae0_0;
    %ix/load 4, 0, 0; Constant delay
    %assign/vec4/a/d v0x5fa6f266f1c0, 0, 4;
    %pushi/vec4 0, 0, 8;
    %ix/getv/s 3, v0x5fa6f266eae0_0;
    %ix/load 4, 0, 0; Constant delay
    %assign/vec4/a/d v0x5fa6f266f530, 0, 4;
    %load/vec4 v0x5fa6f266eae0_0;
    %addi 1, 0, 32;
    %store/vec4 v0x5fa6f266eae0_0, 0, 32;
    %jmp T_2.2;
T_2.3 ;
    %jmp T_2.1;
T_2.0 ;
    %pushi/vec4 0, 0, 1;
    %assign/vec4 v0x5fa6f25ee330_0, 0;
    %pushi/vec4 0, 0, 1;
    %assign/vec4 v0x5fa6f266f760_0, 0;
    %load/vec4 v0x5fa6f266fd60_0;
    %flag_set/vec4 8;
    %jmp/0xz  T_2.4, 8;
    %load/vec4 v0x5fa6f266f020_0;
    %flag_set/vec4 8;
    %jmp/0xz  T_2.6, 8;
    %pushi/vec4 1, 0, 1;
    %assign/vec4 v0x5fa6f25ee330_0, 0;
    %pushi/vec4 0, 0, 1;
    %assign/vec4 v0x5fa6f266f760_0, 0;
    %load/vec4 v0x5fa6f266e9b0_0;
    %addi 1, 0, 32;
    %assign/vec4 v0x5fa6f266e9b0_0, 0;
    %load/vec4 v0x5fa6f266f0e0_0;
    %pad/u 4;
    %ix/vec4 4;
    %load/vec4a v0x5fa6f266f6a0, 4;
    %assign/vec4 v0x5fa6f266fc80_0, 0;
    %load/vec4 v0x5fa6f266f0e0_0;
    %pad/u 4;
    %ix/vec4 4;
    %load/vec4a v0x5fa6f266f280, 4;
    %assign/vec4 v0x5fa6f266f9e0_0, 0;
    %load/vec4 v0x5fa6f266f0e0_0;
    %pad/u 4;
    %ix/vec4 4;
    %load/vec4a v0x5fa6f266f3c0, 4;
    %assign/vec4 v0x5fa6f266fac0_0, 0;
    %load/vec4 v0x5fa6f266f0e0_0;
    %pad/u 4;
    %ix/vec4 4;
    %load/vec4a v0x5fa6f266f1c0, 4;
    %assign/vec4 v0x5fa6f266f900_0, 0;
    %load/vec4 v0x5fa6f266f0e0_0;
    %pad/u 4;
    %ix/vec4 4;
    %load/vec4a v0x5fa6f266f530, 4;
    %assign/vec4 v0x5fa6f266fba0_0, 0;
    %jmp T_2.7;
T_2.6 ;
    %pushi/vec4 0, 0, 1;
    %assign/vec4 v0x5fa6f25ee330_0, 0;
    %pushi/vec4 1, 0, 1;
    %assign/vec4 v0x5fa6f266f760_0, 0;
    %load/vec4 v0x5fa6f266f820_0;
    %addi 1, 0, 32;
    %assign/vec4 v0x5fa6f266f820_0, 0;
    %load/vec4 v0x5fa6f266fee0_0;
    %addi 1, 0, 32;
    %assign/vec4 v0x5fa6f266fee0_0, 0;
    %load/vec4 v0x5fa6f266ef40_0;
    %load/vec4 v0x5fa6f264c640_0;
    %pad/u 4;
    %ix/vec4 3;
    %ix/load 4, 0, 0; Constant delay
    %assign/vec4/a/d v0x5fa6f266f6a0, 0, 4;
    %load/vec4 v0x5fa6f266eca0_0;
    %load/vec4 v0x5fa6f264c640_0;
    %pad/u 4;
    %ix/vec4 3;
    %ix/load 4, 0, 0; Constant delay
    %assign/vec4/a/d v0x5fa6f266f280, 0, 4;
    %load/vec4 v0x5fa6f266ed80_0;
    %load/vec4 v0x5fa6f264c640_0;
    %pad/u 4;
    %ix/vec4 3;
    %ix/load 4, 0, 0; Constant delay
    %assign/vec4/a/d v0x5fa6f266f3c0, 0, 4;
    %load/vec4 v0x5fa6f266ebc0_0;
    %load/vec4 v0x5fa6f264c640_0;
    %pad/u 4;
    %ix/vec4 3;
    %ix/load 4, 0, 0; Constant delay
    %assign/vec4/a/d v0x5fa6f266f1c0, 0, 4;
    %load/vec4 v0x5fa6f266ee60_0;
    %load/vec4 v0x5fa6f264c640_0;
    %pad/u 4;
    %ix/vec4 3;
    %ix/load 4, 0, 0; Constant delay
    %assign/vec4/a/d v0x5fa6f266f530, 0, 4;
    %load/vec4 v0x5fa6f264c640_0;
    %pad/u 4;
    %ix/vec4 4;
    %load/vec4a v0x5fa6f266ffc0, 4;
    %flag_set/vec4 8;
    %jmp/0xz  T_2.8, 8;
    %load/vec4 v0x5fa6f2648870_0;
    %addi 1, 0, 32;
    %assign/vec4 v0x5fa6f2648870_0, 0;
T_2.8 ;
    %pushi/vec4 1, 0, 1;
    %load/vec4 v0x5fa6f264c640_0;
    %pad/u 4;
    %ix/vec4 3;
    %ix/load 4, 0, 0; Constant delay
    %assign/vec4/a/d v0x5fa6f266ffc0, 0, 4;
    %load/vec4 v0x5fa6f266ef40_0;
    %assign/vec4 v0x5fa6f266fc80_0, 0;
    %load/vec4 v0x5fa6f266eca0_0;
    %assign/vec4 v0x5fa6f266f9e0_0, 0;
    %load/vec4 v0x5fa6f266ed80_0;
    %assign/vec4 v0x5fa6f266fac0_0, 0;
    %load/vec4 v0x5fa6f266ebc0_0;
    %assign/vec4 v0x5fa6f266f900_0, 0;
    %load/vec4 v0x5fa6f266ee60_0;
    %assign/vec4 v0x5fa6f266fba0_0, 0;
    %load/vec4 v0x5fa6f264c640_0;
    %addi 1, 0, 2;
    %assign/vec4 v0x5fa6f264c640_0, 0;
T_2.7 ;
T_2.4 ;
T_2.1 ;
    %jmp T_2;
    .thread T_2;
    .scope S_0x5fa6f2639790;
T_3 ;
    %delay 5000, 0;
    %load/vec4 v0x5fa6f26709e0_0;
    %inv;
    %store/vec4 v0x5fa6f26709e0_0, 0, 1;
    %jmp T_3;
    .thread T_3;
    .scope S_0x5fa6f2639790;
T_4 ;
    %pushi/vec4 0, 0, 1;
    %store/vec4 v0x5fa6f26709e0_0, 0, 1;
    %pushi/vec4 1, 0, 1;
    %store/vec4 v0x5fa6f26717f0_0, 0, 1;
    %pushi/vec4 0, 0, 1;
    %store/vec4 v0x5fa6f2671720_0, 0, 1;
    %pushi/vec4 0, 0, 8;
    %store/vec4 v0x5fa6f26710a0_0, 0, 8;
    %pushi/vec4 0, 0, 8;
    %store/vec4 v0x5fa6f2670e30_0, 0, 8;
    %pushi/vec4 0, 0, 8;
    %store/vec4 v0x5fa6f2670f00_0, 0, 8;
    %pushi/vec4 0, 0, 8;
    %store/vec4 v0x5fa6f2670d40_0, 0, 8;
    %pushi/vec4 0, 0, 8;
    %store/vec4 v0x5fa6f2670fd0_0, 0, 8;
    %pushi/vec4 3, 0, 32;
T_4.0 %dup/vec4;
    %pushi/vec4 0, 0, 32;
    %cmp/s;
    %jmp/1xz T_4.1, 5;
    %jmp/1 T_4.1, 4;
    %pushi/vec4 1, 0, 32;
    %sub;
    %wait E_0x5fa6f25edf00;
    %jmp T_4.0;
T_4.1 ;
    %pop/vec4 1;
    %pushi/vec4 0, 0, 1;
    %store/vec4 v0x5fa6f26717f0_0, 0, 1;
    %vpi_call/w 3 84 "$display", "==================================================" {0 0 0};
    %vpi_call/w 3 85 "$display", "IF\303\201 V4 RELATION MEMORY CONTROLLER TEST" {0 0 0};
    %vpi_call/w 3 86 "$display", "==================================================" {0 0 0};
    %alloc S_0x5fa6f2670410;
    %pushi/vec4 19, 0, 8;
    %store/vec4 v0x5fa6f26708b0_0, 0, 8;
    %pushi/vec4 4, 0, 8;
    %store/vec4 v0x5fa6f2670600_0, 0, 8;
    %pushi/vec4 11, 0, 8;
    %store/vec4 v0x5fa6f26706e0_0, 0, 8;
    %pushi/vec4 240, 0, 8;
    %store/vec4 v0x5fa6f261af30_0, 0, 8;
    %pushi/vec4 3, 0, 8;
    %store/vec4 v0x5fa6f26707d0_0, 0, 8;
    %fork TD_tb_ifa_relation_memory_controller.send_frame, S_0x5fa6f2670410;
    %join;
    %free S_0x5fa6f2670410;
    %wait E_0x5fa6f262b120;
    %vpi_call/w 3 91 "$display", "TEST 1 MISS: hit=%0d miss=%0d out_y=%02h", v0x5fa6f2670b70_0, v0x5fa6f2671170_0, v0x5fa6f2671650_0 {0 0 0};
    %load/vec4 v0x5fa6f2671170_0;
    %cmpi/ne 1, 0, 1;
    %jmp/0xz  T_4.2, 6;
    %vpi_call/w 3 94 "$fatal", 32'sb00000000000000000000000000000001, "Expected MISS on first insert" {0 0 0};
T_4.2 ;
    %alloc S_0x5fa6f2670410;
    %pushi/vec4 170, 0, 8;
    %store/vec4 v0x5fa6f26708b0_0, 0, 8;
    %pushi/vec4 4, 0, 8;
    %store/vec4 v0x5fa6f2670600_0, 0, 8;
    %pushi/vec4 11, 0, 8;
    %store/vec4 v0x5fa6f26706e0_0, 0, 8;
    %pushi/vec4 85, 0, 8;
    %store/vec4 v0x5fa6f261af30_0, 0, 8;
    %pushi/vec4 3, 0, 8;
    %store/vec4 v0x5fa6f26707d0_0, 0, 8;
    %fork TD_tb_ifa_relation_memory_controller.send_frame, S_0x5fa6f2670410;
    %join;
    %free S_0x5fa6f2670410;
    %wait E_0x5fa6f262b120;
    %vpi_call/w 3 100 "$display", "TEST 2 HIT: hit=%0d miss=%0d out_y=%02h out_r0=%02h", v0x5fa6f2670b70_0, v0x5fa6f2671170_0, v0x5fa6f2671650_0, v0x5fa6f2671310_0 {0 0 0};
    %load/vec4 v0x5fa6f2670b70_0;
    %cmpi/ne 1, 0, 1;
    %jmp/0xz  T_4.4, 6;
    %vpi_call/w 3 103 "$fatal", 32'sb00000000000000000000000000000001, "Expected HIT on repeated key" {0 0 0};
T_4.4 ;
    %load/vec4 v0x5fa6f2671650_0;
    %cmpi/ne 19, 0, 8;
    %jmp/1 T_4.8, 6;
    %flag_mov 8, 6;
    %load/vec4 v0x5fa6f2671310_0;
    %cmpi/ne 240, 0, 8;
    %flag_or 6, 8;
T_4.8;
    %jmp/0xz  T_4.6, 6;
    %vpi_call/w 3 107 "$fatal", 32'sb00000000000000000000000000000001, "Hit did not return stored full frame" {0 0 0};
T_4.6 ;
    %alloc S_0x5fa6f2670410;
    %pushi/vec4 33, 0, 8;
    %store/vec4 v0x5fa6f26708b0_0, 0, 8;
    %pushi/vec4 1, 0, 8;
    %store/vec4 v0x5fa6f2670600_0, 0, 8;
    %pushi/vec4 2, 0, 8;
    %store/vec4 v0x5fa6f26706e0_0, 0, 8;
    %pushi/vec4 252, 0, 8;
    %store/vec4 v0x5fa6f261af30_0, 0, 8;
    %pushi/vec4 1, 0, 8;
    %store/vec4 v0x5fa6f26707d0_0, 0, 8;
    %fork TD_tb_ifa_relation_memory_controller.send_frame, S_0x5fa6f2670410;
    %join;
    %free S_0x5fa6f2670410;
    %alloc S_0x5fa6f2670410;
    %pushi/vec4 34, 0, 8;
    %store/vec4 v0x5fa6f26708b0_0, 0, 8;
    %pushi/vec4 2, 0, 8;
    %store/vec4 v0x5fa6f2670600_0, 0, 8;
    %pushi/vec4 3, 0, 8;
    %store/vec4 v0x5fa6f26706e0_0, 0, 8;
    %pushi/vec4 248, 0, 8;
    %store/vec4 v0x5fa6f261af30_0, 0, 8;
    %pushi/vec4 2, 0, 8;
    %store/vec4 v0x5fa6f26707d0_0, 0, 8;
    %fork TD_tb_ifa_relation_memory_controller.send_frame, S_0x5fa6f2670410;
    %join;
    %free S_0x5fa6f2670410;
    %alloc S_0x5fa6f2670410;
    %pushi/vec4 35, 0, 8;
    %store/vec4 v0x5fa6f26708b0_0, 0, 8;
    %pushi/vec4 3, 0, 8;
    %store/vec4 v0x5fa6f2670600_0, 0, 8;
    %pushi/vec4 4, 0, 8;
    %store/vec4 v0x5fa6f26706e0_0, 0, 8;
    %pushi/vec4 244, 0, 8;
    %store/vec4 v0x5fa6f261af30_0, 0, 8;
    %pushi/vec4 3, 0, 8;
    %store/vec4 v0x5fa6f26707d0_0, 0, 8;
    %fork TD_tb_ifa_relation_memory_controller.send_frame, S_0x5fa6f2670410;
    %join;
    %free S_0x5fa6f2670410;
    %alloc S_0x5fa6f2670410;
    %pushi/vec4 36, 0, 8;
    %store/vec4 v0x5fa6f26708b0_0, 0, 8;
    %pushi/vec4 4, 0, 8;
    %store/vec4 v0x5fa6f2670600_0, 0, 8;
    %pushi/vec4 5, 0, 8;
    %store/vec4 v0x5fa6f26706e0_0, 0, 8;
    %pushi/vec4 242, 0, 8;
    %store/vec4 v0x5fa6f261af30_0, 0, 8;
    %pushi/vec4 4, 0, 8;
    %store/vec4 v0x5fa6f26707d0_0, 0, 8;
    %fork TD_tb_ifa_relation_memory_controller.send_frame, S_0x5fa6f2670410;
    %join;
    %free S_0x5fa6f2670410;
    %alloc S_0x5fa6f2670410;
    %pushi/vec4 19, 0, 8;
    %store/vec4 v0x5fa6f26708b0_0, 0, 8;
    %pushi/vec4 4, 0, 8;
    %store/vec4 v0x5fa6f2670600_0, 0, 8;
    %pushi/vec4 11, 0, 8;
    %store/vec4 v0x5fa6f26706e0_0, 0, 8;
    %pushi/vec4 240, 0, 8;
    %store/vec4 v0x5fa6f261af30_0, 0, 8;
    %pushi/vec4 3, 0, 8;
    %store/vec4 v0x5fa6f26707d0_0, 0, 8;
    %fork TD_tb_ifa_relation_memory_controller.send_frame, S_0x5fa6f2670410;
    %join;
    %free S_0x5fa6f2670410;
    %wait E_0x5fa6f262b120;
    %vpi_call/w 3 122 "$display", "TEST 3 FIFO EVICTION: hit=%0d miss=%0d", v0x5fa6f2670b70_0, v0x5fa6f2671170_0 {0 0 0};
    %load/vec4 v0x5fa6f2671170_0;
    %cmpi/ne 1, 0, 1;
    %jmp/0xz  T_4.9, 6;
    %vpi_call/w 3 125 "$fatal", 32'sb00000000000000000000000000000001, "Expected MISS after FIFO eviction" {0 0 0};
T_4.9 ;
    %vpi_call/w 3 128 "$display", "COUNTERS: hits=%0d misses=%0d stores=%0d evicts=%0d", v0x5fa6f2670c70_0, v0x5fa6f2671240_0, v0x5fa6f26718c0_0, v0x5fa6f2670aa0_0 {0 0 0};
    %vpi_call/w 3 131 "$display", "==================================================" {0 0 0};
    %vpi_call/w 3 132 "$display", "ALL V4 RMC RTL TESTS PASSED" {0 0 0};
    %vpi_call/w 3 133 "$display", "==================================================" {0 0 0};
    %vpi_call/w 3 135 "$finish" {0 0 0};
    %end;
    .thread T_4;
# The file index is used to find the file name in the following table.
:file_names 5;
    "N/A";
    "<interactive>";
    "-";
    "tb/v4/tb_ifa_relation_memory_controller.sv";
    "rtl/v4/ifa_relation_memory_controller.sv";
