#! /usr/bin/vvp
:ivl_version "12.0 (stable)";
:ivl_delay_selection "TYPICAL";
:vpi_time_precision - 12;
:vpi_module "/usr/lib/x86_64-linux-gnu/ivl/system.vpi";
:vpi_module "/usr/lib/x86_64-linux-gnu/ivl/vhdl_sys.vpi";
:vpi_module "/usr/lib/x86_64-linux-gnu/ivl/vhdl_textio.vpi";
:vpi_module "/usr/lib/x86_64-linux-gnu/ivl/v2005_math.vpi";
:vpi_module "/usr/lib/x86_64-linux-gnu/ivl/va_math.vpi";
:vpi_module "/usr/lib/x86_64-linux-gnu/ivl/v2009.vpi";
S_0x63a157ce5860 .scope package, "$unit" "$unit" 2 1;
 .timescale 0 0;
S_0x63a157d31670 .scope module, "tb_ifa_v4_yara_system_top" "tb_ifa_v4_yara_system_top" 3 3;
 .timescale -9 -12;
P_0x63a157d3c190 .param/l "DEPTH" 1 3 7, +C4<00000000000000000000000000010000>;
P_0x63a157d3c1d0 .param/l "IR_WIDTH" 1 3 6, +C4<00000000000000000000000000010000>;
P_0x63a157d3c210 .param/l "WIDTH" 1 3 5, +C4<00000000000000000000000000001000>;
P_0x63a157d3c250 .param/l "YARA_COUNT" 1 3 8, +C4<00000000000000000000000000000010>;
P_0x63a157d3c290 .param/l "YARA_W" 1 3 9, +C4<00000000000000000000000000000001>;
v0x63a157d98ba0_0 .net "active_a", 7 0, v0x63a157d81280_0;  1 drivers
v0x63a157d98c80_0 .net "active_address", 7 0, v0x63a157d81360_0;  1 drivers
v0x63a157d98d90_0 .net "active_b", 7 0, v0x63a157d81440_0;  1 drivers
v0x63a157d98e80_0 .net "active_evict_count", 31 0, v0x63a157d913f0_0;  1 drivers
v0x63a157d98f90_0 .net "active_flags", 7 0, v0x63a157d81520_0;  1 drivers
v0x63a157d990f0_0 .net "active_hit_count", 31 0, v0x63a157d914b0_0;  1 drivers
v0x63a157d99200_0 .net "active_ir", 15 0, v0x63a157d81600_0;  1 drivers
v0x63a157d99310_0 .net "active_miss_count", 31 0, v0x63a157d91760_0;  1 drivers
v0x63a157d99420_0 .net "active_pc", 7 0, v0x63a157d816e0_0;  1 drivers
v0x63a157d99570_0 .net "active_running", 0 0, v0x63a157d93c20_0;  1 drivers
v0x63a157d99660_0 .net "active_store_count", 31 0, v0x63a157d91ec0_0;  1 drivers
v0x63a157d99770_0 .net "active_valid", 0 0, v0x63a157d93d00_0;  1 drivers
v0x63a157d99860_0 .net "active_yara", 0 0, v0x63a157d93dc0_0;  1 drivers
v0x63a157d999b0_0 .var "babalawo_mode", 0 0;
v0x63a157d99a50_0 .var "clk", 0 0;
v0x63a157d99af0_0 .net "command_allowed", 0 0, v0x63a157d94120_0;  1 drivers
v0x63a157d99be0_0 .net "command_denied", 0 0, v0x63a157d941e0_0;  1 drivers
v0x63a157d99cd0_0 .var "command_yara", 0 0;
v0x63a157d99de0_0 .var "context_write", 0 0;
v0x63a157d99ed0_0 .var "create_valid", 0 0;
v0x63a157d99fc0_0 .var "destroy_valid", 0 0;
v0x63a157d9a0b0_0 .var "execute_a", 7 0;
v0x63a157d9a170_0 .var "execute_b", 7 0;
v0x63a157d9a230_0 .var "execute_valid", 0 0;
v0x63a157d9a2d0_0 .net "manager_denied_count", 31 0, v0x63a157d94440_0;  1 drivers
v0x63a157d9a3c0_0 .net "out_r0", 7 0, v0x63a157d91840_0;  1 drivers
v0x63a157d9a4d0_0 .net "out_ra", 7 0, v0x63a157d91920_0;  1 drivers
v0x63a157d9a5e0_0 .net "out_rd", 7 0, v0x63a157d91a00_0;  1 drivers
v0x63a157d9a6f0_0 .net "out_t", 7 0, v0x63a157d91ae0_0;  1 drivers
v0x63a157d9a800_0 .net "out_y", 7 0, v0x63a157d91bc0_0;  1 drivers
v0x63a157d9a910_0 .var "pause_valid", 0 0;
v0x63a157d9aa00_0 .var "resume_valid", 0 0;
v0x63a157d9aaf0_0 .net "rmu_hit", 0 0, v0x63a157d91ca0_0;  1 drivers
v0x63a157d9adf0_0 .net "rmu_miss", 0 0, v0x63a157d91d60_0;  1 drivers
v0x63a157d9aee0_0 .var "rst", 0 0;
v0x63a157d9af80_0 .var "select_valid", 0 0;
v0x63a157d9b020_0 .net "switch_count", 31 0, v0x63a157d948c0_0;  1 drivers
v0x63a157d9b130_0 .var "write_a", 7 0;
v0x63a157d9b240_0 .var "write_address", 7 0;
v0x63a157d9b350_0 .var "write_b", 7 0;
v0x63a157d9b460_0 .var "write_flags", 7 0;
v0x63a157d9b570_0 .var "write_ir", 15 0;
v0x63a157d9b680_0 .var "write_pc", 7 0;
v0x63a157d9b790_0 .net "yara0_hit_count", 31 0, v0x63a157d84110_0;  1 drivers
v0x63a157d9b850_0 .net "yara0_miss_count", 31 0, v0x63a157d855d0_0;  1 drivers
v0x63a157d9b910_0 .net "yara1_hit_count", 31 0, v0x63a157d8b150_0;  1 drivers
v0x63a157d9b9d0_0 .net "yara1_miss_count", 31 0, v0x63a157d8c650_0;  1 drivers
v0x63a157d9ba90_0 .net "yara_running", 1 0, v0x63a157d94ab0_0;  1 drivers
v0x63a157d9bba0_0 .net "yara_valid", 1 0, v0x63a157d94b90_0;  1 drivers
E_0x63a157c7f870 .event negedge, v0x63a157c57d50_0;
S_0x63a157d6a0e0 .scope module, "dut" "ifa_v4_yara_system_top" 3 81, 4 18 0, S_0x63a157d31670;
 .timescale 0 0;
    .port_info 0 /INPUT 1 "clk";
    .port_info 1 /INPUT 1 "rst";
    .port_info 2 /INPUT 1 "babalawo_mode";
    .port_info 3 /INPUT 1 "create_valid";
    .port_info 4 /INPUT 1 "select_valid";
    .port_info 5 /INPUT 1 "pause_valid";
    .port_info 6 /INPUT 1 "resume_valid";
    .port_info 7 /INPUT 1 "destroy_valid";
    .port_info 8 /INPUT 1 "command_yara";
    .port_info 9 /INPUT 1 "context_write";
    .port_info 10 /INPUT 8 "write_pc";
    .port_info 11 /INPUT 16 "write_ir";
    .port_info 12 /INPUT 8 "write_a";
    .port_info 13 /INPUT 8 "write_b";
    .port_info 14 /INPUT 8 "write_address";
    .port_info 15 /INPUT 8 "write_flags";
    .port_info 16 /INPUT 1 "execute_valid";
    .port_info 17 /INPUT 8 "execute_a";
    .port_info 18 /INPUT 8 "execute_b";
    .port_info 19 /OUTPUT 1 "active_yara";
    .port_info 20 /OUTPUT 1 "active_valid";
    .port_info 21 /OUTPUT 1 "active_running";
    .port_info 22 /OUTPUT 2 "yara_valid";
    .port_info 23 /OUTPUT 2 "yara_running";
    .port_info 24 /OUTPUT 1 "command_allowed";
    .port_info 25 /OUTPUT 1 "command_denied";
    .port_info 26 /OUTPUT 32 "switch_count";
    .port_info 27 /OUTPUT 32 "manager_denied_count";
    .port_info 28 /OUTPUT 8 "active_pc";
    .port_info 29 /OUTPUT 16 "active_ir";
    .port_info 30 /OUTPUT 8 "active_a";
    .port_info 31 /OUTPUT 8 "active_b";
    .port_info 32 /OUTPUT 8 "active_address";
    .port_info 33 /OUTPUT 8 "active_flags";
    .port_info 34 /OUTPUT 1 "rmu_hit";
    .port_info 35 /OUTPUT 1 "rmu_miss";
    .port_info 36 /OUTPUT 8 "out_y";
    .port_info 37 /OUTPUT 8 "out_ra";
    .port_info 38 /OUTPUT 8 "out_rd";
    .port_info 39 /OUTPUT 8 "out_r0";
    .port_info 40 /OUTPUT 8 "out_t";
    .port_info 41 /OUTPUT 32 "active_hit_count";
    .port_info 42 /OUTPUT 32 "active_miss_count";
    .port_info 43 /OUTPUT 32 "active_store_count";
    .port_info 44 /OUTPUT 32 "active_evict_count";
    .port_info 45 /OUTPUT 32 "yara0_hit_count";
    .port_info 46 /OUTPUT 32 "yara0_miss_count";
    .port_info 47 /OUTPUT 32 "yara1_hit_count";
    .port_info 48 /OUTPUT 32 "yara1_miss_count";
P_0x63a157c925b0 .param/l "DEPTH" 0 4 21, +C4<00000000000000000000000000010000>;
P_0x63a157c925f0 .param/l "IR_WIDTH" 0 4 20, +C4<00000000000000000000000000010000>;
P_0x63a157c92630 .param/l "WIDTH" 0 4 19, +C4<00000000000000000000000000001000>;
P_0x63a157c92670 .param/l "YARA_COUNT" 0 4 22, +C4<00000000000000000000000000000010>;
P_0x63a157c926b0 .param/l "YARA_W" 0 4 23, +C4<00000000000000000000000000000001>;
L_0x63a157c71380 .functor AND 1, v0x63a157d9a230_0, v0x63a157d93d00_0, C4<1>, C4<1>;
L_0x63a157d2cc20 .functor AND 1, L_0x63a157c71380, v0x63a157d93c20_0, C4<1>, C4<1>;
v0x63a157d93990_0 .net *"_ivl_1", 0 0, L_0x63a157c71380;  1 drivers
v0x63a157d94fb0_0 .net "active_a", 7 0, v0x63a157d81280_0;  alias, 1 drivers
v0x63a157d95070_0 .net "active_address", 7 0, v0x63a157d81360_0;  alias, 1 drivers
v0x63a157d95110_0 .net "active_b", 7 0, v0x63a157d81440_0;  alias, 1 drivers
v0x63a157d951b0_0 .net "active_evict_count", 31 0, v0x63a157d913f0_0;  alias, 1 drivers
v0x63a157d952a0_0 .net "active_flags", 7 0, v0x63a157d81520_0;  alias, 1 drivers
v0x63a157d95340_0 .net "active_hit_count", 31 0, v0x63a157d914b0_0;  alias, 1 drivers
v0x63a157d953e0_0 .net "active_ir", 15 0, v0x63a157d81600_0;  alias, 1 drivers
v0x63a157d95480_0 .net "active_miss_count", 31 0, v0x63a157d91760_0;  alias, 1 drivers
v0x63a157d95520_0 .net "active_pc", 7 0, v0x63a157d816e0_0;  alias, 1 drivers
v0x63a157d955c0_0 .net "active_running", 0 0, v0x63a157d93c20_0;  alias, 1 drivers
v0x63a157d95660_0 .net "active_store_count", 31 0, v0x63a157d91ec0_0;  alias, 1 drivers
v0x63a157d95700_0 .net "active_valid", 0 0, v0x63a157d93d00_0;  alias, 1 drivers
v0x63a157d957a0_0 .net "active_yara", 0 0, v0x63a157d93dc0_0;  alias, 1 drivers
v0x63a157d95840_0 .net "babalawo_mode", 0 0, v0x63a157d999b0_0;  1 drivers
v0x63a157d958e0_0 .net "clear_yara", 1 0, v0x63a157d93f20_0;  1 drivers
v0x63a157d95980_0 .net "clk", 0 0, v0x63a157d99a50_0;  1 drivers
v0x63a157d95b30_0 .net "command_allowed", 0 0, v0x63a157d94120_0;  alias, 1 drivers
v0x63a157d95bd0_0 .net "command_denied", 0 0, v0x63a157d941e0_0;  alias, 1 drivers
v0x63a157d95c70_0 .net "command_yara", 0 0, v0x63a157d99cd0_0;  1 drivers
v0x63a157d95d10_0 .net "context_write", 0 0, v0x63a157d99de0_0;  1 drivers
v0x63a157d95db0_0 .net "create_valid", 0 0, v0x63a157d99ed0_0;  1 drivers
v0x63a157d95e80_0 .net "destroy_valid", 0 0, v0x63a157d99fc0_0;  1 drivers
v0x63a157d95f50_0 .net "execute_a", 7 0, v0x63a157d9a0b0_0;  1 drivers
v0x63a157d95ff0_0 .net "execute_allowed", 0 0, L_0x63a157d2cc20;  1 drivers
v0x63a157d960c0_0 .net "execute_b", 7 0, v0x63a157d9a170_0;  1 drivers
v0x63a157d96160_0 .net "execute_valid", 0 0, v0x63a157d9a230_0;  1 drivers
v0x63a157d96200_0 .net "manager_denied_count", 31 0, v0x63a157d94440_0;  alias, 1 drivers
v0x63a157d962d0_0 .net "out_r0", 7 0, v0x63a157d91840_0;  alias, 1 drivers
v0x63a157d963a0_0 .net "out_ra", 7 0, v0x63a157d91920_0;  alias, 1 drivers
v0x63a157d96470_0 .net "out_rd", 7 0, v0x63a157d91a00_0;  alias, 1 drivers
v0x63a157d96540_0 .net "out_t", 7 0, v0x63a157d91ae0_0;  alias, 1 drivers
v0x63a157d96610_0 .net "out_y", 7 0, v0x63a157d91bc0_0;  alias, 1 drivers
v0x63a157d968f0_0 .net "pause_valid", 0 0, v0x63a157d9a910_0;  1 drivers
v0x63a157d969c0_0 .net "resume_valid", 0 0, v0x63a157d9aa00_0;  1 drivers
v0x63a157d96a90_0 .net "rmu_hit", 0 0, v0x63a157d91ca0_0;  alias, 1 drivers
v0x63a157d96b60_0 .net "rmu_miss", 0 0, v0x63a157d91d60_0;  alias, 1 drivers
v0x63a157d96c30_0 .net "rst", 0 0, v0x63a157d9aee0_0;  1 drivers
v0x63a157d96cd0_0 .net "select_valid", 0 0, v0x63a157d9af80_0;  1 drivers
v0x63a157d96da0_0 .net "switch_count", 31 0, v0x63a157d948c0_0;  alias, 1 drivers
v0x63a157d96e70_0 .net "write_a", 7 0, v0x63a157d9b130_0;  1 drivers
v0x63a157d96f40_0 .net "write_address", 7 0, v0x63a157d9b240_0;  1 drivers
v0x63a157d97010_0 .net "write_b", 7 0, v0x63a157d9b350_0;  1 drivers
v0x63a157d970e0_0 .net "write_flags", 7 0, v0x63a157d9b460_0;  1 drivers
v0x63a157d971b0_0 .net "write_ir", 15 0, v0x63a157d9b570_0;  1 drivers
v0x63a157d97280_0 .net "write_pc", 7 0, v0x63a157d9b680_0;  1 drivers
v0x63a157d97350_0 .net "yara0_hit_count", 31 0, v0x63a157d84110_0;  alias, 1 drivers
v0x63a157d973f0_0 .net "yara0_miss_count", 31 0, v0x63a157d855d0_0;  alias, 1 drivers
v0x63a157d97490_0 .net "yara1_hit_count", 31 0, v0x63a157d8b150_0;  alias, 1 drivers
v0x63a157d975c0_0 .net "yara1_miss_count", 31 0, v0x63a157d8c650_0;  alias, 1 drivers
v0x63a157d976f0_0 .net "yara_running", 1 0, v0x63a157d94ab0_0;  alias, 1 drivers
v0x63a157d977c0_0 .net "yara_valid", 1 0, v0x63a157d94b90_0;  alias, 1 drivers
S_0x63a157c9d6f0 .scope module, "context_bank" "ifa_yara_context_bank" 4 165, 5 19 0, S_0x63a157d6a0e0;
 .timescale 0 0;
    .port_info 0 /INPUT 1 "clk";
    .port_info 1 /INPUT 1 "rst";
    .port_info 2 /INPUT 1 "active_yara";
    .port_info 3 /INPUT 1 "context_write";
    .port_info 4 /INPUT 8 "write_pc";
    .port_info 5 /INPUT 16 "write_ir";
    .port_info 6 /INPUT 8 "write_a";
    .port_info 7 /INPUT 8 "write_b";
    .port_info 8 /INPUT 8 "write_address";
    .port_info 9 /INPUT 8 "write_flags";
    .port_info 10 /INPUT 2 "clear_yara";
    .port_info 11 /OUTPUT 8 "read_pc";
    .port_info 12 /OUTPUT 16 "read_ir";
    .port_info 13 /OUTPUT 8 "read_a";
    .port_info 14 /OUTPUT 8 "read_b";
    .port_info 15 /OUTPUT 8 "read_address";
    .port_info 16 /OUTPUT 8 "read_flags";
P_0x63a157d594a0 .param/l "IR_WIDTH" 0 5 21, +C4<00000000000000000000000000010000>;
P_0x63a157d594e0 .param/l "WIDTH" 0 5 20, +C4<00000000000000000000000000001000>;
P_0x63a157d59520 .param/l "YARA_COUNT" 0 5 22, +C4<00000000000000000000000000000010>;
P_0x63a157d59560 .param/l "YARA_W" 0 5 23, +C4<00000000000000000000000000000001>;
v0x63a157d36130 .array "a_mem", 1 0, 7 0;
v0x63a157d41060_0 .net "active_yara", 0 0, v0x63a157d93dc0_0;  alias, 1 drivers
v0x63a157d54710 .array "address_mem", 1 0, 7 0;
v0x63a157d4a310 .array "b_mem", 1 0, 7 0;
v0x63a157c58430_0 .net "clear_yara", 1 0, v0x63a157d93f20_0;  alias, 1 drivers
v0x63a157c57d50_0 .net "clk", 0 0, v0x63a157d99a50_0;  alias, 1 drivers
v0x63a157c57360_0 .net "context_write", 0 0, v0x63a157d99de0_0;  alias, 1 drivers
v0x63a157d80e40 .array "flags_mem", 1 0, 7 0;
v0x63a157d80f60_0 .var/i "i", 31 0;
v0x63a157d81040 .array "ir_mem", 1 0, 15 0;
v0x63a157d81160 .array "pc_mem", 1 0, 7 0;
v0x63a157d81280_0 .var "read_a", 7 0;
v0x63a157d81360_0 .var "read_address", 7 0;
v0x63a157d81440_0 .var "read_b", 7 0;
v0x63a157d81520_0 .var "read_flags", 7 0;
v0x63a157d81600_0 .var "read_ir", 15 0;
v0x63a157d816e0_0 .var "read_pc", 7 0;
v0x63a157d817c0_0 .net "rst", 0 0, v0x63a157d9aee0_0;  alias, 1 drivers
v0x63a157d81880_0 .net "write_a", 7 0, v0x63a157d9b130_0;  alias, 1 drivers
v0x63a157d81960_0 .net "write_address", 7 0, v0x63a157d9b240_0;  alias, 1 drivers
v0x63a157d81a40_0 .net "write_b", 7 0, v0x63a157d9b350_0;  alias, 1 drivers
v0x63a157d81b20_0 .net "write_flags", 7 0, v0x63a157d9b460_0;  alias, 1 drivers
v0x63a157d81c00_0 .net "write_ir", 15 0, v0x63a157d9b570_0;  alias, 1 drivers
v0x63a157d81ce0_0 .net "write_pc", 7 0, v0x63a157d9b680_0;  alias, 1 drivers
v0x63a157d81160_0 .array/port v0x63a157d81160, 0;
v0x63a157d81160_1 .array/port v0x63a157d81160, 1;
v0x63a157d81040_0 .array/port v0x63a157d81040, 0;
E_0x63a157c46f00/0 .event anyedge, v0x63a157d41060_0, v0x63a157d81160_0, v0x63a157d81160_1, v0x63a157d81040_0;
v0x63a157d81040_1 .array/port v0x63a157d81040, 1;
v0x63a157d36130_0 .array/port v0x63a157d36130, 0;
v0x63a157d36130_1 .array/port v0x63a157d36130, 1;
v0x63a157d4a310_0 .array/port v0x63a157d4a310, 0;
E_0x63a157c46f00/1 .event anyedge, v0x63a157d81040_1, v0x63a157d36130_0, v0x63a157d36130_1, v0x63a157d4a310_0;
v0x63a157d4a310_1 .array/port v0x63a157d4a310, 1;
v0x63a157d54710_0 .array/port v0x63a157d54710, 0;
v0x63a157d54710_1 .array/port v0x63a157d54710, 1;
v0x63a157d80e40_0 .array/port v0x63a157d80e40, 0;
E_0x63a157c46f00/2 .event anyedge, v0x63a157d4a310_1, v0x63a157d54710_0, v0x63a157d54710_1, v0x63a157d80e40_0;
v0x63a157d80e40_1 .array/port v0x63a157d80e40, 1;
E_0x63a157c46f00/3 .event anyedge, v0x63a157d80e40_1;
E_0x63a157c46f00 .event/or E_0x63a157c46f00/0, E_0x63a157c46f00/1, E_0x63a157c46f00/2, E_0x63a157c46f00/3;
E_0x63a157c84140 .event posedge, v0x63a157c57d50_0;
S_0x63a157d81fe0 .scope module, "execution_rooms" "ifa_yara_v4_core" 4 207, 6 18 0, S_0x63a157d6a0e0;
 .timescale 0 0;
    .port_info 0 /INPUT 1 "clk";
    .port_info 1 /INPUT 1 "rst";
    .port_info 2 /INPUT 1 "active_yara";
    .port_info 3 /INPUT 1 "in_valid";
    .port_info 4 /INPUT 8 "A";
    .port_info 5 /INPUT 8 "B";
    .port_info 6 /INPUT 2 "clear_yara";
    .port_info 7 /OUTPUT 1 "rmu_hit";
    .port_info 8 /OUTPUT 1 "rmu_miss";
    .port_info 9 /OUTPUT 8 "out_y";
    .port_info 10 /OUTPUT 8 "out_ra";
    .port_info 11 /OUTPUT 8 "out_rd";
    .port_info 12 /OUTPUT 8 "out_r0";
    .port_info 13 /OUTPUT 8 "out_t";
    .port_info 14 /OUTPUT 32 "hit_count";
    .port_info 15 /OUTPUT 32 "miss_count";
    .port_info 16 /OUTPUT 32 "store_count";
    .port_info 17 /OUTPUT 32 "evict_count";
    .port_info 18 /OUTPUT 32 "yara0_hit_count";
    .port_info 19 /OUTPUT 32 "yara0_miss_count";
    .port_info 20 /OUTPUT 32 "yara1_hit_count";
    .port_info 21 /OUTPUT 32 "yara1_miss_count";
P_0x63a157d82190 .param/l "DEPTH" 0 6 20, +C4<00000000000000000000000000010000>;
P_0x63a157d821d0 .param/l "WIDTH" 0 6 19, +C4<00000000000000000000000000001000>;
P_0x63a157d82210 .param/l "YARA_COUNT" 0 6 21, +C4<00000000000000000000000000000010>;
L_0x63a157d2efb0 .functor OR 1, v0x63a157d9aee0_0, L_0x63a157d9bde0, C4<0>, C4<0>;
L_0x63a157d35f90 .functor OR 1, v0x63a157d9aee0_0, L_0x63a157d9bfe0, C4<0>, C4<0>;
L_0x63a157d4b4e0 .functor AND 1, L_0x63a157d2cc20, L_0x63a157dac1e0, C4<1>, C4<1>;
L_0x63a157d54570 .functor AND 1, L_0x63a157d2cc20, L_0x63a157dac4a0, C4<1>, C4<1>;
v0x63a157d906d0_0 .net "A", 7 0, v0x63a157d9a0b0_0;  alias, 1 drivers
v0x63a157d907b0_0 .net "B", 7 0, v0x63a157d9a170_0;  alias, 1 drivers
v0x63a157d90900_0 .net *"_ivl_1", 0 0, L_0x63a157d9bde0;  1 drivers
L_0x74ae2b49d018 .functor BUFT 1, C4<0000000000000000000000000000000>, C4<0>, C4<0>, C4<0>;
v0x63a157d909c0_0 .net *"_ivl_11", 30 0, L_0x74ae2b49d018;  1 drivers
L_0x74ae2b49d060 .functor BUFT 1, C4<00000000000000000000000000000000>, C4<0>, C4<0>, C4<0>;
v0x63a157d90aa0_0 .net/2u *"_ivl_12", 31 0, L_0x74ae2b49d060;  1 drivers
v0x63a157d90b80_0 .net *"_ivl_14", 0 0, L_0x63a157dac1e0;  1 drivers
v0x63a157d90c40_0 .net *"_ivl_18", 31 0, L_0x63a157dac3b0;  1 drivers
L_0x74ae2b49d0a8 .functor BUFT 1, C4<0000000000000000000000000000000>, C4<0>, C4<0>, C4<0>;
v0x63a157d90d20_0 .net *"_ivl_21", 30 0, L_0x74ae2b49d0a8;  1 drivers
L_0x74ae2b49d0f0 .functor BUFT 1, C4<00000000000000000000000000000001>, C4<0>, C4<0>, C4<0>;
v0x63a157d90e00_0 .net/2u *"_ivl_22", 31 0, L_0x74ae2b49d0f0;  1 drivers
v0x63a157d90f70_0 .net *"_ivl_24", 0 0, L_0x63a157dac4a0;  1 drivers
v0x63a157d91030_0 .net *"_ivl_5", 0 0, L_0x63a157d9bfe0;  1 drivers
v0x63a157d91110_0 .net *"_ivl_8", 31 0, L_0x63a157d9c110;  1 drivers
v0x63a157d911f0_0 .net "active_yara", 0 0, v0x63a157d93dc0_0;  alias, 1 drivers
v0x63a157d912b0_0 .net "clear_yara", 1 0, v0x63a157d93f20_0;  alias, 1 drivers
v0x63a157d91350_0 .net "clk", 0 0, v0x63a157d99a50_0;  alias, 1 drivers
v0x63a157d913f0_0 .var "evict_count", 31 0;
v0x63a157d914b0_0 .var "hit_count", 31 0;
v0x63a157d916a0_0 .net "in_valid", 0 0, L_0x63a157d2cc20;  alias, 1 drivers
v0x63a157d91760_0 .var "miss_count", 31 0;
v0x63a157d91840_0 .var "out_r0", 7 0;
v0x63a157d91920_0 .var "out_ra", 7 0;
v0x63a157d91a00_0 .var "out_rd", 7 0;
v0x63a157d91ae0_0 .var "out_t", 7 0;
v0x63a157d91bc0_0 .var "out_y", 7 0;
v0x63a157d91ca0_0 .var "rmu_hit", 0 0;
v0x63a157d91d60_0 .var "rmu_miss", 0 0;
v0x63a157d91e20_0 .net "rst", 0 0, v0x63a157d9aee0_0;  alias, 1 drivers
v0x63a157d91ec0_0 .var "store_count", 31 0;
v0x63a157d91f80_0 .net "yara0_evict_count", 31 0, v0x63a157d83ea0_0;  1 drivers
v0x63a157d92040_0 .net "yara0_hit", 0 0, v0x63a157d84050_0;  1 drivers
v0x63a157d920e0_0 .net "yara0_hit_count", 31 0, v0x63a157d84110_0;  alias, 1 drivers
v0x63a157d921a0_0 .net "yara0_miss", 0 0, v0x63a157d85510_0;  1 drivers
v0x63a157d92240_0 .net "yara0_miss_count", 31 0, v0x63a157d855d0_0;  alias, 1 drivers
v0x63a157d92510_0 .net "yara0_r0", 7 0, v0x63a157d856b0_0;  1 drivers
v0x63a157d925d0_0 .net "yara0_ra", 7 0, v0x63a157d85790_0;  1 drivers
v0x63a157d92690_0 .net "yara0_rd", 7 0, v0x63a157d85870_0;  1 drivers
v0x63a157d92750_0 .net "yara0_rst", 0 0, L_0x63a157d2efb0;  1 drivers
v0x63a157d927f0_0 .net "yara0_store_count", 31 0, v0x63a157d85c90_0;  1 drivers
v0x63a157d928b0_0 .net "yara0_t", 7 0, v0x63a157d85950_0;  1 drivers
v0x63a157d92970_0 .net "yara0_valid", 0 0, L_0x63a157d4b4e0;  1 drivers
v0x63a157d92a10_0 .net "yara0_y", 7 0, v0x63a157d85a30_0;  1 drivers
v0x63a157d92ad0_0 .net "yara1_evict_count", 31 0, v0x63a157d8aef0_0;  1 drivers
v0x63a157d92b90_0 .net "yara1_hit", 0 0, v0x63a157d8b090_0;  1 drivers
v0x63a157d92c30_0 .net "yara1_hit_count", 31 0, v0x63a157d8b150_0;  alias, 1 drivers
v0x63a157d92cf0_0 .net "yara1_miss", 0 0, v0x63a157d8c590_0;  1 drivers
v0x63a157d92d90_0 .net "yara1_miss_count", 31 0, v0x63a157d8c650_0;  alias, 1 drivers
v0x63a157d92e50_0 .net "yara1_r0", 7 0, v0x63a157d8c730_0;  1 drivers
v0x63a157d92f10_0 .net "yara1_ra", 7 0, v0x63a157d8c810_0;  1 drivers
v0x63a157d92fd0_0 .net "yara1_rd", 7 0, v0x63a157d8c8f0_0;  1 drivers
v0x63a157d93090_0 .net "yara1_rst", 0 0, L_0x63a157d35f90;  1 drivers
v0x63a157d93130_0 .net "yara1_store_count", 31 0, v0x63a157d8cd10_0;  1 drivers
v0x63a157d931f0_0 .net "yara1_t", 7 0, v0x63a157d8c9d0_0;  1 drivers
v0x63a157d932b0_0 .net "yara1_valid", 0 0, L_0x63a157d54570;  1 drivers
v0x63a157d93350_0 .net "yara1_y", 7 0, v0x63a157d8cab0_0;  1 drivers
E_0x63a157c86c40/0 .event anyedge, v0x63a157d41060_0, v0x63a157d84050_0, v0x63a157d85510_0, v0x63a157d85a30_0;
E_0x63a157c86c40/1 .event anyedge, v0x63a157d85790_0, v0x63a157d85870_0, v0x63a157d856b0_0, v0x63a157d85950_0;
E_0x63a157c86c40/2 .event anyedge, v0x63a157d84110_0, v0x63a157d855d0_0, v0x63a157d85c90_0, v0x63a157d83ea0_0;
E_0x63a157c86c40/3 .event anyedge, v0x63a157d8b090_0, v0x63a157d8c590_0, v0x63a157d8cab0_0, v0x63a157d8c810_0;
E_0x63a157c86c40/4 .event anyedge, v0x63a157d8c8f0_0, v0x63a157d8c730_0, v0x63a157d8c9d0_0, v0x63a157d8b150_0;
E_0x63a157c86c40/5 .event anyedge, v0x63a157d8c650_0, v0x63a157d8cd10_0, v0x63a157d8aef0_0;
E_0x63a157c86c40 .event/or E_0x63a157c86c40/0, E_0x63a157c86c40/1, E_0x63a157c86c40/2, E_0x63a157c86c40/3, E_0x63a157c86c40/4, E_0x63a157c86c40/5;
L_0x63a157d9bde0 .part v0x63a157d93f20_0, 0, 1;
L_0x63a157d9bfe0 .part v0x63a157d93f20_0, 1, 1;
L_0x63a157d9c110 .concat [ 1 31 0 0], v0x63a157d93dc0_0, L_0x74ae2b49d018;
L_0x63a157dac1e0 .cmp/eq 32, L_0x63a157d9c110, L_0x74ae2b49d060;
L_0x63a157dac3b0 .concat [ 1 31 0 0], v0x63a157d93dc0_0, L_0x74ae2b49d0a8;
L_0x63a157dac4a0 .cmp/eq 32, L_0x63a157dac3b0, L_0x74ae2b49d0f0;
S_0x63a157d82690 .scope module, "yara0" "ifa_v4_end_to_end_core" 6 95, 7 7 0, S_0x63a157d81fe0;
 .timescale 0 0;
    .port_info 0 /INPUT 1 "clk";
    .port_info 1 /INPUT 1 "rst";
    .port_info 2 /INPUT 1 "in_valid";
    .port_info 3 /INPUT 8 "A";
    .port_info 4 /INPUT 8 "B";
    .port_info 5 /OUTPUT 1 "rmu_hit";
    .port_info 6 /OUTPUT 1 "rmu_miss";
    .port_info 7 /OUTPUT 8 "out_y";
    .port_info 8 /OUTPUT 8 "out_ra";
    .port_info 9 /OUTPUT 8 "out_rd";
    .port_info 10 /OUTPUT 8 "out_r0";
    .port_info 11 /OUTPUT 8 "out_t";
    .port_info 12 /OUTPUT 32 "hit_count";
    .port_info 13 /OUTPUT 32 "miss_count";
    .port_info 14 /OUTPUT 32 "store_count";
    .port_info 15 /OUTPUT 32 "evict_count";
P_0x63a157cb4e80 .param/l "DEPTH" 0 7 9, +C4<00000000000000000000000000010000>;
P_0x63a157cb4ec0 .param/l "WIDTH" 0 7 8, +C4<00000000000000000000000000001000>;
v0x63a157d881f0_0 .net "A", 7 0, v0x63a157d9a0b0_0;  alias, 1 drivers
v0x63a157d882d0_0 .net "B", 7 0, v0x63a157d9a170_0;  alias, 1 drivers
v0x63a157d88370_0 .net "clk", 0 0, v0x63a157d99a50_0;  alias, 1 drivers
v0x63a157d88410_0 .net "evict_count", 31 0, v0x63a157d83ea0_0;  alias, 1 drivers
v0x63a157d88500_0 .net "hit_count", 31 0, v0x63a157d84110_0;  alias, 1 drivers
v0x63a157d88640_0 .net "in_valid", 0 0, L_0x63a157d4b4e0;  alias, 1 drivers
v0x63a157d88730_0 .net "miss_count", 31 0, v0x63a157d855d0_0;  alias, 1 drivers
v0x63a157d88840_0 .net "out_r0", 7 0, v0x63a157d856b0_0;  alias, 1 drivers
v0x63a157d88950_0 .net "out_ra", 7 0, v0x63a157d85790_0;  alias, 1 drivers
v0x63a157d88a10_0 .net "out_rd", 7 0, v0x63a157d85870_0;  alias, 1 drivers
v0x63a157d88b20_0 .net "out_t", 7 0, v0x63a157d85950_0;  alias, 1 drivers
v0x63a157d88c30_0 .net "out_y", 7 0, v0x63a157d85a30_0;  alias, 1 drivers
v0x63a157d88d40_0 .net "rmu_hit", 0 0, v0x63a157d84050_0;  alias, 1 drivers
v0x63a157d88e30_0 .net "rmu_miss", 0 0, v0x63a157d85510_0;  alias, 1 drivers
v0x63a157d88f20_0 .net "rpc_r0", 7 0, v0x63a157d87b20_0;  1 drivers
v0x63a157d88fe0_0 .net "rpc_ra", 7 0, v0x63a157d87c40_0;  1 drivers
v0x63a157d890a0_0 .net "rpc_rd", 7 0, v0x63a157d87d50_0;  1 drivers
v0x63a157d89270_0 .net "rpc_t", 7 0, v0x63a157d87eb0_0;  1 drivers
v0x63a157d89330_0 .net "rpc_y", 7 0, v0x63a157d87fc0_0;  1 drivers
v0x63a157d893f0_0 .net "rst", 0 0, L_0x63a157d2efb0;  alias, 1 drivers
v0x63a157d894e0_0 .net "store_count", 31 0, v0x63a157d85c90_0;  alias, 1 drivers
S_0x63a157d82b20 .scope module, "core" "ifa_v4_core" 7 55, 8 19 0, S_0x63a157d82690;
 .timescale 0 0;
    .port_info 0 /INPUT 1 "clk";
    .port_info 1 /INPUT 1 "rst";
    .port_info 2 /INPUT 1 "rpc_valid";
    .port_info 3 /INPUT 8 "rpc_y";
    .port_info 4 /INPUT 8 "rpc_ra";
    .port_info 5 /INPUT 8 "rpc_rd";
    .port_info 6 /INPUT 8 "rpc_r0";
    .port_info 7 /INPUT 8 "rpc_t";
    .port_info 8 /OUTPUT 1 "rmu_hit";
    .port_info 9 /OUTPUT 1 "rmu_miss";
    .port_info 10 /OUTPUT 8 "out_y";
    .port_info 11 /OUTPUT 8 "out_ra";
    .port_info 12 /OUTPUT 8 "out_rd";
    .port_info 13 /OUTPUT 8 "out_r0";
    .port_info 14 /OUTPUT 8 "out_t";
    .port_info 15 /OUTPUT 32 "hit_count";
    .port_info 16 /OUTPUT 32 "miss_count";
    .port_info 17 /OUTPUT 32 "store_count";
    .port_info 18 /OUTPUT 32 "evict_count";
P_0x63a157d82d20 .param/l "DEPTH" 0 8 21, +C4<00000000000000000000000000010000>;
P_0x63a157d82d60 .param/l "WIDTH" 0 8 20, +C4<00000000000000000000000000001000>;
v0x63a157d83600_0 .net "clk", 0 0, v0x63a157d99a50_0;  alias, 1 drivers
v0x63a157d863c0_0 .net "evict_count", 31 0, v0x63a157d83ea0_0;  alias, 1 drivers
v0x63a157d86480_0 .net "hit_count", 31 0, v0x63a157d84110_0;  alias, 1 drivers
v0x63a157d86550_0 .net "miss_count", 31 0, v0x63a157d855d0_0;  alias, 1 drivers
v0x63a157d86620_0 .net "out_r0", 7 0, v0x63a157d856b0_0;  alias, 1 drivers
v0x63a157d86710_0 .net "out_ra", 7 0, v0x63a157d85790_0;  alias, 1 drivers
v0x63a157d867e0_0 .net "out_rd", 7 0, v0x63a157d85870_0;  alias, 1 drivers
v0x63a157d868b0_0 .net "out_t", 7 0, v0x63a157d85950_0;  alias, 1 drivers
v0x63a157d86980_0 .net "out_y", 7 0, v0x63a157d85a30_0;  alias, 1 drivers
v0x63a157d86ae0_0 .net "rmu_hit", 0 0, v0x63a157d84050_0;  alias, 1 drivers
v0x63a157d86bb0_0 .net "rmu_miss", 0 0, v0x63a157d85510_0;  alias, 1 drivers
v0x63a157d86c80_0 .net "rpc_r0", 7 0, v0x63a157d87b20_0;  alias, 1 drivers
v0x63a157d86d50_0 .net "rpc_ra", 7 0, v0x63a157d87c40_0;  alias, 1 drivers
v0x63a157d86e20_0 .net "rpc_rd", 7 0, v0x63a157d87d50_0;  alias, 1 drivers
v0x63a157d86ef0_0 .net "rpc_t", 7 0, v0x63a157d87eb0_0;  alias, 1 drivers
v0x63a157d86fc0_0 .net "rpc_valid", 0 0, L_0x63a157d4b4e0;  alias, 1 drivers
v0x63a157d87090_0 .net "rpc_y", 7 0, v0x63a157d87fc0_0;  alias, 1 drivers
v0x63a157d87270_0 .net "rst", 0 0, L_0x63a157d2efb0;  alias, 1 drivers
v0x63a157d87340_0 .net "store_count", 31 0, v0x63a157d85c90_0;  alias, 1 drivers
S_0x63a157d831b0 .scope module, "rmc" "ifa_relation_memory_controller" 8 52, 9 14 0, S_0x63a157d82b20;
 .timescale 0 0;
    .port_info 0 /INPUT 1 "clk";
    .port_info 1 /INPUT 1 "rst";
    .port_info 2 /INPUT 1 "req_valid";
    .port_info 3 /INPUT 8 "in_y";
    .port_info 4 /INPUT 8 "in_ra";
    .port_info 5 /INPUT 8 "in_rd";
    .port_info 6 /INPUT 8 "in_r0";
    .port_info 7 /INPUT 8 "in_t";
    .port_info 8 /OUTPUT 1 "hit";
    .port_info 9 /OUTPUT 1 "miss";
    .port_info 10 /OUTPUT 8 "out_y";
    .port_info 11 /OUTPUT 8 "out_ra";
    .port_info 12 /OUTPUT 8 "out_rd";
    .port_info 13 /OUTPUT 8 "out_r0";
    .port_info 14 /OUTPUT 8 "out_t";
    .port_info 15 /OUTPUT 32 "hit_count";
    .port_info 16 /OUTPUT 32 "miss_count";
    .port_info 17 /OUTPUT 32 "store_count";
    .port_info 18 /OUTPUT 32 "evict_count";
P_0x63a157d833b0 .param/l "DEPTH" 0 9 16, +C4<00000000000000000000000000010000>;
P_0x63a157d833f0 .param/l "INDEX_W" 1 9 44, +C4<00000000000000000000000000000100>;
P_0x63a157d83430 .param/l "WIDTH" 0 9 15, +C4<00000000000000000000000000001000>;
v0x63a157d83db0_0 .net "clk", 0 0, v0x63a157d99a50_0;  alias, 1 drivers
v0x63a157d83ea0_0 .var "evict_count", 31 0;
v0x63a157d83f60_0 .var "fifo_ptr", 3 0;
v0x63a157d84050_0 .var "hit", 0 0;
v0x63a157d84110_0 .var "hit_count", 31 0;
v0x63a157d84240_0 .var/i "i", 31 0;
v0x63a157d84320_0 .net "in_r0", 7 0, v0x63a157d87b20_0;  alias, 1 drivers
v0x63a157d84400_0 .net "in_ra", 7 0, v0x63a157d87c40_0;  alias, 1 drivers
v0x63a157d844e0_0 .net "in_rd", 7 0, v0x63a157d87d50_0;  alias, 1 drivers
v0x63a157d845c0_0 .net "in_t", 7 0, v0x63a157d87eb0_0;  alias, 1 drivers
v0x63a157d846a0_0 .net "in_y", 7 0, v0x63a157d87fc0_0;  alias, 1 drivers
v0x63a157d84780_0 .var "lookup_hit", 0 0;
v0x63a157d84840_0 .var "lookup_index", 3 0;
v0x63a157d84920 .array "mem_r0", 15 0, 7 0;
v0x63a157d849e0 .array "mem_ra", 15 0, 7 0;
v0x63a157d84d30 .array "mem_rd", 15 0, 7 0;
v0x63a157d85080 .array "mem_t", 15 0, 7 0;
v0x63a157d85450 .array "mem_y", 15 0, 7 0;
v0x63a157d85510_0 .var "miss", 0 0;
v0x63a157d855d0_0 .var "miss_count", 31 0;
v0x63a157d856b0_0 .var "out_r0", 7 0;
v0x63a157d85790_0 .var "out_ra", 7 0;
v0x63a157d85870_0 .var "out_rd", 7 0;
v0x63a157d85950_0 .var "out_t", 7 0;
v0x63a157d85a30_0 .var "out_y", 7 0;
v0x63a157d85b10_0 .net "req_valid", 0 0, L_0x63a157d4b4e0;  alias, 1 drivers
v0x63a157d85bd0_0 .net "rst", 0 0, L_0x63a157d2efb0;  alias, 1 drivers
v0x63a157d85c90_0 .var "store_count", 31 0;
v0x63a157d85d70 .array "valid", 15 0, 0 0;
v0x63a157d85d70_0 .array/port v0x63a157d85d70, 0;
v0x63a157d85d70_1 .array/port v0x63a157d85d70, 1;
v0x63a157d85d70_2 .array/port v0x63a157d85d70, 2;
v0x63a157d85d70_3 .array/port v0x63a157d85d70, 3;
E_0x63a157c6ac10/0 .event anyedge, v0x63a157d85d70_0, v0x63a157d85d70_1, v0x63a157d85d70_2, v0x63a157d85d70_3;
v0x63a157d85d70_4 .array/port v0x63a157d85d70, 4;
v0x63a157d85d70_5 .array/port v0x63a157d85d70, 5;
v0x63a157d85d70_6 .array/port v0x63a157d85d70, 6;
v0x63a157d85d70_7 .array/port v0x63a157d85d70, 7;
E_0x63a157c6ac10/1 .event anyedge, v0x63a157d85d70_4, v0x63a157d85d70_5, v0x63a157d85d70_6, v0x63a157d85d70_7;
v0x63a157d85d70_8 .array/port v0x63a157d85d70, 8;
v0x63a157d85d70_9 .array/port v0x63a157d85d70, 9;
v0x63a157d85d70_10 .array/port v0x63a157d85d70, 10;
v0x63a157d85d70_11 .array/port v0x63a157d85d70, 11;
E_0x63a157c6ac10/2 .event anyedge, v0x63a157d85d70_8, v0x63a157d85d70_9, v0x63a157d85d70_10, v0x63a157d85d70_11;
v0x63a157d85d70_12 .array/port v0x63a157d85d70, 12;
v0x63a157d85d70_13 .array/port v0x63a157d85d70, 13;
v0x63a157d85d70_14 .array/port v0x63a157d85d70, 14;
v0x63a157d85d70_15 .array/port v0x63a157d85d70, 15;
E_0x63a157c6ac10/3 .event anyedge, v0x63a157d85d70_12, v0x63a157d85d70_13, v0x63a157d85d70_14, v0x63a157d85d70_15;
v0x63a157d849e0_0 .array/port v0x63a157d849e0, 0;
v0x63a157d849e0_1 .array/port v0x63a157d849e0, 1;
v0x63a157d849e0_2 .array/port v0x63a157d849e0, 2;
v0x63a157d849e0_3 .array/port v0x63a157d849e0, 3;
E_0x63a157c6ac10/4 .event anyedge, v0x63a157d849e0_0, v0x63a157d849e0_1, v0x63a157d849e0_2, v0x63a157d849e0_3;
v0x63a157d849e0_4 .array/port v0x63a157d849e0, 4;
v0x63a157d849e0_5 .array/port v0x63a157d849e0, 5;
v0x63a157d849e0_6 .array/port v0x63a157d849e0, 6;
v0x63a157d849e0_7 .array/port v0x63a157d849e0, 7;
E_0x63a157c6ac10/5 .event anyedge, v0x63a157d849e0_4, v0x63a157d849e0_5, v0x63a157d849e0_6, v0x63a157d849e0_7;
v0x63a157d849e0_8 .array/port v0x63a157d849e0, 8;
v0x63a157d849e0_9 .array/port v0x63a157d849e0, 9;
v0x63a157d849e0_10 .array/port v0x63a157d849e0, 10;
v0x63a157d849e0_11 .array/port v0x63a157d849e0, 11;
E_0x63a157c6ac10/6 .event anyedge, v0x63a157d849e0_8, v0x63a157d849e0_9, v0x63a157d849e0_10, v0x63a157d849e0_11;
v0x63a157d849e0_12 .array/port v0x63a157d849e0, 12;
v0x63a157d849e0_13 .array/port v0x63a157d849e0, 13;
v0x63a157d849e0_14 .array/port v0x63a157d849e0, 14;
v0x63a157d849e0_15 .array/port v0x63a157d849e0, 15;
E_0x63a157c6ac10/7 .event anyedge, v0x63a157d849e0_12, v0x63a157d849e0_13, v0x63a157d849e0_14, v0x63a157d849e0_15;
v0x63a157d84d30_0 .array/port v0x63a157d84d30, 0;
v0x63a157d84d30_1 .array/port v0x63a157d84d30, 1;
v0x63a157d84d30_2 .array/port v0x63a157d84d30, 2;
E_0x63a157c6ac10/8 .event anyedge, v0x63a157d84400_0, v0x63a157d84d30_0, v0x63a157d84d30_1, v0x63a157d84d30_2;
v0x63a157d84d30_3 .array/port v0x63a157d84d30, 3;
v0x63a157d84d30_4 .array/port v0x63a157d84d30, 4;
v0x63a157d84d30_5 .array/port v0x63a157d84d30, 5;
v0x63a157d84d30_6 .array/port v0x63a157d84d30, 6;
E_0x63a157c6ac10/9 .event anyedge, v0x63a157d84d30_3, v0x63a157d84d30_4, v0x63a157d84d30_5, v0x63a157d84d30_6;
v0x63a157d84d30_7 .array/port v0x63a157d84d30, 7;
v0x63a157d84d30_8 .array/port v0x63a157d84d30, 8;
v0x63a157d84d30_9 .array/port v0x63a157d84d30, 9;
v0x63a157d84d30_10 .array/port v0x63a157d84d30, 10;
E_0x63a157c6ac10/10 .event anyedge, v0x63a157d84d30_7, v0x63a157d84d30_8, v0x63a157d84d30_9, v0x63a157d84d30_10;
v0x63a157d84d30_11 .array/port v0x63a157d84d30, 11;
v0x63a157d84d30_12 .array/port v0x63a157d84d30, 12;
v0x63a157d84d30_13 .array/port v0x63a157d84d30, 13;
v0x63a157d84d30_14 .array/port v0x63a157d84d30, 14;
E_0x63a157c6ac10/11 .event anyedge, v0x63a157d84d30_11, v0x63a157d84d30_12, v0x63a157d84d30_13, v0x63a157d84d30_14;
v0x63a157d84d30_15 .array/port v0x63a157d84d30, 15;
v0x63a157d85080_0 .array/port v0x63a157d85080, 0;
v0x63a157d85080_1 .array/port v0x63a157d85080, 1;
E_0x63a157c6ac10/12 .event anyedge, v0x63a157d84d30_15, v0x63a157d844e0_0, v0x63a157d85080_0, v0x63a157d85080_1;
v0x63a157d85080_2 .array/port v0x63a157d85080, 2;
v0x63a157d85080_3 .array/port v0x63a157d85080, 3;
v0x63a157d85080_4 .array/port v0x63a157d85080, 4;
v0x63a157d85080_5 .array/port v0x63a157d85080, 5;
E_0x63a157c6ac10/13 .event anyedge, v0x63a157d85080_2, v0x63a157d85080_3, v0x63a157d85080_4, v0x63a157d85080_5;
v0x63a157d85080_6 .array/port v0x63a157d85080, 6;
v0x63a157d85080_7 .array/port v0x63a157d85080, 7;
v0x63a157d85080_8 .array/port v0x63a157d85080, 8;
v0x63a157d85080_9 .array/port v0x63a157d85080, 9;
E_0x63a157c6ac10/14 .event anyedge, v0x63a157d85080_6, v0x63a157d85080_7, v0x63a157d85080_8, v0x63a157d85080_9;
v0x63a157d85080_10 .array/port v0x63a157d85080, 10;
v0x63a157d85080_11 .array/port v0x63a157d85080, 11;
v0x63a157d85080_12 .array/port v0x63a157d85080, 12;
v0x63a157d85080_13 .array/port v0x63a157d85080, 13;
E_0x63a157c6ac10/15 .event anyedge, v0x63a157d85080_10, v0x63a157d85080_11, v0x63a157d85080_12, v0x63a157d85080_13;
v0x63a157d85080_14 .array/port v0x63a157d85080, 14;
v0x63a157d85080_15 .array/port v0x63a157d85080, 15;
E_0x63a157c6ac10/16 .event anyedge, v0x63a157d85080_14, v0x63a157d85080_15, v0x63a157d845c0_0;
E_0x63a157c6ac10 .event/or E_0x63a157c6ac10/0, E_0x63a157c6ac10/1, E_0x63a157c6ac10/2, E_0x63a157c6ac10/3, E_0x63a157c6ac10/4, E_0x63a157c6ac10/5, E_0x63a157c6ac10/6, E_0x63a157c6ac10/7, E_0x63a157c6ac10/8, E_0x63a157c6ac10/9, E_0x63a157c6ac10/10, E_0x63a157c6ac10/11, E_0x63a157c6ac10/12, E_0x63a157c6ac10/13, E_0x63a157c6ac10/14, E_0x63a157c6ac10/15, E_0x63a157c6ac10/16;
S_0x63a157d83ab0 .scope begin, "$ivl_for_loop0" "$ivl_for_loop0" 9 73, 9 73 0, S_0x63a157d831b0;
 .timescale 0 0;
v0x63a157d83cb0_0 .var/2s "j", 31 0;
S_0x63a157d87650 .scope module, "rpc" "ifa_rpc_stub" 7 41, 10 19 0, S_0x63a157d82690;
 .timescale 0 0;
    .port_info 0 /INPUT 8 "A";
    .port_info 1 /INPUT 8 "B";
    .port_info 2 /OUTPUT 8 "Y";
    .port_info 3 /OUTPUT 8 "RA";
    .port_info 4 /OUTPUT 8 "RD";
    .port_info 5 /OUTPUT 8 "R0";
    .port_info 6 /OUTPUT 8 "T";
P_0x63a157d87800 .param/l "WIDTH" 0 10 20, +C4<00000000000000000000000000001000>;
v0x63a157d82f40_0 .net "A", 7 0, v0x63a157d9a0b0_0;  alias, 1 drivers
v0x63a157d87a40_0 .net "B", 7 0, v0x63a157d9a170_0;  alias, 1 drivers
v0x63a157d87b20_0 .var "R0", 7 0;
v0x63a157d87c40_0 .var "RA", 7 0;
v0x63a157d87d50_0 .var "RD", 7 0;
v0x63a157d87eb0_0 .var "T", 7 0;
v0x63a157d87fc0_0 .var "Y", 7 0;
E_0x63a157d87980 .event anyedge, v0x63a157d82f40_0, v0x63a157d87a40_0;
S_0x63a157d897f0 .scope module, "yara1" "ifa_v4_end_to_end_core" 6 137, 7 7 0, S_0x63a157d81fe0;
 .timescale 0 0;
    .port_info 0 /INPUT 1 "clk";
    .port_info 1 /INPUT 1 "rst";
    .port_info 2 /INPUT 1 "in_valid";
    .port_info 3 /INPUT 8 "A";
    .port_info 4 /INPUT 8 "B";
    .port_info 5 /OUTPUT 1 "rmu_hit";
    .port_info 6 /OUTPUT 1 "rmu_miss";
    .port_info 7 /OUTPUT 8 "out_y";
    .port_info 8 /OUTPUT 8 "out_ra";
    .port_info 9 /OUTPUT 8 "out_rd";
    .port_info 10 /OUTPUT 8 "out_r0";
    .port_info 11 /OUTPUT 8 "out_t";
    .port_info 12 /OUTPUT 32 "hit_count";
    .port_info 13 /OUTPUT 32 "miss_count";
    .port_info 14 /OUTPUT 32 "store_count";
    .port_info 15 /OUTPUT 32 "evict_count";
P_0x63a157d569b0 .param/l "DEPTH" 0 7 9, +C4<00000000000000000000000000010000>;
P_0x63a157d569f0 .param/l "WIDTH" 0 7 8, +C4<00000000000000000000000000001000>;
v0x63a157d8f090_0 .net "A", 7 0, v0x63a157d9a0b0_0;  alias, 1 drivers
v0x63a157d8f170_0 .net "B", 7 0, v0x63a157d9a170_0;  alias, 1 drivers
v0x63a157d8f230_0 .net "clk", 0 0, v0x63a157d99a50_0;  alias, 1 drivers
v0x63a157d8f2d0_0 .net "evict_count", 31 0, v0x63a157d8aef0_0;  alias, 1 drivers
v0x63a157d8f3c0_0 .net "hit_count", 31 0, v0x63a157d8b150_0;  alias, 1 drivers
v0x63a157d8f520_0 .net "in_valid", 0 0, L_0x63a157d54570;  alias, 1 drivers
v0x63a157d8f610_0 .net "miss_count", 31 0, v0x63a157d8c650_0;  alias, 1 drivers
v0x63a157d8f720_0 .net "out_r0", 7 0, v0x63a157d8c730_0;  alias, 1 drivers
v0x63a157d8f830_0 .net "out_ra", 7 0, v0x63a157d8c810_0;  alias, 1 drivers
v0x63a157d8f8f0_0 .net "out_rd", 7 0, v0x63a157d8c8f0_0;  alias, 1 drivers
v0x63a157d8fa00_0 .net "out_t", 7 0, v0x63a157d8c9d0_0;  alias, 1 drivers
v0x63a157d8fb10_0 .net "out_y", 7 0, v0x63a157d8cab0_0;  alias, 1 drivers
v0x63a157d8fc20_0 .net "rmu_hit", 0 0, v0x63a157d8b090_0;  alias, 1 drivers
v0x63a157d8fd10_0 .net "rmu_miss", 0 0, v0x63a157d8c590_0;  alias, 1 drivers
v0x63a157d8fe00_0 .net "rpc_r0", 7 0, v0x63a157d8e9f0_0;  1 drivers
v0x63a157d8fec0_0 .net "rpc_ra", 7 0, v0x63a157d8eae0_0;  1 drivers
v0x63a157d8ff80_0 .net "rpc_rd", 7 0, v0x63a157d8ebf0_0;  1 drivers
v0x63a157d90150_0 .net "rpc_t", 7 0, v0x63a157d8ed50_0;  1 drivers
v0x63a157d90210_0 .net "rpc_y", 7 0, v0x63a157d8ee60_0;  1 drivers
v0x63a157d902d0_0 .net "rst", 0 0, L_0x63a157d35f90;  alias, 1 drivers
v0x63a157d903c0_0 .net "store_count", 31 0, v0x63a157d8cd10_0;  alias, 1 drivers
S_0x63a157d89cb0 .scope module, "core" "ifa_v4_core" 7 55, 8 19 0, S_0x63a157d897f0;
 .timescale 0 0;
    .port_info 0 /INPUT 1 "clk";
    .port_info 1 /INPUT 1 "rst";
    .port_info 2 /INPUT 1 "rpc_valid";
    .port_info 3 /INPUT 8 "rpc_y";
    .port_info 4 /INPUT 8 "rpc_ra";
    .port_info 5 /INPUT 8 "rpc_rd";
    .port_info 6 /INPUT 8 "rpc_r0";
    .port_info 7 /INPUT 8 "rpc_t";
    .port_info 8 /OUTPUT 1 "rmu_hit";
    .port_info 9 /OUTPUT 1 "rmu_miss";
    .port_info 10 /OUTPUT 8 "out_y";
    .port_info 11 /OUTPUT 8 "out_ra";
    .port_info 12 /OUTPUT 8 "out_rd";
    .port_info 13 /OUTPUT 8 "out_r0";
    .port_info 14 /OUTPUT 8 "out_t";
    .port_info 15 /OUTPUT 32 "hit_count";
    .port_info 16 /OUTPUT 32 "miss_count";
    .port_info 17 /OUTPUT 32 "store_count";
    .port_info 18 /OUTPUT 32 "evict_count";
P_0x63a157d89e90 .param/l "DEPTH" 0 8 21, +C4<00000000000000000000000000010000>;
P_0x63a157d89ed0 .param/l "WIDTH" 0 8 20, +C4<00000000000000000000000000001000>;
v0x63a157d8a680_0 .net "clk", 0 0, v0x63a157d99a50_0;  alias, 1 drivers
v0x63a157d8d440_0 .net "evict_count", 31 0, v0x63a157d8aef0_0;  alias, 1 drivers
v0x63a157d8d500_0 .net "hit_count", 31 0, v0x63a157d8b150_0;  alias, 1 drivers
v0x63a157d8d5a0_0 .net "miss_count", 31 0, v0x63a157d8c650_0;  alias, 1 drivers
v0x63a157d8d640_0 .net "out_r0", 7 0, v0x63a157d8c730_0;  alias, 1 drivers
v0x63a157d8d6e0_0 .net "out_ra", 7 0, v0x63a157d8c810_0;  alias, 1 drivers
v0x63a157d8d780_0 .net "out_rd", 7 0, v0x63a157d8c8f0_0;  alias, 1 drivers
v0x63a157d8d820_0 .net "out_t", 7 0, v0x63a157d8c9d0_0;  alias, 1 drivers
v0x63a157d8d8c0_0 .net "out_y", 7 0, v0x63a157d8cab0_0;  alias, 1 drivers
v0x63a157d8d9f0_0 .net "rmu_hit", 0 0, v0x63a157d8b090_0;  alias, 1 drivers
v0x63a157d8da90_0 .net "rmu_miss", 0 0, v0x63a157d8c590_0;  alias, 1 drivers
v0x63a157d8db30_0 .net "rpc_r0", 7 0, v0x63a157d8e9f0_0;  alias, 1 drivers
v0x63a157d8dc00_0 .net "rpc_ra", 7 0, v0x63a157d8eae0_0;  alias, 1 drivers
v0x63a157d8dcd0_0 .net "rpc_rd", 7 0, v0x63a157d8ebf0_0;  alias, 1 drivers
v0x63a157d8dda0_0 .net "rpc_t", 7 0, v0x63a157d8ed50_0;  alias, 1 drivers
v0x63a157d8de70_0 .net "rpc_valid", 0 0, L_0x63a157d54570;  alias, 1 drivers
v0x63a157d8df40_0 .net "rpc_y", 7 0, v0x63a157d8ee60_0;  alias, 1 drivers
v0x63a157d8e120_0 .net "rst", 0 0, L_0x63a157d35f90;  alias, 1 drivers
v0x63a157d8e1f0_0 .net "store_count", 31 0, v0x63a157d8cd10_0;  alias, 1 drivers
S_0x63a157d8a2c0 .scope module, "rmc" "ifa_relation_memory_controller" 8 52, 9 14 0, S_0x63a157d89cb0;
 .timescale 0 0;
    .port_info 0 /INPUT 1 "clk";
    .port_info 1 /INPUT 1 "rst";
    .port_info 2 /INPUT 1 "req_valid";
    .port_info 3 /INPUT 8 "in_y";
    .port_info 4 /INPUT 8 "in_ra";
    .port_info 5 /INPUT 8 "in_rd";
    .port_info 6 /INPUT 8 "in_r0";
    .port_info 7 /INPUT 8 "in_t";
    .port_info 8 /OUTPUT 1 "hit";
    .port_info 9 /OUTPUT 1 "miss";
    .port_info 10 /OUTPUT 8 "out_y";
    .port_info 11 /OUTPUT 8 "out_ra";
    .port_info 12 /OUTPUT 8 "out_rd";
    .port_info 13 /OUTPUT 8 "out_r0";
    .port_info 14 /OUTPUT 8 "out_t";
    .port_info 15 /OUTPUT 32 "hit_count";
    .port_info 16 /OUTPUT 32 "miss_count";
    .port_info 17 /OUTPUT 32 "store_count";
    .port_info 18 /OUTPUT 32 "evict_count";
P_0x63a157d8a4c0 .param/l "DEPTH" 0 9 16, +C4<00000000000000000000000000010000>;
P_0x63a157d8a500 .param/l "INDEX_W" 1 9 44, +C4<00000000000000000000000000000100>;
P_0x63a157d8a540 .param/l "WIDTH" 0 9 15, +C4<00000000000000000000000000001000>;
v0x63a157d8ae30_0 .net "clk", 0 0, v0x63a157d99a50_0;  alias, 1 drivers
v0x63a157d8aef0_0 .var "evict_count", 31 0;
v0x63a157d8afd0_0 .var "fifo_ptr", 3 0;
v0x63a157d8b090_0 .var "hit", 0 0;
v0x63a157d8b150_0 .var "hit_count", 31 0;
v0x63a157d8b230_0 .var/i "i", 31 0;
v0x63a157d8b310_0 .net "in_r0", 7 0, v0x63a157d8e9f0_0;  alias, 1 drivers
v0x63a157d8b3f0_0 .net "in_ra", 7 0, v0x63a157d8eae0_0;  alias, 1 drivers
v0x63a157d8b4d0_0 .net "in_rd", 7 0, v0x63a157d8ebf0_0;  alias, 1 drivers
v0x63a157d8b640_0 .net "in_t", 7 0, v0x63a157d8ed50_0;  alias, 1 drivers
v0x63a157d8b720_0 .net "in_y", 7 0, v0x63a157d8ee60_0;  alias, 1 drivers
v0x63a157d8b800_0 .var "lookup_hit", 0 0;
v0x63a157d8b8c0_0 .var "lookup_index", 3 0;
v0x63a157d8b9a0 .array "mem_r0", 15 0, 7 0;
v0x63a157d8ba60 .array "mem_ra", 15 0, 7 0;
v0x63a157d8bdb0 .array "mem_rd", 15 0, 7 0;
v0x63a157d8c100 .array "mem_t", 15 0, 7 0;
v0x63a157d8c4d0 .array "mem_y", 15 0, 7 0;
v0x63a157d8c590_0 .var "miss", 0 0;
v0x63a157d8c650_0 .var "miss_count", 31 0;
v0x63a157d8c730_0 .var "out_r0", 7 0;
v0x63a157d8c810_0 .var "out_ra", 7 0;
v0x63a157d8c8f0_0 .var "out_rd", 7 0;
v0x63a157d8c9d0_0 .var "out_t", 7 0;
v0x63a157d8cab0_0 .var "out_y", 7 0;
v0x63a157d8cb90_0 .net "req_valid", 0 0, L_0x63a157d54570;  alias, 1 drivers
v0x63a157d8cc50_0 .net "rst", 0 0, L_0x63a157d35f90;  alias, 1 drivers
v0x63a157d8cd10_0 .var "store_count", 31 0;
v0x63a157d8cdf0 .array "valid", 15 0, 0 0;
v0x63a157d8cdf0_0 .array/port v0x63a157d8cdf0, 0;
v0x63a157d8cdf0_1 .array/port v0x63a157d8cdf0, 1;
v0x63a157d8cdf0_2 .array/port v0x63a157d8cdf0, 2;
v0x63a157d8cdf0_3 .array/port v0x63a157d8cdf0, 3;
E_0x63a157d68fb0/0 .event anyedge, v0x63a157d8cdf0_0, v0x63a157d8cdf0_1, v0x63a157d8cdf0_2, v0x63a157d8cdf0_3;
v0x63a157d8cdf0_4 .array/port v0x63a157d8cdf0, 4;
v0x63a157d8cdf0_5 .array/port v0x63a157d8cdf0, 5;
v0x63a157d8cdf0_6 .array/port v0x63a157d8cdf0, 6;
v0x63a157d8cdf0_7 .array/port v0x63a157d8cdf0, 7;
E_0x63a157d68fb0/1 .event anyedge, v0x63a157d8cdf0_4, v0x63a157d8cdf0_5, v0x63a157d8cdf0_6, v0x63a157d8cdf0_7;
v0x63a157d8cdf0_8 .array/port v0x63a157d8cdf0, 8;
v0x63a157d8cdf0_9 .array/port v0x63a157d8cdf0, 9;
v0x63a157d8cdf0_10 .array/port v0x63a157d8cdf0, 10;
v0x63a157d8cdf0_11 .array/port v0x63a157d8cdf0, 11;
E_0x63a157d68fb0/2 .event anyedge, v0x63a157d8cdf0_8, v0x63a157d8cdf0_9, v0x63a157d8cdf0_10, v0x63a157d8cdf0_11;
v0x63a157d8cdf0_12 .array/port v0x63a157d8cdf0, 12;
v0x63a157d8cdf0_13 .array/port v0x63a157d8cdf0, 13;
v0x63a157d8cdf0_14 .array/port v0x63a157d8cdf0, 14;
v0x63a157d8cdf0_15 .array/port v0x63a157d8cdf0, 15;
E_0x63a157d68fb0/3 .event anyedge, v0x63a157d8cdf0_12, v0x63a157d8cdf0_13, v0x63a157d8cdf0_14, v0x63a157d8cdf0_15;
v0x63a157d8ba60_0 .array/port v0x63a157d8ba60, 0;
v0x63a157d8ba60_1 .array/port v0x63a157d8ba60, 1;
v0x63a157d8ba60_2 .array/port v0x63a157d8ba60, 2;
v0x63a157d8ba60_3 .array/port v0x63a157d8ba60, 3;
E_0x63a157d68fb0/4 .event anyedge, v0x63a157d8ba60_0, v0x63a157d8ba60_1, v0x63a157d8ba60_2, v0x63a157d8ba60_3;
v0x63a157d8ba60_4 .array/port v0x63a157d8ba60, 4;
v0x63a157d8ba60_5 .array/port v0x63a157d8ba60, 5;
v0x63a157d8ba60_6 .array/port v0x63a157d8ba60, 6;
v0x63a157d8ba60_7 .array/port v0x63a157d8ba60, 7;
E_0x63a157d68fb0/5 .event anyedge, v0x63a157d8ba60_4, v0x63a157d8ba60_5, v0x63a157d8ba60_6, v0x63a157d8ba60_7;
v0x63a157d8ba60_8 .array/port v0x63a157d8ba60, 8;
v0x63a157d8ba60_9 .array/port v0x63a157d8ba60, 9;
v0x63a157d8ba60_10 .array/port v0x63a157d8ba60, 10;
v0x63a157d8ba60_11 .array/port v0x63a157d8ba60, 11;
E_0x63a157d68fb0/6 .event anyedge, v0x63a157d8ba60_8, v0x63a157d8ba60_9, v0x63a157d8ba60_10, v0x63a157d8ba60_11;
v0x63a157d8ba60_12 .array/port v0x63a157d8ba60, 12;
v0x63a157d8ba60_13 .array/port v0x63a157d8ba60, 13;
v0x63a157d8ba60_14 .array/port v0x63a157d8ba60, 14;
v0x63a157d8ba60_15 .array/port v0x63a157d8ba60, 15;
E_0x63a157d68fb0/7 .event anyedge, v0x63a157d8ba60_12, v0x63a157d8ba60_13, v0x63a157d8ba60_14, v0x63a157d8ba60_15;
v0x63a157d8bdb0_0 .array/port v0x63a157d8bdb0, 0;
v0x63a157d8bdb0_1 .array/port v0x63a157d8bdb0, 1;
v0x63a157d8bdb0_2 .array/port v0x63a157d8bdb0, 2;
E_0x63a157d68fb0/8 .event anyedge, v0x63a157d8b3f0_0, v0x63a157d8bdb0_0, v0x63a157d8bdb0_1, v0x63a157d8bdb0_2;
v0x63a157d8bdb0_3 .array/port v0x63a157d8bdb0, 3;
v0x63a157d8bdb0_4 .array/port v0x63a157d8bdb0, 4;
v0x63a157d8bdb0_5 .array/port v0x63a157d8bdb0, 5;
v0x63a157d8bdb0_6 .array/port v0x63a157d8bdb0, 6;
E_0x63a157d68fb0/9 .event anyedge, v0x63a157d8bdb0_3, v0x63a157d8bdb0_4, v0x63a157d8bdb0_5, v0x63a157d8bdb0_6;
v0x63a157d8bdb0_7 .array/port v0x63a157d8bdb0, 7;
v0x63a157d8bdb0_8 .array/port v0x63a157d8bdb0, 8;
v0x63a157d8bdb0_9 .array/port v0x63a157d8bdb0, 9;
v0x63a157d8bdb0_10 .array/port v0x63a157d8bdb0, 10;
E_0x63a157d68fb0/10 .event anyedge, v0x63a157d8bdb0_7, v0x63a157d8bdb0_8, v0x63a157d8bdb0_9, v0x63a157d8bdb0_10;
v0x63a157d8bdb0_11 .array/port v0x63a157d8bdb0, 11;
v0x63a157d8bdb0_12 .array/port v0x63a157d8bdb0, 12;
v0x63a157d8bdb0_13 .array/port v0x63a157d8bdb0, 13;
v0x63a157d8bdb0_14 .array/port v0x63a157d8bdb0, 14;
E_0x63a157d68fb0/11 .event anyedge, v0x63a157d8bdb0_11, v0x63a157d8bdb0_12, v0x63a157d8bdb0_13, v0x63a157d8bdb0_14;
v0x63a157d8bdb0_15 .array/port v0x63a157d8bdb0, 15;
v0x63a157d8c100_0 .array/port v0x63a157d8c100, 0;
v0x63a157d8c100_1 .array/port v0x63a157d8c100, 1;
E_0x63a157d68fb0/12 .event anyedge, v0x63a157d8bdb0_15, v0x63a157d8b4d0_0, v0x63a157d8c100_0, v0x63a157d8c100_1;
v0x63a157d8c100_2 .array/port v0x63a157d8c100, 2;
v0x63a157d8c100_3 .array/port v0x63a157d8c100, 3;
v0x63a157d8c100_4 .array/port v0x63a157d8c100, 4;
v0x63a157d8c100_5 .array/port v0x63a157d8c100, 5;
E_0x63a157d68fb0/13 .event anyedge, v0x63a157d8c100_2, v0x63a157d8c100_3, v0x63a157d8c100_4, v0x63a157d8c100_5;
v0x63a157d8c100_6 .array/port v0x63a157d8c100, 6;
v0x63a157d8c100_7 .array/port v0x63a157d8c100, 7;
v0x63a157d8c100_8 .array/port v0x63a157d8c100, 8;
v0x63a157d8c100_9 .array/port v0x63a157d8c100, 9;
E_0x63a157d68fb0/14 .event anyedge, v0x63a157d8c100_6, v0x63a157d8c100_7, v0x63a157d8c100_8, v0x63a157d8c100_9;
v0x63a157d8c100_10 .array/port v0x63a157d8c100, 10;
v0x63a157d8c100_11 .array/port v0x63a157d8c100, 11;
v0x63a157d8c100_12 .array/port v0x63a157d8c100, 12;
v0x63a157d8c100_13 .array/port v0x63a157d8c100, 13;
E_0x63a157d68fb0/15 .event anyedge, v0x63a157d8c100_10, v0x63a157d8c100_11, v0x63a157d8c100_12, v0x63a157d8c100_13;
v0x63a157d8c100_14 .array/port v0x63a157d8c100, 14;
v0x63a157d8c100_15 .array/port v0x63a157d8c100, 15;
E_0x63a157d68fb0/16 .event anyedge, v0x63a157d8c100_14, v0x63a157d8c100_15, v0x63a157d8b640_0;
E_0x63a157d68fb0 .event/or E_0x63a157d68fb0/0, E_0x63a157d68fb0/1, E_0x63a157d68fb0/2, E_0x63a157d68fb0/3, E_0x63a157d68fb0/4, E_0x63a157d68fb0/5, E_0x63a157d68fb0/6, E_0x63a157d68fb0/7, E_0x63a157d68fb0/8, E_0x63a157d68fb0/9, E_0x63a157d68fb0/10, E_0x63a157d68fb0/11, E_0x63a157d68fb0/12, E_0x63a157d68fb0/13, E_0x63a157d68fb0/14, E_0x63a157d68fb0/15, E_0x63a157d68fb0/16;
S_0x63a157d8ab30 .scope begin, "$ivl_for_loop0" "$ivl_for_loop0" 9 73, 9 73 0, S_0x63a157d8a2c0;
 .timescale 0 0;
v0x63a157d8ad30_0 .var/2s "j", 31 0;
S_0x63a157d8e500 .scope module, "rpc" "ifa_rpc_stub" 7 41, 10 19 0, S_0x63a157d897f0;
 .timescale 0 0;
    .port_info 0 /INPUT 8 "A";
    .port_info 1 /INPUT 8 "B";
    .port_info 2 /OUTPUT 8 "Y";
    .port_info 3 /OUTPUT 8 "RA";
    .port_info 4 /OUTPUT 8 "RD";
    .port_info 5 /OUTPUT 8 "R0";
    .port_info 6 /OUTPUT 8 "T";
P_0x63a157d8e6b0 .param/l "WIDTH" 0 10 20, +C4<00000000000000000000000000001000>;
v0x63a157d8a050_0 .net "A", 7 0, v0x63a157d9a0b0_0;  alias, 1 drivers
v0x63a157d8e8e0_0 .net "B", 7 0, v0x63a157d9a170_0;  alias, 1 drivers
v0x63a157d8e9f0_0 .var "R0", 7 0;
v0x63a157d8eae0_0 .var "RA", 7 0;
v0x63a157d8ebf0_0 .var "RD", 7 0;
v0x63a157d8ed50_0 .var "T", 7 0;
v0x63a157d8ee60_0 .var "Y", 7 0;
S_0x63a157d936d0 .scope module, "manager" "ifa_yara_manager" 4 127, 11 17 0, S_0x63a157d6a0e0;
 .timescale 0 0;
    .port_info 0 /INPUT 1 "clk";
    .port_info 1 /INPUT 1 "rst";
    .port_info 2 /INPUT 1 "babalawo_mode";
    .port_info 3 /INPUT 1 "create_valid";
    .port_info 4 /INPUT 1 "select_valid";
    .port_info 5 /INPUT 1 "pause_valid";
    .port_info 6 /INPUT 1 "resume_valid";
    .port_info 7 /INPUT 1 "destroy_valid";
    .port_info 8 /INPUT 1 "command_yara";
    .port_info 9 /OUTPUT 1 "active_yara";
    .port_info 10 /OUTPUT 1 "active_valid";
    .port_info 11 /OUTPUT 1 "active_running";
    .port_info 12 /OUTPUT 2 "yara_valid";
    .port_info 13 /OUTPUT 2 "yara_running";
    .port_info 14 /OUTPUT 2 "clear_yara";
    .port_info 15 /OUTPUT 1 "command_allowed";
    .port_info 16 /OUTPUT 1 "command_denied";
    .port_info 17 /OUTPUT 32 "switch_count";
    .port_info 18 /OUTPUT 32 "denied_count";
P_0x63a157d90ea0 .param/l "YARA_COUNT" 0 11 18, +C4<00000000000000000000000000000010>;
P_0x63a157d90ee0 .param/l "YARA_W" 0 11 19, +C4<00000000000000000000000000000001>;
v0x63a157d93c20_0 .var "active_running", 0 0;
v0x63a157d93d00_0 .var "active_valid", 0 0;
v0x63a157d93dc0_0 .var "active_yara", 0 0;
v0x63a157d93e60_0 .net "babalawo_mode", 0 0, v0x63a157d999b0_0;  alias, 1 drivers
v0x63a157d93f20_0 .var "clear_yara", 1 0;
v0x63a157d94080_0 .net "clk", 0 0, v0x63a157d99a50_0;  alias, 1 drivers
v0x63a157d94120_0 .var "command_allowed", 0 0;
v0x63a157d941e0_0 .var "command_denied", 0 0;
v0x63a157d942a0_0 .net "command_yara", 0 0, v0x63a157d99cd0_0;  alias, 1 drivers
v0x63a157d94380_0 .net "create_valid", 0 0, v0x63a157d99ed0_0;  alias, 1 drivers
v0x63a157d94440_0 .var "denied_count", 31 0;
v0x63a157d94520_0 .net "destroy_valid", 0 0, v0x63a157d99fc0_0;  alias, 1 drivers
v0x63a157d945e0_0 .net "pause_valid", 0 0, v0x63a157d9a910_0;  alias, 1 drivers
v0x63a157d946a0_0 .net "resume_valid", 0 0, v0x63a157d9aa00_0;  alias, 1 drivers
v0x63a157d94760_0 .net "rst", 0 0, v0x63a157d9aee0_0;  alias, 1 drivers
v0x63a157d94800_0 .net "select_valid", 0 0, v0x63a157d9af80_0;  alias, 1 drivers
v0x63a157d948c0_0 .var "switch_count", 31 0;
v0x63a157d94ab0_0 .var "yara_running", 1 0;
v0x63a157d94b90_0 .var "yara_valid", 1 0;
E_0x63a157d8e780 .event anyedge, v0x63a157d41060_0, v0x63a157d94b90_0, v0x63a157d94ab0_0;
S_0x63a157c9d560 .scope autotask, "execute_relation" "execute_relation" 3 221, 3 221 0, S_0x63a157d31670;
 .timescale -9 -12;
v0x63a157d97f80_0 .var "a", 7 0;
v0x63a157d98060_0 .var "b", 7 0;
TD_tb_ifa_v4_yara_system_top.execute_relation ;
    %wait E_0x63a157c7f870;
    %load/vec4 v0x63a157d97f80_0;
    %store/vec4 v0x63a157d9a0b0_0, 0, 8;
    %load/vec4 v0x63a157d98060_0;
    %store/vec4 v0x63a157d9a170_0, 0, 8;
    %pushi/vec4 1, 0, 1;
    %store/vec4 v0x63a157d9a230_0, 0, 1;
    %wait E_0x63a157c7f870;
    %pushi/vec4 0, 0, 1;
    %store/vec4 v0x63a157d9a230_0, 0, 1;
    %delay 1000, 0;
    %vpi_call/w 3 237 "$display", "EXEC YARA=%0d A=%02h B=%02h hit=%0d miss=%0d Y=%02h RA=%02h RD=%02h R0=%02h T=%02h", v0x63a157d99860_0, v0x63a157d97f80_0, v0x63a157d98060_0, v0x63a157d9aaf0_0, v0x63a157d9adf0_0, v0x63a157d9a800_0, v0x63a157d9a4d0_0, v0x63a157d9a5e0_0, v0x63a157d9a3c0_0, v0x63a157d9a6f0_0 {0 0 0};
    %end;
S_0x63a157d98140 .scope autotask, "manager_command" "manager_command" 3 150, 3 150 0, S_0x63a157d31670;
 .timescale -9 -12;
v0x63a157d98300_0 .var "operation", 2 0;
v0x63a157d983e0_0 .var "room", 0 0;
TD_tb_ifa_v4_yara_system_top.manager_command ;
    %wait E_0x63a157c7f870;
    %load/vec4 v0x63a157d983e0_0;
    %store/vec4 v0x63a157d99cd0_0, 0, 1;
    %pushi/vec4 0, 0, 1;
    %store/vec4 v0x63a157d99ed0_0, 0, 1;
    %pushi/vec4 0, 0, 1;
    %store/vec4 v0x63a157d9af80_0, 0, 1;
    %pushi/vec4 0, 0, 1;
    %store/vec4 v0x63a157d9a910_0, 0, 1;
    %pushi/vec4 0, 0, 1;
    %store/vec4 v0x63a157d9aa00_0, 0, 1;
    %pushi/vec4 0, 0, 1;
    %store/vec4 v0x63a157d99fc0_0, 0, 1;
    %load/vec4 v0x63a157d98300_0;
    %dup/vec4;
    %pushi/vec4 0, 0, 3;
    %cmp/u;
    %jmp/1 T_1.0, 6;
    %dup/vec4;
    %pushi/vec4 1, 0, 3;
    %cmp/u;
    %jmp/1 T_1.1, 6;
    %dup/vec4;
    %pushi/vec4 2, 0, 3;
    %cmp/u;
    %jmp/1 T_1.2, 6;
    %dup/vec4;
    %pushi/vec4 3, 0, 3;
    %cmp/u;
    %jmp/1 T_1.3, 6;
    %dup/vec4;
    %pushi/vec4 4, 0, 3;
    %cmp/u;
    %jmp/1 T_1.4, 6;
    %jmp T_1.5;
T_1.0 ;
    %pushi/vec4 1, 0, 1;
    %store/vec4 v0x63a157d99ed0_0, 0, 1;
    %jmp T_1.5;
T_1.1 ;
    %pushi/vec4 1, 0, 1;
    %store/vec4 v0x63a157d9af80_0, 0, 1;
    %jmp T_1.5;
T_1.2 ;
    %pushi/vec4 1, 0, 1;
    %store/vec4 v0x63a157d9a910_0, 0, 1;
    %jmp T_1.5;
T_1.3 ;
    %pushi/vec4 1, 0, 1;
    %store/vec4 v0x63a157d9aa00_0, 0, 1;
    %jmp T_1.5;
T_1.4 ;
    %pushi/vec4 1, 0, 1;
    %store/vec4 v0x63a157d99fc0_0, 0, 1;
    %jmp T_1.5;
T_1.5 ;
    %pop/vec4 1;
    %wait E_0x63a157c84140;
    %delay 1000, 0;
    %vpi_call/w 3 176 "$display", "MANAGER OP=%0d YARA=%0d allowed=%0d denied=%0d valid=%b running=%b active=%0d", v0x63a157d98300_0, v0x63a157d983e0_0, v0x63a157d99af0_0, v0x63a157d99be0_0, v0x63a157d9bba0_0, v0x63a157d9ba90_0, v0x63a157d99860_0 {0 0 0};
    %wait E_0x63a157c7f870;
    %pushi/vec4 0, 0, 1;
    %store/vec4 v0x63a157d99ed0_0, 0, 1;
    %pushi/vec4 0, 0, 1;
    %store/vec4 v0x63a157d9af80_0, 0, 1;
    %pushi/vec4 0, 0, 1;
    %store/vec4 v0x63a157d9a910_0, 0, 1;
    %pushi/vec4 0, 0, 1;
    %store/vec4 v0x63a157d9aa00_0, 0, 1;
    %pushi/vec4 0, 0, 1;
    %store/vec4 v0x63a157d99fc0_0, 0, 1;
    %end;
S_0x63a157d984a0 .scope autotask, "write_active_context" "write_active_context" 3 190, 3 190 0, S_0x63a157d31670;
 .timescale -9 -12;
v0x63a157d98630_0 .var "a", 7 0;
v0x63a157d98730_0 .var "address_value", 7 0;
v0x63a157d98810_0 .var "b", 7 0;
v0x63a157d98900_0 .var "flags", 7 0;
v0x63a157d989e0_0 .var "ir", 15 0;
v0x63a157d98ac0_0 .var "pc", 7 0;
TD_tb_ifa_v4_yara_system_top.write_active_context ;
    %wait E_0x63a157c7f870;
    %load/vec4 v0x63a157d98ac0_0;
    %store/vec4 v0x63a157d9b680_0, 0, 8;
    %load/vec4 v0x63a157d989e0_0;
    %store/vec4 v0x63a157d9b570_0, 0, 16;
    %load/vec4 v0x63a157d98630_0;
    %store/vec4 v0x63a157d9b130_0, 0, 8;
    %load/vec4 v0x63a157d98810_0;
    %store/vec4 v0x63a157d9b350_0, 0, 8;
    %load/vec4 v0x63a157d98730_0;
    %store/vec4 v0x63a157d9b240_0, 0, 8;
    %load/vec4 v0x63a157d98900_0;
    %store/vec4 v0x63a157d9b460_0, 0, 8;
    %pushi/vec4 1, 0, 1;
    %store/vec4 v0x63a157d99de0_0, 0, 1;
    %wait E_0x63a157c7f870;
    %pushi/vec4 0, 0, 1;
    %store/vec4 v0x63a157d99de0_0, 0, 1;
    %delay 1000, 0;
    %vpi_call/w 3 215 "$display", "CONTEXT YARA=%0d PC=%02h IR=%04h A=%02h B=%02h ADDR=%02h FLAGS=%02h", v0x63a157d99860_0, v0x63a157d99420_0, v0x63a157d99200_0, v0x63a157d98ba0_0, v0x63a157d98d90_0, v0x63a157d98c80_0, v0x63a157d98f90_0 {0 0 0};
    %end;
    .scope S_0x63a157d936d0;
T_3 ;
    %wait E_0x63a157c84140;
    %load/vec4 v0x63a157d94760_0;
    %flag_set/vec4 8;
    %jmp/0xz  T_3.0, 8;
    %pushi/vec4 0, 0, 1;
    %assign/vec4 v0x63a157d93dc0_0, 0;
    %pushi/vec4 0, 0, 2;
    %assign/vec4 v0x63a157d94b90_0, 0;
    %pushi/vec4 0, 0, 2;
    %assign/vec4 v0x63a157d94ab0_0, 0;
    %pushi/vec4 0, 0, 2;
    %assign/vec4 v0x63a157d93f20_0, 0;
    %pushi/vec4 0, 0, 1;
    %assign/vec4 v0x63a157d94120_0, 0;
    %pushi/vec4 0, 0, 1;
    %assign/vec4 v0x63a157d941e0_0, 0;
    %pushi/vec4 0, 0, 32;
    %assign/vec4 v0x63a157d948c0_0, 0;
    %pushi/vec4 0, 0, 32;
    %assign/vec4 v0x63a157d94440_0, 0;
    %jmp T_3.1;
T_3.0 ;
    %pushi/vec4 0, 0, 2;
    %assign/vec4 v0x63a157d93f20_0, 0;
    %pushi/vec4 0, 0, 1;
    %assign/vec4 v0x63a157d94120_0, 0;
    %pushi/vec4 0, 0, 1;
    %assign/vec4 v0x63a157d941e0_0, 0;
    %load/vec4 v0x63a157d94380_0;
    %flag_set/vec4 8;
    %jmp/0xz  T_3.2, 8;
    %load/vec4 v0x63a157d93e60_0;
    %flag_set/vec4 8;
    %jmp/0xz  T_3.4, 8;
    %pushi/vec4 1, 0, 1;
    %ix/load 5, 0, 0;
    %ix/getv 4, v0x63a157d942a0_0;
    %assign/vec4/off/d v0x63a157d94b90_0, 4, 5;
    %pushi/vec4 1, 0, 1;
    %ix/load 5, 0, 0;
    %ix/getv 4, v0x63a157d942a0_0;
    %assign/vec4/off/d v0x63a157d94ab0_0, 4, 5;
    %pushi/vec4 1, 0, 1;
    %ix/load 5, 0, 0;
    %ix/getv 4, v0x63a157d942a0_0;
    %assign/vec4/off/d v0x63a157d93f20_0, 4, 5;
    %pushi/vec4 1, 0, 1;
    %assign/vec4 v0x63a157d94120_0, 0;
    %jmp T_3.5;
T_3.4 ;
    %pushi/vec4 1, 0, 1;
    %assign/vec4 v0x63a157d941e0_0, 0;
    %load/vec4 v0x63a157d94440_0;
    %addi 1, 0, 32;
    %assign/vec4 v0x63a157d94440_0, 0;
T_3.5 ;
    %jmp T_3.3;
T_3.2 ;
    %load/vec4 v0x63a157d94800_0;
    %flag_set/vec4 8;
    %jmp/0xz  T_3.6, 8;
    %load/vec4 v0x63a157d93e60_0;
    %flag_set/vec4 10;
    %flag_get/vec4 10;
    %jmp/0 T_3.11, 10;
    %load/vec4 v0x63a157d94b90_0;
    %load/vec4 v0x63a157d942a0_0;
    %part/u 1;
    %and;
T_3.11;
    %flag_set/vec4 9;
    %flag_get/vec4 9;
    %jmp/0 T_3.10, 9;
    %load/vec4 v0x63a157d94ab0_0;
    %load/vec4 v0x63a157d942a0_0;
    %part/u 1;
    %and;
T_3.10;
    %flag_set/vec4 8;
    %jmp/0xz  T_3.8, 8;
    %load/vec4 v0x63a157d942a0_0;
    %assign/vec4 v0x63a157d93dc0_0, 0;
    %pushi/vec4 1, 0, 1;
    %assign/vec4 v0x63a157d94120_0, 0;
    %load/vec4 v0x63a157d948c0_0;
    %addi 1, 0, 32;
    %assign/vec4 v0x63a157d948c0_0, 0;
    %jmp T_3.9;
T_3.8 ;
    %pushi/vec4 1, 0, 1;
    %assign/vec4 v0x63a157d941e0_0, 0;
    %load/vec4 v0x63a157d94440_0;
    %addi 1, 0, 32;
    %assign/vec4 v0x63a157d94440_0, 0;
T_3.9 ;
    %jmp T_3.7;
T_3.6 ;
    %load/vec4 v0x63a157d945e0_0;
    %flag_set/vec4 8;
    %jmp/0xz  T_3.12, 8;
    %load/vec4 v0x63a157d93e60_0;
    %flag_set/vec4 9;
    %flag_get/vec4 9;
    %jmp/0 T_3.16, 9;
    %load/vec4 v0x63a157d94b90_0;
    %load/vec4 v0x63a157d942a0_0;
    %part/u 1;
    %and;
T_3.16;
    %flag_set/vec4 8;
    %jmp/0xz  T_3.14, 8;
    %pushi/vec4 0, 0, 1;
    %ix/load 5, 0, 0;
    %ix/getv 4, v0x63a157d942a0_0;
    %assign/vec4/off/d v0x63a157d94ab0_0, 4, 5;
    %pushi/vec4 1, 0, 1;
    %assign/vec4 v0x63a157d94120_0, 0;
    %jmp T_3.15;
T_3.14 ;
    %pushi/vec4 1, 0, 1;
    %assign/vec4 v0x63a157d941e0_0, 0;
    %load/vec4 v0x63a157d94440_0;
    %addi 1, 0, 32;
    %assign/vec4 v0x63a157d94440_0, 0;
T_3.15 ;
    %jmp T_3.13;
T_3.12 ;
    %load/vec4 v0x63a157d946a0_0;
    %flag_set/vec4 8;
    %jmp/0xz  T_3.17, 8;
    %load/vec4 v0x63a157d93e60_0;
    %flag_set/vec4 9;
    %flag_get/vec4 9;
    %jmp/0 T_3.21, 9;
    %load/vec4 v0x63a157d94b90_0;
    %load/vec4 v0x63a157d942a0_0;
    %part/u 1;
    %and;
T_3.21;
    %flag_set/vec4 8;
    %jmp/0xz  T_3.19, 8;
    %pushi/vec4 1, 0, 1;
    %ix/load 5, 0, 0;
    %ix/getv 4, v0x63a157d942a0_0;
    %assign/vec4/off/d v0x63a157d94ab0_0, 4, 5;
    %pushi/vec4 1, 0, 1;
    %assign/vec4 v0x63a157d94120_0, 0;
    %jmp T_3.20;
T_3.19 ;
    %pushi/vec4 1, 0, 1;
    %assign/vec4 v0x63a157d941e0_0, 0;
    %load/vec4 v0x63a157d94440_0;
    %addi 1, 0, 32;
    %assign/vec4 v0x63a157d94440_0, 0;
T_3.20 ;
    %jmp T_3.18;
T_3.17 ;
    %load/vec4 v0x63a157d94520_0;
    %flag_set/vec4 8;
    %jmp/0xz  T_3.22, 8;
    %load/vec4 v0x63a157d93e60_0;
    %flag_set/vec4 9;
    %flag_get/vec4 9;
    %jmp/0 T_3.26, 9;
    %load/vec4 v0x63a157d94b90_0;
    %load/vec4 v0x63a157d942a0_0;
    %part/u 1;
    %and;
T_3.26;
    %flag_set/vec4 8;
    %jmp/0xz  T_3.24, 8;
    %pushi/vec4 0, 0, 1;
    %ix/load 5, 0, 0;
    %ix/getv 4, v0x63a157d942a0_0;
    %assign/vec4/off/d v0x63a157d94b90_0, 4, 5;
    %pushi/vec4 0, 0, 1;
    %ix/load 5, 0, 0;
    %ix/getv 4, v0x63a157d942a0_0;
    %assign/vec4/off/d v0x63a157d94ab0_0, 4, 5;
    %pushi/vec4 1, 0, 1;
    %ix/load 5, 0, 0;
    %ix/getv 4, v0x63a157d942a0_0;
    %assign/vec4/off/d v0x63a157d93f20_0, 4, 5;
    %pushi/vec4 1, 0, 1;
    %assign/vec4 v0x63a157d94120_0, 0;
    %jmp T_3.25;
T_3.24 ;
    %pushi/vec4 1, 0, 1;
    %assign/vec4 v0x63a157d941e0_0, 0;
    %load/vec4 v0x63a157d94440_0;
    %addi 1, 0, 32;
    %assign/vec4 v0x63a157d94440_0, 0;
T_3.25 ;
T_3.22 ;
T_3.18 ;
T_3.13 ;
T_3.7 ;
T_3.3 ;
T_3.1 ;
    %jmp T_3;
    .thread T_3;
    .scope S_0x63a157d936d0;
T_4 ;
Ewait_0 .event/or E_0x63a157d8e780, E_0x0;
    %wait Ewait_0;
    %load/vec4 v0x63a157d94b90_0;
    %load/vec4 v0x63a157d93dc0_0;
    %part/u 1;
    %store/vec4 v0x63a157d93d00_0, 0, 1;
    %load/vec4 v0x63a157d94ab0_0;
    %load/vec4 v0x63a157d93dc0_0;
    %part/u 1;
    %store/vec4 v0x63a157d93c20_0, 0, 1;
    %jmp T_4;
    .thread T_4, $push;
    .scope S_0x63a157c9d6f0;
T_5 ;
    %wait E_0x63a157c84140;
    %load/vec4 v0x63a157d817c0_0;
    %flag_set/vec4 8;
    %jmp/0xz  T_5.0, 8;
    %pushi/vec4 0, 0, 32;
    %store/vec4 v0x63a157d80f60_0, 0, 32;
T_5.2 ;
    %load/vec4 v0x63a157d80f60_0;
    %cmpi/s 2, 0, 32;
    %jmp/0xz T_5.3, 5;
    %pushi/vec4 0, 0, 8;
    %ix/getv/s 3, v0x63a157d80f60_0;
    %ix/load 4, 0, 0; Constant delay
    %assign/vec4/a/d v0x63a157d81160, 0, 4;
    %pushi/vec4 0, 0, 16;
    %ix/getv/s 3, v0x63a157d80f60_0;
    %ix/load 4, 0, 0; Constant delay
    %assign/vec4/a/d v0x63a157d81040, 0, 4;
    %pushi/vec4 0, 0, 8;
    %ix/getv/s 3, v0x63a157d80f60_0;
    %ix/load 4, 0, 0; Constant delay
    %assign/vec4/a/d v0x63a157d36130, 0, 4;
    %pushi/vec4 0, 0, 8;
    %ix/getv/s 3, v0x63a157d80f60_0;
    %ix/load 4, 0, 0; Constant delay
    %assign/vec4/a/d v0x63a157d4a310, 0, 4;
    %pushi/vec4 0, 0, 8;
    %ix/getv/s 3, v0x63a157d80f60_0;
    %ix/load 4, 0, 0; Constant delay
    %assign/vec4/a/d v0x63a157d54710, 0, 4;
    %pushi/vec4 0, 0, 8;
    %ix/getv/s 3, v0x63a157d80f60_0;
    %ix/load 4, 0, 0; Constant delay
    %assign/vec4/a/d v0x63a157d80e40, 0, 4;
    %load/vec4 v0x63a157d80f60_0;
    %addi 1, 0, 32;
    %store/vec4 v0x63a157d80f60_0, 0, 32;
    %jmp T_5.2;
T_5.3 ;
    %jmp T_5.1;
T_5.0 ;
    %pushi/vec4 0, 0, 32;
    %store/vec4 v0x63a157d80f60_0, 0, 32;
T_5.4 ;
    %load/vec4 v0x63a157d80f60_0;
    %cmpi/s 2, 0, 32;
    %jmp/0xz T_5.5, 5;
    %load/vec4 v0x63a157c58430_0;
    %load/vec4 v0x63a157d80f60_0;
    %part/s 1;
    %flag_set/vec4 8;
    %jmp/0xz  T_5.6, 8;
    %pushi/vec4 0, 0, 8;
    %ix/getv/s 3, v0x63a157d80f60_0;
    %ix/load 4, 0, 0; Constant delay
    %assign/vec4/a/d v0x63a157d81160, 0, 4;
    %pushi/vec4 0, 0, 16;
    %ix/getv/s 3, v0x63a157d80f60_0;
    %ix/load 4, 0, 0; Constant delay
    %assign/vec4/a/d v0x63a157d81040, 0, 4;
    %pushi/vec4 0, 0, 8;
    %ix/getv/s 3, v0x63a157d80f60_0;
    %ix/load 4, 0, 0; Constant delay
    %assign/vec4/a/d v0x63a157d36130, 0, 4;
    %pushi/vec4 0, 0, 8;
    %ix/getv/s 3, v0x63a157d80f60_0;
    %ix/load 4, 0, 0; Constant delay
    %assign/vec4/a/d v0x63a157d4a310, 0, 4;
    %pushi/vec4 0, 0, 8;
    %ix/getv/s 3, v0x63a157d80f60_0;
    %ix/load 4, 0, 0; Constant delay
    %assign/vec4/a/d v0x63a157d54710, 0, 4;
    %pushi/vec4 0, 0, 8;
    %ix/getv/s 3, v0x63a157d80f60_0;
    %ix/load 4, 0, 0; Constant delay
    %assign/vec4/a/d v0x63a157d80e40, 0, 4;
T_5.6 ;
    %load/vec4 v0x63a157d80f60_0;
    %addi 1, 0, 32;
    %store/vec4 v0x63a157d80f60_0, 0, 32;
    %jmp T_5.4;
T_5.5 ;
    %load/vec4 v0x63a157c57360_0;
    %flag_set/vec4 9;
    %flag_get/vec4 9;
    %jmp/0 T_5.10, 9;
    %load/vec4 v0x63a157c58430_0;
    %load/vec4 v0x63a157d41060_0;
    %part/u 1;
    %nor/r;
    %and;
T_5.10;
    %flag_set/vec4 8;
    %jmp/0xz  T_5.8, 8;
    %load/vec4 v0x63a157d81ce0_0;
    %load/vec4 v0x63a157d41060_0;
    %pad/u 3;
    %ix/vec4 3;
    %ix/load 4, 0, 0; Constant delay
    %assign/vec4/a/d v0x63a157d81160, 0, 4;
    %load/vec4 v0x63a157d81c00_0;
    %load/vec4 v0x63a157d41060_0;
    %pad/u 3;
    %ix/vec4 3;
    %ix/load 4, 0, 0; Constant delay
    %assign/vec4/a/d v0x63a157d81040, 0, 4;
    %load/vec4 v0x63a157d81880_0;
    %load/vec4 v0x63a157d41060_0;
    %pad/u 3;
    %ix/vec4 3;
    %ix/load 4, 0, 0; Constant delay
    %assign/vec4/a/d v0x63a157d36130, 0, 4;
    %load/vec4 v0x63a157d81a40_0;
    %load/vec4 v0x63a157d41060_0;
    %pad/u 3;
    %ix/vec4 3;
    %ix/load 4, 0, 0; Constant delay
    %assign/vec4/a/d v0x63a157d4a310, 0, 4;
    %load/vec4 v0x63a157d81960_0;
    %load/vec4 v0x63a157d41060_0;
    %pad/u 3;
    %ix/vec4 3;
    %ix/load 4, 0, 0; Constant delay
    %assign/vec4/a/d v0x63a157d54710, 0, 4;
    %load/vec4 v0x63a157d81b20_0;
    %load/vec4 v0x63a157d41060_0;
    %pad/u 3;
    %ix/vec4 3;
    %ix/load 4, 0, 0; Constant delay
    %assign/vec4/a/d v0x63a157d80e40, 0, 4;
T_5.8 ;
T_5.1 ;
    %jmp T_5;
    .thread T_5;
    .scope S_0x63a157c9d6f0;
T_6 ;
Ewait_1 .event/or E_0x63a157c46f00, E_0x0;
    %wait Ewait_1;
    %load/vec4 v0x63a157d41060_0;
    %pad/u 3;
    %ix/vec4 4;
    %load/vec4a v0x63a157d81160, 4;
    %store/vec4 v0x63a157d816e0_0, 0, 8;
    %load/vec4 v0x63a157d41060_0;
    %pad/u 3;
    %ix/vec4 4;
    %load/vec4a v0x63a157d81040, 4;
    %store/vec4 v0x63a157d81600_0, 0, 16;
    %load/vec4 v0x63a157d41060_0;
    %pad/u 3;
    %ix/vec4 4;
    %load/vec4a v0x63a157d36130, 4;
    %store/vec4 v0x63a157d81280_0, 0, 8;
    %load/vec4 v0x63a157d41060_0;
    %pad/u 3;
    %ix/vec4 4;
    %load/vec4a v0x63a157d4a310, 4;
    %store/vec4 v0x63a157d81440_0, 0, 8;
    %load/vec4 v0x63a157d41060_0;
    %pad/u 3;
    %ix/vec4 4;
    %load/vec4a v0x63a157d54710, 4;
    %store/vec4 v0x63a157d81360_0, 0, 8;
    %load/vec4 v0x63a157d41060_0;
    %pad/u 3;
    %ix/vec4 4;
    %load/vec4a v0x63a157d80e40, 4;
    %store/vec4 v0x63a157d81520_0, 0, 8;
    %jmp T_6;
    .thread T_6, $push;
    .scope S_0x63a157d87650;
T_7 ;
Ewait_2 .event/or E_0x63a157d87980, E_0x0;
    %wait Ewait_2;
    %load/vec4 v0x63a157d82f40_0;
    %load/vec4 v0x63a157d87a40_0;
    %add;
    %store/vec4 v0x63a157d87fc0_0, 0, 8;
    %load/vec4 v0x63a157d82f40_0;
    %load/vec4 v0x63a157d87a40_0;
    %and;
    %store/vec4 v0x63a157d87c40_0, 0, 8;
    %load/vec4 v0x63a157d82f40_0;
    %load/vec4 v0x63a157d87a40_0;
    %xor;
    %store/vec4 v0x63a157d87d50_0, 0, 8;
    %load/vec4 v0x63a157d82f40_0;
    %load/vec4 v0x63a157d87a40_0;
    %or;
    %inv;
    %store/vec4 v0x63a157d87b20_0, 0, 8;
    %load/vec4 v0x63a157d87d50_0;
    %load/vec4 v0x63a157d87fc0_0;
    %xor;
    %store/vec4 v0x63a157d87eb0_0, 0, 8;
    %jmp T_7;
    .thread T_7, $push;
    .scope S_0x63a157d831b0;
T_8 ;
Ewait_3 .event/or E_0x63a157c6ac10, E_0x0;
    %wait Ewait_3;
    %pushi/vec4 0, 0, 1;
    %store/vec4 v0x63a157d84780_0, 0, 1;
    %pushi/vec4 0, 0, 4;
    %store/vec4 v0x63a157d84840_0, 0, 4;
    %fork t_1, S_0x63a157d83ab0;
    %jmp t_0;
    .scope S_0x63a157d83ab0;
t_1 ;
    %pushi/vec4 0, 0, 32;
    %store/vec4 v0x63a157d83cb0_0, 0, 32;
T_8.0 ;
    %load/vec4 v0x63a157d83cb0_0;
    %cmpi/s 16, 0, 32;
    %jmp/0xz T_8.1, 5;
    %ix/getv/s 4, v0x63a157d83cb0_0;
    %load/vec4a v0x63a157d85d70, 4;
    %flag_set/vec4 11;
    %flag_get/vec4 11;
    %jmp/0 T_8.6, 11;
    %ix/getv/s 4, v0x63a157d83cb0_0;
    %load/vec4a v0x63a157d849e0, 4;
    %load/vec4 v0x63a157d84400_0;
    %cmp/e;
    %flag_get/vec4 4;
    %and;
T_8.6;
    %flag_set/vec4 10;
    %flag_get/vec4 10;
    %jmp/0 T_8.5, 10;
    %ix/getv/s 4, v0x63a157d83cb0_0;
    %load/vec4a v0x63a157d84d30, 4;
    %load/vec4 v0x63a157d844e0_0;
    %cmp/e;
    %flag_get/vec4 4;
    %and;
T_8.5;
    %flag_set/vec4 9;
    %flag_get/vec4 9;
    %jmp/0 T_8.4, 9;
    %ix/getv/s 4, v0x63a157d83cb0_0;
    %load/vec4a v0x63a157d85080, 4;
    %load/vec4 v0x63a157d845c0_0;
    %cmp/e;
    %flag_get/vec4 4;
    %and;
T_8.4;
    %flag_set/vec4 8;
    %jmp/0xz  T_8.2, 8;
    %pushi/vec4 1, 0, 1;
    %store/vec4 v0x63a157d84780_0, 0, 1;
    %load/vec4 v0x63a157d83cb0_0;
    %pad/s 4;
    %store/vec4 v0x63a157d84840_0, 0, 4;
T_8.2 ;
    %load/vec4 v0x63a157d83cb0_0;
    %addi 1, 0, 32;
    %cast2;
    %store/vec4 v0x63a157d83cb0_0, 0, 32;
    %jmp T_8.0;
T_8.1 ;
    %end;
    .scope S_0x63a157d831b0;
t_0 %join;
    %jmp T_8;
    .thread T_8, $push;
    .scope S_0x63a157d831b0;
T_9 ;
    %wait E_0x63a157c84140;
    %load/vec4 v0x63a157d85bd0_0;
    %flag_set/vec4 8;
    %jmp/0xz  T_9.0, 8;
    %pushi/vec4 0, 0, 4;
    %assign/vec4 v0x63a157d83f60_0, 0;
    %pushi/vec4 0, 0, 1;
    %assign/vec4 v0x63a157d84050_0, 0;
    %pushi/vec4 0, 0, 1;
    %assign/vec4 v0x63a157d85510_0, 0;
    %pushi/vec4 0, 0, 8;
    %assign/vec4 v0x63a157d85a30_0, 0;
    %pushi/vec4 0, 0, 8;
    %assign/vec4 v0x63a157d85790_0, 0;
    %pushi/vec4 0, 0, 8;
    %assign/vec4 v0x63a157d85870_0, 0;
    %pushi/vec4 0, 0, 8;
    %assign/vec4 v0x63a157d856b0_0, 0;
    %pushi/vec4 0, 0, 8;
    %assign/vec4 v0x63a157d85950_0, 0;
    %pushi/vec4 0, 0, 32;
    %assign/vec4 v0x63a157d84110_0, 0;
    %pushi/vec4 0, 0, 32;
    %assign/vec4 v0x63a157d855d0_0, 0;
    %pushi/vec4 0, 0, 32;
    %assign/vec4 v0x63a157d85c90_0, 0;
    %pushi/vec4 0, 0, 32;
    %assign/vec4 v0x63a157d83ea0_0, 0;
    %pushi/vec4 0, 0, 32;
    %store/vec4 v0x63a157d84240_0, 0, 32;
T_9.2 ;
    %load/vec4 v0x63a157d84240_0;
    %cmpi/s 16, 0, 32;
    %jmp/0xz T_9.3, 5;
    %pushi/vec4 0, 0, 1;
    %ix/getv/s 3, v0x63a157d84240_0;
    %ix/load 4, 0, 0; Constant delay
    %assign/vec4/a/d v0x63a157d85d70, 0, 4;
    %pushi/vec4 0, 0, 8;
    %ix/getv/s 3, v0x63a157d84240_0;
    %ix/load 4, 0, 0; Constant delay
    %assign/vec4/a/d v0x63a157d85450, 0, 4;
    %pushi/vec4 0, 0, 8;
    %ix/getv/s 3, v0x63a157d84240_0;
    %ix/load 4, 0, 0; Constant delay
    %assign/vec4/a/d v0x63a157d849e0, 0, 4;
    %pushi/vec4 0, 0, 8;
    %ix/getv/s 3, v0x63a157d84240_0;
    %ix/load 4, 0, 0; Constant delay
    %assign/vec4/a/d v0x63a157d84d30, 0, 4;
    %pushi/vec4 0, 0, 8;
    %ix/getv/s 3, v0x63a157d84240_0;
    %ix/load 4, 0, 0; Constant delay
    %assign/vec4/a/d v0x63a157d84920, 0, 4;
    %pushi/vec4 0, 0, 8;
    %ix/getv/s 3, v0x63a157d84240_0;
    %ix/load 4, 0, 0; Constant delay
    %assign/vec4/a/d v0x63a157d85080, 0, 4;
    %load/vec4 v0x63a157d84240_0;
    %addi 1, 0, 32;
    %store/vec4 v0x63a157d84240_0, 0, 32;
    %jmp T_9.2;
T_9.3 ;
    %jmp T_9.1;
T_9.0 ;
    %pushi/vec4 0, 0, 1;
    %assign/vec4 v0x63a157d84050_0, 0;
    %pushi/vec4 0, 0, 1;
    %assign/vec4 v0x63a157d85510_0, 0;
    %load/vec4 v0x63a157d85b10_0;
    %flag_set/vec4 8;
    %jmp/0xz  T_9.4, 8;
    %load/vec4 v0x63a157d84780_0;
    %flag_set/vec4 8;
    %jmp/0xz  T_9.6, 8;
    %pushi/vec4 1, 0, 1;
    %assign/vec4 v0x63a157d84050_0, 0;
    %pushi/vec4 0, 0, 1;
    %assign/vec4 v0x63a157d85510_0, 0;
    %load/vec4 v0x63a157d84110_0;
    %addi 1, 0, 32;
    %assign/vec4 v0x63a157d84110_0, 0;
    %load/vec4 v0x63a157d84840_0;
    %pad/u 6;
    %ix/vec4 4;
    %load/vec4a v0x63a157d85450, 4;
    %assign/vec4 v0x63a157d85a30_0, 0;
    %load/vec4 v0x63a157d84840_0;
    %pad/u 6;
    %ix/vec4 4;
    %load/vec4a v0x63a157d849e0, 4;
    %assign/vec4 v0x63a157d85790_0, 0;
    %load/vec4 v0x63a157d84840_0;
    %pad/u 6;
    %ix/vec4 4;
    %load/vec4a v0x63a157d84d30, 4;
    %assign/vec4 v0x63a157d85870_0, 0;
    %load/vec4 v0x63a157d84840_0;
    %pad/u 6;
    %ix/vec4 4;
    %load/vec4a v0x63a157d84920, 4;
    %assign/vec4 v0x63a157d856b0_0, 0;
    %load/vec4 v0x63a157d84840_0;
    %pad/u 6;
    %ix/vec4 4;
    %load/vec4a v0x63a157d85080, 4;
    %assign/vec4 v0x63a157d85950_0, 0;
    %jmp T_9.7;
T_9.6 ;
    %pushi/vec4 0, 0, 1;
    %assign/vec4 v0x63a157d84050_0, 0;
    %pushi/vec4 1, 0, 1;
    %assign/vec4 v0x63a157d85510_0, 0;
    %load/vec4 v0x63a157d855d0_0;
    %addi 1, 0, 32;
    %assign/vec4 v0x63a157d855d0_0, 0;
    %load/vec4 v0x63a157d85c90_0;
    %addi 1, 0, 32;
    %assign/vec4 v0x63a157d85c90_0, 0;
    %load/vec4 v0x63a157d846a0_0;
    %load/vec4 v0x63a157d83f60_0;
    %pad/u 6;
    %ix/vec4 3;
    %ix/load 4, 0, 0; Constant delay
    %assign/vec4/a/d v0x63a157d85450, 0, 4;
    %load/vec4 v0x63a157d84400_0;
    %load/vec4 v0x63a157d83f60_0;
    %pad/u 6;
    %ix/vec4 3;
    %ix/load 4, 0, 0; Constant delay
    %assign/vec4/a/d v0x63a157d849e0, 0, 4;
    %load/vec4 v0x63a157d844e0_0;
    %load/vec4 v0x63a157d83f60_0;
    %pad/u 6;
    %ix/vec4 3;
    %ix/load 4, 0, 0; Constant delay
    %assign/vec4/a/d v0x63a157d84d30, 0, 4;
    %load/vec4 v0x63a157d84320_0;
    %load/vec4 v0x63a157d83f60_0;
    %pad/u 6;
    %ix/vec4 3;
    %ix/load 4, 0, 0; Constant delay
    %assign/vec4/a/d v0x63a157d84920, 0, 4;
    %load/vec4 v0x63a157d845c0_0;
    %load/vec4 v0x63a157d83f60_0;
    %pad/u 6;
    %ix/vec4 3;
    %ix/load 4, 0, 0; Constant delay
    %assign/vec4/a/d v0x63a157d85080, 0, 4;
    %load/vec4 v0x63a157d83f60_0;
    %pad/u 6;
    %ix/vec4 4;
    %load/vec4a v0x63a157d85d70, 4;
    %flag_set/vec4 8;
    %jmp/0xz  T_9.8, 8;
    %load/vec4 v0x63a157d83ea0_0;
    %addi 1, 0, 32;
    %assign/vec4 v0x63a157d83ea0_0, 0;
T_9.8 ;
    %pushi/vec4 1, 0, 1;
    %load/vec4 v0x63a157d83f60_0;
    %pad/u 6;
    %ix/vec4 3;
    %ix/load 4, 0, 0; Constant delay
    %assign/vec4/a/d v0x63a157d85d70, 0, 4;
    %load/vec4 v0x63a157d846a0_0;
    %assign/vec4 v0x63a157d85a30_0, 0;
    %load/vec4 v0x63a157d84400_0;
    %assign/vec4 v0x63a157d85790_0, 0;
    %load/vec4 v0x63a157d844e0_0;
    %assign/vec4 v0x63a157d85870_0, 0;
    %load/vec4 v0x63a157d84320_0;
    %assign/vec4 v0x63a157d856b0_0, 0;
    %load/vec4 v0x63a157d845c0_0;
    %assign/vec4 v0x63a157d85950_0, 0;
    %load/vec4 v0x63a157d83f60_0;
    %addi 1, 0, 4;
    %assign/vec4 v0x63a157d83f60_0, 0;
T_9.7 ;
T_9.4 ;
T_9.1 ;
    %jmp T_9;
    .thread T_9;
    .scope S_0x63a157d8e500;
T_10 ;
Ewait_4 .event/or E_0x63a157d87980, E_0x0;
    %wait Ewait_4;
    %load/vec4 v0x63a157d8a050_0;
    %load/vec4 v0x63a157d8e8e0_0;
    %add;
    %store/vec4 v0x63a157d8ee60_0, 0, 8;
    %load/vec4 v0x63a157d8a050_0;
    %load/vec4 v0x63a157d8e8e0_0;
    %and;
    %store/vec4 v0x63a157d8eae0_0, 0, 8;
    %load/vec4 v0x63a157d8a050_0;
    %load/vec4 v0x63a157d8e8e0_0;
    %xor;
    %store/vec4 v0x63a157d8ebf0_0, 0, 8;
    %load/vec4 v0x63a157d8a050_0;
    %load/vec4 v0x63a157d8e8e0_0;
    %or;
    %inv;
    %store/vec4 v0x63a157d8e9f0_0, 0, 8;
    %load/vec4 v0x63a157d8ebf0_0;
    %load/vec4 v0x63a157d8ee60_0;
    %xor;
    %store/vec4 v0x63a157d8ed50_0, 0, 8;
    %jmp T_10;
    .thread T_10, $push;
    .scope S_0x63a157d8a2c0;
T_11 ;
Ewait_5 .event/or E_0x63a157d68fb0, E_0x0;
    %wait Ewait_5;
    %pushi/vec4 0, 0, 1;
    %store/vec4 v0x63a157d8b800_0, 0, 1;
    %pushi/vec4 0, 0, 4;
    %store/vec4 v0x63a157d8b8c0_0, 0, 4;
    %fork t_3, S_0x63a157d8ab30;
    %jmp t_2;
    .scope S_0x63a157d8ab30;
t_3 ;
    %pushi/vec4 0, 0, 32;
    %store/vec4 v0x63a157d8ad30_0, 0, 32;
T_11.0 ;
    %load/vec4 v0x63a157d8ad30_0;
    %cmpi/s 16, 0, 32;
    %jmp/0xz T_11.1, 5;
    %ix/getv/s 4, v0x63a157d8ad30_0;
    %load/vec4a v0x63a157d8cdf0, 4;
    %flag_set/vec4 11;
    %flag_get/vec4 11;
    %jmp/0 T_11.6, 11;
    %ix/getv/s 4, v0x63a157d8ad30_0;
    %load/vec4a v0x63a157d8ba60, 4;
    %load/vec4 v0x63a157d8b3f0_0;
    %cmp/e;
    %flag_get/vec4 4;
    %and;
T_11.6;
    %flag_set/vec4 10;
    %flag_get/vec4 10;
    %jmp/0 T_11.5, 10;
    %ix/getv/s 4, v0x63a157d8ad30_0;
    %load/vec4a v0x63a157d8bdb0, 4;
    %load/vec4 v0x63a157d8b4d0_0;
    %cmp/e;
    %flag_get/vec4 4;
    %and;
T_11.5;
    %flag_set/vec4 9;
    %flag_get/vec4 9;
    %jmp/0 T_11.4, 9;
    %ix/getv/s 4, v0x63a157d8ad30_0;
    %load/vec4a v0x63a157d8c100, 4;
    %load/vec4 v0x63a157d8b640_0;
    %cmp/e;
    %flag_get/vec4 4;
    %and;
T_11.4;
    %flag_set/vec4 8;
    %jmp/0xz  T_11.2, 8;
    %pushi/vec4 1, 0, 1;
    %store/vec4 v0x63a157d8b800_0, 0, 1;
    %load/vec4 v0x63a157d8ad30_0;
    %pad/s 4;
    %store/vec4 v0x63a157d8b8c0_0, 0, 4;
T_11.2 ;
    %load/vec4 v0x63a157d8ad30_0;
    %addi 1, 0, 32;
    %cast2;
    %store/vec4 v0x63a157d8ad30_0, 0, 32;
    %jmp T_11.0;
T_11.1 ;
    %end;
    .scope S_0x63a157d8a2c0;
t_2 %join;
    %jmp T_11;
    .thread T_11, $push;
    .scope S_0x63a157d8a2c0;
T_12 ;
    %wait E_0x63a157c84140;
    %load/vec4 v0x63a157d8cc50_0;
    %flag_set/vec4 8;
    %jmp/0xz  T_12.0, 8;
    %pushi/vec4 0, 0, 4;
    %assign/vec4 v0x63a157d8afd0_0, 0;
    %pushi/vec4 0, 0, 1;
    %assign/vec4 v0x63a157d8b090_0, 0;
    %pushi/vec4 0, 0, 1;
    %assign/vec4 v0x63a157d8c590_0, 0;
    %pushi/vec4 0, 0, 8;
    %assign/vec4 v0x63a157d8cab0_0, 0;
    %pushi/vec4 0, 0, 8;
    %assign/vec4 v0x63a157d8c810_0, 0;
    %pushi/vec4 0, 0, 8;
    %assign/vec4 v0x63a157d8c8f0_0, 0;
    %pushi/vec4 0, 0, 8;
    %assign/vec4 v0x63a157d8c730_0, 0;
    %pushi/vec4 0, 0, 8;
    %assign/vec4 v0x63a157d8c9d0_0, 0;
    %pushi/vec4 0, 0, 32;
    %assign/vec4 v0x63a157d8b150_0, 0;
    %pushi/vec4 0, 0, 32;
    %assign/vec4 v0x63a157d8c650_0, 0;
    %pushi/vec4 0, 0, 32;
    %assign/vec4 v0x63a157d8cd10_0, 0;
    %pushi/vec4 0, 0, 32;
    %assign/vec4 v0x63a157d8aef0_0, 0;
    %pushi/vec4 0, 0, 32;
    %store/vec4 v0x63a157d8b230_0, 0, 32;
T_12.2 ;
    %load/vec4 v0x63a157d8b230_0;
    %cmpi/s 16, 0, 32;
    %jmp/0xz T_12.3, 5;
    %pushi/vec4 0, 0, 1;
    %ix/getv/s 3, v0x63a157d8b230_0;
    %ix/load 4, 0, 0; Constant delay
    %assign/vec4/a/d v0x63a157d8cdf0, 0, 4;
    %pushi/vec4 0, 0, 8;
    %ix/getv/s 3, v0x63a157d8b230_0;
    %ix/load 4, 0, 0; Constant delay
    %assign/vec4/a/d v0x63a157d8c4d0, 0, 4;
    %pushi/vec4 0, 0, 8;
    %ix/getv/s 3, v0x63a157d8b230_0;
    %ix/load 4, 0, 0; Constant delay
    %assign/vec4/a/d v0x63a157d8ba60, 0, 4;
    %pushi/vec4 0, 0, 8;
    %ix/getv/s 3, v0x63a157d8b230_0;
    %ix/load 4, 0, 0; Constant delay
    %assign/vec4/a/d v0x63a157d8bdb0, 0, 4;
    %pushi/vec4 0, 0, 8;
    %ix/getv/s 3, v0x63a157d8b230_0;
    %ix/load 4, 0, 0; Constant delay
    %assign/vec4/a/d v0x63a157d8b9a0, 0, 4;
    %pushi/vec4 0, 0, 8;
    %ix/getv/s 3, v0x63a157d8b230_0;
    %ix/load 4, 0, 0; Constant delay
    %assign/vec4/a/d v0x63a157d8c100, 0, 4;
    %load/vec4 v0x63a157d8b230_0;
    %addi 1, 0, 32;
    %store/vec4 v0x63a157d8b230_0, 0, 32;
    %jmp T_12.2;
T_12.3 ;
    %jmp T_12.1;
T_12.0 ;
    %pushi/vec4 0, 0, 1;
    %assign/vec4 v0x63a157d8b090_0, 0;
    %pushi/vec4 0, 0, 1;
    %assign/vec4 v0x63a157d8c590_0, 0;
    %load/vec4 v0x63a157d8cb90_0;
    %flag_set/vec4 8;
    %jmp/0xz  T_12.4, 8;
    %load/vec4 v0x63a157d8b800_0;
    %flag_set/vec4 8;
    %jmp/0xz  T_12.6, 8;
    %pushi/vec4 1, 0, 1;
    %assign/vec4 v0x63a157d8b090_0, 0;
    %pushi/vec4 0, 0, 1;
    %assign/vec4 v0x63a157d8c590_0, 0;
    %load/vec4 v0x63a157d8b150_0;
    %addi 1, 0, 32;
    %assign/vec4 v0x63a157d8b150_0, 0;
    %load/vec4 v0x63a157d8b8c0_0;
    %pad/u 6;
    %ix/vec4 4;
    %load/vec4a v0x63a157d8c4d0, 4;
    %assign/vec4 v0x63a157d8cab0_0, 0;
    %load/vec4 v0x63a157d8b8c0_0;
    %pad/u 6;
    %ix/vec4 4;
    %load/vec4a v0x63a157d8ba60, 4;
    %assign/vec4 v0x63a157d8c810_0, 0;
    %load/vec4 v0x63a157d8b8c0_0;
    %pad/u 6;
    %ix/vec4 4;
    %load/vec4a v0x63a157d8bdb0, 4;
    %assign/vec4 v0x63a157d8c8f0_0, 0;
    %load/vec4 v0x63a157d8b8c0_0;
    %pad/u 6;
    %ix/vec4 4;
    %load/vec4a v0x63a157d8b9a0, 4;
    %assign/vec4 v0x63a157d8c730_0, 0;
    %load/vec4 v0x63a157d8b8c0_0;
    %pad/u 6;
    %ix/vec4 4;
    %load/vec4a v0x63a157d8c100, 4;
    %assign/vec4 v0x63a157d8c9d0_0, 0;
    %jmp T_12.7;
T_12.6 ;
    %pushi/vec4 0, 0, 1;
    %assign/vec4 v0x63a157d8b090_0, 0;
    %pushi/vec4 1, 0, 1;
    %assign/vec4 v0x63a157d8c590_0, 0;
    %load/vec4 v0x63a157d8c650_0;
    %addi 1, 0, 32;
    %assign/vec4 v0x63a157d8c650_0, 0;
    %load/vec4 v0x63a157d8cd10_0;
    %addi 1, 0, 32;
    %assign/vec4 v0x63a157d8cd10_0, 0;
    %load/vec4 v0x63a157d8b720_0;
    %load/vec4 v0x63a157d8afd0_0;
    %pad/u 6;
    %ix/vec4 3;
    %ix/load 4, 0, 0; Constant delay
    %assign/vec4/a/d v0x63a157d8c4d0, 0, 4;
    %load/vec4 v0x63a157d8b3f0_0;
    %load/vec4 v0x63a157d8afd0_0;
    %pad/u 6;
    %ix/vec4 3;
    %ix/load 4, 0, 0; Constant delay
    %assign/vec4/a/d v0x63a157d8ba60, 0, 4;
    %load/vec4 v0x63a157d8b4d0_0;
    %load/vec4 v0x63a157d8afd0_0;
    %pad/u 6;
    %ix/vec4 3;
    %ix/load 4, 0, 0; Constant delay
    %assign/vec4/a/d v0x63a157d8bdb0, 0, 4;
    %load/vec4 v0x63a157d8b310_0;
    %load/vec4 v0x63a157d8afd0_0;
    %pad/u 6;
    %ix/vec4 3;
    %ix/load 4, 0, 0; Constant delay
    %assign/vec4/a/d v0x63a157d8b9a0, 0, 4;
    %load/vec4 v0x63a157d8b640_0;
    %load/vec4 v0x63a157d8afd0_0;
    %pad/u 6;
    %ix/vec4 3;
    %ix/load 4, 0, 0; Constant delay
    %assign/vec4/a/d v0x63a157d8c100, 0, 4;
    %load/vec4 v0x63a157d8afd0_0;
    %pad/u 6;
    %ix/vec4 4;
    %load/vec4a v0x63a157d8cdf0, 4;
    %flag_set/vec4 8;
    %jmp/0xz  T_12.8, 8;
    %load/vec4 v0x63a157d8aef0_0;
    %addi 1, 0, 32;
    %assign/vec4 v0x63a157d8aef0_0, 0;
T_12.8 ;
    %pushi/vec4 1, 0, 1;
    %load/vec4 v0x63a157d8afd0_0;
    %pad/u 6;
    %ix/vec4 3;
    %ix/load 4, 0, 0; Constant delay
    %assign/vec4/a/d v0x63a157d8cdf0, 0, 4;
    %load/vec4 v0x63a157d8b720_0;
    %assign/vec4 v0x63a157d8cab0_0, 0;
    %load/vec4 v0x63a157d8b3f0_0;
    %assign/vec4 v0x63a157d8c810_0, 0;
    %load/vec4 v0x63a157d8b4d0_0;
    %assign/vec4 v0x63a157d8c8f0_0, 0;
    %load/vec4 v0x63a157d8b310_0;
    %assign/vec4 v0x63a157d8c730_0, 0;
    %load/vec4 v0x63a157d8b640_0;
    %assign/vec4 v0x63a157d8c9d0_0, 0;
    %load/vec4 v0x63a157d8afd0_0;
    %addi 1, 0, 4;
    %assign/vec4 v0x63a157d8afd0_0, 0;
T_12.7 ;
T_12.4 ;
T_12.1 ;
    %jmp T_12;
    .thread T_12;
    .scope S_0x63a157d81fe0;
T_13 ;
Ewait_6 .event/or E_0x63a157c86c40, E_0x0;
    %wait Ewait_6;
    %pushi/vec4 0, 0, 1;
    %store/vec4 v0x63a157d91ca0_0, 0, 1;
    %pushi/vec4 0, 0, 1;
    %store/vec4 v0x63a157d91d60_0, 0, 1;
    %pushi/vec4 0, 0, 8;
    %store/vec4 v0x63a157d91bc0_0, 0, 8;
    %pushi/vec4 0, 0, 8;
    %store/vec4 v0x63a157d91920_0, 0, 8;
    %pushi/vec4 0, 0, 8;
    %store/vec4 v0x63a157d91a00_0, 0, 8;
    %pushi/vec4 0, 0, 8;
    %store/vec4 v0x63a157d91840_0, 0, 8;
    %pushi/vec4 0, 0, 8;
    %store/vec4 v0x63a157d91ae0_0, 0, 8;
    %pushi/vec4 0, 0, 32;
    %store/vec4 v0x63a157d914b0_0, 0, 32;
    %pushi/vec4 0, 0, 32;
    %store/vec4 v0x63a157d91760_0, 0, 32;
    %pushi/vec4 0, 0, 32;
    %store/vec4 v0x63a157d91ec0_0, 0, 32;
    %pushi/vec4 0, 0, 32;
    %store/vec4 v0x63a157d913f0_0, 0, 32;
    %load/vec4 v0x63a157d911f0_0;
    %dup/vec4;
    %pushi/vec4 0, 0, 1;
    %cmp/u;
    %jmp/1 T_13.0, 6;
    %dup/vec4;
    %pushi/vec4 1, 0, 1;
    %cmp/u;
    %jmp/1 T_13.1, 6;
    %jmp T_13.3;
T_13.0 ;
    %load/vec4 v0x63a157d92040_0;
    %store/vec4 v0x63a157d91ca0_0, 0, 1;
    %load/vec4 v0x63a157d921a0_0;
    %store/vec4 v0x63a157d91d60_0, 0, 1;
    %load/vec4 v0x63a157d92a10_0;
    %store/vec4 v0x63a157d91bc0_0, 0, 8;
    %load/vec4 v0x63a157d925d0_0;
    %store/vec4 v0x63a157d91920_0, 0, 8;
    %load/vec4 v0x63a157d92690_0;
    %store/vec4 v0x63a157d91a00_0, 0, 8;
    %load/vec4 v0x63a157d92510_0;
    %store/vec4 v0x63a157d91840_0, 0, 8;
    %load/vec4 v0x63a157d928b0_0;
    %store/vec4 v0x63a157d91ae0_0, 0, 8;
    %load/vec4 v0x63a157d920e0_0;
    %store/vec4 v0x63a157d914b0_0, 0, 32;
    %load/vec4 v0x63a157d92240_0;
    %store/vec4 v0x63a157d91760_0, 0, 32;
    %load/vec4 v0x63a157d927f0_0;
    %store/vec4 v0x63a157d91ec0_0, 0, 32;
    %load/vec4 v0x63a157d91f80_0;
    %store/vec4 v0x63a157d913f0_0, 0, 32;
    %jmp T_13.3;
T_13.1 ;
    %load/vec4 v0x63a157d92b90_0;
    %store/vec4 v0x63a157d91ca0_0, 0, 1;
    %load/vec4 v0x63a157d92cf0_0;
    %store/vec4 v0x63a157d91d60_0, 0, 1;
    %load/vec4 v0x63a157d93350_0;
    %store/vec4 v0x63a157d91bc0_0, 0, 8;
    %load/vec4 v0x63a157d92f10_0;
    %store/vec4 v0x63a157d91920_0, 0, 8;
    %load/vec4 v0x63a157d92fd0_0;
    %store/vec4 v0x63a157d91a00_0, 0, 8;
    %load/vec4 v0x63a157d92e50_0;
    %store/vec4 v0x63a157d91840_0, 0, 8;
    %load/vec4 v0x63a157d931f0_0;
    %store/vec4 v0x63a157d91ae0_0, 0, 8;
    %load/vec4 v0x63a157d92c30_0;
    %store/vec4 v0x63a157d914b0_0, 0, 32;
    %load/vec4 v0x63a157d92d90_0;
    %store/vec4 v0x63a157d91760_0, 0, 32;
    %load/vec4 v0x63a157d93130_0;
    %store/vec4 v0x63a157d91ec0_0, 0, 32;
    %load/vec4 v0x63a157d92ad0_0;
    %store/vec4 v0x63a157d913f0_0, 0, 32;
    %jmp T_13.3;
T_13.3 ;
    %pop/vec4 1;
    %jmp T_13;
    .thread T_13, $push;
    .scope S_0x63a157d31670;
T_14 ;
    %delay 5000, 0;
    %load/vec4 v0x63a157d99a50_0;
    %inv;
    %store/vec4 v0x63a157d99a50_0, 0, 1;
    %jmp T_14;
    .thread T_14;
    .scope S_0x63a157d31670;
T_15 ;
    %vpi_call/w 3 244 "$dumpfile", "sim/v4/ifa_v4_yara_system_top.vcd" {0 0 0};
    %vpi_call/w 3 245 "$dumpvars", 32'sb00000000000000000000000000000000, S_0x63a157d31670 {0 0 0};
    %pushi/vec4 0, 0, 1;
    %store/vec4 v0x63a157d99a50_0, 0, 1;
    %pushi/vec4 1, 0, 1;
    %store/vec4 v0x63a157d9aee0_0, 0, 1;
    %pushi/vec4 0, 0, 1;
    %store/vec4 v0x63a157d999b0_0, 0, 1;
    %pushi/vec4 0, 0, 1;
    %store/vec4 v0x63a157d99ed0_0, 0, 1;
    %pushi/vec4 0, 0, 1;
    %store/vec4 v0x63a157d9af80_0, 0, 1;
    %pushi/vec4 0, 0, 1;
    %store/vec4 v0x63a157d9a910_0, 0, 1;
    %pushi/vec4 0, 0, 1;
    %store/vec4 v0x63a157d9aa00_0, 0, 1;
    %pushi/vec4 0, 0, 1;
    %store/vec4 v0x63a157d99fc0_0, 0, 1;
    %pushi/vec4 0, 0, 1;
    %store/vec4 v0x63a157d99cd0_0, 0, 1;
    %pushi/vec4 0, 0, 1;
    %store/vec4 v0x63a157d99de0_0, 0, 1;
    %pushi/vec4 0, 0, 8;
    %store/vec4 v0x63a157d9b680_0, 0, 8;
    %pushi/vec4 0, 0, 16;
    %store/vec4 v0x63a157d9b570_0, 0, 16;
    %pushi/vec4 0, 0, 8;
    %store/vec4 v0x63a157d9b130_0, 0, 8;
    %pushi/vec4 0, 0, 8;
    %store/vec4 v0x63a157d9b350_0, 0, 8;
    %pushi/vec4 0, 0, 8;
    %store/vec4 v0x63a157d9b240_0, 0, 8;
    %pushi/vec4 0, 0, 8;
    %store/vec4 v0x63a157d9b460_0, 0, 8;
    %pushi/vec4 0, 0, 1;
    %store/vec4 v0x63a157d9a230_0, 0, 1;
    %pushi/vec4 0, 0, 8;
    %store/vec4 v0x63a157d9a0b0_0, 0, 8;
    %pushi/vec4 0, 0, 8;
    %store/vec4 v0x63a157d9a170_0, 0, 8;
    %pushi/vec4 3, 0, 32;
T_15.0 %dup/vec4;
    %pushi/vec4 0, 0, 32;
    %cmp/s;
    %jmp/1xz T_15.1, 5;
    %jmp/1 T_15.1, 4;
    %pushi/vec4 1, 0, 32;
    %sub;
    %wait E_0x63a157c7f870;
    %jmp T_15.0;
T_15.1 ;
    %pop/vec4 1;
    %pushi/vec4 0, 0, 1;
    %store/vec4 v0x63a157d9aee0_0, 0, 1;
    %vpi_call/w 3 276 "$display", "============================================================" {0 0 0};
    %vpi_call/w 3 277 "$display", "IF\303\201 V4 INTEGRATED Y\303\200R\303\201 SYSTEM TEST" {0 0 0};
    %vpi_call/w 3 278 "$display", "============================================================" {0 0 0};
    %pushi/vec4 1, 0, 1;
    %store/vec4 v0x63a157d999b0_0, 0, 1;
    %alloc S_0x63a157d98140;
    %pushi/vec4 0, 0, 3;
    %store/vec4 v0x63a157d98300_0, 0, 3;
    %pushi/vec4 0, 0, 1;
    %store/vec4 v0x63a157d983e0_0, 0, 1;
    %fork TD_tb_ifa_v4_yara_system_top.manager_command, S_0x63a157d98140;
    %join;
    %free S_0x63a157d98140;
    %alloc S_0x63a157d98140;
    %pushi/vec4 1, 0, 3;
    %store/vec4 v0x63a157d98300_0, 0, 3;
    %pushi/vec4 0, 0, 1;
    %store/vec4 v0x63a157d983e0_0, 0, 1;
    %fork TD_tb_ifa_v4_yara_system_top.manager_command, S_0x63a157d98140;
    %join;
    %free S_0x63a157d98140;
    %alloc S_0x63a157d984a0;
    %pushi/vec4 18, 0, 8;
    %store/vec4 v0x63a157d98ac0_0, 0, 8;
    %pushi/vec4 41216, 0, 16;
    %store/vec4 v0x63a157d989e0_0, 0, 16;
    %pushi/vec4 13, 0, 8;
    %store/vec4 v0x63a157d98630_0, 0, 8;
    %pushi/vec4 6, 0, 8;
    %store/vec4 v0x63a157d98810_0, 0, 8;
    %pushi/vec4 32, 0, 8;
    %store/vec4 v0x63a157d98730_0, 0, 8;
    %pushi/vec4 5, 0, 8;
    %store/vec4 v0x63a157d98900_0, 0, 8;
    %fork TD_tb_ifa_v4_yara_system_top.write_active_context, S_0x63a157d984a0;
    %join;
    %free S_0x63a157d984a0;
    %alloc S_0x63a157c9d560;
    %pushi/vec4 13, 0, 8;
    %store/vec4 v0x63a157d97f80_0, 0, 8;
    %pushi/vec4 6, 0, 8;
    %store/vec4 v0x63a157d98060_0, 0, 8;
    %fork TD_tb_ifa_v4_yara_system_top.execute_relation, S_0x63a157c9d560;
    %join;
    %free S_0x63a157c9d560;
    %load/vec4 v0x63a157d9adf0_0;
    %cmpi/ne 1, 0, 1;
    %jmp/0xz  T_15.2, 6;
    %vpi_call/w 3 298 "$fatal", 32'sb00000000000000000000000000000001, "YARA 0 first access should MISS" {0 0 0};
T_15.2 ;
    %alloc S_0x63a157c9d560;
    %pushi/vec4 13, 0, 8;
    %store/vec4 v0x63a157d97f80_0, 0, 8;
    %pushi/vec4 6, 0, 8;
    %store/vec4 v0x63a157d98060_0, 0, 8;
    %fork TD_tb_ifa_v4_yara_system_top.execute_relation, S_0x63a157c9d560;
    %join;
    %free S_0x63a157c9d560;
    %load/vec4 v0x63a157d9aaf0_0;
    %cmpi/ne 1, 0, 1;
    %jmp/0xz  T_15.4, 6;
    %vpi_call/w 3 303 "$fatal", 32'sb00000000000000000000000000000001, "YARA 0 second access should HIT" {0 0 0};
T_15.4 ;
    %alloc S_0x63a157d98140;
    %pushi/vec4 0, 0, 3;
    %store/vec4 v0x63a157d98300_0, 0, 3;
    %pushi/vec4 1, 0, 1;
    %store/vec4 v0x63a157d983e0_0, 0, 1;
    %fork TD_tb_ifa_v4_yara_system_top.manager_command, S_0x63a157d98140;
    %join;
    %free S_0x63a157d98140;
    %alloc S_0x63a157d98140;
    %pushi/vec4 1, 0, 3;
    %store/vec4 v0x63a157d98300_0, 0, 3;
    %pushi/vec4 1, 0, 1;
    %store/vec4 v0x63a157d983e0_0, 0, 1;
    %fork TD_tb_ifa_v4_yara_system_top.manager_command, S_0x63a157d98140;
    %join;
    %free S_0x63a157d98140;
    %alloc S_0x63a157d984a0;
    %pushi/vec4 68, 0, 8;
    %store/vec4 v0x63a157d98ac0_0, 0, 8;
    %pushi/vec4 45568, 0, 16;
    %store/vec4 v0x63a157d989e0_0, 0, 16;
    %pushi/vec4 33, 0, 8;
    %store/vec4 v0x63a157d98630_0, 0, 8;
    %pushi/vec4 66, 0, 8;
    %store/vec4 v0x63a157d98810_0, 0, 8;
    %pushi/vec4 128, 0, 8;
    %store/vec4 v0x63a157d98730_0, 0, 8;
    %pushi/vec4 160, 0, 8;
    %store/vec4 v0x63a157d98900_0, 0, 8;
    %fork TD_tb_ifa_v4_yara_system_top.write_active_context, S_0x63a157d984a0;
    %join;
    %free S_0x63a157d984a0;
    %alloc S_0x63a157c9d560;
    %pushi/vec4 13, 0, 8;
    %store/vec4 v0x63a157d97f80_0, 0, 8;
    %pushi/vec4 6, 0, 8;
    %store/vec4 v0x63a157d98060_0, 0, 8;
    %fork TD_tb_ifa_v4_yara_system_top.execute_relation, S_0x63a157c9d560;
    %join;
    %free S_0x63a157c9d560;
    %load/vec4 v0x63a157d9adf0_0;
    %cmpi/ne 1, 0, 1;
    %jmp/0xz  T_15.6, 6;
    %vpi_call/w 3 322 "$fatal", 32'sb00000000000000000000000000000001, "YARA 1 incorrectly reused YARA 0 frame" {0 0 0};
T_15.6 ;
    %alloc S_0x63a157c9d560;
    %pushi/vec4 13, 0, 8;
    %store/vec4 v0x63a157d97f80_0, 0, 8;
    %pushi/vec4 6, 0, 8;
    %store/vec4 v0x63a157d98060_0, 0, 8;
    %fork TD_tb_ifa_v4_yara_system_top.execute_relation, S_0x63a157c9d560;
    %join;
    %free S_0x63a157c9d560;
    %load/vec4 v0x63a157d9aaf0_0;
    %cmpi/ne 1, 0, 1;
    %jmp/0xz  T_15.8, 6;
    %vpi_call/w 3 327 "$fatal", 32'sb00000000000000000000000000000001, "YARA 1 second access should HIT locally" {0 0 0};
T_15.8 ;
    %alloc S_0x63a157d98140;
    %pushi/vec4 1, 0, 3;
    %store/vec4 v0x63a157d98300_0, 0, 3;
    %pushi/vec4 0, 0, 1;
    %store/vec4 v0x63a157d983e0_0, 0, 1;
    %fork TD_tb_ifa_v4_yara_system_top.manager_command, S_0x63a157d98140;
    %join;
    %free S_0x63a157d98140;
    %load/vec4 v0x63a157d99420_0;
    %cmpi/ne 18, 0, 8;
    %jmp/1 T_15.16, 6;
    %flag_mov 8, 6;
    %load/vec4 v0x63a157d99200_0;
    %cmpi/ne 41216, 0, 16;
    %flag_or 6, 8;
T_15.16;
    %jmp/1 T_15.15, 6;
    %flag_mov 8, 6;
    %load/vec4 v0x63a157d98ba0_0;
    %cmpi/ne 13, 0, 8;
    %flag_or 6, 8;
T_15.15;
    %jmp/1 T_15.14, 6;
    %flag_mov 8, 6;
    %load/vec4 v0x63a157d98d90_0;
    %cmpi/ne 6, 0, 8;
    %flag_or 6, 8;
T_15.14;
    %jmp/1 T_15.13, 6;
    %flag_mov 8, 6;
    %load/vec4 v0x63a157d98c80_0;
    %cmpi/ne 32, 0, 8;
    %flag_or 6, 8;
T_15.13;
    %jmp/1 T_15.12, 6;
    %flag_mov 8, 6;
    %load/vec4 v0x63a157d98f90_0;
    %cmpi/ne 5, 0, 8;
    %flag_or 6, 8;
T_15.12;
    %jmp/0xz  T_15.10, 6;
    %vpi_call/w 3 340 "$fatal", 32'sb00000000000000000000000000000001, "YARA 0 context was not restored" {0 0 0};
T_15.10 ;
    %alloc S_0x63a157c9d560;
    %pushi/vec4 13, 0, 8;
    %store/vec4 v0x63a157d97f80_0, 0, 8;
    %pushi/vec4 6, 0, 8;
    %store/vec4 v0x63a157d98060_0, 0, 8;
    %fork TD_tb_ifa_v4_yara_system_top.execute_relation, S_0x63a157c9d560;
    %join;
    %free S_0x63a157c9d560;
    %load/vec4 v0x63a157d9aaf0_0;
    %cmpi/ne 1, 0, 1;
    %jmp/0xz  T_15.17, 6;
    %vpi_call/w 3 345 "$fatal", 32'sb00000000000000000000000000000001, "YARA 0 local RMU was not preserved" {0 0 0};
T_15.17 ;
    %alloc S_0x63a157d98140;
    %pushi/vec4 4, 0, 3;
    %store/vec4 v0x63a157d98300_0, 0, 3;
    %pushi/vec4 0, 0, 1;
    %store/vec4 v0x63a157d983e0_0, 0, 1;
    %fork TD_tb_ifa_v4_yara_system_top.manager_command, S_0x63a157d98140;
    %join;
    %free S_0x63a157d98140;
    %load/vec4 v0x63a157d9bba0_0;
    %parti/s 1, 0, 2;
    %cmpi/ne 0, 0, 1;
    %jmp/0xz  T_15.19, 6;
    %vpi_call/w 3 351 "$fatal", 32'sb00000000000000000000000000000001, "YARA 0 should be invalid after destroy" {0 0 0};
T_15.19 ;
    %alloc S_0x63a157d98140;
    %pushi/vec4 1, 0, 3;
    %store/vec4 v0x63a157d98300_0, 0, 3;
    %pushi/vec4 1, 0, 1;
    %store/vec4 v0x63a157d983e0_0, 0, 1;
    %fork TD_tb_ifa_v4_yara_system_top.manager_command, S_0x63a157d98140;
    %join;
    %free S_0x63a157d98140;
    %load/vec4 v0x63a157d99420_0;
    %cmpi/ne 68, 0, 8;
    %jmp/1 T_15.27, 6;
    %flag_mov 8, 6;
    %load/vec4 v0x63a157d99200_0;
    %cmpi/ne 45568, 0, 16;
    %flag_or 6, 8;
T_15.27;
    %jmp/1 T_15.26, 6;
    %flag_mov 8, 6;
    %load/vec4 v0x63a157d98ba0_0;
    %cmpi/ne 33, 0, 8;
    %flag_or 6, 8;
T_15.26;
    %jmp/1 T_15.25, 6;
    %flag_mov 8, 6;
    %load/vec4 v0x63a157d98d90_0;
    %cmpi/ne 66, 0, 8;
    %flag_or 6, 8;
T_15.25;
    %jmp/1 T_15.24, 6;
    %flag_mov 8, 6;
    %load/vec4 v0x63a157d98c80_0;
    %cmpi/ne 128, 0, 8;
    %flag_or 6, 8;
T_15.24;
    %jmp/1 T_15.23, 6;
    %flag_mov 8, 6;
    %load/vec4 v0x63a157d98f90_0;
    %cmpi/ne 160, 0, 8;
    %flag_or 6, 8;
T_15.23;
    %jmp/0xz  T_15.21, 6;
    %vpi_call/w 3 364 "$fatal", 32'sb00000000000000000000000000000001, "YARA 1 context was corrupted" {0 0 0};
T_15.21 ;
    %alloc S_0x63a157c9d560;
    %pushi/vec4 13, 0, 8;
    %store/vec4 v0x63a157d97f80_0, 0, 8;
    %pushi/vec4 6, 0, 8;
    %store/vec4 v0x63a157d98060_0, 0, 8;
    %fork TD_tb_ifa_v4_yara_system_top.execute_relation, S_0x63a157c9d560;
    %join;
    %free S_0x63a157c9d560;
    %load/vec4 v0x63a157d9aaf0_0;
    %cmpi/ne 1, 0, 1;
    %jmp/0xz  T_15.28, 6;
    %vpi_call/w 3 369 "$fatal", 32'sb00000000000000000000000000000001, "YARA 1 RMU was corrupted by YARA 0 destroy" {0 0 0};
T_15.28 ;
    %vpi_call/w 3 371 "$display", "\000" {0 0 0};
    %vpi_call/w 3 372 "$display", "FINAL STATE" {0 0 0};
    %vpi_call/w 3 373 "$display", "------------------------------------------------------------" {0 0 0};
    %vpi_call/w 3 374 "$display", "Valid rooms       = %b", v0x63a157d9bba0_0 {0 0 0};
    %vpi_call/w 3 375 "$display", "Running rooms     = %b", v0x63a157d9ba90_0 {0 0 0};
    %vpi_call/w 3 376 "$display", "Active YARA       = %0d", v0x63a157d99860_0 {0 0 0};
    %vpi_call/w 3 377 "$display", "Context PC        = %02h", v0x63a157d99420_0 {0 0 0};
    %vpi_call/w 3 378 "$display", "YARA 0 hits/miss  = %0d/%0d", v0x63a157d9b790_0, v0x63a157d9b850_0 {0 0 0};
    %vpi_call/w 3 380 "$display", "YARA 1 hits/miss  = %0d/%0d", v0x63a157d9b910_0, v0x63a157d9b9d0_0 {0 0 0};
    %vpi_call/w 3 383 "$display", "============================================================" {0 0 0};
    %vpi_call/w 3 384 "$display", "PASS: On\303\255l\341\272\271\314\200 manages room lifecycle and selection" {0 0 0};
    %vpi_call/w 3 385 "$display", "PASS: Y\303\200R\303\201 contexts switch and restore correctly" {0 0 0};
    %vpi_call/w 3 386 "$display", "PASS: Each Y\303\200R\303\201 retains an independent local RMU" {0 0 0};
    %vpi_call/w 3 387 "$display", "PASS: Destroying one room does not corrupt another" {0 0 0};
    %vpi_call/w 3 388 "$display", "============================================================" {0 0 0};
    %vpi_call/w 3 390 "$finish" {0 0 0};
    %end;
    .thread T_15;
# The file index is used to find the file name in the following table.
:file_names 12;
    "N/A";
    "<interactive>";
    "-";
    "tb/v4/tb_ifa_v4_yara_system_top.sv";
    "rtl/v4/ifa_v4_yara_system_top.sv";
    "rtl/v4/ifa_yara_context_bank.sv";
    "rtl/v4/ifa_yara_v4_core.sv";
    "rtl/v4/ifa_v4_end_to_end_core.sv";
    "rtl/v4/ifa_v4_core.sv";
    "rtl/v4/ifa_relation_memory_controller.sv";
    "rtl/v4/ifa_rpc_stub.sv";
    "rtl/v4/ifa_yara_manager.sv";
