#! /usr/bin/vvp
:ivl_version "12.0 (stable)";
:ivl_delay_selection "TYPICAL";
:vpi_time_precision - 12;
:vpi_module "/usr/lib/x86_64-linux-gnu/ivl/system.vpi";
:vpi_module "/usr/lib/x86_64-linux-gnu/ivl/vhdl_sys.vpi";
:vpi_module "/usr/lib/x86_64-linux-gnu/ivl/vhdl_textio.vpi";
:vpi_module "/usr/lib/x86_64-linux-gnu/ivl/v2005_math.vpi";
:vpi_module "/usr/lib/x86_64-linux-gnu/ivl/va_math.vpi";
:vpi_module "/usr/lib/x86_64-linux-gnu/ivl/v2009.vpi";
S_0x6428212de300 .scope package, "$unit" "$unit" 2 1;
 .timescale 0 0;
S_0x6428212ef520 .scope module, "tb_ifa_yara_isolation" "tb_ifa_yara_isolation" 3 3;
 .timescale -9 -12;
P_0x6428212d3330 .param/l "DEPTH" 1 3 6, +C4<00000000000000000000000000010000>;
P_0x6428212d3370 .param/l "WIDTH" 1 3 5, +C4<00000000000000000000000000001000>;
P_0x6428212d33b0 .param/l "YARA_COUNT" 1 3 7, +C4<00000000000000000000000000000010>;
v0x642821315cb0_0 .var "A", 7 0;
v0x642821315de0_0 .var "B", 7 0;
v0x642821315ef0_0 .var "active_yara", 0 0;
v0x642821315f90_0 .var "clear_yara", 1 0;
v0x642821316060_0 .var "clk", 0 0;
v0x642821316150_0 .net "evict_count", 31 0, v0x642821313970_0;  1 drivers
v0x6428213161f0_0 .net "hit_count", 31 0, v0x642821313a50_0;  1 drivers
v0x6428213162c0_0 .var "in_valid", 0 0;
v0x642821316390_0 .net "miss_count", 31 0, v0x642821313bf0_0;  1 drivers
v0x642821316460_0 .net "out_r0", 7 0, v0x642821313cd0_0;  1 drivers
v0x642821316530_0 .net "out_ra", 7 0, v0x642821313db0_0;  1 drivers
v0x642821316600_0 .net "out_rd", 7 0, v0x642821313fa0_0;  1 drivers
v0x6428213166d0_0 .net "out_t", 7 0, v0x642821314080_0;  1 drivers
v0x6428213167a0_0 .net "out_y", 7 0, v0x642821314160_0;  1 drivers
v0x642821316870_0 .net "rmu_hit", 0 0, v0x642821314320_0;  1 drivers
v0x642821316940_0 .net "rmu_miss", 0 0, v0x6428213143e0_0;  1 drivers
v0x642821316a10_0 .var "rst", 0 0;
v0x642821316ae0_0 .net "store_count", 31 0, v0x642821315110_0;  1 drivers
v0x642821316bb0_0 .net "yara0_hit_count", 31 0, v0x6428213151d0_0;  1 drivers
v0x642821316c80_0 .net "yara0_miss_count", 31 0, v0x6428213152b0_0;  1 drivers
v0x642821316d50_0 .net "yara1_hit_count", 31 0, v0x642821315390_0;  1 drivers
v0x642821316e20_0 .net "yara1_miss_count", 31 0, v0x642821315470_0;  1 drivers
E_0x642821286650 .event negedge, v0x6428212c65b0_0;
S_0x642821249490 .scope autotask, "clear_room" "clear_room" 3 101, 3 101 0, S_0x6428212ef520;
 .timescale -9 -12;
v0x6428212c6d80_0 .var "yara", 0 0;
TD_tb_ifa_yara_isolation.clear_room ;
    %wait E_0x642821286650;
    %pushi/vec4 0, 0, 2;
    %store/vec4 v0x642821315f90_0, 0, 2;
    %pushi/vec4 1, 0, 1;
    %ix/getv 4, v0x6428212c6d80_0;
    %store/vec4 v0x642821315f90_0, 4, 1;
    %wait E_0x642821286650;
    %pushi/vec4 0, 0, 2;
    %store/vec4 v0x642821315f90_0, 0, 2;
    %delay 1000, 0;
    %vpi_call/w 3 111 "$display", "CLEARED YARA %0d", v0x6428212c6d80_0 {0 0 0};
    %end;
S_0x64282130afb0 .scope module, "dut" "ifa_yara_v4_core" 3 43, 4 28 0, S_0x6428212ef520;
 .timescale 0 0;
    .port_info 0 /INPUT 1 "clk";
    .port_info 1 /INPUT 1 "rst";
    .port_info 2 /INPUT 1 "active_yara";
    .port_info 3 /INPUT 1 "in_valid";
    .port_info 4 /INPUT 8 "A";
    .port_info 5 /INPUT 8 "B";
    .port_info 6 /INPUT 2 "clear_yara";
    .port_info 7 /OUTPUT 1 "rmu_hit";
    .port_info 8 /OUTPUT 1 "rmu_miss";
    .port_info 9 /OUTPUT 8 "out_y";
    .port_info 10 /OUTPUT 8 "out_ra";
    .port_info 11 /OUTPUT 8 "out_rd";
    .port_info 12 /OUTPUT 8 "out_r0";
    .port_info 13 /OUTPUT 8 "out_t";
    .port_info 14 /OUTPUT 32 "hit_count";
    .port_info 15 /OUTPUT 32 "miss_count";
    .port_info 16 /OUTPUT 32 "store_count";
    .port_info 17 /OUTPUT 32 "evict_count";
    .port_info 18 /OUTPUT 32 "yara0_hit_count";
    .port_info 19 /OUTPUT 32 "yara0_miss_count";
    .port_info 20 /OUTPUT 32 "yara1_hit_count";
    .port_info 21 /OUTPUT 32 "yara1_miss_count";
P_0x64282130b1b0 .param/l "DEPTH" 0 4 30, +C4<00000000000000000000000000010000>;
P_0x64282130b1f0 .param/l "MAX_YARA" 0 4 36, +C4<00000000000000000000000000000010>;
P_0x64282130b230 .param/l "WIDTH" 0 4 29, +C4<00000000000000000000000000001000>;
P_0x64282130b270 .param/l "YARA_COUNT" 0 4 33, +C4<00000000000000000000000000000010>;
P_0x64282130b2b0 .param/l "YARA_W" 0 4 38, +C4<00000000000000000000000000000001>;
v0x642821313100_0 .net "A", 7 0, v0x642821315cb0_0;  1 drivers
v0x6428213131e0_0 .net "B", 7 0, v0x642821315de0_0;  1 drivers
v0x642821313280_0 .net "active_yara", 0 0, v0x642821315ef0_0;  1 drivers
v0x642821313320_0 .var "active_yara_valid", 0 0;
v0x6428213133e0_0 .net "candidate_r0", 7 0, v0x642821312a30_0;  1 drivers
v0x6428213134f0_0 .net "candidate_ra", 7 0, v0x642821312b50_0;  1 drivers
v0x6428213135b0_0 .net "candidate_rd", 7 0, v0x642821312c60_0;  1 drivers
v0x642821313670_0 .net "candidate_t", 7 0, v0x642821312dc0_0;  1 drivers
v0x642821313730_0 .net "candidate_y", 7 0, v0x642821312ed0_0;  1 drivers
v0x6428213137f0_0 .net "clear_yara", 1 0, v0x642821315f90_0;  1 drivers
v0x6428213138d0_0 .net "clk", 0 0, v0x642821316060_0;  1 drivers
v0x642821313970_0 .var "evict_count", 31 0;
v0x642821313a50_0 .var "hit_count", 31 0;
v0x642821313b30_0 .net "in_valid", 0 0, v0x6428213162c0_0;  1 drivers
v0x642821313bf0_0 .var "miss_count", 31 0;
v0x642821313cd0_0 .var "out_r0", 7 0;
v0x642821313db0_0 .var "out_ra", 7 0;
v0x642821313fa0_0 .var "out_rd", 7 0;
v0x642821314080_0 .var "out_t", 7 0;
v0x642821314160_0 .var "out_y", 7 0;
v0x642821314240_0 .var/i "request_index", 31 0;
v0x642821314320_0 .var "rmu_hit", 0 0;
v0x6428213143e0_0 .var "rmu_miss", 0 0;
v0x6428213144a0 .array "room_evict_count", 1 0;
v0x6428213144a0_0 .net v0x6428213144a0 0, 31 0, v0x6428212ddba0_0; 1 drivers
v0x6428213144a0_1 .net v0x6428213144a0 1, 31 0, v0x64282130fa50_0; 1 drivers
v0x642821314580_0 .net "room_hit", 1 0, L_0x642821317680;  1 drivers
v0x642821314620 .array "room_hit_count", 1 0;
v0x642821314620_0 .net v0x642821314620 0, 31 0, v0x64282130c790_0; 1 drivers
v0x642821314620_1 .net v0x642821314620 1, 31 0, v0x64282130fcc0_0; 1 drivers
v0x642821314700_0 .net "room_miss", 1 0, L_0x6428213177a0;  1 drivers
v0x6428213147a0 .array "room_miss_count", 1 0;
v0x6428213147a0_0 .net v0x6428213147a0 0, 31 0, v0x64282130db40_0; 1 drivers
v0x6428213147a0_1 .net v0x6428213147a0 1, 31 0, v0x642821310ff0_0; 1 drivers
v0x6428213148b0 .array "room_r0", 1 0;
v0x6428213148b0_0 .net v0x6428213148b0 0, 7 0, v0x64282130dc20_0; 1 drivers
v0x6428213148b0_1 .net v0x6428213148b0 1, 7 0, v0x6428213110d0_0; 1 drivers
v0x6428213149b0 .array "room_ra", 1 0;
v0x6428213149b0_0 .net v0x6428213149b0 0, 7 0, v0x64282130dd00_0; 1 drivers
v0x6428213149b0_1 .net v0x6428213149b0 1, 7 0, v0x6428213111b0_0; 1 drivers
v0x642821314ab0 .array "room_rd", 1 0;
v0x642821314ab0_0 .net v0x642821314ab0 0, 7 0, v0x64282130dde0_0; 1 drivers
v0x642821314ab0_1 .net v0x642821314ab0 1, 7 0, v0x642821311290_0; 1 drivers
v0x642821314bb0_0 .var "room_req_valid", 1 0;
v0x642821314c50_0 .net "room_reset", 1 0, L_0x642821317200;  1 drivers
v0x642821314d30 .array "room_store_count", 1 0;
v0x642821314d30_0 .net v0x642821314d30 0, 31 0, v0x64282130e200_0; 1 drivers
v0x642821314d30_1 .net v0x642821314d30 1, 31 0, v0x6428213116b0_0; 1 drivers
v0x642821314e70 .array "room_t", 1 0;
v0x642821314e70_0 .net v0x642821314e70 0, 7 0, v0x64282130dec0_0; 1 drivers
v0x642821314e70_1 .net v0x642821314e70 1, 7 0, v0x642821311370_0; 1 drivers
v0x642821314f70 .array "room_y", 1 0;
v0x642821314f70_0 .net v0x642821314f70 0, 7 0, v0x64282130dfa0_0; 1 drivers
v0x642821314f70_1 .net v0x642821314f70 1, 7 0, v0x642821311450_0; 1 drivers
v0x642821315070_0 .net "rst", 0 0, v0x642821316a10_0;  1 drivers
v0x642821315110_0 .var "store_count", 31 0;
v0x6428213151d0_0 .var "yara0_hit_count", 31 0;
v0x6428213152b0_0 .var "yara0_miss_count", 31 0;
v0x642821315390_0 .var "yara1_hit_count", 31 0;
v0x642821315470_0 .var "yara1_miss_count", 31 0;
E_0x642821286390/0 .event anyedge, v0x642821313320_0, v0x642821313280_0, v0x642821314580_0, v0x642821314700_0;
E_0x642821286390/1 .event anyedge, v0x64282130dfa0_0, v0x642821311450_0, v0x64282130dd00_0, v0x6428213111b0_0;
E_0x642821286390/2 .event anyedge, v0x64282130dde0_0, v0x642821311290_0, v0x64282130dc20_0, v0x6428213110d0_0;
E_0x642821286390/3 .event anyedge, v0x64282130dec0_0, v0x642821311370_0, v0x64282130c790_0, v0x64282130fcc0_0;
E_0x642821286390/4 .event anyedge, v0x64282130db40_0, v0x642821310ff0_0, v0x64282130e200_0, v0x6428213116b0_0;
E_0x642821286390/5 .event anyedge, v0x6428212ddba0_0, v0x64282130fa50_0;
E_0x642821286390 .event/or E_0x642821286390/0, E_0x642821286390/1, E_0x642821286390/2, E_0x642821286390/3, E_0x642821286390/4, E_0x642821286390/5;
E_0x64282128afb0 .event anyedge, v0x642821313b30_0, v0x642821313320_0, v0x642821313280_0;
E_0x64282128dab0 .event anyedge, v0x642821313280_0;
L_0x642821316ef0 .part v0x642821315f90_0, 0, 1;
L_0x642821317060 .part L_0x642821317200, 0, 1;
L_0x642821317100 .part v0x642821314bb0_0, 0, 1;
L_0x642821317200 .concat8 [ 1 1 0 0], L_0x6428212c6c60, L_0x6428212c71f0;
L_0x642821317370 .part v0x642821315f90_0, 1, 1;
L_0x6428213174b0 .part L_0x642821317200, 1, 1;
L_0x642821317590 .part v0x642821314bb0_0, 1, 1;
L_0x642821317680 .concat8 [ 1 1 0 0], v0x64282130c6d0_0, v0x64282130fc00_0;
L_0x6428213177a0 .concat8 [ 1 1 0 0], v0x64282130da80_0, v0x642821310f30_0;
S_0x64282130b840 .scope generate, "generate_local_rmu[0]" "generate_local_rmu[0]" 4 170, 4 170 0, S_0x64282130afb0;
 .timescale 0 0;
P_0x64282130ba60 .param/l "yara_index" 1 4 170, +C4<00>;
L_0x6428212c6c60 .functor OR 1, v0x642821316a10_0, L_0x642821316ef0, C4<0>, C4<0>;
v0x6428212c7350_0 .net *"_ivl_0", 0 0, L_0x642821316ef0;  1 drivers
v0x64282130e970_0 .net *"_ivl_1", 0 0, L_0x6428212c6c60;  1 drivers
S_0x64282130bb40 .scope module, "local_rmu" "ifa_relation_memory_controller" 4 182, 5 14 0, S_0x64282130b840;
 .timescale 0 0;
    .port_info 0 /INPUT 1 "clk";
    .port_info 1 /INPUT 1 "rst";
    .port_info 2 /INPUT 1 "req_valid";
    .port_info 3 /INPUT 8 "in_y";
    .port_info 4 /INPUT 8 "in_ra";
    .port_info 5 /INPUT 8 "in_rd";
    .port_info 6 /INPUT 8 "in_r0";
    .port_info 7 /INPUT 8 "in_t";
    .port_info 8 /OUTPUT 1 "hit";
    .port_info 9 /OUTPUT 1 "miss";
    .port_info 10 /OUTPUT 8 "out_y";
    .port_info 11 /OUTPUT 8 "out_ra";
    .port_info 12 /OUTPUT 8 "out_rd";
    .port_info 13 /OUTPUT 8 "out_r0";
    .port_info 14 /OUTPUT 8 "out_t";
    .port_info 15 /OUTPUT 32 "hit_count";
    .port_info 16 /OUTPUT 32 "miss_count";
    .port_info 17 /OUTPUT 32 "store_count";
    .port_info 18 /OUTPUT 32 "evict_count";
P_0x64282130bd20 .param/l "DEPTH" 0 5 16, +C4<00000000000000000000000000010000>;
P_0x64282130bd60 .param/l "INDEX_W" 1 5 44, +C4<00000000000000000000000000000100>;
P_0x64282130bda0 .param/l "WIDTH" 0 5 15, +C4<00000000000000000000000000001000>;
v0x6428212c65b0_0 .net "clk", 0 0, v0x642821316060_0;  alias, 1 drivers
v0x6428212ddba0_0 .var "evict_count", 31 0;
v0x64282124a330_0 .var "fifo_ptr", 3 0;
v0x64282130c6d0_0 .var "hit", 0 0;
v0x64282130c790_0 .var "hit_count", 31 0;
v0x64282130c8c0_0 .var/i "i", 31 0;
v0x64282130c9a0_0 .net "in_r0", 7 0, v0x642821312a30_0;  alias, 1 drivers
v0x64282130ca80_0 .net "in_ra", 7 0, v0x642821312b50_0;  alias, 1 drivers
v0x64282130cb60_0 .net "in_rd", 7 0, v0x642821312c60_0;  alias, 1 drivers
v0x64282130cc40_0 .net "in_t", 7 0, v0x642821312dc0_0;  alias, 1 drivers
v0x64282130cd20_0 .net "in_y", 7 0, v0x642821312ed0_0;  alias, 1 drivers
v0x64282130ce00_0 .var "lookup_hit", 0 0;
v0x64282130cec0_0 .var "lookup_index", 3 0;
v0x64282130cfa0 .array "mem_r0", 15 0, 7 0;
v0x64282130d060 .array "mem_ra", 15 0, 7 0;
v0x64282130d3b0 .array "mem_rd", 15 0, 7 0;
v0x64282130d700 .array "mem_t", 15 0, 7 0;
v0x64282130d9c0 .array "mem_y", 15 0, 7 0;
v0x64282130da80_0 .var "miss", 0 0;
v0x64282130db40_0 .var "miss_count", 31 0;
v0x64282130dc20_0 .var "out_r0", 7 0;
v0x64282130dd00_0 .var "out_ra", 7 0;
v0x64282130dde0_0 .var "out_rd", 7 0;
v0x64282130dec0_0 .var "out_t", 7 0;
v0x64282130dfa0_0 .var "out_y", 7 0;
v0x64282130e080_0 .net "req_valid", 0 0, L_0x642821317100;  1 drivers
v0x64282130e140_0 .net "rst", 0 0, L_0x642821317060;  1 drivers
v0x64282130e200_0 .var "store_count", 31 0;
v0x64282130e2e0 .array "valid", 15 0, 0 0;
E_0x64282126d740 .event posedge, v0x6428212c65b0_0;
v0x64282130e2e0_0 .array/port v0x64282130e2e0, 0;
v0x64282130e2e0_1 .array/port v0x64282130e2e0, 1;
v0x64282130e2e0_2 .array/port v0x64282130e2e0, 2;
v0x64282130e2e0_3 .array/port v0x64282130e2e0, 3;
E_0x6428212ef190/0 .event anyedge, v0x64282130e2e0_0, v0x64282130e2e0_1, v0x64282130e2e0_2, v0x64282130e2e0_3;
v0x64282130e2e0_4 .array/port v0x64282130e2e0, 4;
v0x64282130e2e0_5 .array/port v0x64282130e2e0, 5;
v0x64282130e2e0_6 .array/port v0x64282130e2e0, 6;
v0x64282130e2e0_7 .array/port v0x64282130e2e0, 7;
E_0x6428212ef190/1 .event anyedge, v0x64282130e2e0_4, v0x64282130e2e0_5, v0x64282130e2e0_6, v0x64282130e2e0_7;
v0x64282130e2e0_8 .array/port v0x64282130e2e0, 8;
v0x64282130e2e0_9 .array/port v0x64282130e2e0, 9;
v0x64282130e2e0_10 .array/port v0x64282130e2e0, 10;
v0x64282130e2e0_11 .array/port v0x64282130e2e0, 11;
E_0x6428212ef190/2 .event anyedge, v0x64282130e2e0_8, v0x64282130e2e0_9, v0x64282130e2e0_10, v0x64282130e2e0_11;
v0x64282130e2e0_12 .array/port v0x64282130e2e0, 12;
v0x64282130e2e0_13 .array/port v0x64282130e2e0, 13;
v0x64282130e2e0_14 .array/port v0x64282130e2e0, 14;
v0x64282130e2e0_15 .array/port v0x64282130e2e0, 15;
E_0x6428212ef190/3 .event anyedge, v0x64282130e2e0_12, v0x64282130e2e0_13, v0x64282130e2e0_14, v0x64282130e2e0_15;
v0x64282130d060_0 .array/port v0x64282130d060, 0;
v0x64282130d060_1 .array/port v0x64282130d060, 1;
v0x64282130d060_2 .array/port v0x64282130d060, 2;
v0x64282130d060_3 .array/port v0x64282130d060, 3;
E_0x6428212ef190/4 .event anyedge, v0x64282130d060_0, v0x64282130d060_1, v0x64282130d060_2, v0x64282130d060_3;
v0x64282130d060_4 .array/port v0x64282130d060, 4;
v0x64282130d060_5 .array/port v0x64282130d060, 5;
v0x64282130d060_6 .array/port v0x64282130d060, 6;
v0x64282130d060_7 .array/port v0x64282130d060, 7;
E_0x6428212ef190/5 .event anyedge, v0x64282130d060_4, v0x64282130d060_5, v0x64282130d060_6, v0x64282130d060_7;
v0x64282130d060_8 .array/port v0x64282130d060, 8;
v0x64282130d060_9 .array/port v0x64282130d060, 9;
v0x64282130d060_10 .array/port v0x64282130d060, 10;
v0x64282130d060_11 .array/port v0x64282130d060, 11;
E_0x6428212ef190/6 .event anyedge, v0x64282130d060_8, v0x64282130d060_9, v0x64282130d060_10, v0x64282130d060_11;
v0x64282130d060_12 .array/port v0x64282130d060, 12;
v0x64282130d060_13 .array/port v0x64282130d060, 13;
v0x64282130d060_14 .array/port v0x64282130d060, 14;
v0x64282130d060_15 .array/port v0x64282130d060, 15;
E_0x6428212ef190/7 .event anyedge, v0x64282130d060_12, v0x64282130d060_13, v0x64282130d060_14, v0x64282130d060_15;
v0x64282130d3b0_0 .array/port v0x64282130d3b0, 0;
v0x64282130d3b0_1 .array/port v0x64282130d3b0, 1;
v0x64282130d3b0_2 .array/port v0x64282130d3b0, 2;
E_0x6428212ef190/8 .event anyedge, v0x64282130ca80_0, v0x64282130d3b0_0, v0x64282130d3b0_1, v0x64282130d3b0_2;
v0x64282130d3b0_3 .array/port v0x64282130d3b0, 3;
v0x64282130d3b0_4 .array/port v0x64282130d3b0, 4;
v0x64282130d3b0_5 .array/port v0x64282130d3b0, 5;
v0x64282130d3b0_6 .array/port v0x64282130d3b0, 6;
E_0x6428212ef190/9 .event anyedge, v0x64282130d3b0_3, v0x64282130d3b0_4, v0x64282130d3b0_5, v0x64282130d3b0_6;
v0x64282130d3b0_7 .array/port v0x64282130d3b0, 7;
v0x64282130d3b0_8 .array/port v0x64282130d3b0, 8;
v0x64282130d3b0_9 .array/port v0x64282130d3b0, 9;
v0x64282130d3b0_10 .array/port v0x64282130d3b0, 10;
E_0x6428212ef190/10 .event anyedge, v0x64282130d3b0_7, v0x64282130d3b0_8, v0x64282130d3b0_9, v0x64282130d3b0_10;
v0x64282130d3b0_11 .array/port v0x64282130d3b0, 11;
v0x64282130d3b0_12 .array/port v0x64282130d3b0, 12;
v0x64282130d3b0_13 .array/port v0x64282130d3b0, 13;
v0x64282130d3b0_14 .array/port v0x64282130d3b0, 14;
E_0x6428212ef190/11 .event anyedge, v0x64282130d3b0_11, v0x64282130d3b0_12, v0x64282130d3b0_13, v0x64282130d3b0_14;
v0x64282130d3b0_15 .array/port v0x64282130d3b0, 15;
v0x64282130d700_0 .array/port v0x64282130d700, 0;
v0x64282130d700_1 .array/port v0x64282130d700, 1;
E_0x6428212ef190/12 .event anyedge, v0x64282130d3b0_15, v0x64282130cb60_0, v0x64282130d700_0, v0x64282130d700_1;
v0x64282130d700_2 .array/port v0x64282130d700, 2;
v0x64282130d700_3 .array/port v0x64282130d700, 3;
v0x64282130d700_4 .array/port v0x64282130d700, 4;
v0x64282130d700_5 .array/port v0x64282130d700, 5;
E_0x6428212ef190/13 .event anyedge, v0x64282130d700_2, v0x64282130d700_3, v0x64282130d700_4, v0x64282130d700_5;
v0x64282130d700_6 .array/port v0x64282130d700, 6;
v0x64282130d700_7 .array/port v0x64282130d700, 7;
v0x64282130d700_8 .array/port v0x64282130d700, 8;
v0x64282130d700_9 .array/port v0x64282130d700, 9;
E_0x6428212ef190/14 .event anyedge, v0x64282130d700_6, v0x64282130d700_7, v0x64282130d700_8, v0x64282130d700_9;
v0x64282130d700_10 .array/port v0x64282130d700, 10;
v0x64282130d700_11 .array/port v0x64282130d700, 11;
v0x64282130d700_12 .array/port v0x64282130d700, 12;
v0x64282130d700_13 .array/port v0x64282130d700, 13;
E_0x6428212ef190/15 .event anyedge, v0x64282130d700_10, v0x64282130d700_11, v0x64282130d700_12, v0x64282130d700_13;
v0x64282130d700_14 .array/port v0x64282130d700, 14;
v0x64282130d700_15 .array/port v0x64282130d700, 15;
E_0x6428212ef190/16 .event anyedge, v0x64282130d700_14, v0x64282130d700_15, v0x64282130cc40_0;
E_0x6428212ef190 .event/or E_0x6428212ef190/0, E_0x6428212ef190/1, E_0x6428212ef190/2, E_0x6428212ef190/3, E_0x6428212ef190/4, E_0x6428212ef190/5, E_0x6428212ef190/6, E_0x6428212ef190/7, E_0x6428212ef190/8, E_0x6428212ef190/9, E_0x6428212ef190/10, E_0x6428212ef190/11, E_0x6428212ef190/12, E_0x6428212ef190/13, E_0x6428212ef190/14, E_0x6428212ef190/15, E_0x6428212ef190/16;
S_0x64282130c3a0 .scope begin, "$ivl_for_loop0" "$ivl_for_loop0" 5 73, 5 73 0, S_0x64282130bb40;
 .timescale 0 0;
v0x6428212c6060_0 .var/2s "j", 31 0;
S_0x64282130ea50 .scope generate, "generate_local_rmu[1]" "generate_local_rmu[1]" 4 170, 4 170 0, S_0x64282130afb0;
 .timescale 0 0;
P_0x64282130ec20 .param/l "yara_index" 1 4 170, +C4<01>;
L_0x6428212c71f0 .functor OR 1, v0x642821316a10_0, L_0x642821317370, C4<0>, C4<0>;
v0x64282130f170_0 .net *"_ivl_0", 0 0, L_0x642821317370;  1 drivers
v0x642821311e20_0 .net *"_ivl_1", 0 0, L_0x6428212c71f0;  1 drivers
S_0x64282130ece0 .scope module, "local_rmu" "ifa_relation_memory_controller" 4 182, 5 14 0, S_0x64282130ea50;
 .timescale 0 0;
    .port_info 0 /INPUT 1 "clk";
    .port_info 1 /INPUT 1 "rst";
    .port_info 2 /INPUT 1 "req_valid";
    .port_info 3 /INPUT 8 "in_y";
    .port_info 4 /INPUT 8 "in_ra";
    .port_info 5 /INPUT 8 "in_rd";
    .port_info 6 /INPUT 8 "in_r0";
    .port_info 7 /INPUT 8 "in_t";
    .port_info 8 /OUTPUT 1 "hit";
    .port_info 9 /OUTPUT 1 "miss";
    .port_info 10 /OUTPUT 8 "out_y";
    .port_info 11 /OUTPUT 8 "out_ra";
    .port_info 12 /OUTPUT 8 "out_rd";
    .port_info 13 /OUTPUT 8 "out_r0";
    .port_info 14 /OUTPUT 8 "out_t";
    .port_info 15 /OUTPUT 32 "hit_count";
    .port_info 16 /OUTPUT 32 "miss_count";
    .port_info 17 /OUTPUT 32 "store_count";
    .port_info 18 /OUTPUT 32 "evict_count";
P_0x64282130eec0 .param/l "DEPTH" 0 5 16, +C4<00000000000000000000000000010000>;
P_0x64282130ef00 .param/l "INDEX_W" 1 5 44, +C4<00000000000000000000000000000100>;
P_0x64282130ef40 .param/l "WIDTH" 0 5 15, +C4<00000000000000000000000000001000>;
v0x64282130f960_0 .net "clk", 0 0, v0x642821316060_0;  alias, 1 drivers
v0x64282130fa50_0 .var "evict_count", 31 0;
v0x64282130fb10_0 .var "fifo_ptr", 3 0;
v0x64282130fc00_0 .var "hit", 0 0;
v0x64282130fcc0_0 .var "hit_count", 31 0;
v0x64282130fdf0_0 .var/i "i", 31 0;
v0x64282130fed0_0 .net "in_r0", 7 0, v0x642821312a30_0;  alias, 1 drivers
v0x64282130ff90_0 .net "in_ra", 7 0, v0x642821312b50_0;  alias, 1 drivers
v0x642821310060_0 .net "in_rd", 7 0, v0x642821312c60_0;  alias, 1 drivers
v0x642821310130_0 .net "in_t", 7 0, v0x642821312dc0_0;  alias, 1 drivers
v0x642821310200_0 .net "in_y", 7 0, v0x642821312ed0_0;  alias, 1 drivers
v0x6428213102d0_0 .var "lookup_hit", 0 0;
v0x642821310370_0 .var "lookup_index", 3 0;
v0x642821310450 .array "mem_r0", 15 0, 7 0;
v0x642821310510 .array "mem_ra", 15 0, 7 0;
v0x642821310860 .array "mem_rd", 15 0, 7 0;
v0x642821310bb0 .array "mem_t", 15 0, 7 0;
v0x642821310e70 .array "mem_y", 15 0, 7 0;
v0x642821310f30_0 .var "miss", 0 0;
v0x642821310ff0_0 .var "miss_count", 31 0;
v0x6428213110d0_0 .var "out_r0", 7 0;
v0x6428213111b0_0 .var "out_ra", 7 0;
v0x642821311290_0 .var "out_rd", 7 0;
v0x642821311370_0 .var "out_t", 7 0;
v0x642821311450_0 .var "out_y", 7 0;
v0x642821311530_0 .net "req_valid", 0 0, L_0x642821317590;  1 drivers
v0x6428213115f0_0 .net "rst", 0 0, L_0x6428213174b0;  1 drivers
v0x6428213116b0_0 .var "store_count", 31 0;
v0x642821311790 .array "valid", 15 0, 0 0;
v0x642821311790_0 .array/port v0x642821311790, 0;
v0x642821311790_1 .array/port v0x642821311790, 1;
v0x642821311790_2 .array/port v0x642821311790, 2;
v0x642821311790_3 .array/port v0x642821311790, 3;
E_0x64282130f3e0/0 .event anyedge, v0x642821311790_0, v0x642821311790_1, v0x642821311790_2, v0x642821311790_3;
v0x642821311790_4 .array/port v0x642821311790, 4;
v0x642821311790_5 .array/port v0x642821311790, 5;
v0x642821311790_6 .array/port v0x642821311790, 6;
v0x642821311790_7 .array/port v0x642821311790, 7;
E_0x64282130f3e0/1 .event anyedge, v0x642821311790_4, v0x642821311790_5, v0x642821311790_6, v0x642821311790_7;
v0x642821311790_8 .array/port v0x642821311790, 8;
v0x642821311790_9 .array/port v0x642821311790, 9;
v0x642821311790_10 .array/port v0x642821311790, 10;
v0x642821311790_11 .array/port v0x642821311790, 11;
E_0x64282130f3e0/2 .event anyedge, v0x642821311790_8, v0x642821311790_9, v0x642821311790_10, v0x642821311790_11;
v0x642821311790_12 .array/port v0x642821311790, 12;
v0x642821311790_13 .array/port v0x642821311790, 13;
v0x642821311790_14 .array/port v0x642821311790, 14;
v0x642821311790_15 .array/port v0x642821311790, 15;
E_0x64282130f3e0/3 .event anyedge, v0x642821311790_12, v0x642821311790_13, v0x642821311790_14, v0x642821311790_15;
v0x642821310510_0 .array/port v0x642821310510, 0;
v0x642821310510_1 .array/port v0x642821310510, 1;
v0x642821310510_2 .array/port v0x642821310510, 2;
v0x642821310510_3 .array/port v0x642821310510, 3;
E_0x64282130f3e0/4 .event anyedge, v0x642821310510_0, v0x642821310510_1, v0x642821310510_2, v0x642821310510_3;
v0x642821310510_4 .array/port v0x642821310510, 4;
v0x642821310510_5 .array/port v0x642821310510, 5;
v0x642821310510_6 .array/port v0x642821310510, 6;
v0x642821310510_7 .array/port v0x642821310510, 7;
E_0x64282130f3e0/5 .event anyedge, v0x642821310510_4, v0x642821310510_5, v0x642821310510_6, v0x642821310510_7;
v0x642821310510_8 .array/port v0x642821310510, 8;
v0x642821310510_9 .array/port v0x642821310510, 9;
v0x642821310510_10 .array/port v0x642821310510, 10;
v0x642821310510_11 .array/port v0x642821310510, 11;
E_0x64282130f3e0/6 .event anyedge, v0x642821310510_8, v0x642821310510_9, v0x642821310510_10, v0x642821310510_11;
v0x642821310510_12 .array/port v0x642821310510, 12;
v0x642821310510_13 .array/port v0x642821310510, 13;
v0x642821310510_14 .array/port v0x642821310510, 14;
v0x642821310510_15 .array/port v0x642821310510, 15;
E_0x64282130f3e0/7 .event anyedge, v0x642821310510_12, v0x642821310510_13, v0x642821310510_14, v0x642821310510_15;
v0x642821310860_0 .array/port v0x642821310860, 0;
v0x642821310860_1 .array/port v0x642821310860, 1;
v0x642821310860_2 .array/port v0x642821310860, 2;
E_0x64282130f3e0/8 .event anyedge, v0x64282130ca80_0, v0x642821310860_0, v0x642821310860_1, v0x642821310860_2;
v0x642821310860_3 .array/port v0x642821310860, 3;
v0x642821310860_4 .array/port v0x642821310860, 4;
v0x642821310860_5 .array/port v0x642821310860, 5;
v0x642821310860_6 .array/port v0x642821310860, 6;
E_0x64282130f3e0/9 .event anyedge, v0x642821310860_3, v0x642821310860_4, v0x642821310860_5, v0x642821310860_6;
v0x642821310860_7 .array/port v0x642821310860, 7;
v0x642821310860_8 .array/port v0x642821310860, 8;
v0x642821310860_9 .array/port v0x642821310860, 9;
v0x642821310860_10 .array/port v0x642821310860, 10;
E_0x64282130f3e0/10 .event anyedge, v0x642821310860_7, v0x642821310860_8, v0x642821310860_9, v0x642821310860_10;
v0x642821310860_11 .array/port v0x642821310860, 11;
v0x642821310860_12 .array/port v0x642821310860, 12;
v0x642821310860_13 .array/port v0x642821310860, 13;
v0x642821310860_14 .array/port v0x642821310860, 14;
E_0x64282130f3e0/11 .event anyedge, v0x642821310860_11, v0x642821310860_12, v0x642821310860_13, v0x642821310860_14;
v0x642821310860_15 .array/port v0x642821310860, 15;
v0x642821310bb0_0 .array/port v0x642821310bb0, 0;
v0x642821310bb0_1 .array/port v0x642821310bb0, 1;
E_0x64282130f3e0/12 .event anyedge, v0x642821310860_15, v0x64282130cb60_0, v0x642821310bb0_0, v0x642821310bb0_1;
v0x642821310bb0_2 .array/port v0x642821310bb0, 2;
v0x642821310bb0_3 .array/port v0x642821310bb0, 3;
v0x642821310bb0_4 .array/port v0x642821310bb0, 4;
v0x642821310bb0_5 .array/port v0x642821310bb0, 5;
E_0x64282130f3e0/13 .event anyedge, v0x642821310bb0_2, v0x642821310bb0_3, v0x642821310bb0_4, v0x642821310bb0_5;
v0x642821310bb0_6 .array/port v0x642821310bb0, 6;
v0x642821310bb0_7 .array/port v0x642821310bb0, 7;
v0x642821310bb0_8 .array/port v0x642821310bb0, 8;
v0x642821310bb0_9 .array/port v0x642821310bb0, 9;
E_0x64282130f3e0/14 .event anyedge, v0x642821310bb0_6, v0x642821310bb0_7, v0x642821310bb0_8, v0x642821310bb0_9;
v0x642821310bb0_10 .array/port v0x642821310bb0, 10;
v0x642821310bb0_11 .array/port v0x642821310bb0, 11;
v0x642821310bb0_12 .array/port v0x642821310bb0, 12;
v0x642821310bb0_13 .array/port v0x642821310bb0, 13;
E_0x64282130f3e0/15 .event anyedge, v0x642821310bb0_10, v0x642821310bb0_11, v0x642821310bb0_12, v0x642821310bb0_13;
v0x642821310bb0_14 .array/port v0x642821310bb0, 14;
v0x642821310bb0_15 .array/port v0x642821310bb0, 15;
E_0x64282130f3e0/16 .event anyedge, v0x642821310bb0_14, v0x642821310bb0_15, v0x64282130cc40_0;
E_0x64282130f3e0 .event/or E_0x64282130f3e0/0, E_0x64282130f3e0/1, E_0x64282130f3e0/2, E_0x64282130f3e0/3, E_0x64282130f3e0/4, E_0x64282130f3e0/5, E_0x64282130f3e0/6, E_0x64282130f3e0/7, E_0x64282130f3e0/8, E_0x64282130f3e0/9, E_0x64282130f3e0/10, E_0x64282130f3e0/11, E_0x64282130f3e0/12, E_0x64282130f3e0/13, E_0x64282130f3e0/14, E_0x64282130f3e0/15, E_0x64282130f3e0/16;
S_0x64282130f660 .scope begin, "$ivl_for_loop0" "$ivl_for_loop0" 5 73, 5 73 0, S_0x64282130ece0;
 .timescale 0 0;
v0x64282130f860_0 .var/2s "j", 31 0;
S_0x642821311f00 .scope generate, "generate_yara0_debug" "generate_yara0_debug" 4 256, 4 256 0, S_0x64282130afb0;
 .timescale 0 0;
E_0x6428213120c0 .event anyedge, v0x64282130c790_0, v0x64282130db40_0;
S_0x642821312120 .scope generate, "generate_yara1_debug" "generate_yara1_debug" 4 271, 4 271 0, S_0x64282130afb0;
 .timescale 0 0;
E_0x642821312300 .event anyedge, v0x64282130fcc0_0, v0x642821310ff0_0;
S_0x642821312380 .scope module, "shared_rpc" "ifa_rpc_stub" 4 104, 6 19 0, S_0x64282130afb0;
 .timescale 0 0;
    .port_info 0 /INPUT 8 "A";
    .port_info 1 /INPUT 8 "B";
    .port_info 2 /OUTPUT 8 "Y";
    .port_info 3 /OUTPUT 8 "RA";
    .port_info 4 /OUTPUT 8 "RD";
    .port_info 5 /OUTPUT 8 "R0";
    .port_info 6 /OUTPUT 8 "T";
P_0x6428213125b0 .param/l "WIDTH" 0 6 20, +C4<00000000000000000000000000001000>;
v0x642821312850_0 .net "A", 7 0, v0x642821315cb0_0;  alias, 1 drivers
v0x642821312950_0 .net "B", 7 0, v0x642821315de0_0;  alias, 1 drivers
v0x642821312a30_0 .var "R0", 7 0;
v0x642821312b50_0 .var "RA", 7 0;
v0x642821312c60_0 .var "RD", 7 0;
v0x642821312dc0_0 .var "T", 7 0;
v0x642821312ed0_0 .var "Y", 7 0;
E_0x6428213127d0 .event anyedge, v0x642821312850_0, v0x642821312950_0;
S_0x642821315810 .scope autotask, "execute_relation" "execute_relation" 3 77, 3 77 0, S_0x6428212ef520;
 .timescale -9 -12;
v0x642821315a20_0 .var "a", 7 0;
v0x642821315b00_0 .var "b", 7 0;
v0x642821315be0_0 .var "yara", 0 0;
TD_tb_ifa_yara_isolation.execute_relation ;
    %wait E_0x642821286650;
    %load/vec4 v0x642821315be0_0;
    %store/vec4 v0x642821315ef0_0, 0, 1;
    %load/vec4 v0x642821315a20_0;
    %store/vec4 v0x642821315cb0_0, 0, 8;
    %load/vec4 v0x642821315b00_0;
    %store/vec4 v0x642821315de0_0, 0, 8;
    %pushi/vec4 1, 0, 1;
    %store/vec4 v0x6428213162c0_0, 0, 1;
    %wait E_0x642821286650;
    %pushi/vec4 0, 0, 1;
    %store/vec4 v0x6428213162c0_0, 0, 1;
    %delay 1000, 0;
    %vpi_call/w 3 95 "$display", "YARA=%0d A=%02h B=%02h | hit=%0d miss=%0d | Y=%02h RA=%02h RD=%02h R0=%02h T=%02h", v0x642821315be0_0, v0x642821315a20_0, v0x642821315b00_0, v0x642821316870_0, v0x642821316940_0, v0x6428213167a0_0, v0x642821316530_0, v0x642821316600_0, v0x642821316460_0, v0x6428213166d0_0 {0 0 0};
    %end;
    .scope S_0x64282130bb40;
T_2 ;
Ewait_0 .event/or E_0x6428212ef190, E_0x0;
    %wait Ewait_0;
    %pushi/vec4 0, 0, 1;
    %store/vec4 v0x64282130ce00_0, 0, 1;
    %pushi/vec4 0, 0, 4;
    %store/vec4 v0x64282130cec0_0, 0, 4;
    %fork t_1, S_0x64282130c3a0;
    %jmp t_0;
    .scope S_0x64282130c3a0;
t_1 ;
    %pushi/vec4 0, 0, 32;
    %store/vec4 v0x6428212c6060_0, 0, 32;
T_2.0 ;
    %load/vec4 v0x6428212c6060_0;
    %cmpi/s 16, 0, 32;
    %jmp/0xz T_2.1, 5;
    %ix/getv/s 4, v0x6428212c6060_0;
    %load/vec4a v0x64282130e2e0, 4;
    %flag_set/vec4 11;
    %flag_get/vec4 11;
    %jmp/0 T_2.6, 11;
    %ix/getv/s 4, v0x6428212c6060_0;
    %load/vec4a v0x64282130d060, 4;
    %load/vec4 v0x64282130ca80_0;
    %cmp/e;
    %flag_get/vec4 4;
    %and;
T_2.6;
    %flag_set/vec4 10;
    %flag_get/vec4 10;
    %jmp/0 T_2.5, 10;
    %ix/getv/s 4, v0x6428212c6060_0;
    %load/vec4a v0x64282130d3b0, 4;
    %load/vec4 v0x64282130cb60_0;
    %cmp/e;
    %flag_get/vec4 4;
    %and;
T_2.5;
    %flag_set/vec4 9;
    %flag_get/vec4 9;
    %jmp/0 T_2.4, 9;
    %ix/getv/s 4, v0x6428212c6060_0;
    %load/vec4a v0x64282130d700, 4;
    %load/vec4 v0x64282130cc40_0;
    %cmp/e;
    %flag_get/vec4 4;
    %and;
T_2.4;
    %flag_set/vec4 8;
    %jmp/0xz  T_2.2, 8;
    %pushi/vec4 1, 0, 1;
    %store/vec4 v0x64282130ce00_0, 0, 1;
    %load/vec4 v0x6428212c6060_0;
    %pad/s 4;
    %store/vec4 v0x64282130cec0_0, 0, 4;
T_2.2 ;
    %load/vec4 v0x6428212c6060_0;
    %addi 1, 0, 32;
    %cast2;
    %store/vec4 v0x6428212c6060_0, 0, 32;
    %jmp T_2.0;
T_2.1 ;
    %end;
    .scope S_0x64282130bb40;
t_0 %join;
    %jmp T_2;
    .thread T_2, $push;
    .scope S_0x64282130bb40;
T_3 ;
    %wait E_0x64282126d740;
    %load/vec4 v0x64282130e140_0;
    %flag_set/vec4 8;
    %jmp/0xz  T_3.0, 8;
    %pushi/vec4 0, 0, 4;
    %assign/vec4 v0x64282124a330_0, 0;
    %pushi/vec4 0, 0, 1;
    %assign/vec4 v0x64282130c6d0_0, 0;
    %pushi/vec4 0, 0, 1;
    %assign/vec4 v0x64282130da80_0, 0;
    %pushi/vec4 0, 0, 8;
    %assign/vec4 v0x64282130dfa0_0, 0;
    %pushi/vec4 0, 0, 8;
    %assign/vec4 v0x64282130dd00_0, 0;
    %pushi/vec4 0, 0, 8;
    %assign/vec4 v0x64282130dde0_0, 0;
    %pushi/vec4 0, 0, 8;
    %assign/vec4 v0x64282130dc20_0, 0;
    %pushi/vec4 0, 0, 8;
    %assign/vec4 v0x64282130dec0_0, 0;
    %pushi/vec4 0, 0, 32;
    %assign/vec4 v0x64282130c790_0, 0;
    %pushi/vec4 0, 0, 32;
    %assign/vec4 v0x64282130db40_0, 0;
    %pushi/vec4 0, 0, 32;
    %assign/vec4 v0x64282130e200_0, 0;
    %pushi/vec4 0, 0, 32;
    %assign/vec4 v0x6428212ddba0_0, 0;
    %pushi/vec4 0, 0, 32;
    %store/vec4 v0x64282130c8c0_0, 0, 32;
T_3.2 ;
    %load/vec4 v0x64282130c8c0_0;
    %cmpi/s 16, 0, 32;
    %jmp/0xz T_3.3, 5;
    %pushi/vec4 0, 0, 1;
    %ix/getv/s 3, v0x64282130c8c0_0;
    %ix/load 4, 0, 0; Constant delay
    %assign/vec4/a/d v0x64282130e2e0, 0, 4;
    %pushi/vec4 0, 0, 8;
    %ix/getv/s 3, v0x64282130c8c0_0;
    %ix/load 4, 0, 0; Constant delay
    %assign/vec4/a/d v0x64282130d9c0, 0, 4;
    %pushi/vec4 0, 0, 8;
    %ix/getv/s 3, v0x64282130c8c0_0;
    %ix/load 4, 0, 0; Constant delay
    %assign/vec4/a/d v0x64282130d060, 0, 4;
    %pushi/vec4 0, 0, 8;
    %ix/getv/s 3, v0x64282130c8c0_0;
    %ix/load 4, 0, 0; Constant delay
    %assign/vec4/a/d v0x64282130d3b0, 0, 4;
    %pushi/vec4 0, 0, 8;
    %ix/getv/s 3, v0x64282130c8c0_0;
    %ix/load 4, 0, 0; Constant delay
    %assign/vec4/a/d v0x64282130cfa0, 0, 4;
    %pushi/vec4 0, 0, 8;
    %ix/getv/s 3, v0x64282130c8c0_0;
    %ix/load 4, 0, 0; Constant delay
    %assign/vec4/a/d v0x64282130d700, 0, 4;
    %load/vec4 v0x64282130c8c0_0;
    %addi 1, 0, 32;
    %store/vec4 v0x64282130c8c0_0, 0, 32;
    %jmp T_3.2;
T_3.3 ;
    %jmp T_3.1;
T_3.0 ;
    %pushi/vec4 0, 0, 1;
    %assign/vec4 v0x64282130c6d0_0, 0;
    %pushi/vec4 0, 0, 1;
    %assign/vec4 v0x64282130da80_0, 0;
    %load/vec4 v0x64282130e080_0;
    %flag_set/vec4 8;
    %jmp/0xz  T_3.4, 8;
    %load/vec4 v0x64282130ce00_0;
    %flag_set/vec4 8;
    %jmp/0xz  T_3.6, 8;
    %pushi/vec4 1, 0, 1;
    %assign/vec4 v0x64282130c6d0_0, 0;
    %pushi/vec4 0, 0, 1;
    %assign/vec4 v0x64282130da80_0, 0;
    %load/vec4 v0x64282130c790_0;
    %addi 1, 0, 32;
    %assign/vec4 v0x64282130c790_0, 0;
    %load/vec4 v0x64282130cec0_0;
    %pad/u 6;
    %ix/vec4 4;
    %load/vec4a v0x64282130d9c0, 4;
    %assign/vec4 v0x64282130dfa0_0, 0;
    %load/vec4 v0x64282130cec0_0;
    %pad/u 6;
    %ix/vec4 4;
    %load/vec4a v0x64282130d060, 4;
    %assign/vec4 v0x64282130dd00_0, 0;
    %load/vec4 v0x64282130cec0_0;
    %pad/u 6;
    %ix/vec4 4;
    %load/vec4a v0x64282130d3b0, 4;
    %assign/vec4 v0x64282130dde0_0, 0;
    %load/vec4 v0x64282130cec0_0;
    %pad/u 6;
    %ix/vec4 4;
    %load/vec4a v0x64282130cfa0, 4;
    %assign/vec4 v0x64282130dc20_0, 0;
    %load/vec4 v0x64282130cec0_0;
    %pad/u 6;
    %ix/vec4 4;
    %load/vec4a v0x64282130d700, 4;
    %assign/vec4 v0x64282130dec0_0, 0;
    %jmp T_3.7;
T_3.6 ;
    %pushi/vec4 0, 0, 1;
    %assign/vec4 v0x64282130c6d0_0, 0;
    %pushi/vec4 1, 0, 1;
    %assign/vec4 v0x64282130da80_0, 0;
    %load/vec4 v0x64282130db40_0;
    %addi 1, 0, 32;
    %assign/vec4 v0x64282130db40_0, 0;
    %load/vec4 v0x64282130e200_0;
    %addi 1, 0, 32;
    %assign/vec4 v0x64282130e200_0, 0;
    %load/vec4 v0x64282130cd20_0;
    %load/vec4 v0x64282124a330_0;
    %pad/u 6;
    %ix/vec4 3;
    %ix/load 4, 0, 0; Constant delay
    %assign/vec4/a/d v0x64282130d9c0, 0, 4;
    %load/vec4 v0x64282130ca80_0;
    %load/vec4 v0x64282124a330_0;
    %pad/u 6;
    %ix/vec4 3;
    %ix/load 4, 0, 0; Constant delay
    %assign/vec4/a/d v0x64282130d060, 0, 4;
    %load/vec4 v0x64282130cb60_0;
    %load/vec4 v0x64282124a330_0;
    %pad/u 6;
    %ix/vec4 3;
    %ix/load 4, 0, 0; Constant delay
    %assign/vec4/a/d v0x64282130d3b0, 0, 4;
    %load/vec4 v0x64282130c9a0_0;
    %load/vec4 v0x64282124a330_0;
    %pad/u 6;
    %ix/vec4 3;
    %ix/load 4, 0, 0; Constant delay
    %assign/vec4/a/d v0x64282130cfa0, 0, 4;
    %load/vec4 v0x64282130cc40_0;
    %load/vec4 v0x64282124a330_0;
    %pad/u 6;
    %ix/vec4 3;
    %ix/load 4, 0, 0; Constant delay
    %assign/vec4/a/d v0x64282130d700, 0, 4;
    %load/vec4 v0x64282124a330_0;
    %pad/u 6;
    %ix/vec4 4;
    %load/vec4a v0x64282130e2e0, 4;
    %flag_set/vec4 8;
    %jmp/0xz  T_3.8, 8;
    %load/vec4 v0x6428212ddba0_0;
    %addi 1, 0, 32;
    %assign/vec4 v0x6428212ddba0_0, 0;
T_3.8 ;
    %pushi/vec4 1, 0, 1;
    %load/vec4 v0x64282124a330_0;
    %pad/u 6;
    %ix/vec4 3;
    %ix/load 4, 0, 0; Constant delay
    %assign/vec4/a/d v0x64282130e2e0, 0, 4;
    %load/vec4 v0x64282130cd20_0;
    %assign/vec4 v0x64282130dfa0_0, 0;
    %load/vec4 v0x64282130ca80_0;
    %assign/vec4 v0x64282130dd00_0, 0;
    %load/vec4 v0x64282130cb60_0;
    %assign/vec4 v0x64282130dde0_0, 0;
    %load/vec4 v0x64282130c9a0_0;
    %assign/vec4 v0x64282130dc20_0, 0;
    %load/vec4 v0x64282130cc40_0;
    %assign/vec4 v0x64282130dec0_0, 0;
    %load/vec4 v0x64282124a330_0;
    %addi 1, 0, 4;
    %assign/vec4 v0x64282124a330_0, 0;
T_3.7 ;
T_3.4 ;
T_3.1 ;
    %jmp T_3;
    .thread T_3;
    .scope S_0x64282130ece0;
T_4 ;
Ewait_1 .event/or E_0x64282130f3e0, E_0x0;
    %wait Ewait_1;
    %pushi/vec4 0, 0, 1;
    %store/vec4 v0x6428213102d0_0, 0, 1;
    %pushi/vec4 0, 0, 4;
    %store/vec4 v0x642821310370_0, 0, 4;
    %fork t_3, S_0x64282130f660;
    %jmp t_2;
    .scope S_0x64282130f660;
t_3 ;
    %pushi/vec4 0, 0, 32;
    %store/vec4 v0x64282130f860_0, 0, 32;
T_4.0 ;
    %load/vec4 v0x64282130f860_0;
    %cmpi/s 16, 0, 32;
    %jmp/0xz T_4.1, 5;
    %ix/getv/s 4, v0x64282130f860_0;
    %load/vec4a v0x642821311790, 4;
    %flag_set/vec4 11;
    %flag_get/vec4 11;
    %jmp/0 T_4.6, 11;
    %ix/getv/s 4, v0x64282130f860_0;
    %load/vec4a v0x642821310510, 4;
    %load/vec4 v0x64282130ff90_0;
    %cmp/e;
    %flag_get/vec4 4;
    %and;
T_4.6;
    %flag_set/vec4 10;
    %flag_get/vec4 10;
    %jmp/0 T_4.5, 10;
    %ix/getv/s 4, v0x64282130f860_0;
    %load/vec4a v0x642821310860, 4;
    %load/vec4 v0x642821310060_0;
    %cmp/e;
    %flag_get/vec4 4;
    %and;
T_4.5;
    %flag_set/vec4 9;
    %flag_get/vec4 9;
    %jmp/0 T_4.4, 9;
    %ix/getv/s 4, v0x64282130f860_0;
    %load/vec4a v0x642821310bb0, 4;
    %load/vec4 v0x642821310130_0;
    %cmp/e;
    %flag_get/vec4 4;
    %and;
T_4.4;
    %flag_set/vec4 8;
    %jmp/0xz  T_4.2, 8;
    %pushi/vec4 1, 0, 1;
    %store/vec4 v0x6428213102d0_0, 0, 1;
    %load/vec4 v0x64282130f860_0;
    %pad/s 4;
    %store/vec4 v0x642821310370_0, 0, 4;
T_4.2 ;
    %load/vec4 v0x64282130f860_0;
    %addi 1, 0, 32;
    %cast2;
    %store/vec4 v0x64282130f860_0, 0, 32;
    %jmp T_4.0;
T_4.1 ;
    %end;
    .scope S_0x64282130ece0;
t_2 %join;
    %jmp T_4;
    .thread T_4, $push;
    .scope S_0x64282130ece0;
T_5 ;
    %wait E_0x64282126d740;
    %load/vec4 v0x6428213115f0_0;
    %flag_set/vec4 8;
    %jmp/0xz  T_5.0, 8;
    %pushi/vec4 0, 0, 4;
    %assign/vec4 v0x64282130fb10_0, 0;
    %pushi/vec4 0, 0, 1;
    %assign/vec4 v0x64282130fc00_0, 0;
    %pushi/vec4 0, 0, 1;
    %assign/vec4 v0x642821310f30_0, 0;
    %pushi/vec4 0, 0, 8;
    %assign/vec4 v0x642821311450_0, 0;
    %pushi/vec4 0, 0, 8;
    %assign/vec4 v0x6428213111b0_0, 0;
    %pushi/vec4 0, 0, 8;
    %assign/vec4 v0x642821311290_0, 0;
    %pushi/vec4 0, 0, 8;
    %assign/vec4 v0x6428213110d0_0, 0;
    %pushi/vec4 0, 0, 8;
    %assign/vec4 v0x642821311370_0, 0;
    %pushi/vec4 0, 0, 32;
    %assign/vec4 v0x64282130fcc0_0, 0;
    %pushi/vec4 0, 0, 32;
    %assign/vec4 v0x642821310ff0_0, 0;
    %pushi/vec4 0, 0, 32;
    %assign/vec4 v0x6428213116b0_0, 0;
    %pushi/vec4 0, 0, 32;
    %assign/vec4 v0x64282130fa50_0, 0;
    %pushi/vec4 0, 0, 32;
    %store/vec4 v0x64282130fdf0_0, 0, 32;
T_5.2 ;
    %load/vec4 v0x64282130fdf0_0;
    %cmpi/s 16, 0, 32;
    %jmp/0xz T_5.3, 5;
    %pushi/vec4 0, 0, 1;
    %ix/getv/s 3, v0x64282130fdf0_0;
    %ix/load 4, 0, 0; Constant delay
    %assign/vec4/a/d v0x642821311790, 0, 4;
    %pushi/vec4 0, 0, 8;
    %ix/getv/s 3, v0x64282130fdf0_0;
    %ix/load 4, 0, 0; Constant delay
    %assign/vec4/a/d v0x642821310e70, 0, 4;
    %pushi/vec4 0, 0, 8;
    %ix/getv/s 3, v0x64282130fdf0_0;
    %ix/load 4, 0, 0; Constant delay
    %assign/vec4/a/d v0x642821310510, 0, 4;
    %pushi/vec4 0, 0, 8;
    %ix/getv/s 3, v0x64282130fdf0_0;
    %ix/load 4, 0, 0; Constant delay
    %assign/vec4/a/d v0x642821310860, 0, 4;
    %pushi/vec4 0, 0, 8;
    %ix/getv/s 3, v0x64282130fdf0_0;
    %ix/load 4, 0, 0; Constant delay
    %assign/vec4/a/d v0x642821310450, 0, 4;
    %pushi/vec4 0, 0, 8;
    %ix/getv/s 3, v0x64282130fdf0_0;
    %ix/load 4, 0, 0; Constant delay
    %assign/vec4/a/d v0x642821310bb0, 0, 4;
    %load/vec4 v0x64282130fdf0_0;
    %addi 1, 0, 32;
    %store/vec4 v0x64282130fdf0_0, 0, 32;
    %jmp T_5.2;
T_5.3 ;
    %jmp T_5.1;
T_5.0 ;
    %pushi/vec4 0, 0, 1;
    %assign/vec4 v0x64282130fc00_0, 0;
    %pushi/vec4 0, 0, 1;
    %assign/vec4 v0x642821310f30_0, 0;
    %load/vec4 v0x642821311530_0;
    %flag_set/vec4 8;
    %jmp/0xz  T_5.4, 8;
    %load/vec4 v0x6428213102d0_0;
    %flag_set/vec4 8;
    %jmp/0xz  T_5.6, 8;
    %pushi/vec4 1, 0, 1;
    %assign/vec4 v0x64282130fc00_0, 0;
    %pushi/vec4 0, 0, 1;
    %assign/vec4 v0x642821310f30_0, 0;
    %load/vec4 v0x64282130fcc0_0;
    %addi 1, 0, 32;
    %assign/vec4 v0x64282130fcc0_0, 0;
    %load/vec4 v0x642821310370_0;
    %pad/u 6;
    %ix/vec4 4;
    %load/vec4a v0x642821310e70, 4;
    %assign/vec4 v0x642821311450_0, 0;
    %load/vec4 v0x642821310370_0;
    %pad/u 6;
    %ix/vec4 4;
    %load/vec4a v0x642821310510, 4;
    %assign/vec4 v0x6428213111b0_0, 0;
    %load/vec4 v0x642821310370_0;
    %pad/u 6;
    %ix/vec4 4;
    %load/vec4a v0x642821310860, 4;
    %assign/vec4 v0x642821311290_0, 0;
    %load/vec4 v0x642821310370_0;
    %pad/u 6;
    %ix/vec4 4;
    %load/vec4a v0x642821310450, 4;
    %assign/vec4 v0x6428213110d0_0, 0;
    %load/vec4 v0x642821310370_0;
    %pad/u 6;
    %ix/vec4 4;
    %load/vec4a v0x642821310bb0, 4;
    %assign/vec4 v0x642821311370_0, 0;
    %jmp T_5.7;
T_5.6 ;
    %pushi/vec4 0, 0, 1;
    %assign/vec4 v0x64282130fc00_0, 0;
    %pushi/vec4 1, 0, 1;
    %assign/vec4 v0x642821310f30_0, 0;
    %load/vec4 v0x642821310ff0_0;
    %addi 1, 0, 32;
    %assign/vec4 v0x642821310ff0_0, 0;
    %load/vec4 v0x6428213116b0_0;
    %addi 1, 0, 32;
    %assign/vec4 v0x6428213116b0_0, 0;
    %load/vec4 v0x642821310200_0;
    %load/vec4 v0x64282130fb10_0;
    %pad/u 6;
    %ix/vec4 3;
    %ix/load 4, 0, 0; Constant delay
    %assign/vec4/a/d v0x642821310e70, 0, 4;
    %load/vec4 v0x64282130ff90_0;
    %load/vec4 v0x64282130fb10_0;
    %pad/u 6;
    %ix/vec4 3;
    %ix/load 4, 0, 0; Constant delay
    %assign/vec4/a/d v0x642821310510, 0, 4;
    %load/vec4 v0x642821310060_0;
    %load/vec4 v0x64282130fb10_0;
    %pad/u 6;
    %ix/vec4 3;
    %ix/load 4, 0, 0; Constant delay
    %assign/vec4/a/d v0x642821310860, 0, 4;
    %load/vec4 v0x64282130fed0_0;
    %load/vec4 v0x64282130fb10_0;
    %pad/u 6;
    %ix/vec4 3;
    %ix/load 4, 0, 0; Constant delay
    %assign/vec4/a/d v0x642821310450, 0, 4;
    %load/vec4 v0x642821310130_0;
    %load/vec4 v0x64282130fb10_0;
    %pad/u 6;
    %ix/vec4 3;
    %ix/load 4, 0, 0; Constant delay
    %assign/vec4/a/d v0x642821310bb0, 0, 4;
    %load/vec4 v0x64282130fb10_0;
    %pad/u 6;
    %ix/vec4 4;
    %load/vec4a v0x642821311790, 4;
    %flag_set/vec4 8;
    %jmp/0xz  T_5.8, 8;
    %load/vec4 v0x64282130fa50_0;
    %addi 1, 0, 32;
    %assign/vec4 v0x64282130fa50_0, 0;
T_5.8 ;
    %pushi/vec4 1, 0, 1;
    %load/vec4 v0x64282130fb10_0;
    %pad/u 6;
    %ix/vec4 3;
    %ix/load 4, 0, 0; Constant delay
    %assign/vec4/a/d v0x642821311790, 0, 4;
    %load/vec4 v0x642821310200_0;
    %assign/vec4 v0x642821311450_0, 0;
    %load/vec4 v0x64282130ff90_0;
    %assign/vec4 v0x6428213111b0_0, 0;
    %load/vec4 v0x642821310060_0;
    %assign/vec4 v0x642821311290_0, 0;
    %load/vec4 v0x64282130fed0_0;
    %assign/vec4 v0x6428213110d0_0, 0;
    %load/vec4 v0x642821310130_0;
    %assign/vec4 v0x642821311370_0, 0;
    %load/vec4 v0x64282130fb10_0;
    %addi 1, 0, 4;
    %assign/vec4 v0x64282130fb10_0, 0;
T_5.7 ;
T_5.4 ;
T_5.1 ;
    %jmp T_5;
    .thread T_5;
    .scope S_0x642821311f00;
T_6 ;
Ewait_2 .event/or E_0x6428213120c0, E_0x0;
    %wait Ewait_2;
    %ix/load 4, 0, 0;
    %flag_set/imm 4, 0;
    %load/vec4a v0x642821314620, 4;
    %store/vec4 v0x6428213151d0_0, 0, 32;
    %ix/load 4, 0, 0;
    %flag_set/imm 4, 0;
    %load/vec4a v0x6428213147a0, 4;
    %store/vec4 v0x6428213152b0_0, 0, 32;
    %jmp T_6;
    .thread T_6, $push;
    .scope S_0x642821312120;
T_7 ;
Ewait_3 .event/or E_0x642821312300, E_0x0;
    %wait Ewait_3;
    %ix/load 4, 1, 0;
    %flag_set/imm 4, 0;
    %load/vec4a v0x642821314620, 4;
    %store/vec4 v0x642821315390_0, 0, 32;
    %ix/load 4, 1, 0;
    %flag_set/imm 4, 0;
    %load/vec4a v0x6428213147a0, 4;
    %store/vec4 v0x642821315470_0, 0, 32;
    %jmp T_7;
    .thread T_7, $push;
    .scope S_0x642821312380;
T_8 ;
Ewait_4 .event/or E_0x6428213127d0, E_0x0;
    %wait Ewait_4;
    %load/vec4 v0x642821312850_0;
    %load/vec4 v0x642821312950_0;
    %add;
    %store/vec4 v0x642821312ed0_0, 0, 8;
    %load/vec4 v0x642821312850_0;
    %load/vec4 v0x642821312950_0;
    %and;
    %store/vec4 v0x642821312b50_0, 0, 8;
    %load/vec4 v0x642821312850_0;
    %load/vec4 v0x642821312950_0;
    %xor;
    %store/vec4 v0x642821312c60_0, 0, 8;
    %load/vec4 v0x642821312850_0;
    %load/vec4 v0x642821312950_0;
    %or;
    %inv;
    %store/vec4 v0x642821312a30_0, 0, 8;
    %load/vec4 v0x642821312c60_0;
    %load/vec4 v0x642821312ed0_0;
    %xor;
    %store/vec4 v0x642821312dc0_0, 0, 8;
    %jmp T_8;
    .thread T_8, $push;
    .scope S_0x64282130afb0;
T_9 ;
Ewait_5 .event/or E_0x64282128dab0, E_0x0;
    %wait Ewait_5;
    %load/vec4 v0x642821313280_0;
    %pad/u 32;
    %cmpi/u 2, 0, 32;
    %flag_get/vec4 5;
    %store/vec4 v0x642821313320_0, 0, 1;
    %jmp T_9;
    .thread T_9, $push;
    .scope S_0x64282130afb0;
T_10 ;
Ewait_6 .event/or E_0x64282128afb0, E_0x0;
    %wait Ewait_6;
    %pushi/vec4 0, 0, 2;
    %store/vec4 v0x642821314bb0_0, 0, 2;
    %load/vec4 v0x642821313b30_0;
    %flag_set/vec4 9;
    %flag_get/vec4 9;
    %jmp/0 T_10.2, 9;
    %load/vec4 v0x642821313320_0;
    %and;
T_10.2;
    %flag_set/vec4 8;
    %jmp/0xz  T_10.0, 8;
    %pushi/vec4 0, 0, 32;
    %store/vec4 v0x642821314240_0, 0, 32;
T_10.3 ;
    %load/vec4 v0x642821314240_0;
    %cmpi/s 2, 0, 32;
    %jmp/0xz T_10.4, 5;
    %load/vec4 v0x642821313280_0;
    %pad/u 32;
    %load/vec4 v0x642821314240_0;
    %cmp/e;
    %jmp/0xz  T_10.5, 4;
    %pushi/vec4 1, 0, 1;
    %ix/getv/s 4, v0x642821314240_0;
    %store/vec4 v0x642821314bb0_0, 4, 1;
T_10.5 ;
    %load/vec4 v0x642821314240_0;
    %addi 1, 0, 32;
    %store/vec4 v0x642821314240_0, 0, 32;
    %jmp T_10.3;
T_10.4 ;
T_10.0 ;
    %jmp T_10;
    .thread T_10, $push;
    .scope S_0x64282130afb0;
T_11 ;
Ewait_7 .event/or E_0x642821286390, E_0x0;
    %wait Ewait_7;
    %pushi/vec4 0, 0, 1;
    %store/vec4 v0x642821314320_0, 0, 1;
    %pushi/vec4 0, 0, 1;
    %store/vec4 v0x6428213143e0_0, 0, 1;
    %pushi/vec4 0, 0, 8;
    %store/vec4 v0x642821314160_0, 0, 8;
    %pushi/vec4 0, 0, 8;
    %store/vec4 v0x642821313db0_0, 0, 8;
    %pushi/vec4 0, 0, 8;
    %store/vec4 v0x642821313fa0_0, 0, 8;
    %pushi/vec4 0, 0, 8;
    %store/vec4 v0x642821313cd0_0, 0, 8;
    %pushi/vec4 0, 0, 8;
    %store/vec4 v0x642821314080_0, 0, 8;
    %pushi/vec4 0, 0, 32;
    %store/vec4 v0x642821313a50_0, 0, 32;
    %pushi/vec4 0, 0, 32;
    %store/vec4 v0x642821313bf0_0, 0, 32;
    %pushi/vec4 0, 0, 32;
    %store/vec4 v0x642821315110_0, 0, 32;
    %pushi/vec4 0, 0, 32;
    %store/vec4 v0x642821313970_0, 0, 32;
    %load/vec4 v0x642821313320_0;
    %flag_set/vec4 8;
    %jmp/0xz  T_11.0, 8;
    %load/vec4 v0x642821314580_0;
    %load/vec4 v0x642821313280_0;
    %part/u 1;
    %store/vec4 v0x642821314320_0, 0, 1;
    %load/vec4 v0x642821314700_0;
    %load/vec4 v0x642821313280_0;
    %part/u 1;
    %store/vec4 v0x6428213143e0_0, 0, 1;
    %load/vec4 v0x642821313280_0;
    %pad/u 3;
    %ix/vec4 4;
    %load/vec4a v0x642821314f70, 4;
    %store/vec4 v0x642821314160_0, 0, 8;
    %load/vec4 v0x642821313280_0;
    %pad/u 3;
    %ix/vec4 4;
    %load/vec4a v0x6428213149b0, 4;
    %store/vec4 v0x642821313db0_0, 0, 8;
    %load/vec4 v0x642821313280_0;
    %pad/u 3;
    %ix/vec4 4;
    %load/vec4a v0x642821314ab0, 4;
    %store/vec4 v0x642821313fa0_0, 0, 8;
    %load/vec4 v0x642821313280_0;
    %pad/u 3;
    %ix/vec4 4;
    %load/vec4a v0x6428213148b0, 4;
    %store/vec4 v0x642821313cd0_0, 0, 8;
    %load/vec4 v0x642821313280_0;
    %pad/u 3;
    %ix/vec4 4;
    %load/vec4a v0x642821314e70, 4;
    %store/vec4 v0x642821314080_0, 0, 8;
    %load/vec4 v0x642821313280_0;
    %pad/u 3;
    %ix/vec4 4;
    %load/vec4a v0x642821314620, 4;
    %store/vec4 v0x642821313a50_0, 0, 32;
    %load/vec4 v0x642821313280_0;
    %pad/u 3;
    %ix/vec4 4;
    %load/vec4a v0x6428213147a0, 4;
    %store/vec4 v0x642821313bf0_0, 0, 32;
    %load/vec4 v0x642821313280_0;
    %pad/u 3;
    %ix/vec4 4;
    %load/vec4a v0x642821314d30, 4;
    %store/vec4 v0x642821315110_0, 0, 32;
    %load/vec4 v0x642821313280_0;
    %pad/u 3;
    %ix/vec4 4;
    %load/vec4a v0x6428213144a0, 4;
    %store/vec4 v0x642821313970_0, 0, 32;
T_11.0 ;
    %jmp T_11;
    .thread T_11, $push;
    .scope S_0x6428212ef520;
T_12 ;
    %delay 5000, 0;
    %load/vec4 v0x642821316060_0;
    %inv;
    %store/vec4 v0x642821316060_0, 0, 1;
    %jmp T_12;
    .thread T_12;
    .scope S_0x6428212ef520;
T_13 ;
    %vpi_call/w 3 116 "$dumpfile", "sim/v4/ifa_yara_isolation.vcd" {0 0 0};
    %vpi_call/w 3 117 "$dumpvars", 32'sb00000000000000000000000000000000, S_0x6428212ef520 {0 0 0};
    %pushi/vec4 0, 0, 1;
    %store/vec4 v0x642821316060_0, 0, 1;
    %pushi/vec4 1, 0, 1;
    %store/vec4 v0x642821316a10_0, 0, 1;
    %pushi/vec4 0, 0, 1;
    %store/vec4 v0x642821315ef0_0, 0, 1;
    %pushi/vec4 0, 0, 1;
    %store/vec4 v0x6428213162c0_0, 0, 1;
    %pushi/vec4 0, 0, 8;
    %store/vec4 v0x642821315cb0_0, 0, 8;
    %pushi/vec4 0, 0, 8;
    %store/vec4 v0x642821315de0_0, 0, 8;
    %pushi/vec4 0, 0, 2;
    %store/vec4 v0x642821315f90_0, 0, 2;
    %pushi/vec4 3, 0, 32;
T_13.0 %dup/vec4;
    %pushi/vec4 0, 0, 32;
    %cmp/s;
    %jmp/1xz T_13.1, 5;
    %jmp/1 T_13.1, 4;
    %pushi/vec4 1, 0, 32;
    %sub;
    %wait E_0x642821286650;
    %jmp T_13.0;
T_13.1 ;
    %pop/vec4 1;
    %pushi/vec4 0, 0, 1;
    %store/vec4 v0x642821316a10_0, 0, 1;
    %vpi_call/w 3 133 "$display", "============================================================" {0 0 0};
    %vpi_call/w 3 134 "$display", "IF\303\201 V4 Y\303\200R\303\201 ISOLATION TEST" {0 0 0};
    %vpi_call/w 3 135 "$display", "Isolation by local RMU namespace" {0 0 0};
    %vpi_call/w 3 136 "$display", "============================================================" {0 0 0};
    %alloc S_0x642821315810;
    %pushi/vec4 0, 0, 1;
    %store/vec4 v0x642821315be0_0, 0, 1;
    %pushi/vec4 13, 0, 8;
    %store/vec4 v0x642821315a20_0, 0, 8;
    %pushi/vec4 6, 0, 8;
    %store/vec4 v0x642821315b00_0, 0, 8;
    %fork TD_tb_ifa_yara_isolation.execute_relation, S_0x642821315810;
    %join;
    %free S_0x642821315810;
    %load/vec4 v0x642821316940_0;
    %cmpi/ne 1, 0, 1;
    %jmp/0xz  T_13.2, 6;
    %vpi_call/w 3 145 "$fatal", 32'sb00000000000000000000000000000001, "YARA 0 first access should MISS" {0 0 0};
T_13.2 ;
    %alloc S_0x642821315810;
    %pushi/vec4 0, 0, 1;
    %store/vec4 v0x642821315be0_0, 0, 1;
    %pushi/vec4 13, 0, 8;
    %store/vec4 v0x642821315a20_0, 0, 8;
    %pushi/vec4 6, 0, 8;
    %store/vec4 v0x642821315b00_0, 0, 8;
    %fork TD_tb_ifa_yara_isolation.execute_relation, S_0x642821315810;
    %join;
    %free S_0x642821315810;
    %load/vec4 v0x642821316870_0;
    %cmpi/ne 1, 0, 1;
    %jmp/0xz  T_13.4, 6;
    %vpi_call/w 3 150 "$fatal", 32'sb00000000000000000000000000000001, "YARA 0 second access should HIT" {0 0 0};
T_13.4 ;
    %alloc S_0x642821315810;
    %pushi/vec4 1, 0, 1;
    %store/vec4 v0x642821315be0_0, 0, 1;
    %pushi/vec4 13, 0, 8;
    %store/vec4 v0x642821315a20_0, 0, 8;
    %pushi/vec4 6, 0, 8;
    %store/vec4 v0x642821315b00_0, 0, 8;
    %fork TD_tb_ifa_yara_isolation.execute_relation, S_0x642821315810;
    %join;
    %free S_0x642821315810;
    %load/vec4 v0x642821316940_0;
    %cmpi/ne 1, 0, 1;
    %jmp/0xz  T_13.6, 6;
    %vpi_call/w 3 160 "$fatal", 32'sb00000000000000000000000000000001, "YARA 1 first access must MISS" {0 0 0};
T_13.6 ;
    %alloc S_0x642821315810;
    %pushi/vec4 1, 0, 1;
    %store/vec4 v0x642821315be0_0, 0, 1;
    %pushi/vec4 13, 0, 8;
    %store/vec4 v0x642821315a20_0, 0, 8;
    %pushi/vec4 6, 0, 8;
    %store/vec4 v0x642821315b00_0, 0, 8;
    %fork TD_tb_ifa_yara_isolation.execute_relation, S_0x642821315810;
    %join;
    %free S_0x642821315810;
    %load/vec4 v0x642821316870_0;
    %cmpi/ne 1, 0, 1;
    %jmp/0xz  T_13.8, 6;
    %vpi_call/w 3 165 "$fatal", 32'sb00000000000000000000000000000001, "YARA 1 second access should HIT" {0 0 0};
T_13.8 ;
    %alloc S_0x642821249490;
    %pushi/vec4 0, 0, 1;
    %store/vec4 v0x6428212c6d80_0, 0, 1;
    %fork TD_tb_ifa_yara_isolation.clear_room, S_0x642821249490;
    %join;
    %free S_0x642821249490;
    %alloc S_0x642821315810;
    %pushi/vec4 0, 0, 1;
    %store/vec4 v0x642821315be0_0, 0, 1;
    %pushi/vec4 13, 0, 8;
    %store/vec4 v0x642821315a20_0, 0, 8;
    %pushi/vec4 6, 0, 8;
    %store/vec4 v0x642821315b00_0, 0, 8;
    %fork TD_tb_ifa_yara_isolation.execute_relation, S_0x642821315810;
    %join;
    %free S_0x642821315810;
    %load/vec4 v0x642821316940_0;
    %cmpi/ne 1, 0, 1;
    %jmp/0xz  T_13.10, 6;
    %vpi_call/w 3 177 "$fatal", 32'sb00000000000000000000000000000001, "YARA 0 must MISS after local clear" {0 0 0};
T_13.10 ;
    %alloc S_0x642821315810;
    %pushi/vec4 1, 0, 1;
    %store/vec4 v0x642821315be0_0, 0, 1;
    %pushi/vec4 13, 0, 8;
    %store/vec4 v0x642821315a20_0, 0, 8;
    %pushi/vec4 6, 0, 8;
    %store/vec4 v0x642821315b00_0, 0, 8;
    %fork TD_tb_ifa_yara_isolation.execute_relation, S_0x642821315810;
    %join;
    %free S_0x642821315810;
    %load/vec4 v0x642821316870_0;
    %cmpi/ne 1, 0, 1;
    %jmp/0xz  T_13.12, 6;
    %vpi_call/w 3 183 "$fatal", 32'sb00000000000000000000000000000001, "YARA 1 was incorrectly affected by YARA 0 clear" {0 0 0};
T_13.12 ;
    %vpi_call/w 3 185 "$display", "\000" {0 0 0};
    %vpi_call/w 3 186 "$display", "FINAL LOCAL COUNTERS" {0 0 0};
    %vpi_call/w 3 187 "$display", "------------------------------------------------------------" {0 0 0};
    %vpi_call/w 3 188 "$display", "YARA 0: hits=%0d misses=%0d", v0x642821316bb0_0, v0x642821316c80_0 {0 0 0};
    %vpi_call/w 3 193 "$display", "YARA 1: hits=%0d misses=%0d", v0x642821316d50_0, v0x642821316e20_0 {0 0 0};
    %vpi_call/w 3 199 "$display", "============================================================" {0 0 0};
    %vpi_call/w 3 200 "$display", "PASS: Y\303\200R\303\201 RMU namespaces are isolated" {0 0 0};
    %vpi_call/w 3 201 "$display", "PASS: Same relation does not cross-hit between rooms" {0 0 0};
    %vpi_call/w 3 202 "$display", "PASS: Local clear does not affect another room" {0 0 0};
    %vpi_call/w 3 203 "$display", "============================================================" {0 0 0};
    %vpi_call/w 3 205 "$finish" {0 0 0};
    %end;
    .thread T_13;
# The file index is used to find the file name in the following table.
:file_names 7;
    "N/A";
    "<interactive>";
    "-";
    "tb/v4/tb_ifa_yara_isolation.sv";
    "rtl/v4/ifa_yara_v4_core.sv";
    "rtl/v4/ifa_relation_memory_controller.sv";
    "rtl/v4/ifa_rpc_stub.sv";
