#! /usr/bin/vvp
:ivl_version "12.0 (stable)";
:ivl_delay_selection "TYPICAL";
:vpi_time_precision - 12;
:vpi_module "/usr/lib/x86_64-linux-gnu/ivl/system.vpi";
:vpi_module "/usr/lib/x86_64-linux-gnu/ivl/vhdl_sys.vpi";
:vpi_module "/usr/lib/x86_64-linux-gnu/ivl/vhdl_textio.vpi";
:vpi_module "/usr/lib/x86_64-linux-gnu/ivl/v2005_math.vpi";
:vpi_module "/usr/lib/x86_64-linux-gnu/ivl/va_math.vpi";
:vpi_module "/usr/lib/x86_64-linux-gnu/ivl/v2009.vpi";
S_0x614125b7e340 .scope package, "$unit" "$unit" 2 1;
 .timescale 0 0;
S_0x614125b7b2d0 .scope module, "tb_ifa_v4_onile_delegation_top" "tb_ifa_v4_onile_delegation_top" 3 3;
 .timescale -9 -12;
v0x614125ba6b60_0 .var "A", 7 0;
v0x614125ba6c40_0 .var "B", 7 0;
v0x614125ba6d00_0 .var "active_yara", 0 0;
v0x614125ba6df0_0 .var "admin_destination_yara", 0 0;
v0x614125ba6ee0_0 .var "admin_source_yara", 0 0;
v0x614125ba7020_0 .net "allowed_share_count", 31 0, v0x614125b5e850_0;  1 drivers
v0x614125ba7110_0 .var "babalawo_mode", 0 0;
v0x614125ba7200_0 .var "captured_allowed", 0 0;
v0x614125ba72c0_0 .var "captured_denied", 0 0;
v0x614125ba7410_0 .var "captured_done", 0 0;
v0x614125ba74d0_0 .var "clk", 0 0;
v0x614125ba7570_0 .net "denied_share_count", 31 0, v0x614125b96bd0_0;  1 drivers
v0x614125ba7630_0 .net "explicit_permission", 0 0, v0x614125b96cb0_0;  1 drivers
v0x614125ba7720_0 .var "grant_valid", 0 0;
v0x614125ba7810_0 .var "in_valid", 0 0;
v0x614125ba7900_0 .net "out_r0", 7 0, v0x614125ba1480_0;  1 drivers
v0x614125ba7a10_0 .net "out_ra", 7 0, v0x614125ba1560_0;  1 drivers
v0x614125ba7b20_0 .net "out_rd", 7 0, v0x614125ba1640_0;  1 drivers
v0x614125ba7c30_0 .net "out_t", 7 0, v0x614125ba1720_0;  1 drivers
v0x614125ba7d40_0 .net "out_y", 7 0, v0x614125ba1800_0;  1 drivers
v0x614125ba7e50_0 .var "revoke_valid", 0 0;
v0x614125ba7f40_0 .net "rmu_hit", 0 0, v0x614125ba18e0_0;  1 drivers
v0x614125ba8030_0 .net "rmu_miss", 0 0, v0x614125ba19a0_0;  1 drivers
v0x614125ba8120_0 .var "rst", 0 0;
v0x614125ba81c0_0 .net "share_allowed", 0 0, v0x614125b97330_0;  1 drivers
v0x614125ba8260_0 .var "share_commit", 0 0;
v0x614125ba8350_0 .net "share_denied", 0 0, v0x614125b973f0_0;  1 drivers
v0x614125ba8440_0 .var "share_destination_yara", 0 0;
v0x614125ba84e0_0 .net "share_done", 0 0, L_0x614125ba9c80;  1 drivers
v0x614125ba85d0_0 .var "share_source_yara", 0 0;
v0x614125ba8670_0 .net "yara0_hits", 31 0, v0x614125b99f50_0;  1 drivers
v0x614125ba8730_0 .net "yara0_imports", 31 0, v0x614125b9a110_0;  1 drivers
v0x614125ba87f0_0 .net "yara0_misses", 31 0, v0x614125b9b4e0_0;  1 drivers
v0x614125ba8ac0_0 .net "yara1_hits", 31 0, v0x614125b9dae0_0;  1 drivers
v0x614125ba8b80_0 .net "yara1_imports", 31 0, v0x614125b9dca0_0;  1 drivers
v0x614125ba8c40_0 .net "yara1_misses", 31 0, v0x614125b9f1b0_0;  1 drivers
E_0x614125b06870 .event negedge, v0x614125b96ac0_0;
S_0x614125b7b460 .scope autotask, "administer_grant" "administer_grant" 3 125, 3 125 0, S_0x614125b7b2d0;
 .timescale -9 -12;
v0x614125b42da0_0 .var "dst", 0 0;
v0x614125b41300_0 .var "src", 0 0;
TD_tb_ifa_v4_onile_delegation_top.administer_grant ;
    %wait E_0x614125b06870;
    %load/vec4 v0x614125b41300_0;
    %store/vec4 v0x614125ba6ee0_0, 0, 1;
    %load/vec4 v0x614125b42da0_0;
    %store/vec4 v0x614125ba6df0_0, 0, 1;
    %pushi/vec4 1, 0, 1;
    %store/vec4 v0x614125ba7720_0, 0, 1;
    %wait E_0x614125b07df0;
    %delay 1000, 0;
    %wait E_0x614125b06870;
    %pushi/vec4 0, 0, 1;
    %store/vec4 v0x614125ba7720_0, 0, 1;
    %vpi_call/w 3 142 "$display", "ONILE GRANT %0d -> %0d permission=%0d", v0x614125b41300_0, v0x614125b42da0_0, v0x614125ba7630_0 {0 0 0};
    %end;
S_0x614125b95b90 .scope autotask, "administer_revoke" "administer_revoke" 3 147, 3 147 0, S_0x614125b7b2d0;
 .timescale -9 -12;
v0x614125b41850_0 .var "dst", 0 0;
v0x614125b41be0_0 .var "src", 0 0;
TD_tb_ifa_v4_onile_delegation_top.administer_revoke ;
    %wait E_0x614125b06870;
    %load/vec4 v0x614125b41be0_0;
    %store/vec4 v0x614125ba6ee0_0, 0, 1;
    %load/vec4 v0x614125b41850_0;
    %store/vec4 v0x614125ba6df0_0, 0, 1;
    %pushi/vec4 1, 0, 1;
    %store/vec4 v0x614125ba7e50_0, 0, 1;
    %wait E_0x614125b07df0;
    %delay 1000, 0;
    %wait E_0x614125b06870;
    %pushi/vec4 0, 0, 1;
    %store/vec4 v0x614125ba7e50_0, 0, 1;
    %vpi_call/w 3 164 "$display", "ONILE REVOKE %0d -> %0d", v0x614125b41be0_0, v0x614125b41850_0 {0 0 0};
    %end;
S_0x614125b95dd0 .scope module, "dut" "ifa_v4_onile_delegation_top" 3 53, 4 15 0, S_0x614125b7b2d0;
 .timescale 0 0;
    .port_info 0 /INPUT 1 "clk";
    .port_info 1 /INPUT 1 "rst";
    .port_info 2 /INPUT 1 "active_yara";
    .port_info 3 /INPUT 1 "in_valid";
    .port_info 4 /INPUT 8 "A";
    .port_info 5 /INPUT 8 "B";
    .port_info 6 /INPUT 1 "babalawo_mode";
    .port_info 7 /INPUT 1 "grant_valid";
    .port_info 8 /INPUT 1 "revoke_valid";
    .port_info 9 /INPUT 1 "admin_source_yara";
    .port_info 10 /INPUT 1 "admin_destination_yara";
    .port_info 11 /INPUT 1 "share_commit";
    .port_info 12 /INPUT 1 "share_source_yara";
    .port_info 13 /INPUT 1 "share_destination_yara";
    .port_info 14 /OUTPUT 1 "rmu_hit";
    .port_info 15 /OUTPUT 1 "rmu_miss";
    .port_info 16 /OUTPUT 8 "out_y";
    .port_info 17 /OUTPUT 8 "out_ra";
    .port_info 18 /OUTPUT 8 "out_rd";
    .port_info 19 /OUTPUT 8 "out_r0";
    .port_info 20 /OUTPUT 8 "out_t";
    .port_info 21 /OUTPUT 1 "share_allowed";
    .port_info 22 /OUTPUT 1 "share_denied";
    .port_info 23 /OUTPUT 1 "share_done";
    .port_info 24 /OUTPUT 1 "explicit_permission";
    .port_info 25 /OUTPUT 32 "allowed_share_count";
    .port_info 26 /OUTPUT 32 "denied_share_count";
    .port_info 27 /OUTPUT 32 "yara0_hits";
    .port_info 28 /OUTPUT 32 "yara0_misses";
    .port_info 29 /OUTPUT 32 "yara0_imports";
    .port_info 30 /OUTPUT 32 "yara1_hits";
    .port_info 31 /OUTPUT 32 "yara1_misses";
    .port_info 32 /OUTPUT 32 "yara1_imports";
P_0x614125b51b70 .param/l "DEPTH" 0 4 17, +C4<00000000000000000000000000010000>;
P_0x614125b51bb0 .param/l "WIDTH" 0 4 16, +C4<00000000000000000000000000001000>;
L_0x614125b42c80 .functor AND 1, v0x614125ba8260_0, v0x614125b97330_0, C4<1>, C4<1>;
v0x614125ba4350_0 .net "A", 7 0, v0x614125ba6b60_0;  1 drivers
v0x614125ba4480_0 .net "B", 7 0, v0x614125ba6c40_0;  1 drivers
v0x614125ba4590_0 .net "active_yara", 0 0, v0x614125ba6d00_0;  1 drivers
v0x614125ba4630_0 .net "admin_destination_yara", 0 0, v0x614125ba6df0_0;  1 drivers
v0x614125ba4700_0 .net "admin_source_yara", 0 0, v0x614125ba6ee0_0;  1 drivers
v0x614125ba47f0_0 .net "allowed_share_count", 31 0, v0x614125b5e850_0;  alias, 1 drivers
v0x614125ba48c0_0 .net "authorized_share_commit", 0 0, L_0x614125b42c80;  1 drivers
v0x614125ba4990_0 .net "babalawo_mode", 0 0, v0x614125ba7110_0;  1 drivers
v0x614125ba4a60_0 .net "clk", 0 0, v0x614125ba74d0_0;  1 drivers
v0x614125ba4b90_0 .net "denied_share_count", 31 0, v0x614125b96bd0_0;  alias, 1 drivers
v0x614125ba4c60_0 .net "explicit_permission", 0 0, v0x614125b96cb0_0;  alias, 1 drivers
v0x614125ba4d30_0 .net "grant_valid", 0 0, v0x614125ba7720_0;  1 drivers
v0x614125ba4e00_0 .net "in_valid", 0 0, v0x614125ba7810_0;  1 drivers
v0x614125ba4ed0_0 .net "internal_share_denied", 0 0, L_0x614125ba9b70;  1 drivers
v0x614125ba4fa0_0 .net "out_r0", 7 0, v0x614125ba1480_0;  alias, 1 drivers
v0x614125ba5070_0 .net "out_ra", 7 0, v0x614125ba1560_0;  alias, 1 drivers
v0x614125ba5140_0 .net "out_rd", 7 0, v0x614125ba1640_0;  alias, 1 drivers
v0x614125ba5210_0 .net "out_t", 7 0, v0x614125ba1720_0;  alias, 1 drivers
v0x614125ba52e0_0 .net "out_y", 7 0, v0x614125ba1800_0;  alias, 1 drivers
v0x614125ba53b0_0 .net "revoke_valid", 0 0, v0x614125ba7e50_0;  1 drivers
v0x614125ba5480_0 .net "rmu_hit", 0 0, v0x614125ba18e0_0;  alias, 1 drivers
v0x614125ba5550_0 .net "rmu_miss", 0 0, v0x614125ba19a0_0;  alias, 1 drivers
v0x614125ba5620_0 .net "rst", 0 0, v0x614125ba8120_0;  1 drivers
v0x614125ba56c0_0 .net "share_allowed", 0 0, v0x614125b97330_0;  alias, 1 drivers
v0x614125ba5760_0 .net "share_commit", 0 0, v0x614125ba8260_0;  1 drivers
v0x614125ba5800_0 .net "share_denied", 0 0, v0x614125b973f0_0;  alias, 1 drivers
v0x614125ba58d0_0 .net "share_destination_yara", 0 0, v0x614125ba8440_0;  1 drivers
v0x614125ba5970_0 .net "share_done", 0 0, L_0x614125ba9c80;  alias, 1 drivers
v0x614125ba5a10_0 .net "share_source_yara", 0 0, v0x614125ba85d0_0;  1 drivers
v0x614125ba5ab0_0 .net "yara0_hits", 31 0, v0x614125b99f50_0;  alias, 1 drivers
v0x614125ba5ba0_0 .net "yara0_imports", 31 0, v0x614125b9a110_0;  alias, 1 drivers
v0x614125ba5c90_0 .net "yara0_misses", 31 0, v0x614125b9b4e0_0;  alias, 1 drivers
v0x614125ba5d80_0 .net "yara1_hits", 31 0, v0x614125b9dae0_0;  alias, 1 drivers
v0x614125ba5e70_0 .net "yara1_imports", 31 0, v0x614125b9dca0_0;  alias, 1 drivers
v0x614125ba5f60_0 .net "yara1_misses", 31 0, v0x614125b9f1b0_0;  alias, 1 drivers
S_0x614125b96400 .scope module, "onile" "ifa_onile_supervisor" 4 80, 5 19 0, S_0x614125b95dd0;
 .timescale 0 0;
    .port_info 0 /INPUT 1 "clk";
    .port_info 1 /INPUT 1 "rst";
    .port_info 2 /INPUT 1 "babalawo_mode";
    .port_info 3 /INPUT 1 "grant_valid";
    .port_info 4 /INPUT 1 "revoke_valid";
    .port_info 5 /INPUT 1 "admin_source_yara";
    .port_info 6 /INPUT 1 "admin_destination_yara";
    .port_info 7 /INPUT 1 "share_request";
    .port_info 8 /INPUT 1 "request_source_yara";
    .port_info 9 /INPUT 1 "request_destination_yara";
    .port_info 10 /OUTPUT 1 "share_allowed";
    .port_info 11 /OUTPUT 1 "share_denied";
    .port_info 12 /OUTPUT 1 "explicit_permission";
    .port_info 13 /OUTPUT 32 "allowed_count";
    .port_info 14 /OUTPUT 32 "denied_count";
P_0x614125b96000 .param/l "YARA_COUNT" 0 5 20, +C4<00000000000000000000000000000010>;
P_0x614125b96040 .param/l "YARA_W" 0 5 21, +C4<00000000000000000000000000000001>;
v0x614125b45820_0 .net "admin_destination_yara", 0 0, v0x614125ba6df0_0;  alias, 1 drivers
v0x614125b6aca0_0 .net "admin_source_yara", 0 0, v0x614125ba6ee0_0;  alias, 1 drivers
v0x614125b5e850_0 .var "allowed_count", 31 0;
v0x614125b96a00_0 .net "babalawo_mode", 0 0, v0x614125ba7110_0;  alias, 1 drivers
v0x614125b96ac0_0 .net "clk", 0 0, v0x614125ba74d0_0;  alias, 1 drivers
v0x614125b96bd0_0 .var "denied_count", 31 0;
v0x614125b96cb0_0 .var "explicit_permission", 0 0;
v0x614125b96d70_0 .net "grant_valid", 0 0, v0x614125ba7720_0;  alias, 1 drivers
v0x614125b96e30_0 .var/i "i", 31 0;
v0x614125b96f10_0 .var/i "j", 31 0;
v0x614125b96ff0_0 .net "request_destination_yara", 0 0, v0x614125ba8440_0;  alias, 1 drivers
v0x614125b970d0_0 .net "request_source_yara", 0 0, v0x614125ba85d0_0;  alias, 1 drivers
v0x614125b971b0_0 .net "revoke_valid", 0 0, v0x614125ba7e50_0;  alias, 1 drivers
v0x614125b97270_0 .net "rst", 0 0, v0x614125ba8120_0;  alias, 1 drivers
v0x614125b97330_0 .var "share_allowed", 0 0;
v0x614125b973f0_0 .var "share_denied", 0 0;
v0x614125b974b0 .array "share_permission", 3 0, 0 0;
v0x614125b975d0_0 .net "share_request", 0 0, v0x614125ba8260_0;  alias, 1 drivers
v0x614125b974b0_0 .array/port v0x614125b974b0, 0;
v0x614125b974b0_1 .array/port v0x614125b974b0, 1;
E_0x614125b06b30/0 .event anyedge, v0x614125b970d0_0, v0x614125b96ff0_0, v0x614125b974b0_0, v0x614125b974b0_1;
v0x614125b974b0_2 .array/port v0x614125b974b0, 2;
v0x614125b974b0_3 .array/port v0x614125b974b0, 3;
E_0x614125b06b30/1 .event anyedge, v0x614125b974b0_2, v0x614125b974b0_3, v0x614125b975d0_0, v0x614125b96a00_0;
E_0x614125b06b30 .event/or E_0x614125b06b30/0, E_0x614125b06b30/1;
E_0x614125b07df0 .event posedge, v0x614125b96ac0_0;
S_0x614125b97870 .scope module, "rooms" "ifa_yara_frame_share_core" 4 115, 6 9 0, S_0x614125b95dd0;
 .timescale 0 0;
    .port_info 0 /INPUT 1 "clk";
    .port_info 1 /INPUT 1 "rst";
    .port_info 2 /INPUT 1 "active_yara";
    .port_info 3 /INPUT 1 "in_valid";
    .port_info 4 /INPUT 8 "A";
    .port_info 5 /INPUT 8 "B";
    .port_info 6 /INPUT 1 "share_commit";
    .port_info 7 /INPUT 1 "share_source_yara";
    .port_info 8 /INPUT 1 "share_destination_yara";
    .port_info 9 /INPUT 1 "share_authorized";
    .port_info 10 /OUTPUT 1 "rmu_hit";
    .port_info 11 /OUTPUT 1 "rmu_miss";
    .port_info 12 /OUTPUT 1 "share_done";
    .port_info 13 /OUTPUT 1 "share_denied";
    .port_info 14 /OUTPUT 8 "out_y";
    .port_info 15 /OUTPUT 8 "out_ra";
    .port_info 16 /OUTPUT 8 "out_rd";
    .port_info 17 /OUTPUT 8 "out_r0";
    .port_info 18 /OUTPUT 8 "out_t";
    .port_info 19 /OUTPUT 32 "yara0_hits";
    .port_info 20 /OUTPUT 32 "yara0_misses";
    .port_info 21 /OUTPUT 32 "yara0_imports";
    .port_info 22 /OUTPUT 32 "yara1_hits";
    .port_info 23 /OUTPUT 32 "yara1_misses";
    .port_info 24 /OUTPUT 32 "yara1_imports";
P_0x614125b96630 .param/l "DEPTH" 0 6 11, +C4<00000000000000000000000000010000>;
P_0x614125b96670 .param/l "WIDTH" 0 6 10, +C4<00000000000000000000000000001000>;
L_0x7ec20188d018 .functor BUFT 1, C4<0>, C4<0>, C4<0>, C4<0>;
L_0x614125abb2a0 .functor XNOR 1, v0x614125ba6d00_0, L_0x7ec20188d018, C4<0>, C4<0>;
L_0x614125b416f0 .functor AND 1, v0x614125ba7810_0, L_0x614125abb2a0, C4<1>, C4<1>;
L_0x7ec20188d060 .functor BUFT 1, C4<1>, C4<0>, C4<0>, C4<0>;
L_0x614125b41ac0 .functor XNOR 1, v0x614125ba6d00_0, L_0x7ec20188d060, C4<0>, C4<0>;
L_0x614125b45760 .functor AND 1, v0x614125ba7810_0, L_0x614125b41ac0, C4<1>, C4<1>;
L_0x614125b6ab00 .functor AND 1, L_0x614125b42c80, v0x614125b97330_0, C4<1>, C4<1>;
L_0x614125b5e6b0 .functor XOR 1, v0x614125ba85d0_0, v0x614125ba8440_0, C4<0>, C4<0>;
L_0x614125ba9100 .functor AND 1, L_0x614125b6ab00, L_0x614125b5e6b0, C4<1>, C4<1>;
L_0x7ec20188d0a8 .functor BUFT 1, C4<0>, C4<0>, C4<0>, C4<0>;
L_0x614125ba9170 .functor XNOR 1, v0x614125ba8440_0, L_0x7ec20188d0a8, C4<0>, C4<0>;
L_0x614125ba9280 .functor AND 1, L_0x614125ba9100, L_0x614125ba9170, C4<1>, C4<1>;
L_0x614125ba93e0 .functor AND 1, L_0x614125b42c80, v0x614125b97330_0, C4<1>, C4<1>;
L_0x614125ba9540 .functor XOR 1, v0x614125ba85d0_0, v0x614125ba8440_0, C4<0>, C4<0>;
L_0x614125ba95b0 .functor AND 1, L_0x614125ba93e0, L_0x614125ba9540, C4<1>, C4<1>;
L_0x7ec20188d0f0 .functor BUFT 1, C4<1>, C4<0>, C4<0>, C4<0>;
L_0x614125ba9690 .functor XNOR 1, v0x614125ba8440_0, L_0x7ec20188d0f0, C4<0>, C4<0>;
L_0x614125ba9750 .functor AND 1, L_0x614125ba95b0, L_0x614125ba9690, C4<1>, C4<1>;
L_0x614125ba9620 .functor XNOR 1, v0x614125ba85d0_0, v0x614125ba8440_0, C4<0>, C4<0>;
L_0x614125ba99d0 .functor OR 1, L_0x614125ba9930, L_0x614125ba9620, C4<0>, C4<0>;
L_0x614125ba9b70 .functor AND 1, L_0x614125b42c80, L_0x614125ba99d0, C4<1>, C4<1>;
L_0x614125ba9c80 .functor OR 1, v0x614125b9a1f0_0, v0x614125b9dd80_0, C4<0>, C4<0>;
v0x614125ba0300_0 .net "A", 7 0, v0x614125ba6b60_0;  alias, 1 drivers
v0x614125ba03e0_0 .net "B", 7 0, v0x614125ba6c40_0;  alias, 1 drivers
v0x614125ba0480_0 .net/2u *"_ivl_0", 0 0, L_0x7ec20188d018;  1 drivers
v0x614125ba0520_0 .net *"_ivl_13", 0 0, L_0x614125b6ab00;  1 drivers
v0x614125ba05e0_0 .net *"_ivl_14", 0 0, L_0x614125b5e6b0;  1 drivers
v0x614125ba06f0_0 .net *"_ivl_17", 0 0, L_0x614125ba9100;  1 drivers
v0x614125ba07b0_0 .net/2u *"_ivl_18", 0 0, L_0x7ec20188d0a8;  1 drivers
v0x614125ba0890_0 .net *"_ivl_2", 0 0, L_0x614125abb2a0;  1 drivers
v0x614125ba0950_0 .net *"_ivl_20", 0 0, L_0x614125ba9170;  1 drivers
v0x614125ba0aa0_0 .net *"_ivl_25", 0 0, L_0x614125ba93e0;  1 drivers
v0x614125ba0b60_0 .net *"_ivl_26", 0 0, L_0x614125ba9540;  1 drivers
v0x614125ba0c20_0 .net *"_ivl_29", 0 0, L_0x614125ba95b0;  1 drivers
v0x614125ba0ce0_0 .net/2u *"_ivl_30", 0 0, L_0x7ec20188d0f0;  1 drivers
v0x614125ba0dc0_0 .net *"_ivl_32", 0 0, L_0x614125ba9690;  1 drivers
v0x614125ba0e80_0 .net *"_ivl_37", 0 0, L_0x614125ba9930;  1 drivers
v0x614125ba0f40_0 .net *"_ivl_38", 0 0, L_0x614125ba9620;  1 drivers
v0x614125ba1000_0 .net *"_ivl_41", 0 0, L_0x614125ba99d0;  1 drivers
v0x614125ba10c0_0 .net/2u *"_ivl_6", 0 0, L_0x7ec20188d060;  1 drivers
v0x614125ba11a0_0 .net *"_ivl_8", 0 0, L_0x614125b41ac0;  1 drivers
v0x614125ba1260_0 .net "active_yara", 0 0, v0x614125ba6d00_0;  alias, 1 drivers
v0x614125ba1320_0 .net "clk", 0 0, v0x614125ba74d0_0;  alias, 1 drivers
v0x614125ba13c0_0 .net "in_valid", 0 0, v0x614125ba7810_0;  alias, 1 drivers
v0x614125ba1480_0 .var "out_r0", 7 0;
v0x614125ba1560_0 .var "out_ra", 7 0;
v0x614125ba1640_0 .var "out_rd", 7 0;
v0x614125ba1720_0 .var "out_t", 7 0;
v0x614125ba1800_0 .var "out_y", 7 0;
v0x614125ba18e0_0 .var "rmu_hit", 0 0;
v0x614125ba19a0_0 .var "rmu_miss", 0 0;
v0x614125ba1a60_0 .net "rpc_r0", 7 0, v0x614125b984d0_0;  1 drivers
v0x614125ba1b20_0 .net "rpc_ra", 7 0, v0x614125b985c0_0;  1 drivers
v0x614125ba1be0_0 .net "rpc_rd", 7 0, v0x614125b986a0_0;  1 drivers
v0x614125ba1ca0_0 .net "rpc_t", 7 0, v0x614125b987d0_0;  1 drivers
v0x614125ba1f70_0 .net "rpc_y", 7 0, v0x614125b988b0_0;  1 drivers
v0x614125ba2030_0 .net "rst", 0 0, v0x614125ba8120_0;  alias, 1 drivers
v0x614125ba20d0_0 .net "share_authorized", 0 0, v0x614125b97330_0;  alias, 1 drivers
v0x614125ba2170_0 .net "share_commit", 0 0, L_0x614125b42c80;  alias, 1 drivers
v0x614125ba2210_0 .net "share_denied", 0 0, L_0x614125ba9b70;  alias, 1 drivers
v0x614125ba22d0_0 .net "share_destination_yara", 0 0, v0x614125ba8440_0;  alias, 1 drivers
v0x614125ba2370_0 .net "share_done", 0 0, L_0x614125ba9c80;  alias, 1 drivers
v0x614125ba2410_0 .var "share_r0", 7 0;
v0x614125ba24d0_0 .var "share_ra", 7 0;
v0x614125ba25e0_0 .var "share_rd", 7 0;
v0x614125ba26f0_0 .net "share_source_yara", 0 0, v0x614125ba85d0_0;  alias, 1 drivers
v0x614125ba2790_0 .var "share_t", 7 0;
v0x614125ba2880_0 .var "share_y", 7 0;
v0x614125ba2990_0 .net "yara0_admin_import", 0 0, L_0x614125ba9280;  1 drivers
v0x614125ba2a30_0 .net "yara0_evicts", 31 0, v0x614125b99cf0_0;  1 drivers
v0x614125ba2ad0_0 .net "yara0_hit", 0 0, v0x614125b99e90_0;  1 drivers
v0x614125ba2b70_0 .net "yara0_hits", 31 0, v0x614125b99f50_0;  alias, 1 drivers
v0x614125ba2c10_0 .net "yara0_import_done", 0 0, v0x614125b9a1f0_0;  1 drivers
v0x614125ba2cb0_0 .net "yara0_imports", 31 0, v0x614125b9a110_0;  alias, 1 drivers
v0x614125ba2d50_0 .net "yara0_miss", 0 0, v0x614125b9b420_0;  1 drivers
v0x614125ba2df0_0 .net "yara0_misses", 31 0, v0x614125b9b4e0_0;  alias, 1 drivers
v0x614125ba2ec0_0 .net "yara0_r0", 7 0, v0x614125b9b5c0_0;  1 drivers
v0x614125ba2f90_0 .net "yara0_ra", 7 0, v0x614125b9b6a0_0;  1 drivers
v0x614125ba3060_0 .net "yara0_rd", 7 0, v0x614125b9b990_0;  1 drivers
v0x614125ba3130_0 .net "yara0_stores", 31 0, v0x614125b9bdc0_0;  1 drivers
v0x614125ba3200_0 .net "yara0_t", 7 0, v0x614125b9ba70_0;  1 drivers
v0x614125ba32d0_0 .net "yara0_valid", 0 0, L_0x614125b416f0;  1 drivers
v0x614125ba33a0_0 .net "yara0_y", 7 0, v0x614125b9bb50_0;  1 drivers
v0x614125ba3470_0 .net "yara1_admin_import", 0 0, L_0x614125ba9750;  1 drivers
v0x614125ba3540_0 .net "yara1_evicts", 31 0, v0x614125b9d880_0;  1 drivers
v0x614125ba3610_0 .net "yara1_hit", 0 0, v0x614125b9da20_0;  1 drivers
v0x614125ba36e0_0 .net "yara1_hits", 31 0, v0x614125b9dae0_0;  alias, 1 drivers
v0x614125ba37b0_0 .net "yara1_import_done", 0 0, v0x614125b9dd80_0;  1 drivers
v0x614125ba3880_0 .net "yara1_imports", 31 0, v0x614125b9dca0_0;  alias, 1 drivers
v0x614125ba3950_0 .net "yara1_miss", 0 0, v0x614125b9f0f0_0;  1 drivers
v0x614125ba3a20_0 .net "yara1_misses", 31 0, v0x614125b9f1b0_0;  alias, 1 drivers
v0x614125ba3af0_0 .net "yara1_r0", 7 0, v0x614125b9f290_0;  1 drivers
v0x614125ba3bc0_0 .net "yara1_ra", 7 0, v0x614125b9f370_0;  1 drivers
v0x614125ba3c90_0 .net "yara1_rd", 7 0, v0x614125b9f660_0;  1 drivers
v0x614125ba3d60_0 .net "yara1_stores", 31 0, v0x614125b9fab0_0;  1 drivers
v0x614125ba3e30_0 .net "yara1_t", 7 0, v0x614125b9f740_0;  1 drivers
v0x614125ba3f00_0 .net "yara1_valid", 0 0, L_0x614125b45760;  1 drivers
v0x614125ba3fd0_0 .net "yara1_y", 7 0, v0x614125b9f820_0;  1 drivers
E_0x614125b05a80/0 .event anyedge, v0x614125ba1260_0, v0x614125b99e90_0, v0x614125b9b420_0, v0x614125b9bb50_0;
E_0x614125b05a80/1 .event anyedge, v0x614125b9b6a0_0, v0x614125b9b990_0, v0x614125b9b5c0_0, v0x614125b9ba70_0;
E_0x614125b05a80/2 .event anyedge, v0x614125b9da20_0, v0x614125b9f0f0_0, v0x614125b9f820_0, v0x614125b9f370_0;
E_0x614125b05a80/3 .event anyedge, v0x614125b9f660_0, v0x614125b9f290_0, v0x614125b9f740_0;
E_0x614125b05a80 .event/or E_0x614125b05a80/0, E_0x614125b05a80/1, E_0x614125b05a80/2, E_0x614125b05a80/3;
E_0x614125ab7c10/0 .event anyedge, v0x614125b970d0_0, v0x614125b9bb50_0, v0x614125b9b6a0_0, v0x614125b9b990_0;
E_0x614125ab7c10/1 .event anyedge, v0x614125b9b5c0_0, v0x614125b9ba70_0, v0x614125b9f820_0, v0x614125b9f370_0;
E_0x614125ab7c10/2 .event anyedge, v0x614125b9f660_0, v0x614125b9f290_0, v0x614125b9f740_0;
E_0x614125ab7c10 .event/or E_0x614125ab7c10/0, E_0x614125ab7c10/1, E_0x614125ab7c10/2;
L_0x614125ba9930 .reduce/nor v0x614125b97330_0;
S_0x614125b97ef0 .scope module, "rpc" "ifa_rpc_stub" 6 57, 7 19 0, S_0x614125b97870;
 .timescale 0 0;
    .port_info 0 /INPUT 8 "A";
    .port_info 1 /INPUT 8 "B";
    .port_info 2 /OUTPUT 8 "Y";
    .port_info 3 /OUTPUT 8 "RA";
    .port_info 4 /OUTPUT 8 "RD";
    .port_info 5 /OUTPUT 8 "R0";
    .port_info 6 /OUTPUT 8 "T";
P_0x614125b980f0 .param/l "WIDTH" 0 7 20, +C4<00000000000000000000000000001000>;
v0x614125b982f0_0 .net "A", 7 0, v0x614125ba6b60_0;  alias, 1 drivers
v0x614125b983f0_0 .net "B", 7 0, v0x614125ba6c40_0;  alias, 1 drivers
v0x614125b984d0_0 .var "R0", 7 0;
v0x614125b985c0_0 .var "RA", 7 0;
v0x614125b986a0_0 .var "RD", 7 0;
v0x614125b987d0_0 .var "T", 7 0;
v0x614125b988b0_0 .var "Y", 7 0;
E_0x614125b98270 .event anyedge, v0x614125b982f0_0, v0x614125b983f0_0;
S_0x614125b98ab0 .scope module, "yara0_rmu" "ifa_relation_memory_controller_admin" 6 149, 8 12 0, S_0x614125b97870;
 .timescale 0 0;
    .port_info 0 /INPUT 1 "clk";
    .port_info 1 /INPUT 1 "rst";
    .port_info 2 /INPUT 1 "req_valid";
    .port_info 3 /INPUT 8 "in_y";
    .port_info 4 /INPUT 8 "in_ra";
    .port_info 5 /INPUT 8 "in_rd";
    .port_info 6 /INPUT 8 "in_r0";
    .port_info 7 /INPUT 8 "in_t";
    .port_info 8 /INPUT 1 "admin_import_valid";
    .port_info 9 /INPUT 8 "admin_y";
    .port_info 10 /INPUT 8 "admin_ra";
    .port_info 11 /INPUT 8 "admin_rd";
    .port_info 12 /INPUT 8 "admin_r0";
    .port_info 13 /INPUT 8 "admin_t";
    .port_info 14 /OUTPUT 1 "hit";
    .port_info 15 /OUTPUT 1 "miss";
    .port_info 16 /OUTPUT 1 "import_done";
    .port_info 17 /OUTPUT 8 "out_y";
    .port_info 18 /OUTPUT 8 "out_ra";
    .port_info 19 /OUTPUT 8 "out_rd";
    .port_info 20 /OUTPUT 8 "out_r0";
    .port_info 21 /OUTPUT 8 "out_t";
    .port_info 22 /OUTPUT 32 "hit_count";
    .port_info 23 /OUTPUT 32 "miss_count";
    .port_info 24 /OUTPUT 32 "store_count";
    .port_info 25 /OUTPUT 32 "evict_count";
    .port_info 26 /OUTPUT 32 "import_count";
P_0x614125b4aef0 .param/l "DEPTH" 0 8 14, +C4<00000000000000000000000000010000>;
P_0x614125b4af30 .param/l "INDEX_W" 0 8 15, +C4<00000000000000000000000000000100>;
P_0x614125b4af70 .param/l "WIDTH" 0 8 13, +C4<00000000000000000000000000001000>;
v0x614125b99510_0 .net "admin_import_valid", 0 0, L_0x614125ba9280;  alias, 1 drivers
v0x614125b995f0_0 .var "admin_key_exists", 0 0;
v0x614125b996b0_0 .var "admin_key_index", 3 0;
v0x614125b997a0_0 .net "admin_r0", 7 0, v0x614125ba2410_0;  1 drivers
v0x614125b99880_0 .net "admin_ra", 7 0, v0x614125ba24d0_0;  1 drivers
v0x614125b999b0_0 .net "admin_rd", 7 0, v0x614125ba25e0_0;  1 drivers
v0x614125b99a90_0 .net "admin_t", 7 0, v0x614125ba2790_0;  1 drivers
v0x614125b99b70_0 .net "admin_y", 7 0, v0x614125ba2880_0;  1 drivers
v0x614125b99c50_0 .net "clk", 0 0, v0x614125ba74d0_0;  alias, 1 drivers
v0x614125b99cf0_0 .var "evict_count", 31 0;
v0x614125b99db0_0 .var "fifo_ptr", 3 0;
v0x614125b99e90_0 .var "hit", 0 0;
v0x614125b99f50_0 .var "hit_count", 31 0;
v0x614125b9a030_0 .var/i "i", 31 0;
v0x614125b9a110_0 .var "import_count", 31 0;
v0x614125b9a1f0_0 .var "import_done", 0 0;
v0x614125b9a2b0_0 .net "in_r0", 7 0, v0x614125b984d0_0;  alias, 1 drivers
v0x614125b9a3a0_0 .net "in_ra", 7 0, v0x614125b985c0_0;  alias, 1 drivers
v0x614125b9a470_0 .net "in_rd", 7 0, v0x614125b986a0_0;  alias, 1 drivers
v0x614125b9a540_0 .net "in_t", 7 0, v0x614125b987d0_0;  alias, 1 drivers
v0x614125b9a610_0 .net "in_y", 7 0, v0x614125b988b0_0;  alias, 1 drivers
v0x614125b9a6e0_0 .var/i "j", 31 0;
v0x614125b9a7a0_0 .var "lookup_hit", 0 0;
v0x614125b9a860_0 .var "lookup_index", 3 0;
v0x614125b9a940 .array "mem_r0", 15 0, 7 0;
v0x614125b9aa00 .array "mem_ra", 15 0, 7 0;
v0x614125b9acc0 .array "mem_rd", 15 0, 7 0;
v0x614125b9b010 .array "mem_t", 15 0, 7 0;
v0x614125b9b360 .array "mem_y", 15 0, 7 0;
v0x614125b9b420_0 .var "miss", 0 0;
v0x614125b9b4e0_0 .var "miss_count", 31 0;
v0x614125b9b5c0_0 .var "out_r0", 7 0;
v0x614125b9b6a0_0 .var "out_ra", 7 0;
v0x614125b9b990_0 .var "out_rd", 7 0;
v0x614125b9ba70_0 .var "out_t", 7 0;
v0x614125b9bb50_0 .var "out_y", 7 0;
v0x614125b9bc30_0 .net "req_valid", 0 0, L_0x614125b416f0;  alias, 1 drivers
v0x614125b9bcf0_0 .net "rst", 0 0, v0x614125ba8120_0;  alias, 1 drivers
v0x614125b9bdc0_0 .var "store_count", 31 0;
v0x614125b9be80 .array "valid", 15 0, 0 0;
v0x614125b9be80_0 .array/port v0x614125b9be80, 0;
v0x614125b9be80_1 .array/port v0x614125b9be80, 1;
v0x614125b9be80_2 .array/port v0x614125b9be80, 2;
v0x614125b9be80_3 .array/port v0x614125b9be80, 3;
E_0x614125b7af40/0 .event anyedge, v0x614125b9be80_0, v0x614125b9be80_1, v0x614125b9be80_2, v0x614125b9be80_3;
v0x614125b9be80_4 .array/port v0x614125b9be80, 4;
v0x614125b9be80_5 .array/port v0x614125b9be80, 5;
v0x614125b9be80_6 .array/port v0x614125b9be80, 6;
v0x614125b9be80_7 .array/port v0x614125b9be80, 7;
E_0x614125b7af40/1 .event anyedge, v0x614125b9be80_4, v0x614125b9be80_5, v0x614125b9be80_6, v0x614125b9be80_7;
v0x614125b9be80_8 .array/port v0x614125b9be80, 8;
v0x614125b9be80_9 .array/port v0x614125b9be80, 9;
v0x614125b9be80_10 .array/port v0x614125b9be80, 10;
v0x614125b9be80_11 .array/port v0x614125b9be80, 11;
E_0x614125b7af40/2 .event anyedge, v0x614125b9be80_8, v0x614125b9be80_9, v0x614125b9be80_10, v0x614125b9be80_11;
v0x614125b9be80_12 .array/port v0x614125b9be80, 12;
v0x614125b9be80_13 .array/port v0x614125b9be80, 13;
v0x614125b9be80_14 .array/port v0x614125b9be80, 14;
v0x614125b9be80_15 .array/port v0x614125b9be80, 15;
E_0x614125b7af40/3 .event anyedge, v0x614125b9be80_12, v0x614125b9be80_13, v0x614125b9be80_14, v0x614125b9be80_15;
v0x614125b9aa00_0 .array/port v0x614125b9aa00, 0;
v0x614125b9aa00_1 .array/port v0x614125b9aa00, 1;
v0x614125b9aa00_2 .array/port v0x614125b9aa00, 2;
v0x614125b9aa00_3 .array/port v0x614125b9aa00, 3;
E_0x614125b7af40/4 .event anyedge, v0x614125b9aa00_0, v0x614125b9aa00_1, v0x614125b9aa00_2, v0x614125b9aa00_3;
v0x614125b9aa00_4 .array/port v0x614125b9aa00, 4;
v0x614125b9aa00_5 .array/port v0x614125b9aa00, 5;
v0x614125b9aa00_6 .array/port v0x614125b9aa00, 6;
v0x614125b9aa00_7 .array/port v0x614125b9aa00, 7;
E_0x614125b7af40/5 .event anyedge, v0x614125b9aa00_4, v0x614125b9aa00_5, v0x614125b9aa00_6, v0x614125b9aa00_7;
v0x614125b9aa00_8 .array/port v0x614125b9aa00, 8;
v0x614125b9aa00_9 .array/port v0x614125b9aa00, 9;
v0x614125b9aa00_10 .array/port v0x614125b9aa00, 10;
v0x614125b9aa00_11 .array/port v0x614125b9aa00, 11;
E_0x614125b7af40/6 .event anyedge, v0x614125b9aa00_8, v0x614125b9aa00_9, v0x614125b9aa00_10, v0x614125b9aa00_11;
v0x614125b9aa00_12 .array/port v0x614125b9aa00, 12;
v0x614125b9aa00_13 .array/port v0x614125b9aa00, 13;
v0x614125b9aa00_14 .array/port v0x614125b9aa00, 14;
v0x614125b9aa00_15 .array/port v0x614125b9aa00, 15;
E_0x614125b7af40/7 .event anyedge, v0x614125b9aa00_12, v0x614125b9aa00_13, v0x614125b9aa00_14, v0x614125b9aa00_15;
v0x614125b9acc0_0 .array/port v0x614125b9acc0, 0;
v0x614125b9acc0_1 .array/port v0x614125b9acc0, 1;
v0x614125b9acc0_2 .array/port v0x614125b9acc0, 2;
E_0x614125b7af40/8 .event anyedge, v0x614125b99880_0, v0x614125b9acc0_0, v0x614125b9acc0_1, v0x614125b9acc0_2;
v0x614125b9acc0_3 .array/port v0x614125b9acc0, 3;
v0x614125b9acc0_4 .array/port v0x614125b9acc0, 4;
v0x614125b9acc0_5 .array/port v0x614125b9acc0, 5;
v0x614125b9acc0_6 .array/port v0x614125b9acc0, 6;
E_0x614125b7af40/9 .event anyedge, v0x614125b9acc0_3, v0x614125b9acc0_4, v0x614125b9acc0_5, v0x614125b9acc0_6;
v0x614125b9acc0_7 .array/port v0x614125b9acc0, 7;
v0x614125b9acc0_8 .array/port v0x614125b9acc0, 8;
v0x614125b9acc0_9 .array/port v0x614125b9acc0, 9;
v0x614125b9acc0_10 .array/port v0x614125b9acc0, 10;
E_0x614125b7af40/10 .event anyedge, v0x614125b9acc0_7, v0x614125b9acc0_8, v0x614125b9acc0_9, v0x614125b9acc0_10;
v0x614125b9acc0_11 .array/port v0x614125b9acc0, 11;
v0x614125b9acc0_12 .array/port v0x614125b9acc0, 12;
v0x614125b9acc0_13 .array/port v0x614125b9acc0, 13;
v0x614125b9acc0_14 .array/port v0x614125b9acc0, 14;
E_0x614125b7af40/11 .event anyedge, v0x614125b9acc0_11, v0x614125b9acc0_12, v0x614125b9acc0_13, v0x614125b9acc0_14;
v0x614125b9acc0_15 .array/port v0x614125b9acc0, 15;
v0x614125b9b010_0 .array/port v0x614125b9b010, 0;
v0x614125b9b010_1 .array/port v0x614125b9b010, 1;
E_0x614125b7af40/12 .event anyedge, v0x614125b9acc0_15, v0x614125b999b0_0, v0x614125b9b010_0, v0x614125b9b010_1;
v0x614125b9b010_2 .array/port v0x614125b9b010, 2;
v0x614125b9b010_3 .array/port v0x614125b9b010, 3;
v0x614125b9b010_4 .array/port v0x614125b9b010, 4;
v0x614125b9b010_5 .array/port v0x614125b9b010, 5;
E_0x614125b7af40/13 .event anyedge, v0x614125b9b010_2, v0x614125b9b010_3, v0x614125b9b010_4, v0x614125b9b010_5;
v0x614125b9b010_6 .array/port v0x614125b9b010, 6;
v0x614125b9b010_7 .array/port v0x614125b9b010, 7;
v0x614125b9b010_8 .array/port v0x614125b9b010, 8;
v0x614125b9b010_9 .array/port v0x614125b9b010, 9;
E_0x614125b7af40/14 .event anyedge, v0x614125b9b010_6, v0x614125b9b010_7, v0x614125b9b010_8, v0x614125b9b010_9;
v0x614125b9b010_10 .array/port v0x614125b9b010, 10;
v0x614125b9b010_11 .array/port v0x614125b9b010, 11;
v0x614125b9b010_12 .array/port v0x614125b9b010, 12;
v0x614125b9b010_13 .array/port v0x614125b9b010, 13;
E_0x614125b7af40/15 .event anyedge, v0x614125b9b010_10, v0x614125b9b010_11, v0x614125b9b010_12, v0x614125b9b010_13;
v0x614125b9b010_14 .array/port v0x614125b9b010, 14;
v0x614125b9b010_15 .array/port v0x614125b9b010, 15;
E_0x614125b7af40/16 .event anyedge, v0x614125b9b010_14, v0x614125b9b010_15, v0x614125b99a90_0;
E_0x614125b7af40 .event/or E_0x614125b7af40/0, E_0x614125b7af40/1, E_0x614125b7af40/2, E_0x614125b7af40/3, E_0x614125b7af40/4, E_0x614125b7af40/5, E_0x614125b7af40/6, E_0x614125b7af40/7, E_0x614125b7af40/8, E_0x614125b7af40/9, E_0x614125b7af40/10, E_0x614125b7af40/11, E_0x614125b7af40/12, E_0x614125b7af40/13, E_0x614125b7af40/14, E_0x614125b7af40/15, E_0x614125b7af40/16;
E_0x614125b992b0/0 .event anyedge, v0x614125b9be80_0, v0x614125b9be80_1, v0x614125b9be80_2, v0x614125b9be80_3;
E_0x614125b992b0/1 .event anyedge, v0x614125b9be80_4, v0x614125b9be80_5, v0x614125b9be80_6, v0x614125b9be80_7;
E_0x614125b992b0/2 .event anyedge, v0x614125b9be80_8, v0x614125b9be80_9, v0x614125b9be80_10, v0x614125b9be80_11;
E_0x614125b992b0/3 .event anyedge, v0x614125b9be80_12, v0x614125b9be80_13, v0x614125b9be80_14, v0x614125b9be80_15;
E_0x614125b992b0/4 .event anyedge, v0x614125b9aa00_0, v0x614125b9aa00_1, v0x614125b9aa00_2, v0x614125b9aa00_3;
E_0x614125b992b0/5 .event anyedge, v0x614125b9aa00_4, v0x614125b9aa00_5, v0x614125b9aa00_6, v0x614125b9aa00_7;
E_0x614125b992b0/6 .event anyedge, v0x614125b9aa00_8, v0x614125b9aa00_9, v0x614125b9aa00_10, v0x614125b9aa00_11;
E_0x614125b992b0/7 .event anyedge, v0x614125b9aa00_12, v0x614125b9aa00_13, v0x614125b9aa00_14, v0x614125b9aa00_15;
E_0x614125b992b0/8 .event anyedge, v0x614125b985c0_0, v0x614125b9acc0_0, v0x614125b9acc0_1, v0x614125b9acc0_2;
E_0x614125b992b0/9 .event anyedge, v0x614125b9acc0_3, v0x614125b9acc0_4, v0x614125b9acc0_5, v0x614125b9acc0_6;
E_0x614125b992b0/10 .event anyedge, v0x614125b9acc0_7, v0x614125b9acc0_8, v0x614125b9acc0_9, v0x614125b9acc0_10;
E_0x614125b992b0/11 .event anyedge, v0x614125b9acc0_11, v0x614125b9acc0_12, v0x614125b9acc0_13, v0x614125b9acc0_14;
E_0x614125b992b0/12 .event anyedge, v0x614125b9acc0_15, v0x614125b986a0_0, v0x614125b9b010_0, v0x614125b9b010_1;
E_0x614125b992b0/13 .event anyedge, v0x614125b9b010_2, v0x614125b9b010_3, v0x614125b9b010_4, v0x614125b9b010_5;
E_0x614125b992b0/14 .event anyedge, v0x614125b9b010_6, v0x614125b9b010_7, v0x614125b9b010_8, v0x614125b9b010_9;
E_0x614125b992b0/15 .event anyedge, v0x614125b9b010_10, v0x614125b9b010_11, v0x614125b9b010_12, v0x614125b9b010_13;
E_0x614125b992b0/16 .event anyedge, v0x614125b9b010_14, v0x614125b9b010_15, v0x614125b987d0_0;
E_0x614125b992b0 .event/or E_0x614125b992b0/0, E_0x614125b992b0/1, E_0x614125b992b0/2, E_0x614125b992b0/3, E_0x614125b992b0/4, E_0x614125b992b0/5, E_0x614125b992b0/6, E_0x614125b992b0/7, E_0x614125b992b0/8, E_0x614125b992b0/9, E_0x614125b992b0/10, E_0x614125b992b0/11, E_0x614125b992b0/12, E_0x614125b992b0/13, E_0x614125b992b0/14, E_0x614125b992b0/15, E_0x614125b992b0/16;
S_0x614125b9c510 .scope module, "yara1_rmu" "ifa_relation_memory_controller_admin" 6 188, 8 12 0, S_0x614125b97870;
 .timescale 0 0;
    .port_info 0 /INPUT 1 "clk";
    .port_info 1 /INPUT 1 "rst";
    .port_info 2 /INPUT 1 "req_valid";
    .port_info 3 /INPUT 8 "in_y";
    .port_info 4 /INPUT 8 "in_ra";
    .port_info 5 /INPUT 8 "in_rd";
    .port_info 6 /INPUT 8 "in_r0";
    .port_info 7 /INPUT 8 "in_t";
    .port_info 8 /INPUT 1 "admin_import_valid";
    .port_info 9 /INPUT 8 "admin_y";
    .port_info 10 /INPUT 8 "admin_ra";
    .port_info 11 /INPUT 8 "admin_rd";
    .port_info 12 /INPUT 8 "admin_r0";
    .port_info 13 /INPUT 8 "admin_t";
    .port_info 14 /OUTPUT 1 "hit";
    .port_info 15 /OUTPUT 1 "miss";
    .port_info 16 /OUTPUT 1 "import_done";
    .port_info 17 /OUTPUT 8 "out_y";
    .port_info 18 /OUTPUT 8 "out_ra";
    .port_info 19 /OUTPUT 8 "out_rd";
    .port_info 20 /OUTPUT 8 "out_r0";
    .port_info 21 /OUTPUT 8 "out_t";
    .port_info 22 /OUTPUT 32 "hit_count";
    .port_info 23 /OUTPUT 32 "miss_count";
    .port_info 24 /OUTPUT 32 "store_count";
    .port_info 25 /OUTPUT 32 "evict_count";
    .port_info 26 /OUTPUT 32 "import_count";
P_0x614125b9c6d0 .param/l "DEPTH" 0 8 14, +C4<00000000000000000000000000010000>;
P_0x614125b9c710 .param/l "INDEX_W" 0 8 15, +C4<00000000000000000000000000000100>;
P_0x614125b9c750 .param/l "WIDTH" 0 8 13, +C4<00000000000000000000000000001000>;
v0x614125b9d100_0 .net "admin_import_valid", 0 0, L_0x614125ba9750;  alias, 1 drivers
v0x614125b9d1e0_0 .var "admin_key_exists", 0 0;
v0x614125b9d2a0_0 .var "admin_key_index", 3 0;
v0x614125b9d390_0 .net "admin_r0", 7 0, v0x614125ba2410_0;  alias, 1 drivers
v0x614125b9d480_0 .net "admin_ra", 7 0, v0x614125ba24d0_0;  alias, 1 drivers
v0x614125b9d570_0 .net "admin_rd", 7 0, v0x614125ba25e0_0;  alias, 1 drivers
v0x614125b9d640_0 .net "admin_t", 7 0, v0x614125ba2790_0;  alias, 1 drivers
v0x614125b9d710_0 .net "admin_y", 7 0, v0x614125ba2880_0;  alias, 1 drivers
v0x614125b9d7e0_0 .net "clk", 0 0, v0x614125ba74d0_0;  alias, 1 drivers
v0x614125b9d880_0 .var "evict_count", 31 0;
v0x614125b9d940_0 .var "fifo_ptr", 3 0;
v0x614125b9da20_0 .var "hit", 0 0;
v0x614125b9dae0_0 .var "hit_count", 31 0;
v0x614125b9dbc0_0 .var/i "i", 31 0;
v0x614125b9dca0_0 .var "import_count", 31 0;
v0x614125b9dd80_0 .var "import_done", 0 0;
v0x614125b9de40_0 .net "in_r0", 7 0, v0x614125b984d0_0;  alias, 1 drivers
v0x614125b9df50_0 .net "in_ra", 7 0, v0x614125b985c0_0;  alias, 1 drivers
v0x614125b9e060_0 .net "in_rd", 7 0, v0x614125b986a0_0;  alias, 1 drivers
v0x614125b9e170_0 .net "in_t", 7 0, v0x614125b987d0_0;  alias, 1 drivers
v0x614125b9e280_0 .net "in_y", 7 0, v0x614125b988b0_0;  alias, 1 drivers
v0x614125b9e390_0 .var/i "j", 31 0;
v0x614125b9e470_0 .var "lookup_hit", 0 0;
v0x614125b9e530_0 .var "lookup_index", 3 0;
v0x614125b9e610 .array "mem_r0", 15 0, 7 0;
v0x614125b9e6d0 .array "mem_ra", 15 0, 7 0;
v0x614125b9e990 .array "mem_rd", 15 0, 7 0;
v0x614125b9ece0 .array "mem_t", 15 0, 7 0;
v0x614125b9f030 .array "mem_y", 15 0, 7 0;
v0x614125b9f0f0_0 .var "miss", 0 0;
v0x614125b9f1b0_0 .var "miss_count", 31 0;
v0x614125b9f290_0 .var "out_r0", 7 0;
v0x614125b9f370_0 .var "out_ra", 7 0;
v0x614125b9f660_0 .var "out_rd", 7 0;
v0x614125b9f740_0 .var "out_t", 7 0;
v0x614125b9f820_0 .var "out_y", 7 0;
v0x614125b9f900_0 .net "req_valid", 0 0, L_0x614125b45760;  alias, 1 drivers
v0x614125b9f9c0_0 .net "rst", 0 0, v0x614125ba8120_0;  alias, 1 drivers
v0x614125b9fab0_0 .var "store_count", 31 0;
v0x614125b9fb90 .array "valid", 15 0, 0 0;
v0x614125b9fb90_0 .array/port v0x614125b9fb90, 0;
v0x614125b9fb90_1 .array/port v0x614125b9fb90, 1;
v0x614125b9fb90_2 .array/port v0x614125b9fb90, 2;
v0x614125b9fb90_3 .array/port v0x614125b9fb90, 3;
E_0x614125b9cc40/0 .event anyedge, v0x614125b9fb90_0, v0x614125b9fb90_1, v0x614125b9fb90_2, v0x614125b9fb90_3;
v0x614125b9fb90_4 .array/port v0x614125b9fb90, 4;
v0x614125b9fb90_5 .array/port v0x614125b9fb90, 5;
v0x614125b9fb90_6 .array/port v0x614125b9fb90, 6;
v0x614125b9fb90_7 .array/port v0x614125b9fb90, 7;
E_0x614125b9cc40/1 .event anyedge, v0x614125b9fb90_4, v0x614125b9fb90_5, v0x614125b9fb90_6, v0x614125b9fb90_7;
v0x614125b9fb90_8 .array/port v0x614125b9fb90, 8;
v0x614125b9fb90_9 .array/port v0x614125b9fb90, 9;
v0x614125b9fb90_10 .array/port v0x614125b9fb90, 10;
v0x614125b9fb90_11 .array/port v0x614125b9fb90, 11;
E_0x614125b9cc40/2 .event anyedge, v0x614125b9fb90_8, v0x614125b9fb90_9, v0x614125b9fb90_10, v0x614125b9fb90_11;
v0x614125b9fb90_12 .array/port v0x614125b9fb90, 12;
v0x614125b9fb90_13 .array/port v0x614125b9fb90, 13;
v0x614125b9fb90_14 .array/port v0x614125b9fb90, 14;
v0x614125b9fb90_15 .array/port v0x614125b9fb90, 15;
E_0x614125b9cc40/3 .event anyedge, v0x614125b9fb90_12, v0x614125b9fb90_13, v0x614125b9fb90_14, v0x614125b9fb90_15;
v0x614125b9e6d0_0 .array/port v0x614125b9e6d0, 0;
v0x614125b9e6d0_1 .array/port v0x614125b9e6d0, 1;
v0x614125b9e6d0_2 .array/port v0x614125b9e6d0, 2;
v0x614125b9e6d0_3 .array/port v0x614125b9e6d0, 3;
E_0x614125b9cc40/4 .event anyedge, v0x614125b9e6d0_0, v0x614125b9e6d0_1, v0x614125b9e6d0_2, v0x614125b9e6d0_3;
v0x614125b9e6d0_4 .array/port v0x614125b9e6d0, 4;
v0x614125b9e6d0_5 .array/port v0x614125b9e6d0, 5;
v0x614125b9e6d0_6 .array/port v0x614125b9e6d0, 6;
v0x614125b9e6d0_7 .array/port v0x614125b9e6d0, 7;
E_0x614125b9cc40/5 .event anyedge, v0x614125b9e6d0_4, v0x614125b9e6d0_5, v0x614125b9e6d0_6, v0x614125b9e6d0_7;
v0x614125b9e6d0_8 .array/port v0x614125b9e6d0, 8;
v0x614125b9e6d0_9 .array/port v0x614125b9e6d0, 9;
v0x614125b9e6d0_10 .array/port v0x614125b9e6d0, 10;
v0x614125b9e6d0_11 .array/port v0x614125b9e6d0, 11;
E_0x614125b9cc40/6 .event anyedge, v0x614125b9e6d0_8, v0x614125b9e6d0_9, v0x614125b9e6d0_10, v0x614125b9e6d0_11;
v0x614125b9e6d0_12 .array/port v0x614125b9e6d0, 12;
v0x614125b9e6d0_13 .array/port v0x614125b9e6d0, 13;
v0x614125b9e6d0_14 .array/port v0x614125b9e6d0, 14;
v0x614125b9e6d0_15 .array/port v0x614125b9e6d0, 15;
E_0x614125b9cc40/7 .event anyedge, v0x614125b9e6d0_12, v0x614125b9e6d0_13, v0x614125b9e6d0_14, v0x614125b9e6d0_15;
v0x614125b9e990_0 .array/port v0x614125b9e990, 0;
v0x614125b9e990_1 .array/port v0x614125b9e990, 1;
v0x614125b9e990_2 .array/port v0x614125b9e990, 2;
E_0x614125b9cc40/8 .event anyedge, v0x614125b99880_0, v0x614125b9e990_0, v0x614125b9e990_1, v0x614125b9e990_2;
v0x614125b9e990_3 .array/port v0x614125b9e990, 3;
v0x614125b9e990_4 .array/port v0x614125b9e990, 4;
v0x614125b9e990_5 .array/port v0x614125b9e990, 5;
v0x614125b9e990_6 .array/port v0x614125b9e990, 6;
E_0x614125b9cc40/9 .event anyedge, v0x614125b9e990_3, v0x614125b9e990_4, v0x614125b9e990_5, v0x614125b9e990_6;
v0x614125b9e990_7 .array/port v0x614125b9e990, 7;
v0x614125b9e990_8 .array/port v0x614125b9e990, 8;
v0x614125b9e990_9 .array/port v0x614125b9e990, 9;
v0x614125b9e990_10 .array/port v0x614125b9e990, 10;
E_0x614125b9cc40/10 .event anyedge, v0x614125b9e990_7, v0x614125b9e990_8, v0x614125b9e990_9, v0x614125b9e990_10;
v0x614125b9e990_11 .array/port v0x614125b9e990, 11;
v0x614125b9e990_12 .array/port v0x614125b9e990, 12;
v0x614125b9e990_13 .array/port v0x614125b9e990, 13;
v0x614125b9e990_14 .array/port v0x614125b9e990, 14;
E_0x614125b9cc40/11 .event anyedge, v0x614125b9e990_11, v0x614125b9e990_12, v0x614125b9e990_13, v0x614125b9e990_14;
v0x614125b9e990_15 .array/port v0x614125b9e990, 15;
v0x614125b9ece0_0 .array/port v0x614125b9ece0, 0;
v0x614125b9ece0_1 .array/port v0x614125b9ece0, 1;
E_0x614125b9cc40/12 .event anyedge, v0x614125b9e990_15, v0x614125b999b0_0, v0x614125b9ece0_0, v0x614125b9ece0_1;
v0x614125b9ece0_2 .array/port v0x614125b9ece0, 2;
v0x614125b9ece0_3 .array/port v0x614125b9ece0, 3;
v0x614125b9ece0_4 .array/port v0x614125b9ece0, 4;
v0x614125b9ece0_5 .array/port v0x614125b9ece0, 5;
E_0x614125b9cc40/13 .event anyedge, v0x614125b9ece0_2, v0x614125b9ece0_3, v0x614125b9ece0_4, v0x614125b9ece0_5;
v0x614125b9ece0_6 .array/port v0x614125b9ece0, 6;
v0x614125b9ece0_7 .array/port v0x614125b9ece0, 7;
v0x614125b9ece0_8 .array/port v0x614125b9ece0, 8;
v0x614125b9ece0_9 .array/port v0x614125b9ece0, 9;
E_0x614125b9cc40/14 .event anyedge, v0x614125b9ece0_6, v0x614125b9ece0_7, v0x614125b9ece0_8, v0x614125b9ece0_9;
v0x614125b9ece0_10 .array/port v0x614125b9ece0, 10;
v0x614125b9ece0_11 .array/port v0x614125b9ece0, 11;
v0x614125b9ece0_12 .array/port v0x614125b9ece0, 12;
v0x614125b9ece0_13 .array/port v0x614125b9ece0, 13;
E_0x614125b9cc40/15 .event anyedge, v0x614125b9ece0_10, v0x614125b9ece0_11, v0x614125b9ece0_12, v0x614125b9ece0_13;
v0x614125b9ece0_14 .array/port v0x614125b9ece0, 14;
v0x614125b9ece0_15 .array/port v0x614125b9ece0, 15;
E_0x614125b9cc40/16 .event anyedge, v0x614125b9ece0_14, v0x614125b9ece0_15, v0x614125b99a90_0;
E_0x614125b9cc40 .event/or E_0x614125b9cc40/0, E_0x614125b9cc40/1, E_0x614125b9cc40/2, E_0x614125b9cc40/3, E_0x614125b9cc40/4, E_0x614125b9cc40/5, E_0x614125b9cc40/6, E_0x614125b9cc40/7, E_0x614125b9cc40/8, E_0x614125b9cc40/9, E_0x614125b9cc40/10, E_0x614125b9cc40/11, E_0x614125b9cc40/12, E_0x614125b9cc40/13, E_0x614125b9cc40/14, E_0x614125b9cc40/15, E_0x614125b9cc40/16;
E_0x614125b9cea0/0 .event anyedge, v0x614125b9fb90_0, v0x614125b9fb90_1, v0x614125b9fb90_2, v0x614125b9fb90_3;
E_0x614125b9cea0/1 .event anyedge, v0x614125b9fb90_4, v0x614125b9fb90_5, v0x614125b9fb90_6, v0x614125b9fb90_7;
E_0x614125b9cea0/2 .event anyedge, v0x614125b9fb90_8, v0x614125b9fb90_9, v0x614125b9fb90_10, v0x614125b9fb90_11;
E_0x614125b9cea0/3 .event anyedge, v0x614125b9fb90_12, v0x614125b9fb90_13, v0x614125b9fb90_14, v0x614125b9fb90_15;
E_0x614125b9cea0/4 .event anyedge, v0x614125b9e6d0_0, v0x614125b9e6d0_1, v0x614125b9e6d0_2, v0x614125b9e6d0_3;
E_0x614125b9cea0/5 .event anyedge, v0x614125b9e6d0_4, v0x614125b9e6d0_5, v0x614125b9e6d0_6, v0x614125b9e6d0_7;
E_0x614125b9cea0/6 .event anyedge, v0x614125b9e6d0_8, v0x614125b9e6d0_9, v0x614125b9e6d0_10, v0x614125b9e6d0_11;
E_0x614125b9cea0/7 .event anyedge, v0x614125b9e6d0_12, v0x614125b9e6d0_13, v0x614125b9e6d0_14, v0x614125b9e6d0_15;
E_0x614125b9cea0/8 .event anyedge, v0x614125b985c0_0, v0x614125b9e990_0, v0x614125b9e990_1, v0x614125b9e990_2;
E_0x614125b9cea0/9 .event anyedge, v0x614125b9e990_3, v0x614125b9e990_4, v0x614125b9e990_5, v0x614125b9e990_6;
E_0x614125b9cea0/10 .event anyedge, v0x614125b9e990_7, v0x614125b9e990_8, v0x614125b9e990_9, v0x614125b9e990_10;
E_0x614125b9cea0/11 .event anyedge, v0x614125b9e990_11, v0x614125b9e990_12, v0x614125b9e990_13, v0x614125b9e990_14;
E_0x614125b9cea0/12 .event anyedge, v0x614125b9e990_15, v0x614125b986a0_0, v0x614125b9ece0_0, v0x614125b9ece0_1;
E_0x614125b9cea0/13 .event anyedge, v0x614125b9ece0_2, v0x614125b9ece0_3, v0x614125b9ece0_4, v0x614125b9ece0_5;
E_0x614125b9cea0/14 .event anyedge, v0x614125b9ece0_6, v0x614125b9ece0_7, v0x614125b9ece0_8, v0x614125b9ece0_9;
E_0x614125b9cea0/15 .event anyedge, v0x614125b9ece0_10, v0x614125b9ece0_11, v0x614125b9ece0_12, v0x614125b9ece0_13;
E_0x614125b9cea0/16 .event anyedge, v0x614125b9ece0_14, v0x614125b9ece0_15, v0x614125b987d0_0;
E_0x614125b9cea0 .event/or E_0x614125b9cea0/0, E_0x614125b9cea0/1, E_0x614125b9cea0/2, E_0x614125b9cea0/3, E_0x614125b9cea0/4, E_0x614125b9cea0/5, E_0x614125b9cea0/6, E_0x614125b9cea0/7, E_0x614125b9cea0/8, E_0x614125b9cea0/9, E_0x614125b9cea0/10, E_0x614125b9cea0/11, E_0x614125b9cea0/12, E_0x614125b9cea0/13, E_0x614125b9cea0/14, E_0x614125b9cea0/15, E_0x614125b9cea0/16;
S_0x614125ba6330 .scope autotask, "execute_relation" "execute_relation" 3 101, 3 101 0, S_0x614125b7b2d0;
 .timescale -9 -12;
v0x614125ba6510_0 .var "a", 7 0;
v0x614125ba6610_0 .var "b", 7 0;
v0x614125ba66f0_0 .var "room", 0 0;
TD_tb_ifa_v4_onile_delegation_top.execute_relation ;
    %wait E_0x614125b06870;
    %load/vec4 v0x614125ba66f0_0;
    %store/vec4 v0x614125ba6d00_0, 0, 1;
    %load/vec4 v0x614125ba6510_0;
    %store/vec4 v0x614125ba6b60_0, 0, 8;
    %load/vec4 v0x614125ba6610_0;
    %store/vec4 v0x614125ba6c40_0, 0, 8;
    %pushi/vec4 1, 0, 1;
    %store/vec4 v0x614125ba7810_0, 0, 1;
    %wait E_0x614125b06870;
    %pushi/vec4 0, 0, 1;
    %store/vec4 v0x614125ba7810_0, 0, 1;
    %delay 1000, 0;
    %vpi_call/w 3 119 "$display", "EXEC YARA=%0d A=%02h B=%02h hit=%0d miss=%0d Y=%02h RA=%02h RD=%02h R0=%02h T=%02h", v0x614125ba66f0_0, v0x614125ba6510_0, v0x614125ba6610_0, v0x614125ba7f40_0, v0x614125ba8030_0, v0x614125ba7d40_0, v0x614125ba7a10_0, v0x614125ba7b20_0, v0x614125ba7900_0, v0x614125ba7c30_0 {0 0 0};
    %end;
S_0x614125ba6790 .scope autotask, "request_delegation" "request_delegation" 3 168, 3 168 0, S_0x614125b7b2d0;
 .timescale -9 -12;
v0x614125ba69c0_0 .var "dst", 0 0;
v0x614125ba6aa0_0 .var "src", 0 0;
TD_tb_ifa_v4_onile_delegation_top.request_delegation ;
    %wait E_0x614125b06870;
    %load/vec4 v0x614125ba6aa0_0;
    %store/vec4 v0x614125ba85d0_0, 0, 1;
    %load/vec4 v0x614125ba69c0_0;
    %store/vec4 v0x614125ba8440_0, 0, 1;
    %pushi/vec4 1, 0, 1;
    %store/vec4 v0x614125ba8260_0, 0, 1;
    %delay 1000, 0;
    %load/vec4 v0x614125ba81c0_0;
    %store/vec4 v0x614125ba7200_0, 0, 1;
    %load/vec4 v0x614125ba8350_0;
    %store/vec4 v0x614125ba72c0_0, 0, 1;
    %wait E_0x614125b07df0;
    %delay 1000, 0;
    %load/vec4 v0x614125ba84e0_0;
    %store/vec4 v0x614125ba7410_0, 0, 1;
    %vpi_call/w 3 187 "$display", "DELEGATE %0d -> %0d babalawo=%0d permission=%0d allowed=%0d denied=%0d done=%0d", v0x614125ba6aa0_0, v0x614125ba69c0_0, v0x614125ba7110_0, v0x614125ba7630_0, v0x614125ba7200_0, v0x614125ba72c0_0, v0x614125ba7410_0 {0 0 0};
    %wait E_0x614125b06870;
    %pushi/vec4 0, 0, 1;
    %store/vec4 v0x614125ba8260_0, 0, 1;
    %end;
    .scope S_0x614125b96400;
T_4 ;
    %wait E_0x614125b07df0;
    %load/vec4 v0x614125b97270_0;
    %flag_set/vec4 8;
    %jmp/0xz  T_4.0, 8;
    %pushi/vec4 0, 0, 32;
    %assign/vec4 v0x614125b5e850_0, 0;
    %pushi/vec4 0, 0, 32;
    %assign/vec4 v0x614125b96bd0_0, 0;
    %pushi/vec4 0, 0, 32;
    %store/vec4 v0x614125b96e30_0, 0, 32;
T_4.2 ;
    %load/vec4 v0x614125b96e30_0;
    %cmpi/s 2, 0, 32;
    %jmp/0xz T_4.3, 5;
    %pushi/vec4 0, 0, 32;
    %store/vec4 v0x614125b96f10_0, 0, 32;
T_4.4 ;
    %load/vec4 v0x614125b96f10_0;
    %cmpi/s 2, 0, 32;
    %jmp/0xz T_4.5, 5;
    %pushi/vec4 0, 0, 1;
    %load/vec4 v0x614125b96e30_0;
    %pad/s 34;
    %pad/s 35;
    %muli 2, 0, 35;
    %pad/s 36;
    %load/vec4 v0x614125b96f10_0;
    %pad/s 36;
    %add;
    %ix/vec4/s 3;
    %ix/load 4, 0, 0; Constant delay
    %assign/vec4/a/d v0x614125b974b0, 0, 4;
    %load/vec4 v0x614125b96f10_0;
    %addi 1, 0, 32;
    %store/vec4 v0x614125b96f10_0, 0, 32;
    %jmp T_4.4;
T_4.5 ;
    %load/vec4 v0x614125b96e30_0;
    %addi 1, 0, 32;
    %store/vec4 v0x614125b96e30_0, 0, 32;
    %jmp T_4.2;
T_4.3 ;
    %jmp T_4.1;
T_4.0 ;
    %load/vec4 v0x614125b96a00_0;
    %flag_set/vec4 9;
    %flag_get/vec4 9;
    %jmp/0 T_4.8, 9;
    %load/vec4 v0x614125b96d70_0;
    %and;
T_4.8;
    %flag_set/vec4 8;
    %jmp/0xz  T_4.6, 8;
    %pushi/vec4 1, 0, 1;
    %load/vec4 v0x614125b6aca0_0;
    %pad/u 5;
    %pad/u 6;
    %muli 2, 0, 6;
    %pad/u 7;
    %load/vec4 v0x614125b45820_0;
    %pad/u 3;
    %pad/u 7;
    %add;
    %ix/vec4 3;
    %ix/load 4, 0, 0; Constant delay
    %assign/vec4/a/d v0x614125b974b0, 0, 4;
T_4.6 ;
    %load/vec4 v0x614125b96a00_0;
    %flag_set/vec4 9;
    %flag_get/vec4 9;
    %jmp/0 T_4.11, 9;
    %load/vec4 v0x614125b971b0_0;
    %and;
T_4.11;
    %flag_set/vec4 8;
    %jmp/0xz  T_4.9, 8;
    %pushi/vec4 0, 0, 1;
    %load/vec4 v0x614125b6aca0_0;
    %pad/u 5;
    %pad/u 6;
    %muli 2, 0, 6;
    %pad/u 7;
    %load/vec4 v0x614125b45820_0;
    %pad/u 3;
    %pad/u 7;
    %add;
    %ix/vec4 3;
    %ix/load 4, 0, 0; Constant delay
    %assign/vec4/a/d v0x614125b974b0, 0, 4;
T_4.9 ;
    %load/vec4 v0x614125b975d0_0;
    %flag_set/vec4 8;
    %jmp/0xz  T_4.12, 8;
    %load/vec4 v0x614125b970d0_0;
    %load/vec4 v0x614125b96ff0_0;
    %cmp/e;
    %jmp/1 T_4.16, 4;
    %flag_mov 8, 4;
    %load/vec4 v0x614125b96a00_0;
    %flag_set/vec4 10;
    %flag_get/vec4 10;
    %jmp/0 T_4.17, 10;
    %load/vec4 v0x614125b970d0_0;
    %pad/u 5;
    %pad/u 6;
    %muli 2, 0, 6;
    %pad/u 7;
    %load/vec4 v0x614125b96ff0_0;
    %pad/u 3;
    %pad/u 7;
    %add;
    %ix/vec4 4;
    %load/vec4a v0x614125b974b0, 4;
    %and;
T_4.17;
    %flag_set/vec4 9;
    %flag_or 9, 8;
    %flag_mov 4, 9;
T_4.16;
    %jmp/0xz  T_4.14, 4;
    %load/vec4 v0x614125b5e850_0;
    %addi 1, 0, 32;
    %assign/vec4 v0x614125b5e850_0, 0;
    %jmp T_4.15;
T_4.14 ;
    %load/vec4 v0x614125b96bd0_0;
    %addi 1, 0, 32;
    %assign/vec4 v0x614125b96bd0_0, 0;
T_4.15 ;
T_4.12 ;
T_4.1 ;
    %jmp T_4;
    .thread T_4;
    .scope S_0x614125b96400;
T_5 ;
Ewait_0 .event/or E_0x614125b06b30, E_0x0;
    %wait Ewait_0;
    %load/vec4 v0x614125b970d0_0;
    %pad/u 5;
    %pad/u 6;
    %muli 2, 0, 6;
    %pad/u 7;
    %load/vec4 v0x614125b96ff0_0;
    %pad/u 3;
    %pad/u 7;
    %add;
    %ix/vec4 4;
    %load/vec4a v0x614125b974b0, 4;
    %store/vec4 v0x614125b96cb0_0, 0, 1;
    %pushi/vec4 0, 0, 1;
    %store/vec4 v0x614125b97330_0, 0, 1;
    %pushi/vec4 0, 0, 1;
    %store/vec4 v0x614125b973f0_0, 0, 1;
    %load/vec4 v0x614125b975d0_0;
    %flag_set/vec4 8;
    %jmp/0xz  T_5.0, 8;
    %load/vec4 v0x614125b970d0_0;
    %load/vec4 v0x614125b96ff0_0;
    %cmp/e;
    %jmp/0xz  T_5.2, 4;
    %pushi/vec4 1, 0, 1;
    %store/vec4 v0x614125b97330_0, 0, 1;
    %jmp T_5.3;
T_5.2 ;
    %load/vec4 v0x614125b96a00_0;
    %flag_set/vec4 9;
    %flag_get/vec4 9;
    %jmp/0 T_5.6, 9;
    %load/vec4 v0x614125b96cb0_0;
    %and;
T_5.6;
    %flag_set/vec4 8;
    %jmp/0xz  T_5.4, 8;
    %pushi/vec4 1, 0, 1;
    %store/vec4 v0x614125b97330_0, 0, 1;
    %jmp T_5.5;
T_5.4 ;
    %pushi/vec4 1, 0, 1;
    %store/vec4 v0x614125b973f0_0, 0, 1;
T_5.5 ;
T_5.3 ;
T_5.0 ;
    %jmp T_5;
    .thread T_5, $push;
    .scope S_0x614125b97ef0;
T_6 ;
Ewait_1 .event/or E_0x614125b98270, E_0x0;
    %wait Ewait_1;
    %load/vec4 v0x614125b982f0_0;
    %load/vec4 v0x614125b983f0_0;
    %add;
    %store/vec4 v0x614125b988b0_0, 0, 8;
    %load/vec4 v0x614125b982f0_0;
    %load/vec4 v0x614125b983f0_0;
    %and;
    %store/vec4 v0x614125b985c0_0, 0, 8;
    %load/vec4 v0x614125b982f0_0;
    %load/vec4 v0x614125b983f0_0;
    %xor;
    %store/vec4 v0x614125b986a0_0, 0, 8;
    %load/vec4 v0x614125b982f0_0;
    %load/vec4 v0x614125b983f0_0;
    %or;
    %inv;
    %store/vec4 v0x614125b984d0_0, 0, 8;
    %load/vec4 v0x614125b986a0_0;
    %load/vec4 v0x614125b988b0_0;
    %xor;
    %store/vec4 v0x614125b987d0_0, 0, 8;
    %jmp T_6;
    .thread T_6, $push;
    .scope S_0x614125b98ab0;
T_7 ;
Ewait_2 .event/or E_0x614125b992b0, E_0x0;
    %wait Ewait_2;
    %pushi/vec4 0, 0, 1;
    %store/vec4 v0x614125b9a7a0_0, 0, 1;
    %pushi/vec4 0, 0, 4;
    %store/vec4 v0x614125b9a860_0, 0, 4;
    %pushi/vec4 0, 0, 32;
    %store/vec4 v0x614125b9a6e0_0, 0, 32;
T_7.0 ;
    %load/vec4 v0x614125b9a6e0_0;
    %cmpi/s 16, 0, 32;
    %jmp/0xz T_7.1, 5;
    %ix/getv/s 4, v0x614125b9a6e0_0;
    %load/vec4a v0x614125b9be80, 4;
    %flag_set/vec4 11;
    %flag_get/vec4 11;
    %jmp/0 T_7.6, 11;
    %ix/getv/s 4, v0x614125b9a6e0_0;
    %load/vec4a v0x614125b9aa00, 4;
    %load/vec4 v0x614125b9a3a0_0;
    %cmp/e;
    %flag_get/vec4 4;
    %and;
T_7.6;
    %flag_set/vec4 10;
    %flag_get/vec4 10;
    %jmp/0 T_7.5, 10;
    %ix/getv/s 4, v0x614125b9a6e0_0;
    %load/vec4a v0x614125b9acc0, 4;
    %load/vec4 v0x614125b9a470_0;
    %cmp/e;
    %flag_get/vec4 4;
    %and;
T_7.5;
    %flag_set/vec4 9;
    %flag_get/vec4 9;
    %jmp/0 T_7.4, 9;
    %ix/getv/s 4, v0x614125b9a6e0_0;
    %load/vec4a v0x614125b9b010, 4;
    %load/vec4 v0x614125b9a540_0;
    %cmp/e;
    %flag_get/vec4 4;
    %and;
T_7.4;
    %flag_set/vec4 8;
    %jmp/0xz  T_7.2, 8;
    %pushi/vec4 1, 0, 1;
    %store/vec4 v0x614125b9a7a0_0, 0, 1;
    %load/vec4 v0x614125b9a6e0_0;
    %pad/s 4;
    %store/vec4 v0x614125b9a860_0, 0, 4;
T_7.2 ;
    %load/vec4 v0x614125b9a6e0_0;
    %addi 1, 0, 32;
    %store/vec4 v0x614125b9a6e0_0, 0, 32;
    %jmp T_7.0;
T_7.1 ;
    %jmp T_7;
    .thread T_7, $push;
    .scope S_0x614125b98ab0;
T_8 ;
Ewait_3 .event/or E_0x614125b7af40, E_0x0;
    %wait Ewait_3;
    %pushi/vec4 0, 0, 1;
    %store/vec4 v0x614125b995f0_0, 0, 1;
    %pushi/vec4 0, 0, 4;
    %store/vec4 v0x614125b996b0_0, 0, 4;
    %pushi/vec4 0, 0, 32;
    %store/vec4 v0x614125b9a6e0_0, 0, 32;
T_8.0 ;
    %load/vec4 v0x614125b9a6e0_0;
    %cmpi/s 16, 0, 32;
    %jmp/0xz T_8.1, 5;
    %ix/getv/s 4, v0x614125b9a6e0_0;
    %load/vec4a v0x614125b9be80, 4;
    %flag_set/vec4 11;
    %flag_get/vec4 11;
    %jmp/0 T_8.6, 11;
    %ix/getv/s 4, v0x614125b9a6e0_0;
    %load/vec4a v0x614125b9aa00, 4;
    %load/vec4 v0x614125b99880_0;
    %cmp/e;
    %flag_get/vec4 4;
    %and;
T_8.6;
    %flag_set/vec4 10;
    %flag_get/vec4 10;
    %jmp/0 T_8.5, 10;
    %ix/getv/s 4, v0x614125b9a6e0_0;
    %load/vec4a v0x614125b9acc0, 4;
    %load/vec4 v0x614125b999b0_0;
    %cmp/e;
    %flag_get/vec4 4;
    %and;
T_8.5;
    %flag_set/vec4 9;
    %flag_get/vec4 9;
    %jmp/0 T_8.4, 9;
    %ix/getv/s 4, v0x614125b9a6e0_0;
    %load/vec4a v0x614125b9b010, 4;
    %load/vec4 v0x614125b99a90_0;
    %cmp/e;
    %flag_get/vec4 4;
    %and;
T_8.4;
    %flag_set/vec4 8;
    %jmp/0xz  T_8.2, 8;
    %pushi/vec4 1, 0, 1;
    %store/vec4 v0x614125b995f0_0, 0, 1;
    %load/vec4 v0x614125b9a6e0_0;
    %pad/s 4;
    %store/vec4 v0x614125b996b0_0, 0, 4;
T_8.2 ;
    %load/vec4 v0x614125b9a6e0_0;
    %addi 1, 0, 32;
    %store/vec4 v0x614125b9a6e0_0, 0, 32;
    %jmp T_8.0;
T_8.1 ;
    %jmp T_8;
    .thread T_8, $push;
    .scope S_0x614125b98ab0;
T_9 ;
    %wait E_0x614125b07df0;
    %load/vec4 v0x614125b9bcf0_0;
    %flag_set/vec4 8;
    %jmp/0xz  T_9.0, 8;
    %pushi/vec4 0, 0, 4;
    %assign/vec4 v0x614125b99db0_0, 0;
    %pushi/vec4 0, 0, 1;
    %assign/vec4 v0x614125b99e90_0, 0;
    %pushi/vec4 0, 0, 1;
    %assign/vec4 v0x614125b9b420_0, 0;
    %pushi/vec4 0, 0, 1;
    %assign/vec4 v0x614125b9a1f0_0, 0;
    %pushi/vec4 0, 0, 8;
    %assign/vec4 v0x614125b9bb50_0, 0;
    %pushi/vec4 0, 0, 8;
    %assign/vec4 v0x614125b9b6a0_0, 0;
    %pushi/vec4 0, 0, 8;
    %assign/vec4 v0x614125b9b990_0, 0;
    %pushi/vec4 0, 0, 8;
    %assign/vec4 v0x614125b9b5c0_0, 0;
    %pushi/vec4 0, 0, 8;
    %assign/vec4 v0x614125b9ba70_0, 0;
    %pushi/vec4 0, 0, 32;
    %assign/vec4 v0x614125b99f50_0, 0;
    %pushi/vec4 0, 0, 32;
    %assign/vec4 v0x614125b9b4e0_0, 0;
    %pushi/vec4 0, 0, 32;
    %assign/vec4 v0x614125b9bdc0_0, 0;
    %pushi/vec4 0, 0, 32;
    %assign/vec4 v0x614125b99cf0_0, 0;
    %pushi/vec4 0, 0, 32;
    %assign/vec4 v0x614125b9a110_0, 0;
    %pushi/vec4 0, 0, 32;
    %store/vec4 v0x614125b9a030_0, 0, 32;
T_9.2 ;
    %load/vec4 v0x614125b9a030_0;
    %cmpi/s 16, 0, 32;
    %jmp/0xz T_9.3, 5;
    %pushi/vec4 0, 0, 1;
    %ix/getv/s 3, v0x614125b9a030_0;
    %ix/load 4, 0, 0; Constant delay
    %assign/vec4/a/d v0x614125b9be80, 0, 4;
    %pushi/vec4 0, 0, 8;
    %ix/getv/s 3, v0x614125b9a030_0;
    %ix/load 4, 0, 0; Constant delay
    %assign/vec4/a/d v0x614125b9b360, 0, 4;
    %pushi/vec4 0, 0, 8;
    %ix/getv/s 3, v0x614125b9a030_0;
    %ix/load 4, 0, 0; Constant delay
    %assign/vec4/a/d v0x614125b9aa00, 0, 4;
    %pushi/vec4 0, 0, 8;
    %ix/getv/s 3, v0x614125b9a030_0;
    %ix/load 4, 0, 0; Constant delay
    %assign/vec4/a/d v0x614125b9acc0, 0, 4;
    %pushi/vec4 0, 0, 8;
    %ix/getv/s 3, v0x614125b9a030_0;
    %ix/load 4, 0, 0; Constant delay
    %assign/vec4/a/d v0x614125b9a940, 0, 4;
    %pushi/vec4 0, 0, 8;
    %ix/getv/s 3, v0x614125b9a030_0;
    %ix/load 4, 0, 0; Constant delay
    %assign/vec4/a/d v0x614125b9b010, 0, 4;
    %load/vec4 v0x614125b9a030_0;
    %addi 1, 0, 32;
    %store/vec4 v0x614125b9a030_0, 0, 32;
    %jmp T_9.2;
T_9.3 ;
    %jmp T_9.1;
T_9.0 ;
    %pushi/vec4 0, 0, 1;
    %assign/vec4 v0x614125b99e90_0, 0;
    %pushi/vec4 0, 0, 1;
    %assign/vec4 v0x614125b9b420_0, 0;
    %pushi/vec4 0, 0, 1;
    %assign/vec4 v0x614125b9a1f0_0, 0;
    %load/vec4 v0x614125b99510_0;
    %flag_set/vec4 8;
    %jmp/0xz  T_9.4, 8;
    %load/vec4 v0x614125b995f0_0;
    %flag_set/vec4 8;
    %jmp/0xz  T_9.6, 8;
    %load/vec4 v0x614125b99b70_0;
    %load/vec4 v0x614125b996b0_0;
    %pad/u 6;
    %ix/vec4 3;
    %ix/load 4, 0, 0; Constant delay
    %assign/vec4/a/d v0x614125b9b360, 0, 4;
    %load/vec4 v0x614125b99880_0;
    %load/vec4 v0x614125b996b0_0;
    %pad/u 6;
    %ix/vec4 3;
    %ix/load 4, 0, 0; Constant delay
    %assign/vec4/a/d v0x614125b9aa00, 0, 4;
    %load/vec4 v0x614125b999b0_0;
    %load/vec4 v0x614125b996b0_0;
    %pad/u 6;
    %ix/vec4 3;
    %ix/load 4, 0, 0; Constant delay
    %assign/vec4/a/d v0x614125b9acc0, 0, 4;
    %load/vec4 v0x614125b997a0_0;
    %load/vec4 v0x614125b996b0_0;
    %pad/u 6;
    %ix/vec4 3;
    %ix/load 4, 0, 0; Constant delay
    %assign/vec4/a/d v0x614125b9a940, 0, 4;
    %load/vec4 v0x614125b99a90_0;
    %load/vec4 v0x614125b996b0_0;
    %pad/u 6;
    %ix/vec4 3;
    %ix/load 4, 0, 0; Constant delay
    %assign/vec4/a/d v0x614125b9b010, 0, 4;
    %jmp T_9.7;
T_9.6 ;
    %load/vec4 v0x614125b99db0_0;
    %pad/u 6;
    %ix/vec4 4;
    %load/vec4a v0x614125b9be80, 4;
    %flag_set/vec4 8;
    %jmp/0xz  T_9.8, 8;
    %load/vec4 v0x614125b99cf0_0;
    %addi 1, 0, 32;
    %assign/vec4 v0x614125b99cf0_0, 0;
T_9.8 ;
    %load/vec4 v0x614125b99b70_0;
    %load/vec4 v0x614125b99db0_0;
    %pad/u 6;
    %ix/vec4 3;
    %ix/load 4, 0, 0; Constant delay
    %assign/vec4/a/d v0x614125b9b360, 0, 4;
    %load/vec4 v0x614125b99880_0;
    %load/vec4 v0x614125b99db0_0;
    %pad/u 6;
    %ix/vec4 3;
    %ix/load 4, 0, 0; Constant delay
    %assign/vec4/a/d v0x614125b9aa00, 0, 4;
    %load/vec4 v0x614125b999b0_0;
    %load/vec4 v0x614125b99db0_0;
    %pad/u 6;
    %ix/vec4 3;
    %ix/load 4, 0, 0; Constant delay
    %assign/vec4/a/d v0x614125b9acc0, 0, 4;
    %load/vec4 v0x614125b997a0_0;
    %load/vec4 v0x614125b99db0_0;
    %pad/u 6;
    %ix/vec4 3;
    %ix/load 4, 0, 0; Constant delay
    %assign/vec4/a/d v0x614125b9a940, 0, 4;
    %load/vec4 v0x614125b99a90_0;
    %load/vec4 v0x614125b99db0_0;
    %pad/u 6;
    %ix/vec4 3;
    %ix/load 4, 0, 0; Constant delay
    %assign/vec4/a/d v0x614125b9b010, 0, 4;
    %pushi/vec4 1, 0, 1;
    %load/vec4 v0x614125b99db0_0;
    %pad/u 6;
    %ix/vec4 3;
    %ix/load 4, 0, 0; Constant delay
    %assign/vec4/a/d v0x614125b9be80, 0, 4;
    %load/vec4 v0x614125b99db0_0;
    %addi 1, 0, 4;
    %assign/vec4 v0x614125b99db0_0, 0;
T_9.7 ;
    %pushi/vec4 1, 0, 1;
    %assign/vec4 v0x614125b9a1f0_0, 0;
    %load/vec4 v0x614125b9a110_0;
    %addi 1, 0, 32;
    %assign/vec4 v0x614125b9a110_0, 0;
    %jmp T_9.5;
T_9.4 ;
    %load/vec4 v0x614125b9bc30_0;
    %flag_set/vec4 8;
    %jmp/0xz  T_9.10, 8;
    %load/vec4 v0x614125b9a7a0_0;
    %flag_set/vec4 8;
    %jmp/0xz  T_9.12, 8;
    %pushi/vec4 1, 0, 1;
    %assign/vec4 v0x614125b99e90_0, 0;
    %load/vec4 v0x614125b9a860_0;
    %pad/u 6;
    %ix/vec4 4;
    %load/vec4a v0x614125b9b360, 4;
    %assign/vec4 v0x614125b9bb50_0, 0;
    %load/vec4 v0x614125b9a860_0;
    %pad/u 6;
    %ix/vec4 4;
    %load/vec4a v0x614125b9aa00, 4;
    %assign/vec4 v0x614125b9b6a0_0, 0;
    %load/vec4 v0x614125b9a860_0;
    %pad/u 6;
    %ix/vec4 4;
    %load/vec4a v0x614125b9acc0, 4;
    %assign/vec4 v0x614125b9b990_0, 0;
    %load/vec4 v0x614125b9a860_0;
    %pad/u 6;
    %ix/vec4 4;
    %load/vec4a v0x614125b9a940, 4;
    %assign/vec4 v0x614125b9b5c0_0, 0;
    %load/vec4 v0x614125b9a860_0;
    %pad/u 6;
    %ix/vec4 4;
    %load/vec4a v0x614125b9b010, 4;
    %assign/vec4 v0x614125b9ba70_0, 0;
    %load/vec4 v0x614125b99f50_0;
    %addi 1, 0, 32;
    %assign/vec4 v0x614125b99f50_0, 0;
    %jmp T_9.13;
T_9.12 ;
    %pushi/vec4 1, 0, 1;
    %assign/vec4 v0x614125b9b420_0, 0;
    %load/vec4 v0x614125b99db0_0;
    %pad/u 6;
    %ix/vec4 4;
    %load/vec4a v0x614125b9be80, 4;
    %flag_set/vec4 8;
    %jmp/0xz  T_9.14, 8;
    %load/vec4 v0x614125b99cf0_0;
    %addi 1, 0, 32;
    %assign/vec4 v0x614125b99cf0_0, 0;
T_9.14 ;
    %load/vec4 v0x614125b9a610_0;
    %load/vec4 v0x614125b99db0_0;
    %pad/u 6;
    %ix/vec4 3;
    %ix/load 4, 0, 0; Constant delay
    %assign/vec4/a/d v0x614125b9b360, 0, 4;
    %load/vec4 v0x614125b9a3a0_0;
    %load/vec4 v0x614125b99db0_0;
    %pad/u 6;
    %ix/vec4 3;
    %ix/load 4, 0, 0; Constant delay
    %assign/vec4/a/d v0x614125b9aa00, 0, 4;
    %load/vec4 v0x614125b9a470_0;
    %load/vec4 v0x614125b99db0_0;
    %pad/u 6;
    %ix/vec4 3;
    %ix/load 4, 0, 0; Constant delay
    %assign/vec4/a/d v0x614125b9acc0, 0, 4;
    %load/vec4 v0x614125b9a2b0_0;
    %load/vec4 v0x614125b99db0_0;
    %pad/u 6;
    %ix/vec4 3;
    %ix/load 4, 0, 0; Constant delay
    %assign/vec4/a/d v0x614125b9a940, 0, 4;
    %load/vec4 v0x614125b9a540_0;
    %load/vec4 v0x614125b99db0_0;
    %pad/u 6;
    %ix/vec4 3;
    %ix/load 4, 0, 0; Constant delay
    %assign/vec4/a/d v0x614125b9b010, 0, 4;
    %pushi/vec4 1, 0, 1;
    %load/vec4 v0x614125b99db0_0;
    %pad/u 6;
    %ix/vec4 3;
    %ix/load 4, 0, 0; Constant delay
    %assign/vec4/a/d v0x614125b9be80, 0, 4;
    %load/vec4 v0x614125b9a610_0;
    %assign/vec4 v0x614125b9bb50_0, 0;
    %load/vec4 v0x614125b9a3a0_0;
    %assign/vec4 v0x614125b9b6a0_0, 0;
    %load/vec4 v0x614125b9a470_0;
    %assign/vec4 v0x614125b9b990_0, 0;
    %load/vec4 v0x614125b9a2b0_0;
    %assign/vec4 v0x614125b9b5c0_0, 0;
    %load/vec4 v0x614125b9a540_0;
    %assign/vec4 v0x614125b9ba70_0, 0;
    %load/vec4 v0x614125b99db0_0;
    %addi 1, 0, 4;
    %assign/vec4 v0x614125b99db0_0, 0;
    %load/vec4 v0x614125b9b4e0_0;
    %addi 1, 0, 32;
    %assign/vec4 v0x614125b9b4e0_0, 0;
    %load/vec4 v0x614125b9bdc0_0;
    %addi 1, 0, 32;
    %assign/vec4 v0x614125b9bdc0_0, 0;
T_9.13 ;
T_9.10 ;
T_9.5 ;
T_9.1 ;
    %jmp T_9;
    .thread T_9;
    .scope S_0x614125b9c510;
T_10 ;
Ewait_4 .event/or E_0x614125b9cea0, E_0x0;
    %wait Ewait_4;
    %pushi/vec4 0, 0, 1;
    %store/vec4 v0x614125b9e470_0, 0, 1;
    %pushi/vec4 0, 0, 4;
    %store/vec4 v0x614125b9e530_0, 0, 4;
    %pushi/vec4 0, 0, 32;
    %store/vec4 v0x614125b9e390_0, 0, 32;
T_10.0 ;
    %load/vec4 v0x614125b9e390_0;
    %cmpi/s 16, 0, 32;
    %jmp/0xz T_10.1, 5;
    %ix/getv/s 4, v0x614125b9e390_0;
    %load/vec4a v0x614125b9fb90, 4;
    %flag_set/vec4 11;
    %flag_get/vec4 11;
    %jmp/0 T_10.6, 11;
    %ix/getv/s 4, v0x614125b9e390_0;
    %load/vec4a v0x614125b9e6d0, 4;
    %load/vec4 v0x614125b9df50_0;
    %cmp/e;
    %flag_get/vec4 4;
    %and;
T_10.6;
    %flag_set/vec4 10;
    %flag_get/vec4 10;
    %jmp/0 T_10.5, 10;
    %ix/getv/s 4, v0x614125b9e390_0;
    %load/vec4a v0x614125b9e990, 4;
    %load/vec4 v0x614125b9e060_0;
    %cmp/e;
    %flag_get/vec4 4;
    %and;
T_10.5;
    %flag_set/vec4 9;
    %flag_get/vec4 9;
    %jmp/0 T_10.4, 9;
    %ix/getv/s 4, v0x614125b9e390_0;
    %load/vec4a v0x614125b9ece0, 4;
    %load/vec4 v0x614125b9e170_0;
    %cmp/e;
    %flag_get/vec4 4;
    %and;
T_10.4;
    %flag_set/vec4 8;
    %jmp/0xz  T_10.2, 8;
    %pushi/vec4 1, 0, 1;
    %store/vec4 v0x614125b9e470_0, 0, 1;
    %load/vec4 v0x614125b9e390_0;
    %pad/s 4;
    %store/vec4 v0x614125b9e530_0, 0, 4;
T_10.2 ;
    %load/vec4 v0x614125b9e390_0;
    %addi 1, 0, 32;
    %store/vec4 v0x614125b9e390_0, 0, 32;
    %jmp T_10.0;
T_10.1 ;
    %jmp T_10;
    .thread T_10, $push;
    .scope S_0x614125b9c510;
T_11 ;
Ewait_5 .event/or E_0x614125b9cc40, E_0x0;
    %wait Ewait_5;
    %pushi/vec4 0, 0, 1;
    %store/vec4 v0x614125b9d1e0_0, 0, 1;
    %pushi/vec4 0, 0, 4;
    %store/vec4 v0x614125b9d2a0_0, 0, 4;
    %pushi/vec4 0, 0, 32;
    %store/vec4 v0x614125b9e390_0, 0, 32;
T_11.0 ;
    %load/vec4 v0x614125b9e390_0;
    %cmpi/s 16, 0, 32;
    %jmp/0xz T_11.1, 5;
    %ix/getv/s 4, v0x614125b9e390_0;
    %load/vec4a v0x614125b9fb90, 4;
    %flag_set/vec4 11;
    %flag_get/vec4 11;
    %jmp/0 T_11.6, 11;
    %ix/getv/s 4, v0x614125b9e390_0;
    %load/vec4a v0x614125b9e6d0, 4;
    %load/vec4 v0x614125b9d480_0;
    %cmp/e;
    %flag_get/vec4 4;
    %and;
T_11.6;
    %flag_set/vec4 10;
    %flag_get/vec4 10;
    %jmp/0 T_11.5, 10;
    %ix/getv/s 4, v0x614125b9e390_0;
    %load/vec4a v0x614125b9e990, 4;
    %load/vec4 v0x614125b9d570_0;
    %cmp/e;
    %flag_get/vec4 4;
    %and;
T_11.5;
    %flag_set/vec4 9;
    %flag_get/vec4 9;
    %jmp/0 T_11.4, 9;
    %ix/getv/s 4, v0x614125b9e390_0;
    %load/vec4a v0x614125b9ece0, 4;
    %load/vec4 v0x614125b9d640_0;
    %cmp/e;
    %flag_get/vec4 4;
    %and;
T_11.4;
    %flag_set/vec4 8;
    %jmp/0xz  T_11.2, 8;
    %pushi/vec4 1, 0, 1;
    %store/vec4 v0x614125b9d1e0_0, 0, 1;
    %load/vec4 v0x614125b9e390_0;
    %pad/s 4;
    %store/vec4 v0x614125b9d2a0_0, 0, 4;
T_11.2 ;
    %load/vec4 v0x614125b9e390_0;
    %addi 1, 0, 32;
    %store/vec4 v0x614125b9e390_0, 0, 32;
    %jmp T_11.0;
T_11.1 ;
    %jmp T_11;
    .thread T_11, $push;
    .scope S_0x614125b9c510;
T_12 ;
    %wait E_0x614125b07df0;
    %load/vec4 v0x614125b9f9c0_0;
    %flag_set/vec4 8;
    %jmp/0xz  T_12.0, 8;
    %pushi/vec4 0, 0, 4;
    %assign/vec4 v0x614125b9d940_0, 0;
    %pushi/vec4 0, 0, 1;
    %assign/vec4 v0x614125b9da20_0, 0;
    %pushi/vec4 0, 0, 1;
    %assign/vec4 v0x614125b9f0f0_0, 0;
    %pushi/vec4 0, 0, 1;
    %assign/vec4 v0x614125b9dd80_0, 0;
    %pushi/vec4 0, 0, 8;
    %assign/vec4 v0x614125b9f820_0, 0;
    %pushi/vec4 0, 0, 8;
    %assign/vec4 v0x614125b9f370_0, 0;
    %pushi/vec4 0, 0, 8;
    %assign/vec4 v0x614125b9f660_0, 0;
    %pushi/vec4 0, 0, 8;
    %assign/vec4 v0x614125b9f290_0, 0;
    %pushi/vec4 0, 0, 8;
    %assign/vec4 v0x614125b9f740_0, 0;
    %pushi/vec4 0, 0, 32;
    %assign/vec4 v0x614125b9dae0_0, 0;
    %pushi/vec4 0, 0, 32;
    %assign/vec4 v0x614125b9f1b0_0, 0;
    %pushi/vec4 0, 0, 32;
    %assign/vec4 v0x614125b9fab0_0, 0;
    %pushi/vec4 0, 0, 32;
    %assign/vec4 v0x614125b9d880_0, 0;
    %pushi/vec4 0, 0, 32;
    %assign/vec4 v0x614125b9dca0_0, 0;
    %pushi/vec4 0, 0, 32;
    %store/vec4 v0x614125b9dbc0_0, 0, 32;
T_12.2 ;
    %load/vec4 v0x614125b9dbc0_0;
    %cmpi/s 16, 0, 32;
    %jmp/0xz T_12.3, 5;
    %pushi/vec4 0, 0, 1;
    %ix/getv/s 3, v0x614125b9dbc0_0;
    %ix/load 4, 0, 0; Constant delay
    %assign/vec4/a/d v0x614125b9fb90, 0, 4;
    %pushi/vec4 0, 0, 8;
    %ix/getv/s 3, v0x614125b9dbc0_0;
    %ix/load 4, 0, 0; Constant delay
    %assign/vec4/a/d v0x614125b9f030, 0, 4;
    %pushi/vec4 0, 0, 8;
    %ix/getv/s 3, v0x614125b9dbc0_0;
    %ix/load 4, 0, 0; Constant delay
    %assign/vec4/a/d v0x614125b9e6d0, 0, 4;
    %pushi/vec4 0, 0, 8;
    %ix/getv/s 3, v0x614125b9dbc0_0;
    %ix/load 4, 0, 0; Constant delay
    %assign/vec4/a/d v0x614125b9e990, 0, 4;
    %pushi/vec4 0, 0, 8;
    %ix/getv/s 3, v0x614125b9dbc0_0;
    %ix/load 4, 0, 0; Constant delay
    %assign/vec4/a/d v0x614125b9e610, 0, 4;
    %pushi/vec4 0, 0, 8;
    %ix/getv/s 3, v0x614125b9dbc0_0;
    %ix/load 4, 0, 0; Constant delay
    %assign/vec4/a/d v0x614125b9ece0, 0, 4;
    %load/vec4 v0x614125b9dbc0_0;
    %addi 1, 0, 32;
    %store/vec4 v0x614125b9dbc0_0, 0, 32;
    %jmp T_12.2;
T_12.3 ;
    %jmp T_12.1;
T_12.0 ;
    %pushi/vec4 0, 0, 1;
    %assign/vec4 v0x614125b9da20_0, 0;
    %pushi/vec4 0, 0, 1;
    %assign/vec4 v0x614125b9f0f0_0, 0;
    %pushi/vec4 0, 0, 1;
    %assign/vec4 v0x614125b9dd80_0, 0;
    %load/vec4 v0x614125b9d100_0;
    %flag_set/vec4 8;
    %jmp/0xz  T_12.4, 8;
    %load/vec4 v0x614125b9d1e0_0;
    %flag_set/vec4 8;
    %jmp/0xz  T_12.6, 8;
    %load/vec4 v0x614125b9d710_0;
    %load/vec4 v0x614125b9d2a0_0;
    %pad/u 6;
    %ix/vec4 3;
    %ix/load 4, 0, 0; Constant delay
    %assign/vec4/a/d v0x614125b9f030, 0, 4;
    %load/vec4 v0x614125b9d480_0;
    %load/vec4 v0x614125b9d2a0_0;
    %pad/u 6;
    %ix/vec4 3;
    %ix/load 4, 0, 0; Constant delay
    %assign/vec4/a/d v0x614125b9e6d0, 0, 4;
    %load/vec4 v0x614125b9d570_0;
    %load/vec4 v0x614125b9d2a0_0;
    %pad/u 6;
    %ix/vec4 3;
    %ix/load 4, 0, 0; Constant delay
    %assign/vec4/a/d v0x614125b9e990, 0, 4;
    %load/vec4 v0x614125b9d390_0;
    %load/vec4 v0x614125b9d2a0_0;
    %pad/u 6;
    %ix/vec4 3;
    %ix/load 4, 0, 0; Constant delay
    %assign/vec4/a/d v0x614125b9e610, 0, 4;
    %load/vec4 v0x614125b9d640_0;
    %load/vec4 v0x614125b9d2a0_0;
    %pad/u 6;
    %ix/vec4 3;
    %ix/load 4, 0, 0; Constant delay
    %assign/vec4/a/d v0x614125b9ece0, 0, 4;
    %jmp T_12.7;
T_12.6 ;
    %load/vec4 v0x614125b9d940_0;
    %pad/u 6;
    %ix/vec4 4;
    %load/vec4a v0x614125b9fb90, 4;
    %flag_set/vec4 8;
    %jmp/0xz  T_12.8, 8;
    %load/vec4 v0x614125b9d880_0;
    %addi 1, 0, 32;
    %assign/vec4 v0x614125b9d880_0, 0;
T_12.8 ;
    %load/vec4 v0x614125b9d710_0;
    %load/vec4 v0x614125b9d940_0;
    %pad/u 6;
    %ix/vec4 3;
    %ix/load 4, 0, 0; Constant delay
    %assign/vec4/a/d v0x614125b9f030, 0, 4;
    %load/vec4 v0x614125b9d480_0;
    %load/vec4 v0x614125b9d940_0;
    %pad/u 6;
    %ix/vec4 3;
    %ix/load 4, 0, 0; Constant delay
    %assign/vec4/a/d v0x614125b9e6d0, 0, 4;
    %load/vec4 v0x614125b9d570_0;
    %load/vec4 v0x614125b9d940_0;
    %pad/u 6;
    %ix/vec4 3;
    %ix/load 4, 0, 0; Constant delay
    %assign/vec4/a/d v0x614125b9e990, 0, 4;
    %load/vec4 v0x614125b9d390_0;
    %load/vec4 v0x614125b9d940_0;
    %pad/u 6;
    %ix/vec4 3;
    %ix/load 4, 0, 0; Constant delay
    %assign/vec4/a/d v0x614125b9e610, 0, 4;
    %load/vec4 v0x614125b9d640_0;
    %load/vec4 v0x614125b9d940_0;
    %pad/u 6;
    %ix/vec4 3;
    %ix/load 4, 0, 0; Constant delay
    %assign/vec4/a/d v0x614125b9ece0, 0, 4;
    %pushi/vec4 1, 0, 1;
    %load/vec4 v0x614125b9d940_0;
    %pad/u 6;
    %ix/vec4 3;
    %ix/load 4, 0, 0; Constant delay
    %assign/vec4/a/d v0x614125b9fb90, 0, 4;
    %load/vec4 v0x614125b9d940_0;
    %addi 1, 0, 4;
    %assign/vec4 v0x614125b9d940_0, 0;
T_12.7 ;
    %pushi/vec4 1, 0, 1;
    %assign/vec4 v0x614125b9dd80_0, 0;
    %load/vec4 v0x614125b9dca0_0;
    %addi 1, 0, 32;
    %assign/vec4 v0x614125b9dca0_0, 0;
    %jmp T_12.5;
T_12.4 ;
    %load/vec4 v0x614125b9f900_0;
    %flag_set/vec4 8;
    %jmp/0xz  T_12.10, 8;
    %load/vec4 v0x614125b9e470_0;
    %flag_set/vec4 8;
    %jmp/0xz  T_12.12, 8;
    %pushi/vec4 1, 0, 1;
    %assign/vec4 v0x614125b9da20_0, 0;
    %load/vec4 v0x614125b9e530_0;
    %pad/u 6;
    %ix/vec4 4;
    %load/vec4a v0x614125b9f030, 4;
    %assign/vec4 v0x614125b9f820_0, 0;
    %load/vec4 v0x614125b9e530_0;
    %pad/u 6;
    %ix/vec4 4;
    %load/vec4a v0x614125b9e6d0, 4;
    %assign/vec4 v0x614125b9f370_0, 0;
    %load/vec4 v0x614125b9e530_0;
    %pad/u 6;
    %ix/vec4 4;
    %load/vec4a v0x614125b9e990, 4;
    %assign/vec4 v0x614125b9f660_0, 0;
    %load/vec4 v0x614125b9e530_0;
    %pad/u 6;
    %ix/vec4 4;
    %load/vec4a v0x614125b9e610, 4;
    %assign/vec4 v0x614125b9f290_0, 0;
    %load/vec4 v0x614125b9e530_0;
    %pad/u 6;
    %ix/vec4 4;
    %load/vec4a v0x614125b9ece0, 4;
    %assign/vec4 v0x614125b9f740_0, 0;
    %load/vec4 v0x614125b9dae0_0;
    %addi 1, 0, 32;
    %assign/vec4 v0x614125b9dae0_0, 0;
    %jmp T_12.13;
T_12.12 ;
    %pushi/vec4 1, 0, 1;
    %assign/vec4 v0x614125b9f0f0_0, 0;
    %load/vec4 v0x614125b9d940_0;
    %pad/u 6;
    %ix/vec4 4;
    %load/vec4a v0x614125b9fb90, 4;
    %flag_set/vec4 8;
    %jmp/0xz  T_12.14, 8;
    %load/vec4 v0x614125b9d880_0;
    %addi 1, 0, 32;
    %assign/vec4 v0x614125b9d880_0, 0;
T_12.14 ;
    %load/vec4 v0x614125b9e280_0;
    %load/vec4 v0x614125b9d940_0;
    %pad/u 6;
    %ix/vec4 3;
    %ix/load 4, 0, 0; Constant delay
    %assign/vec4/a/d v0x614125b9f030, 0, 4;
    %load/vec4 v0x614125b9df50_0;
    %load/vec4 v0x614125b9d940_0;
    %pad/u 6;
    %ix/vec4 3;
    %ix/load 4, 0, 0; Constant delay
    %assign/vec4/a/d v0x614125b9e6d0, 0, 4;
    %load/vec4 v0x614125b9e060_0;
    %load/vec4 v0x614125b9d940_0;
    %pad/u 6;
    %ix/vec4 3;
    %ix/load 4, 0, 0; Constant delay
    %assign/vec4/a/d v0x614125b9e990, 0, 4;
    %load/vec4 v0x614125b9de40_0;
    %load/vec4 v0x614125b9d940_0;
    %pad/u 6;
    %ix/vec4 3;
    %ix/load 4, 0, 0; Constant delay
    %assign/vec4/a/d v0x614125b9e610, 0, 4;
    %load/vec4 v0x614125b9e170_0;
    %load/vec4 v0x614125b9d940_0;
    %pad/u 6;
    %ix/vec4 3;
    %ix/load 4, 0, 0; Constant delay
    %assign/vec4/a/d v0x614125b9ece0, 0, 4;
    %pushi/vec4 1, 0, 1;
    %load/vec4 v0x614125b9d940_0;
    %pad/u 6;
    %ix/vec4 3;
    %ix/load 4, 0, 0; Constant delay
    %assign/vec4/a/d v0x614125b9fb90, 0, 4;
    %load/vec4 v0x614125b9e280_0;
    %assign/vec4 v0x614125b9f820_0, 0;
    %load/vec4 v0x614125b9df50_0;
    %assign/vec4 v0x614125b9f370_0, 0;
    %load/vec4 v0x614125b9e060_0;
    %assign/vec4 v0x614125b9f660_0, 0;
    %load/vec4 v0x614125b9de40_0;
    %assign/vec4 v0x614125b9f290_0, 0;
    %load/vec4 v0x614125b9e170_0;
    %assign/vec4 v0x614125b9f740_0, 0;
    %load/vec4 v0x614125b9d940_0;
    %addi 1, 0, 4;
    %assign/vec4 v0x614125b9d940_0, 0;
    %load/vec4 v0x614125b9f1b0_0;
    %addi 1, 0, 32;
    %assign/vec4 v0x614125b9f1b0_0, 0;
    %load/vec4 v0x614125b9fab0_0;
    %addi 1, 0, 32;
    %assign/vec4 v0x614125b9fab0_0, 0;
T_12.13 ;
T_12.10 ;
T_12.5 ;
T_12.1 ;
    %jmp T_12;
    .thread T_12;
    .scope S_0x614125b97870;
T_13 ;
Ewait_6 .event/or E_0x614125ab7c10, E_0x0;
    %wait Ewait_6;
    %load/vec4 v0x614125ba26f0_0;
    %cmpi/e 0, 0, 1;
    %jmp/0xz  T_13.0, 4;
    %load/vec4 v0x614125ba33a0_0;
    %store/vec4 v0x614125ba2880_0, 0, 8;
    %load/vec4 v0x614125ba2f90_0;
    %store/vec4 v0x614125ba24d0_0, 0, 8;
    %load/vec4 v0x614125ba3060_0;
    %store/vec4 v0x614125ba25e0_0, 0, 8;
    %load/vec4 v0x614125ba2ec0_0;
    %store/vec4 v0x614125ba2410_0, 0, 8;
    %load/vec4 v0x614125ba3200_0;
    %store/vec4 v0x614125ba2790_0, 0, 8;
    %jmp T_13.1;
T_13.0 ;
    %load/vec4 v0x614125ba3fd0_0;
    %store/vec4 v0x614125ba2880_0, 0, 8;
    %load/vec4 v0x614125ba3bc0_0;
    %store/vec4 v0x614125ba24d0_0, 0, 8;
    %load/vec4 v0x614125ba3c90_0;
    %store/vec4 v0x614125ba25e0_0, 0, 8;
    %load/vec4 v0x614125ba3af0_0;
    %store/vec4 v0x614125ba2410_0, 0, 8;
    %load/vec4 v0x614125ba3e30_0;
    %store/vec4 v0x614125ba2790_0, 0, 8;
T_13.1 ;
    %jmp T_13;
    .thread T_13, $push;
    .scope S_0x614125b97870;
T_14 ;
Ewait_7 .event/or E_0x614125b05a80, E_0x0;
    %wait Ewait_7;
    %load/vec4 v0x614125ba1260_0;
    %cmpi/e 0, 0, 1;
    %jmp/0xz  T_14.0, 4;
    %load/vec4 v0x614125ba2ad0_0;
    %store/vec4 v0x614125ba18e0_0, 0, 1;
    %load/vec4 v0x614125ba2d50_0;
    %store/vec4 v0x614125ba19a0_0, 0, 1;
    %load/vec4 v0x614125ba33a0_0;
    %store/vec4 v0x614125ba1800_0, 0, 8;
    %load/vec4 v0x614125ba2f90_0;
    %store/vec4 v0x614125ba1560_0, 0, 8;
    %load/vec4 v0x614125ba3060_0;
    %store/vec4 v0x614125ba1640_0, 0, 8;
    %load/vec4 v0x614125ba2ec0_0;
    %store/vec4 v0x614125ba1480_0, 0, 8;
    %load/vec4 v0x614125ba3200_0;
    %store/vec4 v0x614125ba1720_0, 0, 8;
    %jmp T_14.1;
T_14.0 ;
    %load/vec4 v0x614125ba3610_0;
    %store/vec4 v0x614125ba18e0_0, 0, 1;
    %load/vec4 v0x614125ba3950_0;
    %store/vec4 v0x614125ba19a0_0, 0, 1;
    %load/vec4 v0x614125ba3fd0_0;
    %store/vec4 v0x614125ba1800_0, 0, 8;
    %load/vec4 v0x614125ba3bc0_0;
    %store/vec4 v0x614125ba1560_0, 0, 8;
    %load/vec4 v0x614125ba3c90_0;
    %store/vec4 v0x614125ba1640_0, 0, 8;
    %load/vec4 v0x614125ba3af0_0;
    %store/vec4 v0x614125ba1480_0, 0, 8;
    %load/vec4 v0x614125ba3e30_0;
    %store/vec4 v0x614125ba1720_0, 0, 8;
T_14.1 ;
    %jmp T_14;
    .thread T_14, $push;
    .scope S_0x614125b7b2d0;
T_15 ;
    %delay 5000, 0;
    %load/vec4 v0x614125ba74d0_0;
    %inv;
    %store/vec4 v0x614125ba74d0_0, 0, 1;
    %jmp T_15;
    .thread T_15;
    .scope S_0x614125b7b2d0;
T_16 ;
    %vpi_call/w 3 197 "$dumpfile", "sim/v4/ifa_v4_onile_delegation_top.vcd" {0 0 0};
    %vpi_call/w 3 198 "$dumpvars", 32'sb00000000000000000000000000000000, S_0x614125b7b2d0 {0 0 0};
    %pushi/vec4 0, 0, 1;
    %store/vec4 v0x614125ba74d0_0, 0, 1;
    %pushi/vec4 1, 0, 1;
    %store/vec4 v0x614125ba8120_0, 0, 1;
    %pushi/vec4 0, 0, 1;
    %store/vec4 v0x614125ba6d00_0, 0, 1;
    %pushi/vec4 0, 0, 1;
    %store/vec4 v0x614125ba7810_0, 0, 1;
    %pushi/vec4 0, 0, 8;
    %store/vec4 v0x614125ba6b60_0, 0, 8;
    %pushi/vec4 0, 0, 8;
    %store/vec4 v0x614125ba6c40_0, 0, 8;
    %pushi/vec4 0, 0, 1;
    %store/vec4 v0x614125ba7110_0, 0, 1;
    %pushi/vec4 0, 0, 1;
    %store/vec4 v0x614125ba7720_0, 0, 1;
    %pushi/vec4 0, 0, 1;
    %store/vec4 v0x614125ba7e50_0, 0, 1;
    %pushi/vec4 0, 0, 1;
    %store/vec4 v0x614125ba6ee0_0, 0, 1;
    %pushi/vec4 1, 0, 1;
    %store/vec4 v0x614125ba6df0_0, 0, 1;
    %pushi/vec4 0, 0, 1;
    %store/vec4 v0x614125ba8260_0, 0, 1;
    %pushi/vec4 0, 0, 1;
    %store/vec4 v0x614125ba85d0_0, 0, 1;
    %pushi/vec4 1, 0, 1;
    %store/vec4 v0x614125ba8440_0, 0, 1;
    %pushi/vec4 0, 0, 1;
    %store/vec4 v0x614125ba7200_0, 0, 1;
    %pushi/vec4 0, 0, 1;
    %store/vec4 v0x614125ba72c0_0, 0, 1;
    %pushi/vec4 0, 0, 1;
    %store/vec4 v0x614125ba7410_0, 0, 1;
    %pushi/vec4 3, 0, 32;
T_16.0 %dup/vec4;
    %pushi/vec4 0, 0, 32;
    %cmp/s;
    %jmp/1xz T_16.1, 5;
    %jmp/1 T_16.1, 4;
    %pushi/vec4 1, 0, 32;
    %sub;
    %wait E_0x614125b06870;
    %jmp T_16.0;
T_16.1 ;
    %pop/vec4 1;
    %pushi/vec4 0, 0, 1;
    %store/vec4 v0x614125ba8120_0, 0, 1;
    %vpi_call/w 3 226 "$display", "============================================================" {0 0 0};
    %vpi_call/w 3 227 "$display", "IF\303\201 V4 ON\303\215L\341\272\270\314\200 AUTHORIZED DELEGATION INTEGRATION TEST" {0 0 0};
    %vpi_call/w 3 228 "$display", "============================================================" {0 0 0};
    %alloc S_0x614125ba6330;
    %pushi/vec4 0, 0, 1;
    %store/vec4 v0x614125ba66f0_0, 0, 1;
    %pushi/vec4 33, 0, 8;
    %store/vec4 v0x614125ba6510_0, 0, 8;
    %pushi/vec4 66, 0, 8;
    %store/vec4 v0x614125ba6610_0, 0, 8;
    %fork TD_tb_ifa_v4_onile_delegation_top.execute_relation, S_0x614125ba6330;
    %join;
    %free S_0x614125ba6330;
    %load/vec4 v0x614125ba8030_0;
    %cmpi/ne 1, 0, 1;
    %jmp/0xz  T_16.2, 6;
    %vpi_call/w 3 234 "$fatal", 32'sb00000000000000000000000000000001, "YARA 0 first relation should MISS" {0 0 0};
T_16.2 ;
    %alloc S_0x614125ba6790;
    %pushi/vec4 0, 0, 1;
    %store/vec4 v0x614125ba6aa0_0, 0, 1;
    %pushi/vec4 1, 0, 1;
    %store/vec4 v0x614125ba69c0_0, 0, 1;
    %fork TD_tb_ifa_v4_onile_delegation_top.request_delegation, S_0x614125ba6790;
    %join;
    %free S_0x614125ba6790;
    %load/vec4 v0x614125ba72c0_0;
    %cmpi/ne 1, 0, 1;
    %jmp/0xz  T_16.4, 6;
    %vpi_call/w 3 240 "$fatal", 32'sb00000000000000000000000000000001, "Normal-mode delegation must be denied" {0 0 0};
T_16.4 ;
    %pushi/vec4 1, 0, 1;
    %store/vec4 v0x614125ba7110_0, 0, 1;
    %alloc S_0x614125ba6790;
    %pushi/vec4 0, 0, 1;
    %store/vec4 v0x614125ba6aa0_0, 0, 1;
    %pushi/vec4 1, 0, 1;
    %store/vec4 v0x614125ba69c0_0, 0, 1;
    %fork TD_tb_ifa_v4_onile_delegation_top.request_delegation, S_0x614125ba6790;
    %join;
    %free S_0x614125ba6790;
    %load/vec4 v0x614125ba72c0_0;
    %cmpi/ne 1, 0, 1;
    %jmp/0xz  T_16.6, 6;
    %vpi_call/w 3 248 "$fatal", 32'sb00000000000000000000000000000001, "Babalawo mode alone must not authorize sharing" {0 0 0};
T_16.6 ;
    %alloc S_0x614125b7b460;
    %pushi/vec4 0, 0, 1;
    %store/vec4 v0x614125b41300_0, 0, 1;
    %pushi/vec4 1, 0, 1;
    %store/vec4 v0x614125b42da0_0, 0, 1;
    %fork TD_tb_ifa_v4_onile_delegation_top.administer_grant, S_0x614125b7b460;
    %join;
    %free S_0x614125b7b460;
    %alloc S_0x614125ba6790;
    %pushi/vec4 0, 0, 1;
    %store/vec4 v0x614125ba6aa0_0, 0, 1;
    %pushi/vec4 1, 0, 1;
    %store/vec4 v0x614125ba69c0_0, 0, 1;
    %fork TD_tb_ifa_v4_onile_delegation_top.request_delegation, S_0x614125ba6790;
    %join;
    %free S_0x614125ba6790;
    %load/vec4 v0x614125ba7200_0;
    %cmpi/ne 1, 0, 1;
    %jmp/0xz  T_16.8, 6;
    %vpi_call/w 3 256 "$fatal", 32'sb00000000000000000000000000000001, "Granted delegation should be allowed" {0 0 0};
T_16.8 ;
    %load/vec4 v0x614125ba7410_0;
    %cmpi/ne 1, 0, 1;
    %jmp/0xz  T_16.10, 6;
    %vpi_call/w 3 259 "$fatal", 32'sb00000000000000000000000000000001, "Authorized Relation Frame import did not complete" {0 0 0};
T_16.10 ;
    %load/vec4 v0x614125ba8b80_0;
    %cmpi/ne 1, 0, 32;
    %jmp/0xz  T_16.12, 6;
    %vpi_call/w 3 262 "$fatal", 32'sb00000000000000000000000000000001, "Destination should record one imported frame" {0 0 0};
T_16.12 ;
    %pushi/vec4 0, 0, 1;
    %store/vec4 v0x614125ba7110_0, 0, 1;
    %alloc S_0x614125ba6330;
    %pushi/vec4 1, 0, 1;
    %store/vec4 v0x614125ba66f0_0, 0, 1;
    %pushi/vec4 33, 0, 8;
    %store/vec4 v0x614125ba6510_0, 0, 8;
    %pushi/vec4 66, 0, 8;
    %store/vec4 v0x614125ba6610_0, 0, 8;
    %fork TD_tb_ifa_v4_onile_delegation_top.execute_relation, S_0x614125ba6330;
    %join;
    %free S_0x614125ba6330;
    %load/vec4 v0x614125ba7f40_0;
    %cmpi/ne 1, 0, 1;
    %jmp/0xz  T_16.14, 6;
    %vpi_call/w 3 271 "$fatal", 32'sb00000000000000000000000000000001, "Delegated frame should produce destination HIT" {0 0 0};
T_16.14 ;
    %load/vec4 v0x614125ba7d40_0;
    %cmpi/ne 99, 0, 8;
    %jmp/1 T_16.21, 6;
    %flag_mov 8, 6;
    %load/vec4 v0x614125ba7a10_0;
    %cmpi/ne 0, 0, 8;
    %flag_or 6, 8;
T_16.21;
    %jmp/1 T_16.20, 6;
    %flag_mov 8, 6;
    %load/vec4 v0x614125ba7b20_0;
    %cmpi/ne 99, 0, 8;
    %flag_or 6, 8;
T_16.20;
    %jmp/1 T_16.19, 6;
    %flag_mov 8, 6;
    %load/vec4 v0x614125ba7900_0;
    %cmpi/ne 156, 0, 8;
    %flag_or 6, 8;
T_16.19;
    %jmp/1 T_16.18, 6;
    %flag_mov 8, 6;
    %load/vec4 v0x614125ba7c30_0;
    %cmpi/ne 0, 0, 8;
    %flag_or 6, 8;
T_16.18;
    %jmp/0xz  T_16.16, 6;
    %vpi_call/w 3 280 "$fatal", 32'sb00000000000000000000000000000001, "Delegated Relation Frame content was corrupted" {0 0 0};
T_16.16 ;
    %pushi/vec4 1, 0, 1;
    %store/vec4 v0x614125ba7110_0, 0, 1;
    %alloc S_0x614125b95b90;
    %pushi/vec4 0, 0, 1;
    %store/vec4 v0x614125b41be0_0, 0, 1;
    %pushi/vec4 1, 0, 1;
    %store/vec4 v0x614125b41850_0, 0, 1;
    %fork TD_tb_ifa_v4_onile_delegation_top.administer_revoke, S_0x614125b95b90;
    %join;
    %free S_0x614125b95b90;
    %alloc S_0x614125ba6790;
    %pushi/vec4 0, 0, 1;
    %store/vec4 v0x614125ba6aa0_0, 0, 1;
    %pushi/vec4 1, 0, 1;
    %store/vec4 v0x614125ba69c0_0, 0, 1;
    %fork TD_tb_ifa_v4_onile_delegation_top.request_delegation, S_0x614125ba6790;
    %join;
    %free S_0x614125ba6790;
    %load/vec4 v0x614125ba72c0_0;
    %cmpi/ne 1, 0, 1;
    %jmp/0xz  T_16.22, 6;
    %vpi_call/w 3 289 "$fatal", 32'sb00000000000000000000000000000001, "Revoked delegation must be denied" {0 0 0};
T_16.22 ;
    %vpi_call/w 3 291 "$display", "\000" {0 0 0};
    %vpi_call/w 3 292 "$display", "FINAL COUNTERS" {0 0 0};
    %vpi_call/w 3 293 "$display", "------------------------------------------------------------" {0 0 0};
    %vpi_call/w 3 294 "$display", "Allowed share requests = %0d", v0x614125ba7020_0 {0 0 0};
    %vpi_call/w 3 295 "$display", "Denied share requests  = %0d", v0x614125ba7570_0 {0 0 0};
    %vpi_call/w 3 296 "$display", "YARA 0 hits/misses/imports = %0d/%0d/%0d", v0x614125ba8670_0, v0x614125ba87f0_0, v0x614125ba8730_0 {0 0 0};
    %vpi_call/w 3 298 "$display", "YARA 1 hits/misses/imports = %0d/%0d/%0d", v0x614125ba8ac0_0, v0x614125ba8c40_0, v0x614125ba8b80_0 {0 0 0};
    %vpi_call/w 3 301 "$display", "============================================================" {0 0 0};
    %vpi_call/w 3 302 "$display", "PASS: Normal-mode frame delegation is denied" {0 0 0};
    %vpi_call/w 3 303 "$display", "PASS: Babal\303\241wo mode alone does not bypass isolation" {0 0 0};
    %vpi_call/w 3 304 "$display", "PASS: On\303\255l\341\272\271\314\200 grant authorizes real frame delegation" {0 0 0};
    %vpi_call/w 3 305 "$display", "PASS: Destination reuses delegated frame as local RMU HIT" {0 0 0};
    %vpi_call/w 3 306 "$display", "PASS: On\303\255l\341\272\271\314\200 revocation blocks later delegation" {0 0 0};
    %vpi_call/w 3 307 "$display", "============================================================" {0 0 0};
    %vpi_call/w 3 309 "$finish" {0 0 0};
    %end;
    .thread T_16;
# The file index is used to find the file name in the following table.
:file_names 9;
    "N/A";
    "<interactive>";
    "-";
    "tb/v4/tb_ifa_v4_onile_delegation_top.sv";
    "rtl/v4/ifa_v4_onile_delegation_top.sv";
    "rtl/v4/ifa_onile_supervisor.sv";
    "rtl/v4/ifa_yara_frame_share_core.sv";
    "rtl/v4/ifa_rpc_stub.sv";
    "rtl/v4/ifa_relation_memory_controller_admin.sv";
