#! /usr/bin/vvp
:ivl_version "12.0 (stable)";
:ivl_delay_selection "TYPICAL";
:vpi_time_precision - 12;
:vpi_module "/usr/lib/x86_64-linux-gnu/ivl/system.vpi";
:vpi_module "/usr/lib/x86_64-linux-gnu/ivl/vhdl_sys.vpi";
:vpi_module "/usr/lib/x86_64-linux-gnu/ivl/vhdl_textio.vpi";
:vpi_module "/usr/lib/x86_64-linux-gnu/ivl/v2005_math.vpi";
:vpi_module "/usr/lib/x86_64-linux-gnu/ivl/va_math.vpi";
:vpi_module "/usr/lib/x86_64-linux-gnu/ivl/v2009.vpi";
S_0x5da1be4f38e0 .scope package, "$unit" "$unit" 2 1;
 .timescale 0 0;
S_0x5da1be502560 .scope module, "tb_ifa_stack_memory_v4" "tb_ifa_stack_memory_v4" 3 3;
 .timescale -9 -12;
P_0x5da1be5026f0 .param/l "MAX_YARA" 1 3 6, +C4<00000000000000000000000000010000>;
P_0x5da1be502730 .param/l "SP_W" 1 3 9, +C4<00000000000000000000000000000100>;
P_0x5da1be502770 .param/l "STACK_DEPTH" 1 3 7, +C4<00000000000000000000000000010000>;
P_0x5da1be5027b0 .param/l "WIDTH" 1 3 5, +C4<00000000000000000000000000001000>;
P_0x5da1be5027f0 .param/l "YARA_W" 1 3 8, +C4<00000000000000000000000000000100>;
v0x5da1be52e380_0 .var "active_yara", 3 0;
v0x5da1be52e490_0 .var "clk", 0 0;
v0x5da1be52e560_0 .net "read_data", 7 0, v0x5da1be4e9a40_0;  1 drivers
v0x5da1be52e660_0 .net "read_done", 0 0, v0x5da1be52cf30_0;  1 drivers
v0x5da1be52e730_0 .var "read_valid", 0 0;
v0x5da1be52e820_0 .var "rst", 0 0;
v0x5da1be52e8f0_0 .net "stack_allowed", 0 0, v0x5da1be52d250_0;  1 drivers
v0x5da1be52e9c0_0 .net "stack_denied", 0 0, v0x5da1be52d310_0;  1 drivers
v0x5da1be52ea90_0 .var "stack_pointer", 3 0;
v0x5da1be52eb60_0 .var "write_data", 7 0;
v0x5da1be52ec30_0 .net "write_done", 0 0, v0x5da1be52d710_0;  1 drivers
v0x5da1be52ed00_0 .var "write_valid", 0 0;
S_0x5da1be4bd490 .scope module, "dut" "ifa_stack_memory_v4" 3 31, 4 12 0, S_0x5da1be502560;
 .timescale 0 0;
    .port_info 0 /INPUT 1 "clk";
    .port_info 1 /INPUT 1 "rst";
    .port_info 2 /INPUT 4 "active_yara";
    .port_info 3 /INPUT 4 "stack_pointer";
    .port_info 4 /INPUT 1 "write_valid";
    .port_info 5 /INPUT 1 "read_valid";
    .port_info 6 /INPUT 8 "write_data";
    .port_info 7 /OUTPUT 8 "read_data";
    .port_info 8 /OUTPUT 1 "write_done";
    .port_info 9 /OUTPUT 1 "read_done";
    .port_info 10 /OUTPUT 1 "stack_allowed";
    .port_info 11 /OUTPUT 1 "stack_denied";
P_0x5da1be4bd670 .param/l "ENTRY_WIDTH" 0 4 17, +C4<00000000000000000000000000001000>;
P_0x5da1be4bd6b0 .param/l "MAX_YARA" 0 4 19, +C4<00000000000000000000000000010000>;
P_0x5da1be4bd6f0 .param/l "PHYS_ADDR_W" 0 4 31, +C4<00000000000000000000000000001000>;
P_0x5da1be4bd730 .param/l "SP_W" 0 4 25, +C4<00000000000000000000000000000100>;
P_0x5da1be4bd770 .param/l "STACK_DEPTH" 0 4 20, +C4<00000000000000000000000000010000>;
P_0x5da1be4bd7b0 .param/l "TOTAL_DEPTH" 0 4 28, +C4<00000000000000000000000100000000>;
P_0x5da1be4bd7f0 .param/l "WIDTH" 0 4 14, +C4<00000000000000000000000000001000>;
P_0x5da1be4bd830 .param/l "YARA_W" 0 4 22, +C4<00000000000000000000000000000100>;
v0x5da1be4eb730_0 .net "active_yara", 3 0, v0x5da1be52e380_0;  1 drivers
v0x5da1be4e9240_0 .var "active_yara_valid", 0 0;
v0x5da1be4f0cb0_0 .net "clk", 0 0, v0x5da1be52e490_0;  1 drivers
v0x5da1be4ec0c0_0 .var "physical_address", 7 0;
v0x5da1be4e9a40_0 .var "read_data", 7 0;
v0x5da1be52cf30_0 .var "read_done", 0 0;
v0x5da1be52cff0_0 .net "read_valid", 0 0, v0x5da1be52e730_0;  1 drivers
v0x5da1be52d0b0_0 .var/i "reset_index", 31 0;
v0x5da1be52d190_0 .net "rst", 0 0, v0x5da1be52e820_0;  1 drivers
v0x5da1be52d250_0 .var "stack_allowed", 0 0;
v0x5da1be52d310_0 .var "stack_denied", 0 0;
v0x5da1be52d3d0 .array "stack_mem", 255 0, 7 0;
v0x5da1be52d490_0 .net "stack_pointer", 3 0, v0x5da1be52ea90_0;  1 drivers
v0x5da1be52d570_0 .var "stack_pointer_valid", 0 0;
v0x5da1be52d630_0 .net "write_data", 7 0, v0x5da1be52eb60_0;  1 drivers
v0x5da1be52d710_0 .var "write_done", 0 0;
v0x5da1be52d7d0_0 .net "write_valid", 0 0, v0x5da1be52ed00_0;  1 drivers
E_0x5da1be4f91b0 .event posedge, v0x5da1be4f0cb0_0;
E_0x5da1be4f9a20 .event anyedge, v0x5da1be4eb730_0, v0x5da1be52d490_0;
S_0x5da1be52da10 .scope autotask, "stack_read_check" "stack_read_check" 3 83, 3 83 0, S_0x5da1be502560;
 .timescale -9 -12;
v0x5da1be52dbe0_0 .var/i "expected", 31 0;
v0x5da1be52dce0_0 .var/i "sp", 31 0;
v0x5da1be52ddc0_0 .var/i "yara", 31 0;
E_0x5da1be4f89e0 .event negedge, v0x5da1be4f0cb0_0;
TD_tb_ifa_stack_memory_v4.stack_read_check ;
    %wait E_0x5da1be4f89e0;
    %load/vec4 v0x5da1be52ddc0_0;
    %parti/s 4, 0, 2;
    %store/vec4 v0x5da1be52e380_0, 0, 4;
    %load/vec4 v0x5da1be52dce0_0;
    %parti/s 4, 0, 2;
    %store/vec4 v0x5da1be52ea90_0, 0, 4;
    %pushi/vec4 1, 0, 1;
    %store/vec4 v0x5da1be52e730_0, 0, 1;
    %wait E_0x5da1be4f91b0;
    %delay 1000, 0;
    %load/vec4 v0x5da1be52e660_0;
    %nor/r;
    %flag_set/vec4 8;
    %jmp/1 T_0.3, 8;
    %load/vec4 v0x5da1be52e8f0_0;
    %nor/r;
    %flag_set/vec4 9;
    %flag_or 8, 9;
T_0.3;
    %jmp/1 T_0.2, 8;
    %load/vec4 v0x5da1be52e9c0_0;
    %flag_set/vec4 9;
    %flag_or 8, 9;
T_0.2;
    %jmp/0xz  T_0.0, 8;
    %vpi_call/w 3 99 "$fatal", 32'sb00000000000000000000000000000001, "READ FAILED YARA=%0d SP=%0d", v0x5da1be52ddc0_0, v0x5da1be52dce0_0 {0 0 0};
T_0.0 ;
    %load/vec4 v0x5da1be52e560_0;
    %load/vec4 v0x5da1be52dbe0_0;
    %parti/s 8, 0, 2;
    %cmp/ne;
    %jmp/0xz  T_0.4, 6;
    %vpi_call/w 3 108 "$fatal", 32'sb00000000000000000000000000000001, "READ MISMATCH YARA=%0d SP=%0d GOT=%02h EXPECTED=%02h", v0x5da1be52ddc0_0, v0x5da1be52dce0_0, v0x5da1be52e560_0, v0x5da1be52dbe0_0 {0 0 0};
T_0.4 ;
    %wait E_0x5da1be4f89e0;
    %pushi/vec4 0, 0, 1;
    %store/vec4 v0x5da1be52e730_0, 0, 1;
    %end;
S_0x5da1be52de80 .scope autotask, "stack_write" "stack_write" 3 52, 3 52 0, S_0x5da1be502560;
 .timescale -9 -12;
v0x5da1be52e0b0_0 .var/i "data", 31 0;
v0x5da1be52e1b0_0 .var/i "sp", 31 0;
v0x5da1be52e290_0 .var/i "yara", 31 0;
E_0x5da1be4e1c10 .event negedge, v0x5da1be4f0cb0_0;
TD_tb_ifa_stack_memory_v4.stack_write ;
    %wait E_0x5da1be4e1c10;
    %load/vec4 v0x5da1be52e290_0;
    %parti/s 4, 0, 2;
    %store/vec4 v0x5da1be52e380_0, 0, 4;
    %load/vec4 v0x5da1be52e1b0_0;
    %parti/s 4, 0, 2;
    %store/vec4 v0x5da1be52ea90_0, 0, 4;
    %load/vec4 v0x5da1be52e0b0_0;
    %parti/s 8, 0, 2;
    %store/vec4 v0x5da1be52eb60_0, 0, 8;
    %pushi/vec4 1, 0, 1;
    %store/vec4 v0x5da1be52ed00_0, 0, 1;
    %wait E_0x5da1be4f91b0;
    %delay 1000, 0;
    %load/vec4 v0x5da1be52ec30_0;
    %nor/r;
    %flag_set/vec4 8;
    %jmp/1 T_1.9, 8;
    %load/vec4 v0x5da1be52e8f0_0;
    %nor/r;
    %flag_set/vec4 9;
    %flag_or 8, 9;
T_1.9;
    %jmp/1 T_1.8, 8;
    %load/vec4 v0x5da1be52e9c0_0;
    %flag_set/vec4 9;
    %flag_or 8, 9;
T_1.8;
    %jmp/0xz  T_1.6, 8;
    %vpi_call/w 3 69 "$fatal", 32'sb00000000000000000000000000000001, "WRITE FAILED YARA=%0d SP=%0d DATA=%02h", v0x5da1be52e290_0, v0x5da1be52e1b0_0, v0x5da1be52e0b0_0 {0 0 0};
T_1.6 ;
    %wait E_0x5da1be4e1c10;
    %pushi/vec4 0, 0, 1;
    %store/vec4 v0x5da1be52ed00_0, 0, 1;
    %end;
    .scope S_0x5da1be4bd490;
T_2 ;
    %end;
    .thread T_2;
    .scope S_0x5da1be4bd490;
T_3 ;
Ewait_0 .event/or E_0x5da1be4f9a20, E_0x0;
    %wait Ewait_0;
    %load/vec4 v0x5da1be4eb730_0;
    %pad/u 32;
    %cmpi/u 16, 0, 32;
    %flag_get/vec4 5;
    %store/vec4 v0x5da1be4e9240_0, 0, 1;
    %load/vec4 v0x5da1be52d490_0;
    %pad/u 32;
    %cmpi/u 16, 0, 32;
    %flag_get/vec4 5;
    %store/vec4 v0x5da1be52d570_0, 0, 1;
    %load/vec4 v0x5da1be4eb730_0;
    %pad/u 32;
    %muli 16, 0, 32;
    %load/vec4 v0x5da1be52d490_0;
    %pad/u 32;
    %add;
    %pad/u 8;
    %store/vec4 v0x5da1be4ec0c0_0, 0, 8;
    %jmp T_3;
    .thread T_3, $push;
    .scope S_0x5da1be4bd490;
T_4 ;
    %wait E_0x5da1be4f91b0;
    %load/vec4 v0x5da1be52d190_0;
    %flag_set/vec4 8;
    %jmp/0xz  T_4.0, 8;
    %pushi/vec4 0, 0, 8;
    %assign/vec4 v0x5da1be4e9a40_0, 0;
    %pushi/vec4 0, 0, 1;
    %assign/vec4 v0x5da1be52d710_0, 0;
    %pushi/vec4 0, 0, 1;
    %assign/vec4 v0x5da1be52cf30_0, 0;
    %pushi/vec4 0, 0, 1;
    %assign/vec4 v0x5da1be52d250_0, 0;
    %pushi/vec4 0, 0, 1;
    %assign/vec4 v0x5da1be52d310_0, 0;
    %pushi/vec4 0, 0, 32;
    %store/vec4 v0x5da1be52d0b0_0, 0, 32;
T_4.2 ;
    %load/vec4 v0x5da1be52d0b0_0;
    %cmpi/s 256, 0, 32;
    %jmp/0xz T_4.3, 5;
    %pushi/vec4 0, 0, 8;
    %ix/getv/s 3, v0x5da1be52d0b0_0;
    %ix/load 4, 0, 0; Constant delay
    %assign/vec4/a/d v0x5da1be52d3d0, 0, 4;
    %load/vec4 v0x5da1be52d0b0_0;
    %addi 1, 0, 32;
    %store/vec4 v0x5da1be52d0b0_0, 0, 32;
    %jmp T_4.2;
T_4.3 ;
    %jmp T_4.1;
T_4.0 ;
    %pushi/vec4 0, 0, 1;
    %assign/vec4 v0x5da1be52d710_0, 0;
    %pushi/vec4 0, 0, 1;
    %assign/vec4 v0x5da1be52cf30_0, 0;
    %pushi/vec4 0, 0, 1;
    %assign/vec4 v0x5da1be52d250_0, 0;
    %pushi/vec4 0, 0, 1;
    %assign/vec4 v0x5da1be52d310_0, 0;
    %load/vec4 v0x5da1be52d7d0_0;
    %flag_set/vec4 8;
    %jmp/1 T_4.6, 8;
    %load/vec4 v0x5da1be52cff0_0;
    %flag_set/vec4 9;
    %flag_or 8, 9;
T_4.6;
    %jmp/0xz  T_4.4, 8;
    %load/vec4 v0x5da1be4e9240_0;
    %nor/r;
    %flag_set/vec4 8;
    %jmp/1 T_4.9, 8;
    %load/vec4 v0x5da1be52d570_0;
    %nor/r;
    %flag_set/vec4 9;
    %flag_or 8, 9;
T_4.9;
    %jmp/0xz  T_4.7, 8;
    %pushi/vec4 1, 0, 1;
    %assign/vec4 v0x5da1be52d310_0, 0;
    %jmp T_4.8;
T_4.7 ;
    %pushi/vec4 1, 0, 1;
    %assign/vec4 v0x5da1be52d250_0, 0;
    %load/vec4 v0x5da1be52d7d0_0;
    %flag_set/vec4 8;
    %jmp/0xz  T_4.10, 8;
    %load/vec4 v0x5da1be52d630_0;
    %load/vec4 v0x5da1be4ec0c0_0;
    %pad/u 10;
    %ix/vec4 3;
    %ix/load 4, 0, 0; Constant delay
    %assign/vec4/a/d v0x5da1be52d3d0, 0, 4;
    %pushi/vec4 1, 0, 1;
    %assign/vec4 v0x5da1be52d710_0, 0;
T_4.10 ;
    %load/vec4 v0x5da1be52cff0_0;
    %flag_set/vec4 8;
    %jmp/0xz  T_4.12, 8;
    %load/vec4 v0x5da1be4ec0c0_0;
    %pad/u 10;
    %ix/vec4 4;
    %load/vec4a v0x5da1be52d3d0, 4;
    %assign/vec4 v0x5da1be4e9a40_0, 0;
    %pushi/vec4 1, 0, 1;
    %assign/vec4 v0x5da1be52cf30_0, 0;
T_4.12 ;
T_4.8 ;
T_4.4 ;
T_4.1 ;
    %jmp T_4;
    .thread T_4;
    .scope S_0x5da1be502560;
T_5 ;
    %delay 5000, 0;
    %load/vec4 v0x5da1be52e490_0;
    %inv;
    %store/vec4 v0x5da1be52e490_0, 0, 1;
    %jmp T_5;
    .thread T_5;
    .scope S_0x5da1be502560;
T_6 ;
    %pushi/vec4 0, 0, 1;
    %store/vec4 v0x5da1be52e490_0, 0, 1;
    %pushi/vec4 1, 0, 1;
    %store/vec4 v0x5da1be52e820_0, 0, 1;
    %pushi/vec4 0, 0, 4;
    %store/vec4 v0x5da1be52e380_0, 0, 4;
    %pushi/vec4 0, 0, 4;
    %store/vec4 v0x5da1be52ea90_0, 0, 4;
    %pushi/vec4 0, 0, 1;
    %store/vec4 v0x5da1be52ed00_0, 0, 1;
    %pushi/vec4 0, 0, 1;
    %store/vec4 v0x5da1be52e730_0, 0, 1;
    %pushi/vec4 0, 0, 8;
    %store/vec4 v0x5da1be52eb60_0, 0, 8;
    %pushi/vec4 2, 0, 32;
T_6.0 %dup/vec4;
    %pushi/vec4 0, 0, 32;
    %cmp/s;
    %jmp/1xz T_6.1, 5;
    %jmp/1 T_6.1, 4;
    %pushi/vec4 1, 0, 32;
    %sub;
    %wait E_0x5da1be4f91b0;
    %jmp T_6.0;
T_6.1 ;
    %pop/vec4 1;
    %pushi/vec4 0, 0, 1;
    %store/vec4 v0x5da1be52e820_0, 0, 1;
    %alloc S_0x5da1be52de80;
    %pushi/vec4 0, 0, 32;
    %store/vec4 v0x5da1be52e290_0, 0, 32;
    %pushi/vec4 3, 0, 32;
    %store/vec4 v0x5da1be52e1b0_0, 0, 32;
    %pushi/vec4 165, 0, 32;
    %store/vec4 v0x5da1be52e0b0_0, 0, 32;
    %fork TD_tb_ifa_stack_memory_v4.stack_write, S_0x5da1be52de80;
    %join;
    %free S_0x5da1be52de80;
    %alloc S_0x5da1be52de80;
    %pushi/vec4 1, 0, 32;
    %store/vec4 v0x5da1be52e290_0, 0, 32;
    %pushi/vec4 3, 0, 32;
    %store/vec4 v0x5da1be52e1b0_0, 0, 32;
    %pushi/vec4 90, 0, 32;
    %store/vec4 v0x5da1be52e0b0_0, 0, 32;
    %fork TD_tb_ifa_stack_memory_v4.stack_write, S_0x5da1be52de80;
    %join;
    %free S_0x5da1be52de80;
    %alloc S_0x5da1be52da10;
    %pushi/vec4 0, 0, 32;
    %store/vec4 v0x5da1be52ddc0_0, 0, 32;
    %pushi/vec4 3, 0, 32;
    %store/vec4 v0x5da1be52dce0_0, 0, 32;
    %pushi/vec4 165, 0, 32;
    %store/vec4 v0x5da1be52dbe0_0, 0, 32;
    %fork TD_tb_ifa_stack_memory_v4.stack_read_check, S_0x5da1be52da10;
    %join;
    %free S_0x5da1be52da10;
    %alloc S_0x5da1be52da10;
    %pushi/vec4 1, 0, 32;
    %store/vec4 v0x5da1be52ddc0_0, 0, 32;
    %pushi/vec4 3, 0, 32;
    %store/vec4 v0x5da1be52dce0_0, 0, 32;
    %pushi/vec4 90, 0, 32;
    %store/vec4 v0x5da1be52dbe0_0, 0, 32;
    %fork TD_tb_ifa_stack_memory_v4.stack_read_check, S_0x5da1be52da10;
    %join;
    %free S_0x5da1be52da10;
    %alloc S_0x5da1be52de80;
    %pushi/vec4 0, 0, 32;
    %store/vec4 v0x5da1be52e290_0, 0, 32;
    %pushi/vec4 4, 0, 32;
    %store/vec4 v0x5da1be52e1b0_0, 0, 32;
    %pushi/vec4 199, 0, 32;
    %store/vec4 v0x5da1be52e0b0_0, 0, 32;
    %fork TD_tb_ifa_stack_memory_v4.stack_write, S_0x5da1be52de80;
    %join;
    %free S_0x5da1be52de80;
    %alloc S_0x5da1be52da10;
    %pushi/vec4 0, 0, 32;
    %store/vec4 v0x5da1be52ddc0_0, 0, 32;
    %pushi/vec4 4, 0, 32;
    %store/vec4 v0x5da1be52dce0_0, 0, 32;
    %pushi/vec4 199, 0, 32;
    %store/vec4 v0x5da1be52dbe0_0, 0, 32;
    %fork TD_tb_ifa_stack_memory_v4.stack_read_check, S_0x5da1be52da10;
    %join;
    %free S_0x5da1be52da10;
    %alloc S_0x5da1be52da10;
    %pushi/vec4 1, 0, 32;
    %store/vec4 v0x5da1be52ddc0_0, 0, 32;
    %pushi/vec4 4, 0, 32;
    %store/vec4 v0x5da1be52dce0_0, 0, 32;
    %pushi/vec4 0, 0, 32;
    %store/vec4 v0x5da1be52dbe0_0, 0, 32;
    %fork TD_tb_ifa_stack_memory_v4.stack_read_check, S_0x5da1be52da10;
    %join;
    %free S_0x5da1be52da10;
    %vpi_call/w 3 147 "$display", "PASS: Shared stack RAM preserves per-YARA isolation" {0 0 0};
    %vpi_call/w 3 151 "$finish" {0 0 0};
    %end;
    .thread T_6;
# The file index is used to find the file name in the following table.
:file_names 5;
    "N/A";
    "<interactive>";
    "-";
    "tb/v4/tb_ifa_stack_memory_v4.sv";
    "rtl/v4/ifa_stack_memory_v4.sv";
