#! /usr/bin/vvp
:ivl_version "12.0 (stable)";
:ivl_delay_selection "TYPICAL";
:vpi_time_precision - 12;
:vpi_module "/usr/lib/x86_64-linux-gnu/ivl/system.vpi";
:vpi_module "/usr/lib/x86_64-linux-gnu/ivl/vhdl_sys.vpi";
:vpi_module "/usr/lib/x86_64-linux-gnu/ivl/vhdl_textio.vpi";
:vpi_module "/usr/lib/x86_64-linux-gnu/ivl/v2005_math.vpi";
:vpi_module "/usr/lib/x86_64-linux-gnu/ivl/va_math.vpi";
:vpi_module "/usr/lib/x86_64-linux-gnu/ivl/v2009.vpi";
S_0x5a8af78f4000 .scope package, "$unit" "$unit" 2 1;
 .timescale 0 0;
S_0x5a8af78cb6d0 .scope module, "tb_ifa_v4_end_to_end_core" "tb_ifa_v4_end_to_end_core" 3 3;
 .timescale -9 -12;
P_0x5a8af78d41d0 .param/l "DEPTH" 1 3 6, +C4<00000000000000000000000000010000>;
P_0x5a8af78d4210 .param/l "WIDTH" 1 3 5, +C4<00000000000000000000000000001000>;
v0x5a8af7917ec0_0 .var "A", 7 0;
v0x5a8af7917ff0_0 .var "B", 7 0;
v0x5a8af7918100_0 .var "clk", 0 0;
v0x5a8af79181a0_0 .net "evict_count", 31 0, v0x5a8af78ef8c0_0;  1 drivers
v0x5a8af7918240_0 .net "hit_count", 31 0, v0x5a8af7879330_0;  1 drivers
v0x5a8af7918350_0 .var "in_valid", 0 0;
v0x5a8af79183f0_0 .net "miss_count", 31 0, v0x5a8af7913ad0_0;  1 drivers
v0x5a8af79184b0_0 .net "out_r0", 7 0, v0x5a8af7913bb0_0;  1 drivers
v0x5a8af7918570_0 .net "out_ra", 7 0, v0x5a8af7913c90_0;  1 drivers
v0x5a8af79186c0_0 .net "out_rd", 7 0, v0x5a8af7913d70_0;  1 drivers
v0x5a8af7918780_0 .net "out_t", 7 0, v0x5a8af7913e50_0;  1 drivers
v0x5a8af7918840_0 .net "out_y", 7 0, v0x5a8af7913f30_0;  1 drivers
v0x5a8af7918900_0 .net "rmu_hit", 0 0, v0x5a8af7879d20_0;  1 drivers
v0x5a8af79189a0_0 .net "rmu_miss", 0 0, v0x5a8af7913a10_0;  1 drivers
v0x5a8af7918a40_0 .var "rst", 0 0;
v0x5a8af7918ae0_0 .net "store_count", 31 0, v0x5a8af7914190_0;  1 drivers
E_0x5a8af7878f00 .event negedge, v0x5a8af78add50_0;
S_0x5a8af78cb900 .scope module, "dut" "ifa_v4_end_to_end_core" 3 32, 4 7 0, S_0x5a8af78cb6d0;
 .timescale 0 0;
    .port_info 0 /INPUT 1 "clk";
    .port_info 1 /INPUT 1 "rst";
    .port_info 2 /INPUT 1 "in_valid";
    .port_info 3 /INPUT 8 "A";
    .port_info 4 /INPUT 8 "B";
    .port_info 5 /OUTPUT 1 "rmu_hit";
    .port_info 6 /OUTPUT 1 "rmu_miss";
    .port_info 7 /OUTPUT 8 "out_y";
    .port_info 8 /OUTPUT 8 "out_ra";
    .port_info 9 /OUTPUT 8 "out_rd";
    .port_info 10 /OUTPUT 8 "out_r0";
    .port_info 11 /OUTPUT 8 "out_t";
    .port_info 12 /OUTPUT 32 "hit_count";
    .port_info 13 /OUTPUT 32 "miss_count";
    .port_info 14 /OUTPUT 32 "store_count";
    .port_info 15 /OUTPUT 32 "evict_count";
P_0x5a8af78a0710 .param/l "DEPTH" 0 4 9, +C4<00000000000000000000000000010000>;
P_0x5a8af78a0750 .param/l "WIDTH" 0 4 8, +C4<00000000000000000000000000001000>;
v0x5a8af7916550_0 .net "A", 7 0, v0x5a8af7917ec0_0;  1 drivers
v0x5a8af7916630_0 .net "B", 7 0, v0x5a8af7917ff0_0;  1 drivers
v0x5a8af79166d0_0 .net "clk", 0 0, v0x5a8af7918100_0;  1 drivers
v0x5a8af79167c0_0 .net "evict_count", 31 0, v0x5a8af78ef8c0_0;  alias, 1 drivers
v0x5a8af79168b0_0 .net "hit_count", 31 0, v0x5a8af7879330_0;  alias, 1 drivers
v0x5a8af79169f0_0 .net "in_valid", 0 0, v0x5a8af7918350_0;  1 drivers
v0x5a8af7916ae0_0 .net "miss_count", 31 0, v0x5a8af7913ad0_0;  alias, 1 drivers
v0x5a8af7916bf0_0 .net "out_r0", 7 0, v0x5a8af7913bb0_0;  alias, 1 drivers
v0x5a8af7916d00_0 .net "out_ra", 7 0, v0x5a8af7913c90_0;  alias, 1 drivers
v0x5a8af7916dc0_0 .net "out_rd", 7 0, v0x5a8af7913d70_0;  alias, 1 drivers
v0x5a8af7916ed0_0 .net "out_t", 7 0, v0x5a8af7913e50_0;  alias, 1 drivers
v0x5a8af7916fe0_0 .net "out_y", 7 0, v0x5a8af7913f30_0;  alias, 1 drivers
v0x5a8af79170f0_0 .net "rmu_hit", 0 0, v0x5a8af7879d20_0;  alias, 1 drivers
v0x5a8af79171e0_0 .net "rmu_miss", 0 0, v0x5a8af7913a10_0;  alias, 1 drivers
v0x5a8af79172d0_0 .net "rpc_r0", 7 0, v0x5a8af7915ec0_0;  1 drivers
v0x5a8af7917390_0 .net "rpc_ra", 7 0, v0x5a8af7915fe0_0;  1 drivers
v0x5a8af7917450_0 .net "rpc_rd", 7 0, v0x5a8af79160f0_0;  1 drivers
v0x5a8af7917620_0 .net "rpc_t", 7 0, v0x5a8af7916250_0;  1 drivers
v0x5a8af79176e0_0 .net "rpc_y", 7 0, v0x5a8af7916360_0;  1 drivers
v0x5a8af79177a0_0 .net "rst", 0 0, v0x5a8af7918a40_0;  1 drivers
v0x5a8af7917890_0 .net "store_count", 31 0, v0x5a8af7914190_0;  alias, 1 drivers
S_0x5a8af78c4720 .scope module, "core" "ifa_v4_core" 4 55, 5 19 0, S_0x5a8af78cb900;
 .timescale 0 0;
    .port_info 0 /INPUT 1 "clk";
    .port_info 1 /INPUT 1 "rst";
    .port_info 2 /INPUT 1 "rpc_valid";
    .port_info 3 /INPUT 8 "rpc_y";
    .port_info 4 /INPUT 8 "rpc_ra";
    .port_info 5 /INPUT 8 "rpc_rd";
    .port_info 6 /INPUT 8 "rpc_r0";
    .port_info 7 /INPUT 8 "rpc_t";
    .port_info 8 /OUTPUT 1 "rmu_hit";
    .port_info 9 /OUTPUT 1 "rmu_miss";
    .port_info 10 /OUTPUT 8 "out_y";
    .port_info 11 /OUTPUT 8 "out_ra";
    .port_info 12 /OUTPUT 8 "out_rd";
    .port_info 13 /OUTPUT 8 "out_r0";
    .port_info 14 /OUTPUT 8 "out_t";
    .port_info 15 /OUTPUT 32 "hit_count";
    .port_info 16 /OUTPUT 32 "miss_count";
    .port_info 17 /OUTPUT 32 "store_count";
    .port_info 18 /OUTPUT 32 "evict_count";
P_0x5a8af78c4900 .param/l "DEPTH" 0 5 21, +C4<00000000000000000000000000010000>;
P_0x5a8af78c4940 .param/l "WIDTH" 0 5 20, +C4<00000000000000000000000000001000>;
v0x5a8af78cfbb0_0 .net "clk", 0 0, v0x5a8af7918100_0;  alias, 1 drivers
v0x5a8af79148c0_0 .net "evict_count", 31 0, v0x5a8af78ef8c0_0;  alias, 1 drivers
v0x5a8af7914990_0 .net "hit_count", 31 0, v0x5a8af7879330_0;  alias, 1 drivers
v0x5a8af7914a90_0 .net "miss_count", 31 0, v0x5a8af7913ad0_0;  alias, 1 drivers
v0x5a8af7914b60_0 .net "out_r0", 7 0, v0x5a8af7913bb0_0;  alias, 1 drivers
v0x5a8af7914c00_0 .net "out_ra", 7 0, v0x5a8af7913c90_0;  alias, 1 drivers
v0x5a8af7914cd0_0 .net "out_rd", 7 0, v0x5a8af7913d70_0;  alias, 1 drivers
v0x5a8af7914da0_0 .net "out_t", 7 0, v0x5a8af7913e50_0;  alias, 1 drivers
v0x5a8af7914e70_0 .net "out_y", 7 0, v0x5a8af7913f30_0;  alias, 1 drivers
v0x5a8af7914fd0_0 .net "rmu_hit", 0 0, v0x5a8af7879d20_0;  alias, 1 drivers
v0x5a8af79150a0_0 .net "rmu_miss", 0 0, v0x5a8af7913a10_0;  alias, 1 drivers
v0x5a8af7915170_0 .net "rpc_r0", 7 0, v0x5a8af7915ec0_0;  alias, 1 drivers
v0x5a8af7915240_0 .net "rpc_ra", 7 0, v0x5a8af7915fe0_0;  alias, 1 drivers
v0x5a8af7915310_0 .net "rpc_rd", 7 0, v0x5a8af79160f0_0;  alias, 1 drivers
v0x5a8af79153e0_0 .net "rpc_t", 7 0, v0x5a8af7916250_0;  alias, 1 drivers
v0x5a8af79154b0_0 .net "rpc_valid", 0 0, v0x5a8af7918350_0;  alias, 1 drivers
v0x5a8af7915580_0 .net "rpc_y", 7 0, v0x5a8af7916360_0;  alias, 1 drivers
v0x5a8af7915650_0 .net "rst", 0 0, v0x5a8af7918a40_0;  alias, 1 drivers
v0x5a8af7915720_0 .net "store_count", 31 0, v0x5a8af7914190_0;  alias, 1 drivers
S_0x5a8af78cf710 .scope module, "rmc" "ifa_relation_memory_controller" 5 52, 6 14 0, S_0x5a8af78c4720;
 .timescale 0 0;
    .port_info 0 /INPUT 1 "clk";
    .port_info 1 /INPUT 1 "rst";
    .port_info 2 /INPUT 1 "req_valid";
    .port_info 3 /INPUT 8 "in_y";
    .port_info 4 /INPUT 8 "in_ra";
    .port_info 5 /INPUT 8 "in_rd";
    .port_info 6 /INPUT 8 "in_r0";
    .port_info 7 /INPUT 8 "in_t";
    .port_info 8 /OUTPUT 1 "hit";
    .port_info 9 /OUTPUT 1 "miss";
    .port_info 10 /OUTPUT 8 "out_y";
    .port_info 11 /OUTPUT 8 "out_ra";
    .port_info 12 /OUTPUT 8 "out_rd";
    .port_info 13 /OUTPUT 8 "out_r0";
    .port_info 14 /OUTPUT 8 "out_t";
    .port_info 15 /OUTPUT 32 "hit_count";
    .port_info 16 /OUTPUT 32 "miss_count";
    .port_info 17 /OUTPUT 32 "store_count";
    .port_info 18 /OUTPUT 32 "evict_count";
P_0x5a8af78cf8f0 .param/l "DEPTH" 0 6 16, +C4<00000000000000000000000000010000>;
P_0x5a8af78cf930 .param/l "INDEX_W" 1 6 44, +C4<00000000000000000000000000000100>;
P_0x5a8af78cf970 .param/l "WIDTH" 0 6 15, +C4<00000000000000000000000000001000>;
v0x5a8af78add50_0 .net "clk", 0 0, v0x5a8af7918100_0;  alias, 1 drivers
v0x5a8af78ef8c0_0 .var "evict_count", 31 0;
v0x5a8af78f2940_0 .var "fifo_ptr", 3 0;
v0x5a8af7879d20_0 .var "hit", 0 0;
v0x5a8af7879330_0 .var "hit_count", 31 0;
v0x5a8af79127c0_0 .var/i "i", 31 0;
v0x5a8af79128a0_0 .net "in_r0", 7 0, v0x5a8af7915ec0_0;  alias, 1 drivers
v0x5a8af7912980_0 .net "in_ra", 7 0, v0x5a8af7915fe0_0;  alias, 1 drivers
v0x5a8af7912a60_0 .net "in_rd", 7 0, v0x5a8af79160f0_0;  alias, 1 drivers
v0x5a8af7912bd0_0 .net "in_t", 7 0, v0x5a8af7916250_0;  alias, 1 drivers
v0x5a8af7912cb0_0 .net "in_y", 7 0, v0x5a8af7916360_0;  alias, 1 drivers
v0x5a8af7912d90_0 .var "lookup_hit", 0 0;
v0x5a8af7912e50_0 .var "lookup_index", 3 0;
v0x5a8af7912f30 .array "mem_r0", 15 0, 7 0;
v0x5a8af7912ff0 .array "mem_ra", 15 0, 7 0;
v0x5a8af7913340 .array "mem_rd", 15 0, 7 0;
v0x5a8af7913690 .array "mem_t", 15 0, 7 0;
v0x5a8af7913950 .array "mem_y", 15 0, 7 0;
v0x5a8af7913a10_0 .var "miss", 0 0;
v0x5a8af7913ad0_0 .var "miss_count", 31 0;
v0x5a8af7913bb0_0 .var "out_r0", 7 0;
v0x5a8af7913c90_0 .var "out_ra", 7 0;
v0x5a8af7913d70_0 .var "out_rd", 7 0;
v0x5a8af7913e50_0 .var "out_t", 7 0;
v0x5a8af7913f30_0 .var "out_y", 7 0;
v0x5a8af7914010_0 .net "req_valid", 0 0, v0x5a8af7918350_0;  alias, 1 drivers
v0x5a8af79140d0_0 .net "rst", 0 0, v0x5a8af7918a40_0;  alias, 1 drivers
v0x5a8af7914190_0 .var "store_count", 31 0;
v0x5a8af7914270 .array "valid", 15 0, 0 0;
E_0x5a8af78b6120 .event posedge, v0x5a8af78add50_0;
v0x5a8af7914270_0 .array/port v0x5a8af7914270, 0;
v0x5a8af7914270_1 .array/port v0x5a8af7914270, 1;
v0x5a8af7914270_2 .array/port v0x5a8af7914270, 2;
v0x5a8af7914270_3 .array/port v0x5a8af7914270, 3;
E_0x5a8af78b8c20/0 .event anyedge, v0x5a8af7914270_0, v0x5a8af7914270_1, v0x5a8af7914270_2, v0x5a8af7914270_3;
v0x5a8af7914270_4 .array/port v0x5a8af7914270, 4;
v0x5a8af7914270_5 .array/port v0x5a8af7914270, 5;
v0x5a8af7914270_6 .array/port v0x5a8af7914270, 6;
v0x5a8af7914270_7 .array/port v0x5a8af7914270, 7;
E_0x5a8af78b8c20/1 .event anyedge, v0x5a8af7914270_4, v0x5a8af7914270_5, v0x5a8af7914270_6, v0x5a8af7914270_7;
v0x5a8af7914270_8 .array/port v0x5a8af7914270, 8;
v0x5a8af7914270_9 .array/port v0x5a8af7914270, 9;
v0x5a8af7914270_10 .array/port v0x5a8af7914270, 10;
v0x5a8af7914270_11 .array/port v0x5a8af7914270, 11;
E_0x5a8af78b8c20/2 .event anyedge, v0x5a8af7914270_8, v0x5a8af7914270_9, v0x5a8af7914270_10, v0x5a8af7914270_11;
v0x5a8af7914270_12 .array/port v0x5a8af7914270, 12;
v0x5a8af7914270_13 .array/port v0x5a8af7914270, 13;
v0x5a8af7914270_14 .array/port v0x5a8af7914270, 14;
v0x5a8af7914270_15 .array/port v0x5a8af7914270, 15;
E_0x5a8af78b8c20/3 .event anyedge, v0x5a8af7914270_12, v0x5a8af7914270_13, v0x5a8af7914270_14, v0x5a8af7914270_15;
v0x5a8af7912ff0_0 .array/port v0x5a8af7912ff0, 0;
v0x5a8af7912ff0_1 .array/port v0x5a8af7912ff0, 1;
v0x5a8af7912ff0_2 .array/port v0x5a8af7912ff0, 2;
v0x5a8af7912ff0_3 .array/port v0x5a8af7912ff0, 3;
E_0x5a8af78b8c20/4 .event anyedge, v0x5a8af7912ff0_0, v0x5a8af7912ff0_1, v0x5a8af7912ff0_2, v0x5a8af7912ff0_3;
v0x5a8af7912ff0_4 .array/port v0x5a8af7912ff0, 4;
v0x5a8af7912ff0_5 .array/port v0x5a8af7912ff0, 5;
v0x5a8af7912ff0_6 .array/port v0x5a8af7912ff0, 6;
v0x5a8af7912ff0_7 .array/port v0x5a8af7912ff0, 7;
E_0x5a8af78b8c20/5 .event anyedge, v0x5a8af7912ff0_4, v0x5a8af7912ff0_5, v0x5a8af7912ff0_6, v0x5a8af7912ff0_7;
v0x5a8af7912ff0_8 .array/port v0x5a8af7912ff0, 8;
v0x5a8af7912ff0_9 .array/port v0x5a8af7912ff0, 9;
v0x5a8af7912ff0_10 .array/port v0x5a8af7912ff0, 10;
v0x5a8af7912ff0_11 .array/port v0x5a8af7912ff0, 11;
E_0x5a8af78b8c20/6 .event anyedge, v0x5a8af7912ff0_8, v0x5a8af7912ff0_9, v0x5a8af7912ff0_10, v0x5a8af7912ff0_11;
v0x5a8af7912ff0_12 .array/port v0x5a8af7912ff0, 12;
v0x5a8af7912ff0_13 .array/port v0x5a8af7912ff0, 13;
v0x5a8af7912ff0_14 .array/port v0x5a8af7912ff0, 14;
v0x5a8af7912ff0_15 .array/port v0x5a8af7912ff0, 15;
E_0x5a8af78b8c20/7 .event anyedge, v0x5a8af7912ff0_12, v0x5a8af7912ff0_13, v0x5a8af7912ff0_14, v0x5a8af7912ff0_15;
v0x5a8af7913340_0 .array/port v0x5a8af7913340, 0;
v0x5a8af7913340_1 .array/port v0x5a8af7913340, 1;
v0x5a8af7913340_2 .array/port v0x5a8af7913340, 2;
E_0x5a8af78b8c20/8 .event anyedge, v0x5a8af7912980_0, v0x5a8af7913340_0, v0x5a8af7913340_1, v0x5a8af7913340_2;
v0x5a8af7913340_3 .array/port v0x5a8af7913340, 3;
v0x5a8af7913340_4 .array/port v0x5a8af7913340, 4;
v0x5a8af7913340_5 .array/port v0x5a8af7913340, 5;
v0x5a8af7913340_6 .array/port v0x5a8af7913340, 6;
E_0x5a8af78b8c20/9 .event anyedge, v0x5a8af7913340_3, v0x5a8af7913340_4, v0x5a8af7913340_5, v0x5a8af7913340_6;
v0x5a8af7913340_7 .array/port v0x5a8af7913340, 7;
v0x5a8af7913340_8 .array/port v0x5a8af7913340, 8;
v0x5a8af7913340_9 .array/port v0x5a8af7913340, 9;
v0x5a8af7913340_10 .array/port v0x5a8af7913340, 10;
E_0x5a8af78b8c20/10 .event anyedge, v0x5a8af7913340_7, v0x5a8af7913340_8, v0x5a8af7913340_9, v0x5a8af7913340_10;
v0x5a8af7913340_11 .array/port v0x5a8af7913340, 11;
v0x5a8af7913340_12 .array/port v0x5a8af7913340, 12;
v0x5a8af7913340_13 .array/port v0x5a8af7913340, 13;
v0x5a8af7913340_14 .array/port v0x5a8af7913340, 14;
E_0x5a8af78b8c20/11 .event anyedge, v0x5a8af7913340_11, v0x5a8af7913340_12, v0x5a8af7913340_13, v0x5a8af7913340_14;
v0x5a8af7913340_15 .array/port v0x5a8af7913340, 15;
v0x5a8af7913690_0 .array/port v0x5a8af7913690, 0;
v0x5a8af7913690_1 .array/port v0x5a8af7913690, 1;
E_0x5a8af78b8c20/12 .event anyedge, v0x5a8af7913340_15, v0x5a8af7912a60_0, v0x5a8af7913690_0, v0x5a8af7913690_1;
v0x5a8af7913690_2 .array/port v0x5a8af7913690, 2;
v0x5a8af7913690_3 .array/port v0x5a8af7913690, 3;
v0x5a8af7913690_4 .array/port v0x5a8af7913690, 4;
v0x5a8af7913690_5 .array/port v0x5a8af7913690, 5;
E_0x5a8af78b8c20/13 .event anyedge, v0x5a8af7913690_2, v0x5a8af7913690_3, v0x5a8af7913690_4, v0x5a8af7913690_5;
v0x5a8af7913690_6 .array/port v0x5a8af7913690, 6;
v0x5a8af7913690_7 .array/port v0x5a8af7913690, 7;
v0x5a8af7913690_8 .array/port v0x5a8af7913690, 8;
v0x5a8af7913690_9 .array/port v0x5a8af7913690, 9;
E_0x5a8af78b8c20/14 .event anyedge, v0x5a8af7913690_6, v0x5a8af7913690_7, v0x5a8af7913690_8, v0x5a8af7913690_9;
v0x5a8af7913690_10 .array/port v0x5a8af7913690, 10;
v0x5a8af7913690_11 .array/port v0x5a8af7913690, 11;
v0x5a8af7913690_12 .array/port v0x5a8af7913690, 12;
v0x5a8af7913690_13 .array/port v0x5a8af7913690, 13;
E_0x5a8af78b8c20/15 .event anyedge, v0x5a8af7913690_10, v0x5a8af7913690_11, v0x5a8af7913690_12, v0x5a8af7913690_13;
v0x5a8af7913690_14 .array/port v0x5a8af7913690, 14;
v0x5a8af7913690_15 .array/port v0x5a8af7913690, 15;
E_0x5a8af78b8c20/16 .event anyedge, v0x5a8af7913690_14, v0x5a8af7913690_15, v0x5a8af7912bd0_0;
E_0x5a8af78b8c20 .event/or E_0x5a8af78b8c20/0, E_0x5a8af78b8c20/1, E_0x5a8af78b8c20/2, E_0x5a8af78b8c20/3, E_0x5a8af78b8c20/4, E_0x5a8af78b8c20/5, E_0x5a8af78b8c20/6, E_0x5a8af78b8c20/7, E_0x5a8af78b8c20/8, E_0x5a8af78b8c20/9, E_0x5a8af78b8c20/10, E_0x5a8af78b8c20/11, E_0x5a8af78b8c20/12, E_0x5a8af78b8c20/13, E_0x5a8af78b8c20/14, E_0x5a8af78b8c20/15, E_0x5a8af78b8c20/16;
S_0x5a8af7878490 .scope begin, "$ivl_for_loop0" "$ivl_for_loop0" 6 73, 6 73 0, S_0x5a8af78cf710;
 .timescale 0 0;
v0x5a8af78aca40_0 .var/2s "j", 31 0;
S_0x5a8af7915a30 .scope module, "rpc" "ifa_rpc_stub" 4 41, 7 19 0, S_0x5a8af78cb900;
 .timescale 0 0;
    .port_info 0 /INPUT 8 "A";
    .port_info 1 /INPUT 8 "B";
    .port_info 2 /OUTPUT 8 "Y";
    .port_info 3 /OUTPUT 8 "RA";
    .port_info 4 /OUTPUT 8 "RD";
    .port_info 5 /OUTPUT 8 "R0";
    .port_info 6 /OUTPUT 8 "T";
P_0x5a8af7915be0 .param/l "WIDTH" 0 7 20, +C4<00000000000000000000000000001000>;
v0x5a8af78ac4f0_0 .net "A", 7 0, v0x5a8af7917ec0_0;  alias, 1 drivers
v0x5a8af7915de0_0 .net "B", 7 0, v0x5a8af7917ff0_0;  alias, 1 drivers
v0x5a8af7915ec0_0 .var "R0", 7 0;
v0x5a8af7915fe0_0 .var "RA", 7 0;
v0x5a8af79160f0_0 .var "RD", 7 0;
v0x5a8af7916250_0 .var "T", 7 0;
v0x5a8af7916360_0 .var "Y", 7 0;
E_0x5a8af78f3140 .event anyedge, v0x5a8af78ac4f0_0, v0x5a8af7915de0_0;
S_0x5a8af7917ba0 .scope autotask, "send_operands" "send_operands" 3 57, 3 57 0, S_0x5a8af78cb6d0;
 .timescale -9 -12;
v0x5a8af78ce300_0 .var "a", 7 0;
v0x5a8af7917de0_0 .var "b", 7 0;
TD_tb_ifa_v4_end_to_end_core.send_operands ;
    %wait E_0x5a8af7878f00;
    %pushi/vec4 1, 0, 1;
    %store/vec4 v0x5a8af7918350_0, 0, 1;
    %load/vec4 v0x5a8af78ce300_0;
    %store/vec4 v0x5a8af7917ec0_0, 0, 8;
    %load/vec4 v0x5a8af7917de0_0;
    %store/vec4 v0x5a8af7917ff0_0, 0, 8;
    %wait E_0x5a8af7878f00;
    %pushi/vec4 0, 0, 1;
    %store/vec4 v0x5a8af7918350_0, 0, 1;
    %end;
    .scope S_0x5a8af7915a30;
T_1 ;
Ewait_0 .event/or E_0x5a8af78f3140, E_0x0;
    %wait Ewait_0;
    %load/vec4 v0x5a8af78ac4f0_0;
    %load/vec4 v0x5a8af7915de0_0;
    %add;
    %store/vec4 v0x5a8af7916360_0, 0, 8;
    %load/vec4 v0x5a8af78ac4f0_0;
    %load/vec4 v0x5a8af7915de0_0;
    %and;
    %store/vec4 v0x5a8af7915fe0_0, 0, 8;
    %load/vec4 v0x5a8af78ac4f0_0;
    %load/vec4 v0x5a8af7915de0_0;
    %xor;
    %store/vec4 v0x5a8af79160f0_0, 0, 8;
    %load/vec4 v0x5a8af78ac4f0_0;
    %load/vec4 v0x5a8af7915de0_0;
    %or;
    %inv;
    %store/vec4 v0x5a8af7915ec0_0, 0, 8;
    %load/vec4 v0x5a8af79160f0_0;
    %load/vec4 v0x5a8af7916360_0;
    %xor;
    %store/vec4 v0x5a8af7916250_0, 0, 8;
    %jmp T_1;
    .thread T_1, $push;
    .scope S_0x5a8af78cf710;
T_2 ;
Ewait_1 .event/or E_0x5a8af78b8c20, E_0x0;
    %wait Ewait_1;
    %pushi/vec4 0, 0, 1;
    %store/vec4 v0x5a8af7912d90_0, 0, 1;
    %pushi/vec4 0, 0, 4;
    %store/vec4 v0x5a8af7912e50_0, 0, 4;
    %fork t_1, S_0x5a8af7878490;
    %jmp t_0;
    .scope S_0x5a8af7878490;
t_1 ;
    %pushi/vec4 0, 0, 32;
    %store/vec4 v0x5a8af78aca40_0, 0, 32;
T_2.0 ;
    %load/vec4 v0x5a8af78aca40_0;
    %cmpi/s 16, 0, 32;
    %jmp/0xz T_2.1, 5;
    %ix/getv/s 4, v0x5a8af78aca40_0;
    %load/vec4a v0x5a8af7914270, 4;
    %flag_set/vec4 11;
    %flag_get/vec4 11;
    %jmp/0 T_2.6, 11;
    %ix/getv/s 4, v0x5a8af78aca40_0;
    %load/vec4a v0x5a8af7912ff0, 4;
    %load/vec4 v0x5a8af7912980_0;
    %cmp/e;
    %flag_get/vec4 4;
    %and;
T_2.6;
    %flag_set/vec4 10;
    %flag_get/vec4 10;
    %jmp/0 T_2.5, 10;
    %ix/getv/s 4, v0x5a8af78aca40_0;
    %load/vec4a v0x5a8af7913340, 4;
    %load/vec4 v0x5a8af7912a60_0;
    %cmp/e;
    %flag_get/vec4 4;
    %and;
T_2.5;
    %flag_set/vec4 9;
    %flag_get/vec4 9;
    %jmp/0 T_2.4, 9;
    %ix/getv/s 4, v0x5a8af78aca40_0;
    %load/vec4a v0x5a8af7913690, 4;
    %load/vec4 v0x5a8af7912bd0_0;
    %cmp/e;
    %flag_get/vec4 4;
    %and;
T_2.4;
    %flag_set/vec4 8;
    %jmp/0xz  T_2.2, 8;
    %pushi/vec4 1, 0, 1;
    %store/vec4 v0x5a8af7912d90_0, 0, 1;
    %load/vec4 v0x5a8af78aca40_0;
    %pad/s 4;
    %store/vec4 v0x5a8af7912e50_0, 0, 4;
T_2.2 ;
    %load/vec4 v0x5a8af78aca40_0;
    %addi 1, 0, 32;
    %cast2;
    %store/vec4 v0x5a8af78aca40_0, 0, 32;
    %jmp T_2.0;
T_2.1 ;
    %end;
    .scope S_0x5a8af78cf710;
t_0 %join;
    %jmp T_2;
    .thread T_2, $push;
    .scope S_0x5a8af78cf710;
T_3 ;
    %wait E_0x5a8af78b6120;
    %load/vec4 v0x5a8af79140d0_0;
    %flag_set/vec4 8;
    %jmp/0xz  T_3.0, 8;
    %pushi/vec4 0, 0, 4;
    %assign/vec4 v0x5a8af78f2940_0, 0;
    %pushi/vec4 0, 0, 1;
    %assign/vec4 v0x5a8af7879d20_0, 0;
    %pushi/vec4 0, 0, 1;
    %assign/vec4 v0x5a8af7913a10_0, 0;
    %pushi/vec4 0, 0, 8;
    %assign/vec4 v0x5a8af7913f30_0, 0;
    %pushi/vec4 0, 0, 8;
    %assign/vec4 v0x5a8af7913c90_0, 0;
    %pushi/vec4 0, 0, 8;
    %assign/vec4 v0x5a8af7913d70_0, 0;
    %pushi/vec4 0, 0, 8;
    %assign/vec4 v0x5a8af7913bb0_0, 0;
    %pushi/vec4 0, 0, 8;
    %assign/vec4 v0x5a8af7913e50_0, 0;
    %pushi/vec4 0, 0, 32;
    %assign/vec4 v0x5a8af7879330_0, 0;
    %pushi/vec4 0, 0, 32;
    %assign/vec4 v0x5a8af7913ad0_0, 0;
    %pushi/vec4 0, 0, 32;
    %assign/vec4 v0x5a8af7914190_0, 0;
    %pushi/vec4 0, 0, 32;
    %assign/vec4 v0x5a8af78ef8c0_0, 0;
    %pushi/vec4 0, 0, 32;
    %store/vec4 v0x5a8af79127c0_0, 0, 32;
T_3.2 ;
    %load/vec4 v0x5a8af79127c0_0;
    %cmpi/s 16, 0, 32;
    %jmp/0xz T_3.3, 5;
    %pushi/vec4 0, 0, 1;
    %ix/getv/s 3, v0x5a8af79127c0_0;
    %ix/load 4, 0, 0; Constant delay
    %assign/vec4/a/d v0x5a8af7914270, 0, 4;
    %pushi/vec4 0, 0, 8;
    %ix/getv/s 3, v0x5a8af79127c0_0;
    %ix/load 4, 0, 0; Constant delay
    %assign/vec4/a/d v0x5a8af7913950, 0, 4;
    %pushi/vec4 0, 0, 8;
    %ix/getv/s 3, v0x5a8af79127c0_0;
    %ix/load 4, 0, 0; Constant delay
    %assign/vec4/a/d v0x5a8af7912ff0, 0, 4;
    %pushi/vec4 0, 0, 8;
    %ix/getv/s 3, v0x5a8af79127c0_0;
    %ix/load 4, 0, 0; Constant delay
    %assign/vec4/a/d v0x5a8af7913340, 0, 4;
    %pushi/vec4 0, 0, 8;
    %ix/getv/s 3, v0x5a8af79127c0_0;
    %ix/load 4, 0, 0; Constant delay
    %assign/vec4/a/d v0x5a8af7912f30, 0, 4;
    %pushi/vec4 0, 0, 8;
    %ix/getv/s 3, v0x5a8af79127c0_0;
    %ix/load 4, 0, 0; Constant delay
    %assign/vec4/a/d v0x5a8af7913690, 0, 4;
    %load/vec4 v0x5a8af79127c0_0;
    %addi 1, 0, 32;
    %store/vec4 v0x5a8af79127c0_0, 0, 32;
    %jmp T_3.2;
T_3.3 ;
    %jmp T_3.1;
T_3.0 ;
    %pushi/vec4 0, 0, 1;
    %assign/vec4 v0x5a8af7879d20_0, 0;
    %pushi/vec4 0, 0, 1;
    %assign/vec4 v0x5a8af7913a10_0, 0;
    %load/vec4 v0x5a8af7914010_0;
    %flag_set/vec4 8;
    %jmp/0xz  T_3.4, 8;
    %load/vec4 v0x5a8af7912d90_0;
    %flag_set/vec4 8;
    %jmp/0xz  T_3.6, 8;
    %pushi/vec4 1, 0, 1;
    %assign/vec4 v0x5a8af7879d20_0, 0;
    %pushi/vec4 0, 0, 1;
    %assign/vec4 v0x5a8af7913a10_0, 0;
    %load/vec4 v0x5a8af7879330_0;
    %addi 1, 0, 32;
    %assign/vec4 v0x5a8af7879330_0, 0;
    %load/vec4 v0x5a8af7912e50_0;
    %pad/u 6;
    %ix/vec4 4;
    %load/vec4a v0x5a8af7913950, 4;
    %assign/vec4 v0x5a8af7913f30_0, 0;
    %load/vec4 v0x5a8af7912e50_0;
    %pad/u 6;
    %ix/vec4 4;
    %load/vec4a v0x5a8af7912ff0, 4;
    %assign/vec4 v0x5a8af7913c90_0, 0;
    %load/vec4 v0x5a8af7912e50_0;
    %pad/u 6;
    %ix/vec4 4;
    %load/vec4a v0x5a8af7913340, 4;
    %assign/vec4 v0x5a8af7913d70_0, 0;
    %load/vec4 v0x5a8af7912e50_0;
    %pad/u 6;
    %ix/vec4 4;
    %load/vec4a v0x5a8af7912f30, 4;
    %assign/vec4 v0x5a8af7913bb0_0, 0;
    %load/vec4 v0x5a8af7912e50_0;
    %pad/u 6;
    %ix/vec4 4;
    %load/vec4a v0x5a8af7913690, 4;
    %assign/vec4 v0x5a8af7913e50_0, 0;
    %jmp T_3.7;
T_3.6 ;
    %pushi/vec4 0, 0, 1;
    %assign/vec4 v0x5a8af7879d20_0, 0;
    %pushi/vec4 1, 0, 1;
    %assign/vec4 v0x5a8af7913a10_0, 0;
    %load/vec4 v0x5a8af7913ad0_0;
    %addi 1, 0, 32;
    %assign/vec4 v0x5a8af7913ad0_0, 0;
    %load/vec4 v0x5a8af7914190_0;
    %addi 1, 0, 32;
    %assign/vec4 v0x5a8af7914190_0, 0;
    %load/vec4 v0x5a8af7912cb0_0;
    %load/vec4 v0x5a8af78f2940_0;
    %pad/u 6;
    %ix/vec4 3;
    %ix/load 4, 0, 0; Constant delay
    %assign/vec4/a/d v0x5a8af7913950, 0, 4;
    %load/vec4 v0x5a8af7912980_0;
    %load/vec4 v0x5a8af78f2940_0;
    %pad/u 6;
    %ix/vec4 3;
    %ix/load 4, 0, 0; Constant delay
    %assign/vec4/a/d v0x5a8af7912ff0, 0, 4;
    %load/vec4 v0x5a8af7912a60_0;
    %load/vec4 v0x5a8af78f2940_0;
    %pad/u 6;
    %ix/vec4 3;
    %ix/load 4, 0, 0; Constant delay
    %assign/vec4/a/d v0x5a8af7913340, 0, 4;
    %load/vec4 v0x5a8af79128a0_0;
    %load/vec4 v0x5a8af78f2940_0;
    %pad/u 6;
    %ix/vec4 3;
    %ix/load 4, 0, 0; Constant delay
    %assign/vec4/a/d v0x5a8af7912f30, 0, 4;
    %load/vec4 v0x5a8af7912bd0_0;
    %load/vec4 v0x5a8af78f2940_0;
    %pad/u 6;
    %ix/vec4 3;
    %ix/load 4, 0, 0; Constant delay
    %assign/vec4/a/d v0x5a8af7913690, 0, 4;
    %load/vec4 v0x5a8af78f2940_0;
    %pad/u 6;
    %ix/vec4 4;
    %load/vec4a v0x5a8af7914270, 4;
    %flag_set/vec4 8;
    %jmp/0xz  T_3.8, 8;
    %load/vec4 v0x5a8af78ef8c0_0;
    %addi 1, 0, 32;
    %assign/vec4 v0x5a8af78ef8c0_0, 0;
T_3.8 ;
    %pushi/vec4 1, 0, 1;
    %load/vec4 v0x5a8af78f2940_0;
    %pad/u 6;
    %ix/vec4 3;
    %ix/load 4, 0, 0; Constant delay
    %assign/vec4/a/d v0x5a8af7914270, 0, 4;
    %load/vec4 v0x5a8af7912cb0_0;
    %assign/vec4 v0x5a8af7913f30_0, 0;
    %load/vec4 v0x5a8af7912980_0;
    %assign/vec4 v0x5a8af7913c90_0, 0;
    %load/vec4 v0x5a8af7912a60_0;
    %assign/vec4 v0x5a8af7913d70_0, 0;
    %load/vec4 v0x5a8af79128a0_0;
    %assign/vec4 v0x5a8af7913bb0_0, 0;
    %load/vec4 v0x5a8af7912bd0_0;
    %assign/vec4 v0x5a8af7913e50_0, 0;
    %load/vec4 v0x5a8af78f2940_0;
    %addi 1, 0, 4;
    %assign/vec4 v0x5a8af78f2940_0, 0;
T_3.7 ;
T_3.4 ;
T_3.1 ;
    %jmp T_3;
    .thread T_3;
    .scope S_0x5a8af78cb6d0;
T_4 ;
    %delay 5000, 0;
    %load/vec4 v0x5a8af7918100_0;
    %inv;
    %store/vec4 v0x5a8af7918100_0, 0, 1;
    %jmp T_4;
    .thread T_4;
    .scope S_0x5a8af78cb6d0;
T_5 ;
    %pushi/vec4 0, 0, 1;
    %store/vec4 v0x5a8af7918100_0, 0, 1;
    %pushi/vec4 1, 0, 1;
    %store/vec4 v0x5a8af7918a40_0, 0, 1;
    %pushi/vec4 0, 0, 1;
    %store/vec4 v0x5a8af7918350_0, 0, 1;
    %pushi/vec4 0, 0, 8;
    %store/vec4 v0x5a8af7917ec0_0, 0, 8;
    %pushi/vec4 0, 0, 8;
    %store/vec4 v0x5a8af7917ff0_0, 0, 8;
    %pushi/vec4 3, 0, 32;
T_5.0 %dup/vec4;
    %pushi/vec4 0, 0, 32;
    %cmp/s;
    %jmp/1xz T_5.1, 5;
    %jmp/1 T_5.1, 4;
    %pushi/vec4 1, 0, 32;
    %sub;
    %wait E_0x5a8af7878f00;
    %jmp T_5.0;
T_5.1 ;
    %pop/vec4 1;
    %pushi/vec4 0, 0, 1;
    %store/vec4 v0x5a8af7918a40_0, 0, 1;
    %vpi_call/w 3 82 "$display", "==================================================" {0 0 0};
    %vpi_call/w 3 83 "$display", "IF\303\201 V4 END-TO-END CORE TEST" {0 0 0};
    %vpi_call/w 3 84 "$display", "A,B \342\206\222 RPC \342\206\222 RMU \342\206\222 OUTPUT" {0 0 0};
    %vpi_call/w 3 85 "$display", "==================================================" {0 0 0};
    %alloc S_0x5a8af7917ba0;
    %pushi/vec4 13, 0, 8;
    %store/vec4 v0x5a8af78ce300_0, 0, 8;
    %pushi/vec4 6, 0, 8;
    %store/vec4 v0x5a8af7917de0_0, 0, 8;
    %fork TD_tb_ifa_v4_end_to_end_core.send_operands, S_0x5a8af7917ba0;
    %join;
    %free S_0x5a8af7917ba0;
    %wait E_0x5a8af78b6120;
    %vpi_call/w 3 90 "$display", "TEST 1 MISS: A=0D B=06 hit=%0d miss=%0d Y=%02h RA=%02h RD=%02h R0=%02h T=%02h", v0x5a8af7918900_0, v0x5a8af79189a0_0, v0x5a8af7918840_0, v0x5a8af7918570_0, v0x5a8af79186c0_0, v0x5a8af79184b0_0, v0x5a8af7918780_0 {0 0 0};
    %load/vec4 v0x5a8af79189a0_0;
    %cmpi/ne 1, 0, 1;
    %jmp/0xz  T_5.2, 6;
    %vpi_call/w 3 94 "$fatal", 32'sb00000000000000000000000000000001, "Expected MISS on first operand pair" {0 0 0};
T_5.2 ;
    %load/vec4 v0x5a8af7918840_0;
    %cmpi/ne 19, 0, 8;
    %jmp/0xz  T_5.4, 6;
    %vpi_call/w 3 97 "$fatal", 32'sb00000000000000000000000000000001, "Expected Y=0x13" {0 0 0};
T_5.4 ;
    %alloc S_0x5a8af7917ba0;
    %pushi/vec4 13, 0, 8;
    %store/vec4 v0x5a8af78ce300_0, 0, 8;
    %pushi/vec4 6, 0, 8;
    %store/vec4 v0x5a8af7917de0_0, 0, 8;
    %fork TD_tb_ifa_v4_end_to_end_core.send_operands, S_0x5a8af7917ba0;
    %join;
    %free S_0x5a8af7917ba0;
    %wait E_0x5a8af78b6120;
    %vpi_call/w 3 102 "$display", "TEST 2 HIT: A=0D B=06 hit=%0d miss=%0d Y=%02h RA=%02h RD=%02h R0=%02h T=%02h", v0x5a8af7918900_0, v0x5a8af79189a0_0, v0x5a8af7918840_0, v0x5a8af7918570_0, v0x5a8af79186c0_0, v0x5a8af79184b0_0, v0x5a8af7918780_0 {0 0 0};
    %load/vec4 v0x5a8af7918900_0;
    %cmpi/ne 1, 0, 1;
    %jmp/0xz  T_5.6, 6;
    %vpi_call/w 3 106 "$fatal", 32'sb00000000000000000000000000000001, "Expected HIT on repeated operand pair" {0 0 0};
T_5.6 ;
    %pushi/vec4 4, 0, 32;
T_5.8 %dup/vec4;
    %pushi/vec4 0, 0, 32;
    %cmp/s;
    %jmp/1xz T_5.9, 5;
    %jmp/1 T_5.9, 4;
    %pushi/vec4 1, 0, 32;
    %sub;
    %alloc S_0x5a8af7917ba0;
    %pushi/vec4 13, 0, 8;
    %store/vec4 v0x5a8af78ce300_0, 0, 8;
    %pushi/vec4 6, 0, 8;
    %store/vec4 v0x5a8af7917de0_0, 0, 8;
    %fork TD_tb_ifa_v4_end_to_end_core.send_operands, S_0x5a8af7917ba0;
    %join;
    %free S_0x5a8af7917ba0;
    %alloc S_0x5a8af7917ba0;
    %pushi/vec4 7, 0, 8;
    %store/vec4 v0x5a8af78ce300_0, 0, 8;
    %pushi/vec4 8, 0, 8;
    %store/vec4 v0x5a8af7917de0_0, 0, 8;
    %fork TD_tb_ifa_v4_end_to_end_core.send_operands, S_0x5a8af7917ba0;
    %join;
    %free S_0x5a8af7917ba0;
    %alloc S_0x5a8af7917ba0;
    %pushi/vec4 1, 0, 8;
    %store/vec4 v0x5a8af78ce300_0, 0, 8;
    %pushi/vec4 2, 0, 8;
    %store/vec4 v0x5a8af7917de0_0, 0, 8;
    %fork TD_tb_ifa_v4_end_to_end_core.send_operands, S_0x5a8af7917ba0;
    %join;
    %free S_0x5a8af7917ba0;
    %alloc S_0x5a8af7917ba0;
    %pushi/vec4 3, 0, 8;
    %store/vec4 v0x5a8af78ce300_0, 0, 8;
    %pushi/vec4 4, 0, 8;
    %store/vec4 v0x5a8af7917de0_0, 0, 8;
    %fork TD_tb_ifa_v4_end_to_end_core.send_operands, S_0x5a8af7917ba0;
    %join;
    %free S_0x5a8af7917ba0;
    %alloc S_0x5a8af7917ba0;
    %pushi/vec4 9, 0, 8;
    %store/vec4 v0x5a8af78ce300_0, 0, 8;
    %pushi/vec4 10, 0, 8;
    %store/vec4 v0x5a8af7917de0_0, 0, 8;
    %fork TD_tb_ifa_v4_end_to_end_core.send_operands, S_0x5a8af7917ba0;
    %join;
    %free S_0x5a8af7917ba0;
    %alloc S_0x5a8af7917ba0;
    %pushi/vec4 11, 0, 8;
    %store/vec4 v0x5a8af78ce300_0, 0, 8;
    %pushi/vec4 12, 0, 8;
    %store/vec4 v0x5a8af7917de0_0, 0, 8;
    %fork TD_tb_ifa_v4_end_to_end_core.send_operands, S_0x5a8af7917ba0;
    %join;
    %free S_0x5a8af7917ba0;
    %alloc S_0x5a8af7917ba0;
    %pushi/vec4 15, 0, 8;
    %store/vec4 v0x5a8af78ce300_0, 0, 8;
    %pushi/vec4 0, 0, 8;
    %store/vec4 v0x5a8af7917de0_0, 0, 8;
    %fork TD_tb_ifa_v4_end_to_end_core.send_operands, S_0x5a8af7917ba0;
    %join;
    %free S_0x5a8af7917ba0;
    %alloc S_0x5a8af7917ba0;
    %pushi/vec4 5, 0, 8;
    %store/vec4 v0x5a8af78ce300_0, 0, 8;
    %pushi/vec4 6, 0, 8;
    %store/vec4 v0x5a8af7917de0_0, 0, 8;
    %fork TD_tb_ifa_v4_end_to_end_core.send_operands, S_0x5a8af7917ba0;
    %join;
    %free S_0x5a8af7917ba0;
    %jmp T_5.8;
T_5.9 ;
    %pop/vec4 1;
    %wait E_0x5a8af78b6120;
    %vpi_call/w 3 122 "$display", "\000" {0 0 0};
    %vpi_call/w 3 123 "$display", "COUNTERS: hits=%0d misses=%0d stores=%0d evicts=%0d", v0x5a8af7918240_0, v0x5a8af79183f0_0, v0x5a8af7918ae0_0, v0x5a8af79181a0_0 {0 0 0};
    %load/vec4 v0x5a8af7918240_0;
    %load/vec4 v0x5a8af79183f0_0;
    %cmp/u;
    %flag_or 5, 4;
    %jmp/0xz  T_5.10, 5;
    %vpi_call/w 3 127 "$fatal", 32'sb00000000000000000000000000000001, "Expected more hits than misses" {0 0 0};
T_5.10 ;
    %vpi_call/w 3 129 "$display", "==================================================" {0 0 0};
    %vpi_call/w 3 130 "$display", "ALL V4 END-TO-END CORE TESTS PASSED" {0 0 0};
    %vpi_call/w 3 131 "$display", "==================================================" {0 0 0};
    %vpi_call/w 3 133 "$finish" {0 0 0};
    %end;
    .thread T_5;
# The file index is used to find the file name in the following table.
:file_names 8;
    "N/A";
    "<interactive>";
    "-";
    "tb/v4/tb_ifa_v4_end_to_end_core.sv";
    "rtl/v4/ifa_v4_end_to_end_core.sv";
    "rtl/v4/ifa_v4_core.sv";
    "rtl/v4/ifa_relation_memory_controller.sv";
    "rtl/v4/ifa_rpc_stub.sv";
