#! /usr/bin/vvp
:ivl_version "12.0 (stable)";
:ivl_delay_selection "TYPICAL";
:vpi_time_precision - 12;
:vpi_module "/usr/lib/x86_64-linux-gnu/ivl/system.vpi";
:vpi_module "/usr/lib/x86_64-linux-gnu/ivl/vhdl_sys.vpi";
:vpi_module "/usr/lib/x86_64-linux-gnu/ivl/vhdl_textio.vpi";
:vpi_module "/usr/lib/x86_64-linux-gnu/ivl/v2005_math.vpi";
:vpi_module "/usr/lib/x86_64-linux-gnu/ivl/va_math.vpi";
:vpi_module "/usr/lib/x86_64-linux-gnu/ivl/v2009.vpi";
S_0x63b8cbc79560 .scope package, "$unit" "$unit" 2 1;
 .timescale 0 0;
S_0x63b8cbc796f0 .scope module, "tb_ifa_yara_manager" "tb_ifa_yara_manager" 3 3;
 .timescale -9 -12;
P_0x63b8cbc4c7b0 .param/l "YARA_COUNT" 1 3 5, +C4<00000000000000000000000000000010>;
P_0x63b8cbc4c7f0 .param/l "YARA_W" 1 3 6, +C4<00000000000000000000000000000001>;
v0x63b8cbc44f00_0 .net "active_running", 0 0, v0x63b8cbc455f0_0;  1 drivers
v0x63b8cbc9c720_0 .net "active_valid", 0 0, v0x63b8cbc19330_0;  1 drivers
v0x63b8cbc9c7f0_0 .net "active_yara", 0 0, v0x63b8cbc9b480_0;  1 drivers
v0x63b8cbc9c8f0_0 .var "babalawo_mode", 0 0;
v0x63b8cbc9c9c0_0 .net "clear_yara", 1 0, v0x63b8cbc9b740_0;  1 drivers
v0x63b8cbc9ca60_0 .var "clk", 0 0;
v0x63b8cbc9cb30_0 .net "command_allowed", 0 0, v0x63b8cbc9b8e0_0;  1 drivers
v0x63b8cbc9cc00_0 .net "command_denied", 0 0, v0x63b8cbc9b9a0_0;  1 drivers
v0x63b8cbc9ccd0_0 .var "command_yara", 0 0;
v0x63b8cbc9cda0_0 .var "create_valid", 0 0;
v0x63b8cbc9ce70_0 .net "denied_count", 31 0, v0x63b8cbc9bcc0_0;  1 drivers
v0x63b8cbc9cf40_0 .var "destroy_valid", 0 0;
v0x63b8cbc9d010_0 .var "pause_valid", 0 0;
v0x63b8cbc9d0e0_0 .var "resume_valid", 0 0;
v0x63b8cbc9d1b0_0 .var "rst", 0 0;
v0x63b8cbc9d280_0 .var "select_valid", 0 0;
v0x63b8cbc9d350_0 .net "switch_count", 31 0, v0x63b8cbc9c160_0;  1 drivers
v0x63b8cbc9d420_0 .net "yara_running", 1 0, v0x63b8cbc9c240_0;  1 drivers
v0x63b8cbc9d4f0_0 .net "yara_valid", 1 0, v0x63b8cbc9c320_0;  1 drivers
E_0x63b8cbc523d0 .event negedge, v0x63b8cbc9b820_0;
S_0x63b8cbc62400 .scope autotask, "command" "command" 3 68, 3 68 0, S_0x63b8cbc796f0;
 .timescale -9 -12;
v0x63b8cbc7b890_0 .var "operation", 2 0;
v0x63b8cbc43e90_0 .var "room", 0 0;
TD_tb_ifa_yara_manager.command ;
    %wait E_0x63b8cbc523d0;
    %load/vec4 v0x63b8cbc43e90_0;
    %store/vec4 v0x63b8cbc9ccd0_0, 0, 1;
    %pushi/vec4 0, 0, 1;
    %store/vec4 v0x63b8cbc9cda0_0, 0, 1;
    %pushi/vec4 0, 0, 1;
    %store/vec4 v0x63b8cbc9d280_0, 0, 1;
    %pushi/vec4 0, 0, 1;
    %store/vec4 v0x63b8cbc9d010_0, 0, 1;
    %pushi/vec4 0, 0, 1;
    %store/vec4 v0x63b8cbc9d0e0_0, 0, 1;
    %pushi/vec4 0, 0, 1;
    %store/vec4 v0x63b8cbc9cf40_0, 0, 1;
    %load/vec4 v0x63b8cbc7b890_0;
    %dup/vec4;
    %pushi/vec4 0, 0, 3;
    %cmp/u;
    %jmp/1 T_0.0, 6;
    %dup/vec4;
    %pushi/vec4 1, 0, 3;
    %cmp/u;
    %jmp/1 T_0.1, 6;
    %dup/vec4;
    %pushi/vec4 2, 0, 3;
    %cmp/u;
    %jmp/1 T_0.2, 6;
    %dup/vec4;
    %pushi/vec4 3, 0, 3;
    %cmp/u;
    %jmp/1 T_0.3, 6;
    %dup/vec4;
    %pushi/vec4 4, 0, 3;
    %cmp/u;
    %jmp/1 T_0.4, 6;
    %jmp T_0.5;
T_0.0 ;
    %pushi/vec4 1, 0, 1;
    %store/vec4 v0x63b8cbc9cda0_0, 0, 1;
    %jmp T_0.5;
T_0.1 ;
    %pushi/vec4 1, 0, 1;
    %store/vec4 v0x63b8cbc9d280_0, 0, 1;
    %jmp T_0.5;
T_0.2 ;
    %pushi/vec4 1, 0, 1;
    %store/vec4 v0x63b8cbc9d010_0, 0, 1;
    %jmp T_0.5;
T_0.3 ;
    %pushi/vec4 1, 0, 1;
    %store/vec4 v0x63b8cbc9d0e0_0, 0, 1;
    %jmp T_0.5;
T_0.4 ;
    %pushi/vec4 1, 0, 1;
    %store/vec4 v0x63b8cbc9cf40_0, 0, 1;
    %jmp T_0.5;
T_0.5 ;
    %pop/vec4 1;
    %wait E_0x63b8cbc54690;
    %delay 1000, 0;
    %vpi_call/w 3 94 "$display", "OP=%0d YARA=%0d allowed=%0d denied=%0d valid=%b running=%b active=%0d", v0x63b8cbc7b890_0, v0x63b8cbc43e90_0, v0x63b8cbc9cb30_0, v0x63b8cbc9cc00_0, v0x63b8cbc9d4f0_0, v0x63b8cbc9d420_0, v0x63b8cbc9c7f0_0 {0 0 0};
    %wait E_0x63b8cbc523d0;
    %pushi/vec4 0, 0, 1;
    %store/vec4 v0x63b8cbc9cda0_0, 0, 1;
    %pushi/vec4 0, 0, 1;
    %store/vec4 v0x63b8cbc9d280_0, 0, 1;
    %pushi/vec4 0, 0, 1;
    %store/vec4 v0x63b8cbc9d010_0, 0, 1;
    %pushi/vec4 0, 0, 1;
    %store/vec4 v0x63b8cbc9d0e0_0, 0, 1;
    %pushi/vec4 0, 0, 1;
    %store/vec4 v0x63b8cbc9cf40_0, 0, 1;
    %end;
S_0x63b8cbc9ae20 .scope module, "dut" "ifa_yara_manager" 3 37, 4 44 0, S_0x63b8cbc796f0;
 .timescale 0 0;
    .port_info 0 /INPUT 1 "clk";
    .port_info 1 /INPUT 1 "rst";
    .port_info 2 /INPUT 1 "babalawo_mode";
    .port_info 3 /INPUT 1 "create_valid";
    .port_info 4 /INPUT 1 "select_valid";
    .port_info 5 /INPUT 1 "pause_valid";
    .port_info 6 /INPUT 1 "resume_valid";
    .port_info 7 /INPUT 1 "destroy_valid";
    .port_info 8 /INPUT 1 "command_yara";
    .port_info 9 /OUTPUT 1 "active_yara";
    .port_info 10 /OUTPUT 1 "active_valid";
    .port_info 11 /OUTPUT 1 "active_running";
    .port_info 12 /OUTPUT 2 "yara_valid";
    .port_info 13 /OUTPUT 2 "yara_running";
    .port_info 14 /OUTPUT 2 "clear_yara";
    .port_info 15 /OUTPUT 1 "command_allowed";
    .port_info 16 /OUTPUT 1 "command_denied";
    .port_info 17 /OUTPUT 32 "switch_count";
    .port_info 18 /OUTPUT 32 "denied_count";
P_0x63b8cbc9b020 .param/l "MAX_YARA" 0 4 50, +C4<00000000000000000000000000000010>;
P_0x63b8cbc9b060 .param/l "YARA_COUNT" 0 4 47, +C4<00000000000000000000000000000010>;
P_0x63b8cbc9b0a0 .param/l "YARA_W" 0 4 52, +C4<00000000000000000000000000000001>;
v0x63b8cbc455f0_0 .var "active_running", 0 0;
v0x63b8cbc19330_0 .var "active_valid", 0 0;
v0x63b8cbc9b480_0 .var "active_yara", 0 0;
v0x63b8cbc9b570_0 .var "active_yara_in_range", 0 0;
v0x63b8cbc9b630_0 .net "babalawo_mode", 0 0, v0x63b8cbc9c8f0_0;  1 drivers
v0x63b8cbc9b740_0 .var "clear_yara", 1 0;
v0x63b8cbc9b820_0 .net "clk", 0 0, v0x63b8cbc9ca60_0;  1 drivers
v0x63b8cbc9b8e0_0 .var "command_allowed", 0 0;
v0x63b8cbc9b9a0_0 .var "command_denied", 0 0;
v0x63b8cbc9ba60_0 .net "command_yara", 0 0, v0x63b8cbc9ccd0_0;  1 drivers
v0x63b8cbc9bb40_0 .var "command_yara_valid", 0 0;
v0x63b8cbc9bc00_0 .net "create_valid", 0 0, v0x63b8cbc9cda0_0;  1 drivers
v0x63b8cbc9bcc0_0 .var "denied_count", 31 0;
v0x63b8cbc9bda0_0 .net "destroy_valid", 0 0, v0x63b8cbc9cf40_0;  1 drivers
v0x63b8cbc9be60_0 .net "pause_valid", 0 0, v0x63b8cbc9d010_0;  1 drivers
v0x63b8cbc9bf20_0 .net "resume_valid", 0 0, v0x63b8cbc9d0e0_0;  1 drivers
v0x63b8cbc9bfe0_0 .net "rst", 0 0, v0x63b8cbc9d1b0_0;  1 drivers
v0x63b8cbc9c0a0_0 .net "select_valid", 0 0, v0x63b8cbc9d280_0;  1 drivers
v0x63b8cbc9c160_0 .var "switch_count", 31 0;
v0x63b8cbc9c240_0 .var "yara_running", 1 0;
v0x63b8cbc9c320_0 .var "yara_valid", 1 0;
E_0x63b8cbc556e0 .event anyedge, v0x63b8cbc9b570_0, v0x63b8cbc9b480_0, v0x63b8cbc9c320_0, v0x63b8cbc9c240_0;
E_0x63b8cbc54690 .event posedge, v0x63b8cbc9b820_0;
E_0x63b8cbc54140 .event anyedge, v0x63b8cbc9ba60_0, v0x63b8cbc9b480_0;
    .scope S_0x63b8cbc9ae20;
T_1 ;
    %end;
    .thread T_1;
    .scope S_0x63b8cbc9ae20;
T_2 ;
Ewait_0 .event/or E_0x63b8cbc54140, E_0x0;
    %wait Ewait_0;
    %load/vec4 v0x63b8cbc9ba60_0;
    %pad/u 32;
    %cmpi/u 2, 0, 32;
    %flag_get/vec4 5;
    %store/vec4 v0x63b8cbc9bb40_0, 0, 1;
    %load/vec4 v0x63b8cbc9b480_0;
    %pad/u 32;
    %cmpi/u 2, 0, 32;
    %flag_get/vec4 5;
    %store/vec4 v0x63b8cbc9b570_0, 0, 1;
    %jmp T_2;
    .thread T_2, $push;
    .scope S_0x63b8cbc9ae20;
T_3 ;
    %wait E_0x63b8cbc54690;
    %load/vec4 v0x63b8cbc9bfe0_0;
    %flag_set/vec4 8;
    %jmp/0xz  T_3.0, 8;
    %pushi/vec4 0, 0, 1;
    %assign/vec4 v0x63b8cbc9b480_0, 0;
    %pushi/vec4 0, 0, 2;
    %assign/vec4 v0x63b8cbc9c320_0, 0;
    %pushi/vec4 0, 0, 2;
    %assign/vec4 v0x63b8cbc9c240_0, 0;
    %pushi/vec4 0, 0, 2;
    %assign/vec4 v0x63b8cbc9b740_0, 0;
    %pushi/vec4 0, 0, 1;
    %assign/vec4 v0x63b8cbc9b8e0_0, 0;
    %pushi/vec4 0, 0, 1;
    %assign/vec4 v0x63b8cbc9b9a0_0, 0;
    %pushi/vec4 0, 0, 32;
    %assign/vec4 v0x63b8cbc9c160_0, 0;
    %pushi/vec4 0, 0, 32;
    %assign/vec4 v0x63b8cbc9bcc0_0, 0;
    %jmp T_3.1;
T_3.0 ;
    %pushi/vec4 0, 0, 2;
    %assign/vec4 v0x63b8cbc9b740_0, 0;
    %pushi/vec4 0, 0, 1;
    %assign/vec4 v0x63b8cbc9b8e0_0, 0;
    %pushi/vec4 0, 0, 1;
    %assign/vec4 v0x63b8cbc9b9a0_0, 0;
    %load/vec4 v0x63b8cbc9bc00_0;
    %flag_set/vec4 8;
    %jmp/0xz  T_3.2, 8;
    %load/vec4 v0x63b8cbc9b630_0;
    %flag_set/vec4 10;
    %flag_get/vec4 10;
    %jmp/0 T_3.7, 10;
    %load/vec4 v0x63b8cbc9bb40_0;
    %and;
T_3.7;
    %flag_set/vec4 9;
    %flag_get/vec4 9;
    %jmp/0 T_3.6, 9;
    %load/vec4 v0x63b8cbc9c320_0;
    %load/vec4 v0x63b8cbc9ba60_0;
    %part/u 1;
    %nor/r;
    %and;
T_3.6;
    %flag_set/vec4 8;
    %jmp/0xz  T_3.4, 8;
    %pushi/vec4 1, 0, 1;
    %ix/load 5, 0, 0;
    %ix/getv 4, v0x63b8cbc9ba60_0;
    %assign/vec4/off/d v0x63b8cbc9c320_0, 4, 5;
    %pushi/vec4 1, 0, 1;
    %ix/load 5, 0, 0;
    %ix/getv 4, v0x63b8cbc9ba60_0;
    %assign/vec4/off/d v0x63b8cbc9c240_0, 4, 5;
    %pushi/vec4 1, 0, 1;
    %ix/load 5, 0, 0;
    %ix/getv 4, v0x63b8cbc9ba60_0;
    %assign/vec4/off/d v0x63b8cbc9b740_0, 4, 5;
    %pushi/vec4 1, 0, 1;
    %assign/vec4 v0x63b8cbc9b8e0_0, 0;
    %jmp T_3.5;
T_3.4 ;
    %pushi/vec4 1, 0, 1;
    %assign/vec4 v0x63b8cbc9b9a0_0, 0;
    %load/vec4 v0x63b8cbc9bcc0_0;
    %addi 1, 0, 32;
    %assign/vec4 v0x63b8cbc9bcc0_0, 0;
T_3.5 ;
    %jmp T_3.3;
T_3.2 ;
    %load/vec4 v0x63b8cbc9c0a0_0;
    %flag_set/vec4 8;
    %jmp/0xz  T_3.8, 8;
    %load/vec4 v0x63b8cbc9b630_0;
    %flag_set/vec4 11;
    %flag_get/vec4 11;
    %jmp/0 T_3.14, 11;
    %load/vec4 v0x63b8cbc9bb40_0;
    %and;
T_3.14;
    %flag_set/vec4 10;
    %flag_get/vec4 10;
    %jmp/0 T_3.13, 10;
    %load/vec4 v0x63b8cbc9c320_0;
    %load/vec4 v0x63b8cbc9ba60_0;
    %part/u 1;
    %and;
T_3.13;
    %flag_set/vec4 9;
    %flag_get/vec4 9;
    %jmp/0 T_3.12, 9;
    %load/vec4 v0x63b8cbc9c240_0;
    %load/vec4 v0x63b8cbc9ba60_0;
    %part/u 1;
    %and;
T_3.12;
    %flag_set/vec4 8;
    %jmp/0xz  T_3.10, 8;
    %load/vec4 v0x63b8cbc9ba60_0;
    %assign/vec4 v0x63b8cbc9b480_0, 0;
    %pushi/vec4 1, 0, 1;
    %assign/vec4 v0x63b8cbc9b8e0_0, 0;
    %load/vec4 v0x63b8cbc9c160_0;
    %addi 1, 0, 32;
    %assign/vec4 v0x63b8cbc9c160_0, 0;
    %jmp T_3.11;
T_3.10 ;
    %pushi/vec4 1, 0, 1;
    %assign/vec4 v0x63b8cbc9b9a0_0, 0;
    %load/vec4 v0x63b8cbc9bcc0_0;
    %addi 1, 0, 32;
    %assign/vec4 v0x63b8cbc9bcc0_0, 0;
T_3.11 ;
    %jmp T_3.9;
T_3.8 ;
    %load/vec4 v0x63b8cbc9be60_0;
    %flag_set/vec4 8;
    %jmp/0xz  T_3.15, 8;
    %load/vec4 v0x63b8cbc9b630_0;
    %flag_set/vec4 11;
    %flag_get/vec4 11;
    %jmp/0 T_3.21, 11;
    %load/vec4 v0x63b8cbc9bb40_0;
    %and;
T_3.21;
    %flag_set/vec4 10;
    %flag_get/vec4 10;
    %jmp/0 T_3.20, 10;
    %load/vec4 v0x63b8cbc9c320_0;
    %load/vec4 v0x63b8cbc9ba60_0;
    %part/u 1;
    %and;
T_3.20;
    %flag_set/vec4 9;
    %flag_get/vec4 9;
    %jmp/0 T_3.19, 9;
    %load/vec4 v0x63b8cbc9c240_0;
    %load/vec4 v0x63b8cbc9ba60_0;
    %part/u 1;
    %and;
T_3.19;
    %flag_set/vec4 8;
    %jmp/0xz  T_3.17, 8;
    %pushi/vec4 0, 0, 1;
    %ix/load 5, 0, 0;
    %ix/getv 4, v0x63b8cbc9ba60_0;
    %assign/vec4/off/d v0x63b8cbc9c240_0, 4, 5;
    %pushi/vec4 1, 0, 1;
    %assign/vec4 v0x63b8cbc9b8e0_0, 0;
    %jmp T_3.18;
T_3.17 ;
    %pushi/vec4 1, 0, 1;
    %assign/vec4 v0x63b8cbc9b9a0_0, 0;
    %load/vec4 v0x63b8cbc9bcc0_0;
    %addi 1, 0, 32;
    %assign/vec4 v0x63b8cbc9bcc0_0, 0;
T_3.18 ;
    %jmp T_3.16;
T_3.15 ;
    %load/vec4 v0x63b8cbc9bf20_0;
    %flag_set/vec4 8;
    %jmp/0xz  T_3.22, 8;
    %load/vec4 v0x63b8cbc9b630_0;
    %flag_set/vec4 11;
    %flag_get/vec4 11;
    %jmp/0 T_3.28, 11;
    %load/vec4 v0x63b8cbc9bb40_0;
    %and;
T_3.28;
    %flag_set/vec4 10;
    %flag_get/vec4 10;
    %jmp/0 T_3.27, 10;
    %load/vec4 v0x63b8cbc9c320_0;
    %load/vec4 v0x63b8cbc9ba60_0;
    %part/u 1;
    %and;
T_3.27;
    %flag_set/vec4 9;
    %flag_get/vec4 9;
    %jmp/0 T_3.26, 9;
    %load/vec4 v0x63b8cbc9c240_0;
    %load/vec4 v0x63b8cbc9ba60_0;
    %part/u 1;
    %nor/r;
    %and;
T_3.26;
    %flag_set/vec4 8;
    %jmp/0xz  T_3.24, 8;
    %pushi/vec4 1, 0, 1;
    %ix/load 5, 0, 0;
    %ix/getv 4, v0x63b8cbc9ba60_0;
    %assign/vec4/off/d v0x63b8cbc9c240_0, 4, 5;
    %pushi/vec4 1, 0, 1;
    %assign/vec4 v0x63b8cbc9b8e0_0, 0;
    %jmp T_3.25;
T_3.24 ;
    %pushi/vec4 1, 0, 1;
    %assign/vec4 v0x63b8cbc9b9a0_0, 0;
    %load/vec4 v0x63b8cbc9bcc0_0;
    %addi 1, 0, 32;
    %assign/vec4 v0x63b8cbc9bcc0_0, 0;
T_3.25 ;
    %jmp T_3.23;
T_3.22 ;
    %load/vec4 v0x63b8cbc9bda0_0;
    %flag_set/vec4 8;
    %jmp/0xz  T_3.29, 8;
    %load/vec4 v0x63b8cbc9b630_0;
    %flag_set/vec4 10;
    %flag_get/vec4 10;
    %jmp/0 T_3.34, 10;
    %load/vec4 v0x63b8cbc9bb40_0;
    %and;
T_3.34;
    %flag_set/vec4 9;
    %flag_get/vec4 9;
    %jmp/0 T_3.33, 9;
    %load/vec4 v0x63b8cbc9c320_0;
    %load/vec4 v0x63b8cbc9ba60_0;
    %part/u 1;
    %and;
T_3.33;
    %flag_set/vec4 8;
    %jmp/0xz  T_3.31, 8;
    %pushi/vec4 0, 0, 1;
    %ix/load 5, 0, 0;
    %ix/getv 4, v0x63b8cbc9ba60_0;
    %assign/vec4/off/d v0x63b8cbc9c320_0, 4, 5;
    %pushi/vec4 0, 0, 1;
    %ix/load 5, 0, 0;
    %ix/getv 4, v0x63b8cbc9ba60_0;
    %assign/vec4/off/d v0x63b8cbc9c240_0, 4, 5;
    %pushi/vec4 1, 0, 1;
    %ix/load 5, 0, 0;
    %ix/getv 4, v0x63b8cbc9ba60_0;
    %assign/vec4/off/d v0x63b8cbc9b740_0, 4, 5;
    %pushi/vec4 1, 0, 1;
    %assign/vec4 v0x63b8cbc9b8e0_0, 0;
    %jmp T_3.32;
T_3.31 ;
    %pushi/vec4 1, 0, 1;
    %assign/vec4 v0x63b8cbc9b9a0_0, 0;
    %load/vec4 v0x63b8cbc9bcc0_0;
    %addi 1, 0, 32;
    %assign/vec4 v0x63b8cbc9bcc0_0, 0;
T_3.32 ;
T_3.29 ;
T_3.23 ;
T_3.16 ;
T_3.9 ;
T_3.3 ;
T_3.1 ;
    %jmp T_3;
    .thread T_3;
    .scope S_0x63b8cbc9ae20;
T_4 ;
Ewait_1 .event/or E_0x63b8cbc556e0, E_0x0;
    %wait Ewait_1;
    %pushi/vec4 0, 0, 1;
    %store/vec4 v0x63b8cbc19330_0, 0, 1;
    %pushi/vec4 0, 0, 1;
    %store/vec4 v0x63b8cbc455f0_0, 0, 1;
    %load/vec4 v0x63b8cbc9b570_0;
    %flag_set/vec4 8;
    %jmp/0xz  T_4.0, 8;
    %load/vec4 v0x63b8cbc9c320_0;
    %load/vec4 v0x63b8cbc9b480_0;
    %part/u 1;
    %store/vec4 v0x63b8cbc19330_0, 0, 1;
    %load/vec4 v0x63b8cbc9c240_0;
    %load/vec4 v0x63b8cbc9b480_0;
    %part/u 1;
    %store/vec4 v0x63b8cbc455f0_0, 0, 1;
T_4.0 ;
    %jmp T_4;
    .thread T_4, $push;
    .scope S_0x63b8cbc796f0;
T_5 ;
    %delay 5000, 0;
    %load/vec4 v0x63b8cbc9ca60_0;
    %inv;
    %store/vec4 v0x63b8cbc9ca60_0, 0, 1;
    %jmp T_5;
    .thread T_5;
    .scope S_0x63b8cbc796f0;
T_6 ;
    %vpi_call/w 3 110 "$dumpfile", "sim/v4/ifa_yara_manager.vcd" {0 0 0};
    %vpi_call/w 3 111 "$dumpvars", 32'sb00000000000000000000000000000000, S_0x63b8cbc796f0 {0 0 0};
    %pushi/vec4 0, 0, 1;
    %store/vec4 v0x63b8cbc9ca60_0, 0, 1;
    %pushi/vec4 1, 0, 1;
    %store/vec4 v0x63b8cbc9d1b0_0, 0, 1;
    %pushi/vec4 0, 0, 1;
    %store/vec4 v0x63b8cbc9c8f0_0, 0, 1;
    %pushi/vec4 0, 0, 1;
    %store/vec4 v0x63b8cbc9cda0_0, 0, 1;
    %pushi/vec4 0, 0, 1;
    %store/vec4 v0x63b8cbc9d280_0, 0, 1;
    %pushi/vec4 0, 0, 1;
    %store/vec4 v0x63b8cbc9d010_0, 0, 1;
    %pushi/vec4 0, 0, 1;
    %store/vec4 v0x63b8cbc9d0e0_0, 0, 1;
    %pushi/vec4 0, 0, 1;
    %store/vec4 v0x63b8cbc9cf40_0, 0, 1;
    %pushi/vec4 0, 0, 1;
    %store/vec4 v0x63b8cbc9ccd0_0, 0, 1;
    %pushi/vec4 3, 0, 32;
T_6.0 %dup/vec4;
    %pushi/vec4 0, 0, 32;
    %cmp/s;
    %jmp/1xz T_6.1, 5;
    %jmp/1 T_6.1, 4;
    %pushi/vec4 1, 0, 32;
    %sub;
    %wait E_0x63b8cbc523d0;
    %jmp T_6.0;
T_6.1 ;
    %pop/vec4 1;
    %pushi/vec4 0, 0, 1;
    %store/vec4 v0x63b8cbc9d1b0_0, 0, 1;
    %vpi_call/w 3 129 "$display", "============================================================" {0 0 0};
    %vpi_call/w 3 130 "$display", "IF\303\201 V4 Y\303\200R\303\201 MANAGER TEST" {0 0 0};
    %vpi_call/w 3 131 "$display", "============================================================" {0 0 0};
    %alloc S_0x63b8cbc62400;
    %pushi/vec4 0, 0, 3;
    %store/vec4 v0x63b8cbc7b890_0, 0, 3;
    %pushi/vec4 0, 0, 1;
    %store/vec4 v0x63b8cbc43e90_0, 0, 1;
    %fork TD_tb_ifa_yara_manager.command, S_0x63b8cbc62400;
    %join;
    %free S_0x63b8cbc62400;
    %load/vec4 v0x63b8cbc9cc00_0;
    %cmpi/ne 1, 0, 1;
    %jmp/0xz  T_6.2, 6;
    %vpi_call/w 3 137 "$fatal", 32'sb00000000000000000000000000000001, "Normal mode CREATE should be denied" {0 0 0};
T_6.2 ;
    %pushi/vec4 1, 0, 1;
    %store/vec4 v0x63b8cbc9c8f0_0, 0, 1;
    %alloc S_0x63b8cbc62400;
    %pushi/vec4 0, 0, 3;
    %store/vec4 v0x63b8cbc7b890_0, 0, 3;
    %pushi/vec4 0, 0, 1;
    %store/vec4 v0x63b8cbc43e90_0, 0, 1;
    %fork TD_tb_ifa_yara_manager.command, S_0x63b8cbc62400;
    %join;
    %free S_0x63b8cbc62400;
    %alloc S_0x63b8cbc62400;
    %pushi/vec4 0, 0, 3;
    %store/vec4 v0x63b8cbc7b890_0, 0, 3;
    %pushi/vec4 1, 0, 1;
    %store/vec4 v0x63b8cbc43e90_0, 0, 1;
    %fork TD_tb_ifa_yara_manager.command, S_0x63b8cbc62400;
    %join;
    %free S_0x63b8cbc62400;
    %load/vec4 v0x63b8cbc9d4f0_0;
    %cmpi/ne 3, 0, 2;
    %jmp/0xz  T_6.4, 6;
    %vpi_call/w 3 146 "$fatal", 32'sb00000000000000000000000000000001, "Both YARA should be valid" {0 0 0};
T_6.4 ;
    %alloc S_0x63b8cbc62400;
    %pushi/vec4 1, 0, 3;
    %store/vec4 v0x63b8cbc7b890_0, 0, 3;
    %pushi/vec4 1, 0, 1;
    %store/vec4 v0x63b8cbc43e90_0, 0, 1;
    %fork TD_tb_ifa_yara_manager.command, S_0x63b8cbc62400;
    %join;
    %free S_0x63b8cbc62400;
    %load/vec4 v0x63b8cbc9c7f0_0;
    %pad/u 32;
    %cmpi/ne 1, 0, 32;
    %jmp/0xz  T_6.6, 6;
    %vpi_call/w 3 152 "$fatal", 32'sb00000000000000000000000000000001, "YARA 1 should be active" {0 0 0};
T_6.6 ;
    %alloc S_0x63b8cbc62400;
    %pushi/vec4 2, 0, 3;
    %store/vec4 v0x63b8cbc7b890_0, 0, 3;
    %pushi/vec4 1, 0, 1;
    %store/vec4 v0x63b8cbc43e90_0, 0, 1;
    %fork TD_tb_ifa_yara_manager.command, S_0x63b8cbc62400;
    %join;
    %free S_0x63b8cbc62400;
    %load/vec4 v0x63b8cbc9d420_0;
    %parti/s 1, 1, 2;
    %cmpi/ne 0, 0, 1;
    %jmp/0xz  T_6.8, 6;
    %vpi_call/w 3 158 "$fatal", 32'sb00000000000000000000000000000001, "YARA 1 should be paused" {0 0 0};
T_6.8 ;
    %alloc S_0x63b8cbc62400;
    %pushi/vec4 1, 0, 3;
    %store/vec4 v0x63b8cbc7b890_0, 0, 3;
    %pushi/vec4 1, 0, 1;
    %store/vec4 v0x63b8cbc43e90_0, 0, 1;
    %fork TD_tb_ifa_yara_manager.command, S_0x63b8cbc62400;
    %join;
    %free S_0x63b8cbc62400;
    %load/vec4 v0x63b8cbc9cc00_0;
    %cmpi/ne 1, 0, 1;
    %jmp/0xz  T_6.10, 6;
    %vpi_call/w 3 164 "$fatal", 32'sb00000000000000000000000000000001, "Paused YARA must not be selected" {0 0 0};
T_6.10 ;
    %alloc S_0x63b8cbc62400;
    %pushi/vec4 3, 0, 3;
    %store/vec4 v0x63b8cbc7b890_0, 0, 3;
    %pushi/vec4 1, 0, 1;
    %store/vec4 v0x63b8cbc43e90_0, 0, 1;
    %fork TD_tb_ifa_yara_manager.command, S_0x63b8cbc62400;
    %join;
    %free S_0x63b8cbc62400;
    %alloc S_0x63b8cbc62400;
    %pushi/vec4 1, 0, 3;
    %store/vec4 v0x63b8cbc7b890_0, 0, 3;
    %pushi/vec4 1, 0, 1;
    %store/vec4 v0x63b8cbc43e90_0, 0, 1;
    %fork TD_tb_ifa_yara_manager.command, S_0x63b8cbc62400;
    %join;
    %free S_0x63b8cbc62400;
    %load/vec4 v0x63b8cbc9c7f0_0;
    %pad/u 32;
    %cmpi/ne 1, 0, 32;
    %jmp/1 T_6.14, 6;
    %flag_mov 8, 6;
    %load/vec4 v0x63b8cbc44f00_0;
    %cmpi/ne 1, 0, 1;
    %flag_or 6, 8;
T_6.14;
    %jmp/0xz  T_6.12, 6;
    %vpi_call/w 3 174 "$fatal", 32'sb00000000000000000000000000000001, "Resumed YARA 1 should be selectable" {0 0 0};
T_6.12 ;
    %alloc S_0x63b8cbc62400;
    %pushi/vec4 4, 0, 3;
    %store/vec4 v0x63b8cbc7b890_0, 0, 3;
    %pushi/vec4 0, 0, 1;
    %store/vec4 v0x63b8cbc43e90_0, 0, 1;
    %fork TD_tb_ifa_yara_manager.command, S_0x63b8cbc62400;
    %join;
    %free S_0x63b8cbc62400;
    %load/vec4 v0x63b8cbc9d4f0_0;
    %parti/s 1, 0, 2;
    %cmpi/ne 0, 0, 1;
    %jmp/1 T_6.17, 6;
    %flag_mov 8, 6;
    %load/vec4 v0x63b8cbc9c9c0_0;
    %parti/s 1, 0, 2;
    %cmpi/ne 1, 0, 1;
    %flag_or 6, 8;
T_6.17;
    %jmp/0xz  T_6.15, 6;
    %vpi_call/w 3 183 "$fatal", 32'sb00000000000000000000000000000001, "Destroy must invalidate and clear YARA 0" {0 0 0};
T_6.15 ;
    %vpi_call/w 3 185 "$display", "\000" {0 0 0};
    %vpi_call/w 3 186 "$display", "FINAL STATE" {0 0 0};
    %vpi_call/w 3 187 "$display", "------------------------------------------------------------" {0 0 0};
    %vpi_call/w 3 188 "$display", "Valid rooms   = %b", v0x63b8cbc9d4f0_0 {0 0 0};
    %vpi_call/w 3 189 "$display", "Running rooms = %b", v0x63b8cbc9d420_0 {0 0 0};
    %vpi_call/w 3 190 "$display", "Active YARA   = %0d", v0x63b8cbc9c7f0_0 {0 0 0};
    %vpi_call/w 3 191 "$display", "Switches      = %0d", v0x63b8cbc9d350_0 {0 0 0};
    %vpi_call/w 3 192 "$display", "Denied cmds   = %0d", v0x63b8cbc9ce70_0 {0 0 0};
    %vpi_call/w 3 194 "$display", "============================================================" {0 0 0};
    %vpi_call/w 3 195 "$display", "PASS: Only Babal\303\241wo may manage Y\303\200R\303\201" {0 0 0};
    %vpi_call/w 3 196 "$display", "PASS: Y\303\200R\303\201 can be created, selected, paused and resumed" {0 0 0};
    %vpi_call/w 3 197 "$display", "PASS: Paused rooms cannot be selected" {0 0 0};
    %vpi_call/w 3 198 "$display", "PASS: Destroy invalidates and clears the room" {0 0 0};
    %vpi_call/w 3 199 "$display", "============================================================" {0 0 0};
    %vpi_call/w 3 201 "$finish" {0 0 0};
    %end;
    .thread T_6;
# The file index is used to find the file name in the following table.
:file_names 5;
    "N/A";
    "<interactive>";
    "-";
    "tb/v4/tb_ifa_yara_manager.sv";
    "rtl/v4/ifa_yara_manager.sv";
