#! /usr/bin/vvp
:ivl_version "12.0 (stable)";
:ivl_delay_selection "TYPICAL";
:vpi_time_precision - 12;
:vpi_module "/usr/lib/x86_64-linux-gnu/ivl/system.vpi";
:vpi_module "/usr/lib/x86_64-linux-gnu/ivl/vhdl_sys.vpi";
:vpi_module "/usr/lib/x86_64-linux-gnu/ivl/vhdl_textio.vpi";
:vpi_module "/usr/lib/x86_64-linux-gnu/ivl/v2005_math.vpi";
:vpi_module "/usr/lib/x86_64-linux-gnu/ivl/va_math.vpi";
:vpi_module "/usr/lib/x86_64-linux-gnu/ivl/v2009.vpi";
S_0x612f8736f830 .scope package, "$unit" "$unit" 2 1;
 .timescale 0 0;
S_0x612f87358700 .scope module, "tb_ifa_v4_reuse_workload" "tb_ifa_v4_reuse_workload" 3 3;
 .timescale -9 -12;
P_0x612f8732cf70 .param/l "DEPTH" 1 3 6, +C4<00000000000000000000000000010000>;
P_0x612f8732cfb0 .param/l "WIDTH" 1 3 5, +C4<00000000000000000000000000001000>;
v0x612f873936b0_0 .var "clk", 0 0;
v0x612f873937c0_0 .net "evict_count", 31 0, v0x612f87306d20_0;  1 drivers
v0x612f873938d0_0 .net "hit_count", 31 0, v0x612f8738fdd0_0;  1 drivers
v0x612f873939c0_0 .net "miss_count", 31 0, v0x612f87391180_0;  1 drivers
v0x612f87393ad0_0 .net "out_r0", 7 0, v0x612f87391260_0;  1 drivers
v0x612f87393c30_0 .net "out_ra", 7 0, v0x612f87391340_0;  1 drivers
v0x612f87393d40_0 .net "out_rd", 7 0, v0x612f87391420_0;  1 drivers
v0x612f87393e50_0 .net "out_t", 7 0, v0x612f87391500_0;  1 drivers
v0x612f87393f60_0 .net "out_y", 7 0, v0x612f873915e0_0;  1 drivers
v0x612f87394020_0 .var/i "pass", 31 0;
v0x612f87394100_0 .net "rmu_hit", 0 0, v0x612f8738fd10_0;  1 drivers
v0x612f873941f0_0 .net "rmu_miss", 0 0, v0x612f873910c0_0;  1 drivers
v0x612f873942e0_0 .var "rpc_r0", 7 0;
v0x612f873943f0_0 .var "rpc_ra", 7 0;
v0x612f87394500_0 .var "rpc_rd", 7 0;
v0x612f87394610_0 .var "rpc_t", 7 0;
v0x612f87394720_0 .var "rpc_valid", 0 0;
v0x612f87394920_0 .var "rpc_y", 7 0;
v0x612f87394a30_0 .var "rst", 0 0;
v0x612f87394b20_0 .net "store_count", 31 0, v0x612f87391840_0;  1 drivers
E_0x612f8733e850 .event negedge, v0x612f873367d0_0;
S_0x612f873589c0 .scope module, "dut" "ifa_v4_core" 3 27, 4 19 0, S_0x612f87358700;
 .timescale 0 0;
    .port_info 0 /INPUT 1 "clk";
    .port_info 1 /INPUT 1 "rst";
    .port_info 2 /INPUT 1 "rpc_valid";
    .port_info 3 /INPUT 8 "rpc_y";
    .port_info 4 /INPUT 8 "rpc_ra";
    .port_info 5 /INPUT 8 "rpc_rd";
    .port_info 6 /INPUT 8 "rpc_r0";
    .port_info 7 /INPUT 8 "rpc_t";
    .port_info 8 /OUTPUT 1 "rmu_hit";
    .port_info 9 /OUTPUT 1 "rmu_miss";
    .port_info 10 /OUTPUT 8 "out_y";
    .port_info 11 /OUTPUT 8 "out_ra";
    .port_info 12 /OUTPUT 8 "out_rd";
    .port_info 13 /OUTPUT 8 "out_r0";
    .port_info 14 /OUTPUT 8 "out_t";
    .port_info 15 /OUTPUT 32 "hit_count";
    .port_info 16 /OUTPUT 32 "miss_count";
    .port_info 17 /OUTPUT 32 "store_count";
    .port_info 18 /OUTPUT 32 "evict_count";
P_0x612f873588e0 .param/l "DEPTH" 0 4 21, +C4<00000000000000000000000000010000>;
P_0x612f87358920 .param/l "WIDTH" 0 4 20, +C4<00000000000000000000000000001000>;
v0x612f87335db0_0 .net "clk", 0 0, v0x612f873936b0_0;  1 drivers
v0x612f87391f70_0 .net "evict_count", 31 0, v0x612f87306d20_0;  alias, 1 drivers
v0x612f87392040_0 .net "hit_count", 31 0, v0x612f8738fdd0_0;  alias, 1 drivers
v0x612f87392140_0 .net "miss_count", 31 0, v0x612f87391180_0;  alias, 1 drivers
v0x612f87392210_0 .net "out_r0", 7 0, v0x612f87391260_0;  alias, 1 drivers
v0x612f873922b0_0 .net "out_ra", 7 0, v0x612f87391340_0;  alias, 1 drivers
v0x612f87392380_0 .net "out_rd", 7 0, v0x612f87391420_0;  alias, 1 drivers
v0x612f87392450_0 .net "out_t", 7 0, v0x612f87391500_0;  alias, 1 drivers
v0x612f87392520_0 .net "out_y", 7 0, v0x612f873915e0_0;  alias, 1 drivers
v0x612f87392680_0 .net "rmu_hit", 0 0, v0x612f8738fd10_0;  alias, 1 drivers
v0x612f87392750_0 .net "rmu_miss", 0 0, v0x612f873910c0_0;  alias, 1 drivers
v0x612f87392820_0 .net "rpc_r0", 7 0, v0x612f873942e0_0;  1 drivers
v0x612f873928f0_0 .net "rpc_ra", 7 0, v0x612f873943f0_0;  1 drivers
v0x612f873929c0_0 .net "rpc_rd", 7 0, v0x612f87394500_0;  1 drivers
v0x612f87392a90_0 .net "rpc_t", 7 0, v0x612f87394610_0;  1 drivers
v0x612f87392b60_0 .net "rpc_valid", 0 0, v0x612f87394720_0;  1 drivers
v0x612f87392c30_0 .net "rpc_y", 7 0, v0x612f87394920_0;  1 drivers
v0x612f87392d00_0 .net "rst", 0 0, v0x612f87394a30_0;  1 drivers
v0x612f87392dd0_0 .net "store_count", 31 0, v0x612f87391840_0;  alias, 1 drivers
S_0x612f87351620 .scope module, "rmc" "ifa_relation_memory_controller" 4 52, 5 14 0, S_0x612f873589c0;
 .timescale 0 0;
    .port_info 0 /INPUT 1 "clk";
    .port_info 1 /INPUT 1 "rst";
    .port_info 2 /INPUT 1 "req_valid";
    .port_info 3 /INPUT 8 "in_y";
    .port_info 4 /INPUT 8 "in_ra";
    .port_info 5 /INPUT 8 "in_rd";
    .port_info 6 /INPUT 8 "in_r0";
    .port_info 7 /INPUT 8 "in_t";
    .port_info 8 /OUTPUT 1 "hit";
    .port_info 9 /OUTPUT 1 "miss";
    .port_info 10 /OUTPUT 8 "out_y";
    .port_info 11 /OUTPUT 8 "out_ra";
    .port_info 12 /OUTPUT 8 "out_rd";
    .port_info 13 /OUTPUT 8 "out_r0";
    .port_info 14 /OUTPUT 8 "out_t";
    .port_info 15 /OUTPUT 32 "hit_count";
    .port_info 16 /OUTPUT 32 "miss_count";
    .port_info 17 /OUTPUT 32 "store_count";
    .port_info 18 /OUTPUT 32 "evict_count";
P_0x612f87351800 .param/l "DEPTH" 0 5 16, +C4<00000000000000000000000000010000>;
P_0x612f87351840 .param/l "INDEX_W" 1 5 44, +C4<00000000000000000000000000000100>;
P_0x612f87351880 .param/l "WIDTH" 0 5 15, +C4<00000000000000000000000000001000>;
v0x612f873367d0_0 .net "clk", 0 0, v0x612f873936b0_0;  alias, 1 drivers
v0x612f87306d20_0 .var "evict_count", 31 0;
v0x612f87306330_0 .var "fifo_ptr", 3 0;
v0x612f8738fd10_0 .var "hit", 0 0;
v0x612f8738fdd0_0 .var "hit_count", 31 0;
v0x612f8738ff00_0 .var/i "i", 31 0;
v0x612f8738ffe0_0 .net "in_r0", 7 0, v0x612f873942e0_0;  alias, 1 drivers
v0x612f873900c0_0 .net "in_ra", 7 0, v0x612f873943f0_0;  alias, 1 drivers
v0x612f873901a0_0 .net "in_rd", 7 0, v0x612f87394500_0;  alias, 1 drivers
v0x612f87390280_0 .net "in_t", 7 0, v0x612f87394610_0;  alias, 1 drivers
v0x612f87390360_0 .net "in_y", 7 0, v0x612f87394920_0;  alias, 1 drivers
v0x612f87390440_0 .var "lookup_hit", 0 0;
v0x612f87390500_0 .var "lookup_index", 3 0;
v0x612f873905e0 .array "mem_r0", 15 0, 7 0;
v0x612f873906a0 .array "mem_ra", 15 0, 7 0;
v0x612f873909f0 .array "mem_rd", 15 0, 7 0;
v0x612f87390d40 .array "mem_t", 15 0, 7 0;
v0x612f87391000 .array "mem_y", 15 0, 7 0;
v0x612f873910c0_0 .var "miss", 0 0;
v0x612f87391180_0 .var "miss_count", 31 0;
v0x612f87391260_0 .var "out_r0", 7 0;
v0x612f87391340_0 .var "out_ra", 7 0;
v0x612f87391420_0 .var "out_rd", 7 0;
v0x612f87391500_0 .var "out_t", 7 0;
v0x612f873915e0_0 .var "out_y", 7 0;
v0x612f873916c0_0 .net "req_valid", 0 0, v0x612f87394720_0;  alias, 1 drivers
v0x612f87391780_0 .net "rst", 0 0, v0x612f87394a30_0;  alias, 1 drivers
v0x612f87391840_0 .var "store_count", 31 0;
v0x612f87391920 .array "valid", 15 0, 0 0;
E_0x612f87305f00 .event posedge, v0x612f873367d0_0;
v0x612f87391920_0 .array/port v0x612f87391920, 0;
v0x612f87391920_1 .array/port v0x612f87391920, 1;
v0x612f87391920_2 .array/port v0x612f87391920, 2;
v0x612f87391920_3 .array/port v0x612f87391920, 3;
E_0x612f87343120/0 .event anyedge, v0x612f87391920_0, v0x612f87391920_1, v0x612f87391920_2, v0x612f87391920_3;
v0x612f87391920_4 .array/port v0x612f87391920, 4;
v0x612f87391920_5 .array/port v0x612f87391920, 5;
v0x612f87391920_6 .array/port v0x612f87391920, 6;
v0x612f87391920_7 .array/port v0x612f87391920, 7;
E_0x612f87343120/1 .event anyedge, v0x612f87391920_4, v0x612f87391920_5, v0x612f87391920_6, v0x612f87391920_7;
v0x612f87391920_8 .array/port v0x612f87391920, 8;
v0x612f87391920_9 .array/port v0x612f87391920, 9;
v0x612f87391920_10 .array/port v0x612f87391920, 10;
v0x612f87391920_11 .array/port v0x612f87391920, 11;
E_0x612f87343120/2 .event anyedge, v0x612f87391920_8, v0x612f87391920_9, v0x612f87391920_10, v0x612f87391920_11;
v0x612f87391920_12 .array/port v0x612f87391920, 12;
v0x612f87391920_13 .array/port v0x612f87391920, 13;
v0x612f87391920_14 .array/port v0x612f87391920, 14;
v0x612f87391920_15 .array/port v0x612f87391920, 15;
E_0x612f87343120/3 .event anyedge, v0x612f87391920_12, v0x612f87391920_13, v0x612f87391920_14, v0x612f87391920_15;
v0x612f873906a0_0 .array/port v0x612f873906a0, 0;
v0x612f873906a0_1 .array/port v0x612f873906a0, 1;
v0x612f873906a0_2 .array/port v0x612f873906a0, 2;
v0x612f873906a0_3 .array/port v0x612f873906a0, 3;
E_0x612f87343120/4 .event anyedge, v0x612f873906a0_0, v0x612f873906a0_1, v0x612f873906a0_2, v0x612f873906a0_3;
v0x612f873906a0_4 .array/port v0x612f873906a0, 4;
v0x612f873906a0_5 .array/port v0x612f873906a0, 5;
v0x612f873906a0_6 .array/port v0x612f873906a0, 6;
v0x612f873906a0_7 .array/port v0x612f873906a0, 7;
E_0x612f87343120/5 .event anyedge, v0x612f873906a0_4, v0x612f873906a0_5, v0x612f873906a0_6, v0x612f873906a0_7;
v0x612f873906a0_8 .array/port v0x612f873906a0, 8;
v0x612f873906a0_9 .array/port v0x612f873906a0, 9;
v0x612f873906a0_10 .array/port v0x612f873906a0, 10;
v0x612f873906a0_11 .array/port v0x612f873906a0, 11;
E_0x612f87343120/6 .event anyedge, v0x612f873906a0_8, v0x612f873906a0_9, v0x612f873906a0_10, v0x612f873906a0_11;
v0x612f873906a0_12 .array/port v0x612f873906a0, 12;
v0x612f873906a0_13 .array/port v0x612f873906a0, 13;
v0x612f873906a0_14 .array/port v0x612f873906a0, 14;
v0x612f873906a0_15 .array/port v0x612f873906a0, 15;
E_0x612f87343120/7 .event anyedge, v0x612f873906a0_12, v0x612f873906a0_13, v0x612f873906a0_14, v0x612f873906a0_15;
v0x612f873909f0_0 .array/port v0x612f873909f0, 0;
v0x612f873909f0_1 .array/port v0x612f873909f0, 1;
v0x612f873909f0_2 .array/port v0x612f873909f0, 2;
E_0x612f87343120/8 .event anyedge, v0x612f873900c0_0, v0x612f873909f0_0, v0x612f873909f0_1, v0x612f873909f0_2;
v0x612f873909f0_3 .array/port v0x612f873909f0, 3;
v0x612f873909f0_4 .array/port v0x612f873909f0, 4;
v0x612f873909f0_5 .array/port v0x612f873909f0, 5;
v0x612f873909f0_6 .array/port v0x612f873909f0, 6;
E_0x612f87343120/9 .event anyedge, v0x612f873909f0_3, v0x612f873909f0_4, v0x612f873909f0_5, v0x612f873909f0_6;
v0x612f873909f0_7 .array/port v0x612f873909f0, 7;
v0x612f873909f0_8 .array/port v0x612f873909f0, 8;
v0x612f873909f0_9 .array/port v0x612f873909f0, 9;
v0x612f873909f0_10 .array/port v0x612f873909f0, 10;
E_0x612f87343120/10 .event anyedge, v0x612f873909f0_7, v0x612f873909f0_8, v0x612f873909f0_9, v0x612f873909f0_10;
v0x612f873909f0_11 .array/port v0x612f873909f0, 11;
v0x612f873909f0_12 .array/port v0x612f873909f0, 12;
v0x612f873909f0_13 .array/port v0x612f873909f0, 13;
v0x612f873909f0_14 .array/port v0x612f873909f0, 14;
E_0x612f87343120/11 .event anyedge, v0x612f873909f0_11, v0x612f873909f0_12, v0x612f873909f0_13, v0x612f873909f0_14;
v0x612f873909f0_15 .array/port v0x612f873909f0, 15;
v0x612f87390d40_0 .array/port v0x612f87390d40, 0;
v0x612f87390d40_1 .array/port v0x612f87390d40, 1;
E_0x612f87343120/12 .event anyedge, v0x612f873909f0_15, v0x612f873901a0_0, v0x612f87390d40_0, v0x612f87390d40_1;
v0x612f87390d40_2 .array/port v0x612f87390d40, 2;
v0x612f87390d40_3 .array/port v0x612f87390d40, 3;
v0x612f87390d40_4 .array/port v0x612f87390d40, 4;
v0x612f87390d40_5 .array/port v0x612f87390d40, 5;
E_0x612f87343120/13 .event anyedge, v0x612f87390d40_2, v0x612f87390d40_3, v0x612f87390d40_4, v0x612f87390d40_5;
v0x612f87390d40_6 .array/port v0x612f87390d40, 6;
v0x612f87390d40_7 .array/port v0x612f87390d40, 7;
v0x612f87390d40_8 .array/port v0x612f87390d40, 8;
v0x612f87390d40_9 .array/port v0x612f87390d40, 9;
E_0x612f87343120/14 .event anyedge, v0x612f87390d40_6, v0x612f87390d40_7, v0x612f87390d40_8, v0x612f87390d40_9;
v0x612f87390d40_10 .array/port v0x612f87390d40, 10;
v0x612f87390d40_11 .array/port v0x612f87390d40, 11;
v0x612f87390d40_12 .array/port v0x612f87390d40, 12;
v0x612f87390d40_13 .array/port v0x612f87390d40, 13;
E_0x612f87343120/15 .event anyedge, v0x612f87390d40_10, v0x612f87390d40_11, v0x612f87390d40_12, v0x612f87390d40_13;
v0x612f87390d40_14 .array/port v0x612f87390d40, 14;
v0x612f87390d40_15 .array/port v0x612f87390d40, 15;
E_0x612f87343120/16 .event anyedge, v0x612f87390d40_14, v0x612f87390d40_15, v0x612f87390280_0;
E_0x612f87343120 .event/or E_0x612f87343120/0, E_0x612f87343120/1, E_0x612f87343120/2, E_0x612f87343120/3, E_0x612f87343120/4, E_0x612f87343120/5, E_0x612f87343120/6, E_0x612f87343120/7, E_0x612f87343120/8, E_0x612f87343120/9, E_0x612f87343120/10, E_0x612f87343120/11, E_0x612f87343120/12, E_0x612f87343120/13, E_0x612f87343120/14, E_0x612f87343120/15, E_0x612f87343120/16;
S_0x612f87371ab0 .scope begin, "$ivl_for_loop0" "$ivl_for_loop0" 5 73, 5 73 0, S_0x612f87351620;
 .timescale 0 0;
v0x612f87336590_0 .var/2s "j", 31 0;
S_0x612f873930e0 .scope autotask, "send_frame" "send_frame" 3 56, 3 56 0, S_0x612f87358700;
 .timescale -9 -12;
v0x612f87351c20_0 .var "r0", 7 0;
v0x612f873932d0_0 .var "ra", 7 0;
v0x612f873933b0_0 .var "rd", 7 0;
v0x612f873934a0_0 .var "t", 7 0;
v0x612f87393580_0 .var "y", 7 0;
TD_tb_ifa_v4_reuse_workload.send_frame ;
    %wait E_0x612f8733e850;
    %pushi/vec4 1, 0, 1;
    %store/vec4 v0x612f87394720_0, 0, 1;
    %load/vec4 v0x612f87393580_0;
    %store/vec4 v0x612f87394920_0, 0, 8;
    %load/vec4 v0x612f873932d0_0;
    %store/vec4 v0x612f873943f0_0, 0, 8;
    %load/vec4 v0x612f873933b0_0;
    %store/vec4 v0x612f87394500_0, 0, 8;
    %load/vec4 v0x612f87351c20_0;
    %store/vec4 v0x612f873942e0_0, 0, 8;
    %load/vec4 v0x612f873934a0_0;
    %store/vec4 v0x612f87394610_0, 0, 8;
    %wait E_0x612f8733e850;
    %pushi/vec4 0, 0, 1;
    %store/vec4 v0x612f87394720_0, 0, 1;
    %end;
    .scope S_0x612f87351620;
T_1 ;
Ewait_0 .event/or E_0x612f87343120, E_0x0;
    %wait Ewait_0;
    %pushi/vec4 0, 0, 1;
    %store/vec4 v0x612f87390440_0, 0, 1;
    %pushi/vec4 0, 0, 4;
    %store/vec4 v0x612f87390500_0, 0, 4;
    %fork t_1, S_0x612f87371ab0;
    %jmp t_0;
    .scope S_0x612f87371ab0;
t_1 ;
    %pushi/vec4 0, 0, 32;
    %store/vec4 v0x612f87336590_0, 0, 32;
T_1.0 ;
    %load/vec4 v0x612f87336590_0;
    %cmpi/s 16, 0, 32;
    %jmp/0xz T_1.1, 5;
    %ix/getv/s 4, v0x612f87336590_0;
    %load/vec4a v0x612f87391920, 4;
    %flag_set/vec4 11;
    %flag_get/vec4 11;
    %jmp/0 T_1.6, 11;
    %ix/getv/s 4, v0x612f87336590_0;
    %load/vec4a v0x612f873906a0, 4;
    %load/vec4 v0x612f873900c0_0;
    %cmp/e;
    %flag_get/vec4 4;
    %and;
T_1.6;
    %flag_set/vec4 10;
    %flag_get/vec4 10;
    %jmp/0 T_1.5, 10;
    %ix/getv/s 4, v0x612f87336590_0;
    %load/vec4a v0x612f873909f0, 4;
    %load/vec4 v0x612f873901a0_0;
    %cmp/e;
    %flag_get/vec4 4;
    %and;
T_1.5;
    %flag_set/vec4 9;
    %flag_get/vec4 9;
    %jmp/0 T_1.4, 9;
    %ix/getv/s 4, v0x612f87336590_0;
    %load/vec4a v0x612f87390d40, 4;
    %load/vec4 v0x612f87390280_0;
    %cmp/e;
    %flag_get/vec4 4;
    %and;
T_1.4;
    %flag_set/vec4 8;
    %jmp/0xz  T_1.2, 8;
    %pushi/vec4 1, 0, 1;
    %store/vec4 v0x612f87390440_0, 0, 1;
    %load/vec4 v0x612f87336590_0;
    %pad/s 4;
    %store/vec4 v0x612f87390500_0, 0, 4;
T_1.2 ;
    %load/vec4 v0x612f87336590_0;
    %addi 1, 0, 32;
    %cast2;
    %store/vec4 v0x612f87336590_0, 0, 32;
    %jmp T_1.0;
T_1.1 ;
    %end;
    .scope S_0x612f87351620;
t_0 %join;
    %jmp T_1;
    .thread T_1, $push;
    .scope S_0x612f87351620;
T_2 ;
    %wait E_0x612f87305f00;
    %load/vec4 v0x612f87391780_0;
    %flag_set/vec4 8;
    %jmp/0xz  T_2.0, 8;
    %pushi/vec4 0, 0, 4;
    %assign/vec4 v0x612f87306330_0, 0;
    %pushi/vec4 0, 0, 1;
    %assign/vec4 v0x612f8738fd10_0, 0;
    %pushi/vec4 0, 0, 1;
    %assign/vec4 v0x612f873910c0_0, 0;
    %pushi/vec4 0, 0, 8;
    %assign/vec4 v0x612f873915e0_0, 0;
    %pushi/vec4 0, 0, 8;
    %assign/vec4 v0x612f87391340_0, 0;
    %pushi/vec4 0, 0, 8;
    %assign/vec4 v0x612f87391420_0, 0;
    %pushi/vec4 0, 0, 8;
    %assign/vec4 v0x612f87391260_0, 0;
    %pushi/vec4 0, 0, 8;
    %assign/vec4 v0x612f87391500_0, 0;
    %pushi/vec4 0, 0, 32;
    %assign/vec4 v0x612f8738fdd0_0, 0;
    %pushi/vec4 0, 0, 32;
    %assign/vec4 v0x612f87391180_0, 0;
    %pushi/vec4 0, 0, 32;
    %assign/vec4 v0x612f87391840_0, 0;
    %pushi/vec4 0, 0, 32;
    %assign/vec4 v0x612f87306d20_0, 0;
    %pushi/vec4 0, 0, 32;
    %store/vec4 v0x612f8738ff00_0, 0, 32;
T_2.2 ;
    %load/vec4 v0x612f8738ff00_0;
    %cmpi/s 16, 0, 32;
    %jmp/0xz T_2.3, 5;
    %pushi/vec4 0, 0, 1;
    %ix/getv/s 3, v0x612f8738ff00_0;
    %ix/load 4, 0, 0; Constant delay
    %assign/vec4/a/d v0x612f87391920, 0, 4;
    %pushi/vec4 0, 0, 8;
    %ix/getv/s 3, v0x612f8738ff00_0;
    %ix/load 4, 0, 0; Constant delay
    %assign/vec4/a/d v0x612f87391000, 0, 4;
    %pushi/vec4 0, 0, 8;
    %ix/getv/s 3, v0x612f8738ff00_0;
    %ix/load 4, 0, 0; Constant delay
    %assign/vec4/a/d v0x612f873906a0, 0, 4;
    %pushi/vec4 0, 0, 8;
    %ix/getv/s 3, v0x612f8738ff00_0;
    %ix/load 4, 0, 0; Constant delay
    %assign/vec4/a/d v0x612f873909f0, 0, 4;
    %pushi/vec4 0, 0, 8;
    %ix/getv/s 3, v0x612f8738ff00_0;
    %ix/load 4, 0, 0; Constant delay
    %assign/vec4/a/d v0x612f873905e0, 0, 4;
    %pushi/vec4 0, 0, 8;
    %ix/getv/s 3, v0x612f8738ff00_0;
    %ix/load 4, 0, 0; Constant delay
    %assign/vec4/a/d v0x612f87390d40, 0, 4;
    %load/vec4 v0x612f8738ff00_0;
    %addi 1, 0, 32;
    %store/vec4 v0x612f8738ff00_0, 0, 32;
    %jmp T_2.2;
T_2.3 ;
    %jmp T_2.1;
T_2.0 ;
    %pushi/vec4 0, 0, 1;
    %assign/vec4 v0x612f8738fd10_0, 0;
    %pushi/vec4 0, 0, 1;
    %assign/vec4 v0x612f873910c0_0, 0;
    %load/vec4 v0x612f873916c0_0;
    %flag_set/vec4 8;
    %jmp/0xz  T_2.4, 8;
    %load/vec4 v0x612f87390440_0;
    %flag_set/vec4 8;
    %jmp/0xz  T_2.6, 8;
    %pushi/vec4 1, 0, 1;
    %assign/vec4 v0x612f8738fd10_0, 0;
    %pushi/vec4 0, 0, 1;
    %assign/vec4 v0x612f873910c0_0, 0;
    %load/vec4 v0x612f8738fdd0_0;
    %addi 1, 0, 32;
    %assign/vec4 v0x612f8738fdd0_0, 0;
    %load/vec4 v0x612f87390500_0;
    %pad/u 6;
    %ix/vec4 4;
    %load/vec4a v0x612f87391000, 4;
    %assign/vec4 v0x612f873915e0_0, 0;
    %load/vec4 v0x612f87390500_0;
    %pad/u 6;
    %ix/vec4 4;
    %load/vec4a v0x612f873906a0, 4;
    %assign/vec4 v0x612f87391340_0, 0;
    %load/vec4 v0x612f87390500_0;
    %pad/u 6;
    %ix/vec4 4;
    %load/vec4a v0x612f873909f0, 4;
    %assign/vec4 v0x612f87391420_0, 0;
    %load/vec4 v0x612f87390500_0;
    %pad/u 6;
    %ix/vec4 4;
    %load/vec4a v0x612f873905e0, 4;
    %assign/vec4 v0x612f87391260_0, 0;
    %load/vec4 v0x612f87390500_0;
    %pad/u 6;
    %ix/vec4 4;
    %load/vec4a v0x612f87390d40, 4;
    %assign/vec4 v0x612f87391500_0, 0;
    %jmp T_2.7;
T_2.6 ;
    %pushi/vec4 0, 0, 1;
    %assign/vec4 v0x612f8738fd10_0, 0;
    %pushi/vec4 1, 0, 1;
    %assign/vec4 v0x612f873910c0_0, 0;
    %load/vec4 v0x612f87391180_0;
    %addi 1, 0, 32;
    %assign/vec4 v0x612f87391180_0, 0;
    %load/vec4 v0x612f87391840_0;
    %addi 1, 0, 32;
    %assign/vec4 v0x612f87391840_0, 0;
    %load/vec4 v0x612f87390360_0;
    %load/vec4 v0x612f87306330_0;
    %pad/u 6;
    %ix/vec4 3;
    %ix/load 4, 0, 0; Constant delay
    %assign/vec4/a/d v0x612f87391000, 0, 4;
    %load/vec4 v0x612f873900c0_0;
    %load/vec4 v0x612f87306330_0;
    %pad/u 6;
    %ix/vec4 3;
    %ix/load 4, 0, 0; Constant delay
    %assign/vec4/a/d v0x612f873906a0, 0, 4;
    %load/vec4 v0x612f873901a0_0;
    %load/vec4 v0x612f87306330_0;
    %pad/u 6;
    %ix/vec4 3;
    %ix/load 4, 0, 0; Constant delay
    %assign/vec4/a/d v0x612f873909f0, 0, 4;
    %load/vec4 v0x612f8738ffe0_0;
    %load/vec4 v0x612f87306330_0;
    %pad/u 6;
    %ix/vec4 3;
    %ix/load 4, 0, 0; Constant delay
    %assign/vec4/a/d v0x612f873905e0, 0, 4;
    %load/vec4 v0x612f87390280_0;
    %load/vec4 v0x612f87306330_0;
    %pad/u 6;
    %ix/vec4 3;
    %ix/load 4, 0, 0; Constant delay
    %assign/vec4/a/d v0x612f87390d40, 0, 4;
    %load/vec4 v0x612f87306330_0;
    %pad/u 6;
    %ix/vec4 4;
    %load/vec4a v0x612f87391920, 4;
    %flag_set/vec4 8;
    %jmp/0xz  T_2.8, 8;
    %load/vec4 v0x612f87306d20_0;
    %addi 1, 0, 32;
    %assign/vec4 v0x612f87306d20_0, 0;
T_2.8 ;
    %pushi/vec4 1, 0, 1;
    %load/vec4 v0x612f87306330_0;
    %pad/u 6;
    %ix/vec4 3;
    %ix/load 4, 0, 0; Constant delay
    %assign/vec4/a/d v0x612f87391920, 0, 4;
    %load/vec4 v0x612f87390360_0;
    %assign/vec4 v0x612f873915e0_0, 0;
    %load/vec4 v0x612f873900c0_0;
    %assign/vec4 v0x612f87391340_0, 0;
    %load/vec4 v0x612f873901a0_0;
    %assign/vec4 v0x612f87391420_0, 0;
    %load/vec4 v0x612f8738ffe0_0;
    %assign/vec4 v0x612f87391260_0, 0;
    %load/vec4 v0x612f87390280_0;
    %assign/vec4 v0x612f87391500_0, 0;
    %load/vec4 v0x612f87306330_0;
    %addi 1, 0, 4;
    %assign/vec4 v0x612f87306330_0, 0;
T_2.7 ;
T_2.4 ;
T_2.1 ;
    %jmp T_2;
    .thread T_2;
    .scope S_0x612f87358700;
T_3 ;
    %delay 5000, 0;
    %load/vec4 v0x612f873936b0_0;
    %inv;
    %store/vec4 v0x612f873936b0_0, 0, 1;
    %jmp T_3;
    .thread T_3;
    .scope S_0x612f87358700;
T_4 ;
    %pushi/vec4 0, 0, 1;
    %store/vec4 v0x612f873936b0_0, 0, 1;
    %pushi/vec4 1, 0, 1;
    %store/vec4 v0x612f87394a30_0, 0, 1;
    %pushi/vec4 0, 0, 1;
    %store/vec4 v0x612f87394720_0, 0, 1;
    %pushi/vec4 0, 0, 8;
    %store/vec4 v0x612f87394920_0, 0, 8;
    %pushi/vec4 0, 0, 8;
    %store/vec4 v0x612f873943f0_0, 0, 8;
    %pushi/vec4 0, 0, 8;
    %store/vec4 v0x612f87394500_0, 0, 8;
    %pushi/vec4 0, 0, 8;
    %store/vec4 v0x612f873942e0_0, 0, 8;
    %pushi/vec4 0, 0, 8;
    %store/vec4 v0x612f87394610_0, 0, 8;
    %pushi/vec4 3, 0, 32;
T_4.0 %dup/vec4;
    %pushi/vec4 0, 0, 32;
    %cmp/s;
    %jmp/1xz T_4.1, 5;
    %jmp/1 T_4.1, 4;
    %pushi/vec4 1, 0, 32;
    %sub;
    %wait E_0x612f8733e850;
    %jmp T_4.0;
T_4.1 ;
    %pop/vec4 1;
    %pushi/vec4 0, 0, 1;
    %store/vec4 v0x612f87394a30_0, 0, 1;
    %vpi_call/w 3 94 "$display", "=================================================" {0 0 0};
    %vpi_call/w 3 95 "$display", "IF\303\201 V4 REUSE WORKLOAD" {0 0 0};
    %vpi_call/w 3 96 "$display", "=================================================" {0 0 0};
    %pushi/vec4 0, 0, 32;
    %store/vec4 v0x612f87394020_0, 0, 32;
T_4.2 ;
    %load/vec4 v0x612f87394020_0;
    %cmpi/s 8, 0, 32;
    %jmp/0xz T_4.3, 5;
    %alloc S_0x612f873930e0;
    %pushi/vec4 19, 0, 8;
    %store/vec4 v0x612f87393580_0, 0, 8;
    %pushi/vec4 4, 0, 8;
    %store/vec4 v0x612f873932d0_0, 0, 8;
    %pushi/vec4 11, 0, 8;
    %store/vec4 v0x612f873933b0_0, 0, 8;
    %pushi/vec4 240, 0, 8;
    %store/vec4 v0x612f87351c20_0, 0, 8;
    %pushi/vec4 3, 0, 8;
    %store/vec4 v0x612f873934a0_0, 0, 8;
    %fork TD_tb_ifa_v4_reuse_workload.send_frame, S_0x612f873930e0;
    %join;
    %free S_0x612f873930e0;
    %alloc S_0x612f873930e0;
    %pushi/vec4 15, 0, 8;
    %store/vec4 v0x612f87393580_0, 0, 8;
    %pushi/vec4 0, 0, 8;
    %store/vec4 v0x612f873932d0_0, 0, 8;
    %pushi/vec4 15, 0, 8;
    %store/vec4 v0x612f873933b0_0, 0, 8;
    %pushi/vec4 240, 0, 8;
    %store/vec4 v0x612f87351c20_0, 0, 8;
    %pushi/vec4 4, 0, 8;
    %store/vec4 v0x612f873934a0_0, 0, 8;
    %fork TD_tb_ifa_v4_reuse_workload.send_frame, S_0x612f873930e0;
    %join;
    %free S_0x612f873930e0;
    %alloc S_0x612f873930e0;
    %pushi/vec4 3, 0, 8;
    %store/vec4 v0x612f87393580_0, 0, 8;
    %pushi/vec4 0, 0, 8;
    %store/vec4 v0x612f873932d0_0, 0, 8;
    %pushi/vec4 3, 0, 8;
    %store/vec4 v0x612f873933b0_0, 0, 8;
    %pushi/vec4 252, 0, 8;
    %store/vec4 v0x612f87351c20_0, 0, 8;
    %pushi/vec4 2, 0, 8;
    %store/vec4 v0x612f873934a0_0, 0, 8;
    %fork TD_tb_ifa_v4_reuse_workload.send_frame, S_0x612f873930e0;
    %join;
    %free S_0x612f873930e0;
    %alloc S_0x612f873930e0;
    %pushi/vec4 7, 0, 8;
    %store/vec4 v0x612f87393580_0, 0, 8;
    %pushi/vec4 0, 0, 8;
    %store/vec4 v0x612f873932d0_0, 0, 8;
    %pushi/vec4 7, 0, 8;
    %store/vec4 v0x612f873933b0_0, 0, 8;
    %pushi/vec4 248, 0, 8;
    %store/vec4 v0x612f87351c20_0, 0, 8;
    %pushi/vec4 3, 0, 8;
    %store/vec4 v0x612f873934a0_0, 0, 8;
    %fork TD_tb_ifa_v4_reuse_workload.send_frame, S_0x612f873930e0;
    %join;
    %free S_0x612f873930e0;
    %alloc S_0x612f873930e0;
    %pushi/vec4 19, 0, 8;
    %store/vec4 v0x612f87393580_0, 0, 8;
    %pushi/vec4 8, 0, 8;
    %store/vec4 v0x612f873932d0_0, 0, 8;
    %pushi/vec4 3, 0, 8;
    %store/vec4 v0x612f873933b0_0, 0, 8;
    %pushi/vec4 244, 0, 8;
    %store/vec4 v0x612f87351c20_0, 0, 8;
    %pushi/vec4 2, 0, 8;
    %store/vec4 v0x612f873934a0_0, 0, 8;
    %fork TD_tb_ifa_v4_reuse_workload.send_frame, S_0x612f873930e0;
    %join;
    %free S_0x612f873930e0;
    %alloc S_0x612f873930e0;
    %pushi/vec4 23, 0, 8;
    %store/vec4 v0x612f87393580_0, 0, 8;
    %pushi/vec4 8, 0, 8;
    %store/vec4 v0x612f873932d0_0, 0, 8;
    %pushi/vec4 7, 0, 8;
    %store/vec4 v0x612f873933b0_0, 0, 8;
    %pushi/vec4 240, 0, 8;
    %store/vec4 v0x612f87351c20_0, 0, 8;
    %pushi/vec4 3, 0, 8;
    %store/vec4 v0x612f873934a0_0, 0, 8;
    %fork TD_tb_ifa_v4_reuse_workload.send_frame, S_0x612f873930e0;
    %join;
    %free S_0x612f873930e0;
    %alloc S_0x612f873930e0;
    %pushi/vec4 11, 0, 8;
    %store/vec4 v0x612f87393580_0, 0, 8;
    %pushi/vec4 4, 0, 8;
    %store/vec4 v0x612f873932d0_0, 0, 8;
    %pushi/vec4 3, 0, 8;
    %store/vec4 v0x612f873933b0_0, 0, 8;
    %pushi/vec4 248, 0, 8;
    %store/vec4 v0x612f87351c20_0, 0, 8;
    %pushi/vec4 2, 0, 8;
    %store/vec4 v0x612f873934a0_0, 0, 8;
    %fork TD_tb_ifa_v4_reuse_workload.send_frame, S_0x612f873930e0;
    %join;
    %free S_0x612f873930e0;
    %alloc S_0x612f873930e0;
    %pushi/vec4 9, 0, 8;
    %store/vec4 v0x612f87393580_0, 0, 8;
    %pushi/vec4 8, 0, 8;
    %store/vec4 v0x612f873932d0_0, 0, 8;
    %pushi/vec4 1, 0, 8;
    %store/vec4 v0x612f873933b0_0, 0, 8;
    %pushi/vec4 246, 0, 8;
    %store/vec4 v0x612f87351c20_0, 0, 8;
    %pushi/vec4 1, 0, 8;
    %store/vec4 v0x612f873934a0_0, 0, 8;
    %fork TD_tb_ifa_v4_reuse_workload.send_frame, S_0x612f873930e0;
    %join;
    %free S_0x612f873930e0;
    %load/vec4 v0x612f87394020_0;
    %addi 1, 0, 32;
    %store/vec4 v0x612f87394020_0, 0, 32;
    %jmp T_4.2;
T_4.3 ;
    %wait E_0x612f87305f00;
    %vpi_call/w 3 113 "$display", "\000" {0 0 0};
    %vpi_call/w 3 114 "$display", "FINAL COUNTERS" {0 0 0};
    %vpi_call/w 3 115 "$display", "-----------------------------------------" {0 0 0};
    %vpi_call/w 3 116 "$display", "Hits    : %0d", v0x612f873938d0_0 {0 0 0};
    %vpi_call/w 3 117 "$display", "Misses  : %0d", v0x612f873939c0_0 {0 0 0};
    %vpi_call/w 3 118 "$display", "Stores  : %0d", v0x612f87394b20_0 {0 0 0};
    %vpi_call/w 3 119 "$display", "Evicts  : %0d", v0x612f873937c0_0 {0 0 0};
    %vpi_call/w 3 120 "$display", "-----------------------------------------" {0 0 0};
    %load/vec4 v0x612f873938d0_0;
    %cvt/rv;
    %pushi/real 1073741824, 4066; load=1.00000
    %mul/wr;
    %load/vec4 v0x612f873938d0_0;
    %load/vec4 v0x612f873939c0_0;
    %add;
    %cvt/rv;
    %div/wr;
    %vpi_call/w 3 121 "$display", "Hit Rate: %f", W<0,r> {0 1 0};
    %load/vec4 v0x612f873939c0_0;
    %load/vec4 v0x612f873938d0_0;
    %cmp/u;
    %jmp/0xz  T_4.4, 5;
    %vpi_call/w 3 125 "$display", "PASS : RMU successfully reused relation frames." {0 0 0};
    %jmp T_4.5;
T_4.4 ;
    %vpi_call/w 3 127 "$display", "FAIL : Reuse ineffective." {0 0 0};
T_4.5 ;
    %vpi_call/w 3 129 "$finish" {0 0 0};
    %end;
    .thread T_4;
# The file index is used to find the file name in the following table.
:file_names 6;
    "N/A";
    "<interactive>";
    "-";
    "tb/v4/tb_ifa_v4_reuse_workload.sv";
    "rtl/v4/ifa_v4_core.sv";
    "rtl/v4/ifa_relation_memory_controller.sv";
