#! /usr/bin/vvp
:ivl_version "12.0 (stable)";
:ivl_delay_selection "TYPICAL";
:vpi_time_precision - 12;
:vpi_module "/usr/lib/x86_64-linux-gnu/ivl/system.vpi";
:vpi_module "/usr/lib/x86_64-linux-gnu/ivl/vhdl_sys.vpi";
:vpi_module "/usr/lib/x86_64-linux-gnu/ivl/vhdl_textio.vpi";
:vpi_module "/usr/lib/x86_64-linux-gnu/ivl/v2005_math.vpi";
:vpi_module "/usr/lib/x86_64-linux-gnu/ivl/va_math.vpi";
:vpi_module "/usr/lib/x86_64-linux-gnu/ivl/v2009.vpi";
S_0x561b5b9d16d0 .scope package, "$unit" "$unit" 2 1;
 .timescale 0 0;
S_0x561b5b9d1860 .scope module, "tb_ifa_v4_single_case" "tb_ifa_v4_single_case" 3 3;
 .timescale -9 -12;
P_0x561b5b9da1d0 .param/l "DEPTH" 1 3 6, +C4<00000000000000000000000000010000>;
P_0x561b5b9da210 .param/l "WIDTH" 1 3 5, +C4<00000000000000000000000000001000>;
v0x561b5ba10600_0 .var "A", 7 0;
v0x561b5ba10730_0 .var "B", 7 0;
v0x561b5ba10840_0 .var "clk", 0 0;
v0x561b5ba108e0_0 .net "evict_count", 31 0, v0x561b5b97f330_0;  1 drivers
v0x561b5ba10980_0 .net "hit_count", 31 0, v0x561b5ba0b180_0;  1 drivers
v0x561b5ba10a90_0 .var "in_valid", 0 0;
v0x561b5ba10b30_0 .net "miss_count", 31 0, v0x561b5ba0c530_0;  1 drivers
v0x561b5ba10bf0_0 .net "out_r0", 7 0, v0x561b5ba0c610_0;  1 drivers
v0x561b5ba10cb0_0 .net "out_ra", 7 0, v0x561b5ba0c6f0_0;  1 drivers
v0x561b5ba10d70_0 .net "out_rd", 7 0, v0x561b5ba0c7d0_0;  1 drivers
v0x561b5ba10e30_0 .net "out_t", 7 0, v0x561b5ba0c8b0_0;  1 drivers
v0x561b5ba10ef0_0 .net "out_y", 7 0, v0x561b5ba0c990_0;  1 drivers
v0x561b5ba10fb0_0 .net "rmu_hit", 0 0, v0x561b5ba0b0c0_0;  1 drivers
v0x561b5ba11050_0 .net "rmu_miss", 0 0, v0x561b5ba0c470_0;  1 drivers
v0x561b5ba110f0_0 .var "rst", 0 0;
v0x561b5ba11190_0 .net "store_count", 31 0, v0x561b5ba0cbf0_0;  1 drivers
E_0x561b5b97ef00 .event negedge, v0x561b5b97fd20_0;
S_0x561b5b9ca590 .scope module, "dut" "ifa_v4_end_to_end_core" 3 32, 4 7 0, S_0x561b5b9d1860;
 .timescale 0 0;
    .port_info 0 /INPUT 1 "clk";
    .port_info 1 /INPUT 1 "rst";
    .port_info 2 /INPUT 1 "in_valid";
    .port_info 3 /INPUT 8 "A";
    .port_info 4 /INPUT 8 "B";
    .port_info 5 /OUTPUT 1 "rmu_hit";
    .port_info 6 /OUTPUT 1 "rmu_miss";
    .port_info 7 /OUTPUT 8 "out_y";
    .port_info 8 /OUTPUT 8 "out_ra";
    .port_info 9 /OUTPUT 8 "out_rd";
    .port_info 10 /OUTPUT 8 "out_r0";
    .port_info 11 /OUTPUT 8 "out_t";
    .port_info 12 /OUTPUT 32 "hit_count";
    .port_info 13 /OUTPUT 32 "miss_count";
    .port_info 14 /OUTPUT 32 "store_count";
    .port_info 15 /OUTPUT 32 "evict_count";
P_0x561b5b9a61e0 .param/l "DEPTH" 0 4 9, +C4<00000000000000000000000000010000>;
P_0x561b5b9a6220 .param/l "WIDTH" 0 4 8, +C4<00000000000000000000000000001000>;
v0x561b5ba0efb0_0 .net "A", 7 0, v0x561b5ba10600_0;  1 drivers
v0x561b5ba0f090_0 .net "B", 7 0, v0x561b5ba10730_0;  1 drivers
v0x561b5ba0f130_0 .net "clk", 0 0, v0x561b5ba10840_0;  1 drivers
v0x561b5ba0f220_0 .net "evict_count", 31 0, v0x561b5b97f330_0;  alias, 1 drivers
v0x561b5ba0f310_0 .net "hit_count", 31 0, v0x561b5ba0b180_0;  alias, 1 drivers
v0x561b5ba0f450_0 .net "in_valid", 0 0, v0x561b5ba10a90_0;  1 drivers
v0x561b5ba0f540_0 .net "miss_count", 31 0, v0x561b5ba0c530_0;  alias, 1 drivers
v0x561b5ba0f650_0 .net "out_r0", 7 0, v0x561b5ba0c610_0;  alias, 1 drivers
v0x561b5ba0f760_0 .net "out_ra", 7 0, v0x561b5ba0c6f0_0;  alias, 1 drivers
v0x561b5ba0f820_0 .net "out_rd", 7 0, v0x561b5ba0c7d0_0;  alias, 1 drivers
v0x561b5ba0f930_0 .net "out_t", 7 0, v0x561b5ba0c8b0_0;  alias, 1 drivers
v0x561b5ba0fa40_0 .net "out_y", 7 0, v0x561b5ba0c990_0;  alias, 1 drivers
v0x561b5ba0fb50_0 .net "rmu_hit", 0 0, v0x561b5ba0b0c0_0;  alias, 1 drivers
v0x561b5ba0fc40_0 .net "rmu_miss", 0 0, v0x561b5ba0c470_0;  alias, 1 drivers
v0x561b5ba0fd30_0 .net "rpc_r0", 7 0, v0x561b5ba0e920_0;  1 drivers
v0x561b5ba0fdf0_0 .net "rpc_ra", 7 0, v0x561b5ba0ea40_0;  1 drivers
v0x561b5ba0feb0_0 .net "rpc_rd", 7 0, v0x561b5ba0eb50_0;  1 drivers
v0x561b5ba10080_0 .net "rpc_t", 7 0, v0x561b5ba0ecb0_0;  1 drivers
v0x561b5ba10140_0 .net "rpc_y", 7 0, v0x561b5ba0edc0_0;  1 drivers
v0x561b5ba10200_0 .net "rst", 0 0, v0x561b5ba110f0_0;  1 drivers
v0x561b5ba102f0_0 .net "store_count", 31 0, v0x561b5ba0cbf0_0;  alias, 1 drivers
S_0x561b5b9d5540 .scope module, "core" "ifa_v4_core" 4 55, 5 19 0, S_0x561b5b9ca590;
 .timescale 0 0;
    .port_info 0 /INPUT 1 "clk";
    .port_info 1 /INPUT 1 "rst";
    .port_info 2 /INPUT 1 "rpc_valid";
    .port_info 3 /INPUT 8 "rpc_y";
    .port_info 4 /INPUT 8 "rpc_ra";
    .port_info 5 /INPUT 8 "rpc_rd";
    .port_info 6 /INPUT 8 "rpc_r0";
    .port_info 7 /INPUT 8 "rpc_t";
    .port_info 8 /OUTPUT 1 "rmu_hit";
    .port_info 9 /OUTPUT 1 "rmu_miss";
    .port_info 10 /OUTPUT 8 "out_y";
    .port_info 11 /OUTPUT 8 "out_ra";
    .port_info 12 /OUTPUT 8 "out_rd";
    .port_info 13 /OUTPUT 8 "out_r0";
    .port_info 14 /OUTPUT 8 "out_t";
    .port_info 15 /OUTPUT 32 "hit_count";
    .port_info 16 /OUTPUT 32 "miss_count";
    .port_info 17 /OUTPUT 32 "store_count";
    .port_info 18 /OUTPUT 32 "evict_count";
P_0x561b5b9d5720 .param/l "DEPTH" 0 5 21, +C4<00000000000000000000000000010000>;
P_0x561b5b9d5760 .param/l "WIDTH" 0 5 20, +C4<00000000000000000000000000001000>;
v0x561b5b9b2ac0_0 .net "clk", 0 0, v0x561b5ba10840_0;  alias, 1 drivers
v0x561b5ba0d320_0 .net "evict_count", 31 0, v0x561b5b97f330_0;  alias, 1 drivers
v0x561b5ba0d3f0_0 .net "hit_count", 31 0, v0x561b5ba0b180_0;  alias, 1 drivers
v0x561b5ba0d4f0_0 .net "miss_count", 31 0, v0x561b5ba0c530_0;  alias, 1 drivers
v0x561b5ba0d5c0_0 .net "out_r0", 7 0, v0x561b5ba0c610_0;  alias, 1 drivers
v0x561b5ba0d660_0 .net "out_ra", 7 0, v0x561b5ba0c6f0_0;  alias, 1 drivers
v0x561b5ba0d730_0 .net "out_rd", 7 0, v0x561b5ba0c7d0_0;  alias, 1 drivers
v0x561b5ba0d800_0 .net "out_t", 7 0, v0x561b5ba0c8b0_0;  alias, 1 drivers
v0x561b5ba0d8d0_0 .net "out_y", 7 0, v0x561b5ba0c990_0;  alias, 1 drivers
v0x561b5ba0da30_0 .net "rmu_hit", 0 0, v0x561b5ba0b0c0_0;  alias, 1 drivers
v0x561b5ba0db00_0 .net "rmu_miss", 0 0, v0x561b5ba0c470_0;  alias, 1 drivers
v0x561b5ba0dbd0_0 .net "rpc_r0", 7 0, v0x561b5ba0e920_0;  alias, 1 drivers
v0x561b5ba0dca0_0 .net "rpc_ra", 7 0, v0x561b5ba0ea40_0;  alias, 1 drivers
v0x561b5ba0dd70_0 .net "rpc_rd", 7 0, v0x561b5ba0eb50_0;  alias, 1 drivers
v0x561b5ba0de40_0 .net "rpc_t", 7 0, v0x561b5ba0ecb0_0;  alias, 1 drivers
v0x561b5ba0df10_0 .net "rpc_valid", 0 0, v0x561b5ba10a90_0;  alias, 1 drivers
v0x561b5ba0dfe0_0 .net "rpc_y", 7 0, v0x561b5ba0edc0_0;  alias, 1 drivers
v0x561b5ba0e0b0_0 .net "rst", 0 0, v0x561b5ba110f0_0;  alias, 1 drivers
v0x561b5ba0e180_0 .net "store_count", 31 0, v0x561b5ba0cbf0_0;  alias, 1 drivers
S_0x561b5b9dd8b0 .scope module, "rmc" "ifa_relation_memory_controller" 5 52, 6 14 0, S_0x561b5b9d5540;
 .timescale 0 0;
    .port_info 0 /INPUT 1 "clk";
    .port_info 1 /INPUT 1 "rst";
    .port_info 2 /INPUT 1 "req_valid";
    .port_info 3 /INPUT 8 "in_y";
    .port_info 4 /INPUT 8 "in_ra";
    .port_info 5 /INPUT 8 "in_rd";
    .port_info 6 /INPUT 8 "in_r0";
    .port_info 7 /INPUT 8 "in_t";
    .port_info 8 /OUTPUT 1 "hit";
    .port_info 9 /OUTPUT 1 "miss";
    .port_info 10 /OUTPUT 8 "out_y";
    .port_info 11 /OUTPUT 8 "out_ra";
    .port_info 12 /OUTPUT 8 "out_rd";
    .port_info 13 /OUTPUT 8 "out_r0";
    .port_info 14 /OUTPUT 8 "out_t";
    .port_info 15 /OUTPUT 32 "hit_count";
    .port_info 16 /OUTPUT 32 "miss_count";
    .port_info 17 /OUTPUT 32 "store_count";
    .port_info 18 /OUTPUT 32 "evict_count";
P_0x561b5b9dda90 .param/l "DEPTH" 0 6 16, +C4<00000000000000000000000000010000>;
P_0x561b5b9ddad0 .param/l "INDEX_W" 1 6 44, +C4<00000000000000000000000000000100>;
P_0x561b5b9ddb10 .param/l "WIDTH" 0 6 15, +C4<00000000000000000000000000001000>;
v0x561b5b97fd20_0 .net "clk", 0 0, v0x561b5ba10840_0;  alias, 1 drivers
v0x561b5b97f330_0 .var "evict_count", 31 0;
v0x561b5ba0b000_0 .var "fifo_ptr", 3 0;
v0x561b5ba0b0c0_0 .var "hit", 0 0;
v0x561b5ba0b180_0 .var "hit_count", 31 0;
v0x561b5ba0b2b0_0 .var/i "i", 31 0;
v0x561b5ba0b390_0 .net "in_r0", 7 0, v0x561b5ba0e920_0;  alias, 1 drivers
v0x561b5ba0b470_0 .net "in_ra", 7 0, v0x561b5ba0ea40_0;  alias, 1 drivers
v0x561b5ba0b550_0 .net "in_rd", 7 0, v0x561b5ba0eb50_0;  alias, 1 drivers
v0x561b5ba0b630_0 .net "in_t", 7 0, v0x561b5ba0ecb0_0;  alias, 1 drivers
v0x561b5ba0b710_0 .net "in_y", 7 0, v0x561b5ba0edc0_0;  alias, 1 drivers
v0x561b5ba0b7f0_0 .var "lookup_hit", 0 0;
v0x561b5ba0b8b0_0 .var "lookup_index", 3 0;
v0x561b5ba0b990 .array "mem_r0", 15 0, 7 0;
v0x561b5ba0ba50 .array "mem_ra", 15 0, 7 0;
v0x561b5ba0bda0 .array "mem_rd", 15 0, 7 0;
v0x561b5ba0c0f0 .array "mem_t", 15 0, 7 0;
v0x561b5ba0c3b0 .array "mem_y", 15 0, 7 0;
v0x561b5ba0c470_0 .var "miss", 0 0;
v0x561b5ba0c530_0 .var "miss_count", 31 0;
v0x561b5ba0c610_0 .var "out_r0", 7 0;
v0x561b5ba0c6f0_0 .var "out_ra", 7 0;
v0x561b5ba0c7d0_0 .var "out_rd", 7 0;
v0x561b5ba0c8b0_0 .var "out_t", 7 0;
v0x561b5ba0c990_0 .var "out_y", 7 0;
v0x561b5ba0ca70_0 .net "req_valid", 0 0, v0x561b5ba10a90_0;  alias, 1 drivers
v0x561b5ba0cb30_0 .net "rst", 0 0, v0x561b5ba110f0_0;  alias, 1 drivers
v0x561b5ba0cbf0_0 .var "store_count", 31 0;
v0x561b5ba0ccd0 .array "valid", 15 0, 0 0;
E_0x561b5b9bc120 .event posedge, v0x561b5b97fd20_0;
v0x561b5ba0ccd0_0 .array/port v0x561b5ba0ccd0, 0;
v0x561b5ba0ccd0_1 .array/port v0x561b5ba0ccd0, 1;
v0x561b5ba0ccd0_2 .array/port v0x561b5ba0ccd0, 2;
v0x561b5ba0ccd0_3 .array/port v0x561b5ba0ccd0, 3;
E_0x561b5b9bec20/0 .event anyedge, v0x561b5ba0ccd0_0, v0x561b5ba0ccd0_1, v0x561b5ba0ccd0_2, v0x561b5ba0ccd0_3;
v0x561b5ba0ccd0_4 .array/port v0x561b5ba0ccd0, 4;
v0x561b5ba0ccd0_5 .array/port v0x561b5ba0ccd0, 5;
v0x561b5ba0ccd0_6 .array/port v0x561b5ba0ccd0, 6;
v0x561b5ba0ccd0_7 .array/port v0x561b5ba0ccd0, 7;
E_0x561b5b9bec20/1 .event anyedge, v0x561b5ba0ccd0_4, v0x561b5ba0ccd0_5, v0x561b5ba0ccd0_6, v0x561b5ba0ccd0_7;
v0x561b5ba0ccd0_8 .array/port v0x561b5ba0ccd0, 8;
v0x561b5ba0ccd0_9 .array/port v0x561b5ba0ccd0, 9;
v0x561b5ba0ccd0_10 .array/port v0x561b5ba0ccd0, 10;
v0x561b5ba0ccd0_11 .array/port v0x561b5ba0ccd0, 11;
E_0x561b5b9bec20/2 .event anyedge, v0x561b5ba0ccd0_8, v0x561b5ba0ccd0_9, v0x561b5ba0ccd0_10, v0x561b5ba0ccd0_11;
v0x561b5ba0ccd0_12 .array/port v0x561b5ba0ccd0, 12;
v0x561b5ba0ccd0_13 .array/port v0x561b5ba0ccd0, 13;
v0x561b5ba0ccd0_14 .array/port v0x561b5ba0ccd0, 14;
v0x561b5ba0ccd0_15 .array/port v0x561b5ba0ccd0, 15;
E_0x561b5b9bec20/3 .event anyedge, v0x561b5ba0ccd0_12, v0x561b5ba0ccd0_13, v0x561b5ba0ccd0_14, v0x561b5ba0ccd0_15;
v0x561b5ba0ba50_0 .array/port v0x561b5ba0ba50, 0;
v0x561b5ba0ba50_1 .array/port v0x561b5ba0ba50, 1;
v0x561b5ba0ba50_2 .array/port v0x561b5ba0ba50, 2;
v0x561b5ba0ba50_3 .array/port v0x561b5ba0ba50, 3;
E_0x561b5b9bec20/4 .event anyedge, v0x561b5ba0ba50_0, v0x561b5ba0ba50_1, v0x561b5ba0ba50_2, v0x561b5ba0ba50_3;
v0x561b5ba0ba50_4 .array/port v0x561b5ba0ba50, 4;
v0x561b5ba0ba50_5 .array/port v0x561b5ba0ba50, 5;
v0x561b5ba0ba50_6 .array/port v0x561b5ba0ba50, 6;
v0x561b5ba0ba50_7 .array/port v0x561b5ba0ba50, 7;
E_0x561b5b9bec20/5 .event anyedge, v0x561b5ba0ba50_4, v0x561b5ba0ba50_5, v0x561b5ba0ba50_6, v0x561b5ba0ba50_7;
v0x561b5ba0ba50_8 .array/port v0x561b5ba0ba50, 8;
v0x561b5ba0ba50_9 .array/port v0x561b5ba0ba50, 9;
v0x561b5ba0ba50_10 .array/port v0x561b5ba0ba50, 10;
v0x561b5ba0ba50_11 .array/port v0x561b5ba0ba50, 11;
E_0x561b5b9bec20/6 .event anyedge, v0x561b5ba0ba50_8, v0x561b5ba0ba50_9, v0x561b5ba0ba50_10, v0x561b5ba0ba50_11;
v0x561b5ba0ba50_12 .array/port v0x561b5ba0ba50, 12;
v0x561b5ba0ba50_13 .array/port v0x561b5ba0ba50, 13;
v0x561b5ba0ba50_14 .array/port v0x561b5ba0ba50, 14;
v0x561b5ba0ba50_15 .array/port v0x561b5ba0ba50, 15;
E_0x561b5b9bec20/7 .event anyedge, v0x561b5ba0ba50_12, v0x561b5ba0ba50_13, v0x561b5ba0ba50_14, v0x561b5ba0ba50_15;
v0x561b5ba0bda0_0 .array/port v0x561b5ba0bda0, 0;
v0x561b5ba0bda0_1 .array/port v0x561b5ba0bda0, 1;
v0x561b5ba0bda0_2 .array/port v0x561b5ba0bda0, 2;
E_0x561b5b9bec20/8 .event anyedge, v0x561b5ba0b470_0, v0x561b5ba0bda0_0, v0x561b5ba0bda0_1, v0x561b5ba0bda0_2;
v0x561b5ba0bda0_3 .array/port v0x561b5ba0bda0, 3;
v0x561b5ba0bda0_4 .array/port v0x561b5ba0bda0, 4;
v0x561b5ba0bda0_5 .array/port v0x561b5ba0bda0, 5;
v0x561b5ba0bda0_6 .array/port v0x561b5ba0bda0, 6;
E_0x561b5b9bec20/9 .event anyedge, v0x561b5ba0bda0_3, v0x561b5ba0bda0_4, v0x561b5ba0bda0_5, v0x561b5ba0bda0_6;
v0x561b5ba0bda0_7 .array/port v0x561b5ba0bda0, 7;
v0x561b5ba0bda0_8 .array/port v0x561b5ba0bda0, 8;
v0x561b5ba0bda0_9 .array/port v0x561b5ba0bda0, 9;
v0x561b5ba0bda0_10 .array/port v0x561b5ba0bda0, 10;
E_0x561b5b9bec20/10 .event anyedge, v0x561b5ba0bda0_7, v0x561b5ba0bda0_8, v0x561b5ba0bda0_9, v0x561b5ba0bda0_10;
v0x561b5ba0bda0_11 .array/port v0x561b5ba0bda0, 11;
v0x561b5ba0bda0_12 .array/port v0x561b5ba0bda0, 12;
v0x561b5ba0bda0_13 .array/port v0x561b5ba0bda0, 13;
v0x561b5ba0bda0_14 .array/port v0x561b5ba0bda0, 14;
E_0x561b5b9bec20/11 .event anyedge, v0x561b5ba0bda0_11, v0x561b5ba0bda0_12, v0x561b5ba0bda0_13, v0x561b5ba0bda0_14;
v0x561b5ba0bda0_15 .array/port v0x561b5ba0bda0, 15;
v0x561b5ba0c0f0_0 .array/port v0x561b5ba0c0f0, 0;
v0x561b5ba0c0f0_1 .array/port v0x561b5ba0c0f0, 1;
E_0x561b5b9bec20/12 .event anyedge, v0x561b5ba0bda0_15, v0x561b5ba0b550_0, v0x561b5ba0c0f0_0, v0x561b5ba0c0f0_1;
v0x561b5ba0c0f0_2 .array/port v0x561b5ba0c0f0, 2;
v0x561b5ba0c0f0_3 .array/port v0x561b5ba0c0f0, 3;
v0x561b5ba0c0f0_4 .array/port v0x561b5ba0c0f0, 4;
v0x561b5ba0c0f0_5 .array/port v0x561b5ba0c0f0, 5;
E_0x561b5b9bec20/13 .event anyedge, v0x561b5ba0c0f0_2, v0x561b5ba0c0f0_3, v0x561b5ba0c0f0_4, v0x561b5ba0c0f0_5;
v0x561b5ba0c0f0_6 .array/port v0x561b5ba0c0f0, 6;
v0x561b5ba0c0f0_7 .array/port v0x561b5ba0c0f0, 7;
v0x561b5ba0c0f0_8 .array/port v0x561b5ba0c0f0, 8;
v0x561b5ba0c0f0_9 .array/port v0x561b5ba0c0f0, 9;
E_0x561b5b9bec20/14 .event anyedge, v0x561b5ba0c0f0_6, v0x561b5ba0c0f0_7, v0x561b5ba0c0f0_8, v0x561b5ba0c0f0_9;
v0x561b5ba0c0f0_10 .array/port v0x561b5ba0c0f0, 10;
v0x561b5ba0c0f0_11 .array/port v0x561b5ba0c0f0, 11;
v0x561b5ba0c0f0_12 .array/port v0x561b5ba0c0f0, 12;
v0x561b5ba0c0f0_13 .array/port v0x561b5ba0c0f0, 13;
E_0x561b5b9bec20/15 .event anyedge, v0x561b5ba0c0f0_10, v0x561b5ba0c0f0_11, v0x561b5ba0c0f0_12, v0x561b5ba0c0f0_13;
v0x561b5ba0c0f0_14 .array/port v0x561b5ba0c0f0, 14;
v0x561b5ba0c0f0_15 .array/port v0x561b5ba0c0f0, 15;
E_0x561b5b9bec20/16 .event anyedge, v0x561b5ba0c0f0_14, v0x561b5ba0c0f0_15, v0x561b5ba0b630_0;
E_0x561b5b9bec20 .event/or E_0x561b5b9bec20/0, E_0x561b5b9bec20/1, E_0x561b5b9bec20/2, E_0x561b5b9bec20/3, E_0x561b5b9bec20/4, E_0x561b5b9bec20/5, E_0x561b5b9bec20/6, E_0x561b5b9bec20/7, E_0x561b5b9bec20/8, E_0x561b5b9bec20/9, E_0x561b5b9bec20/10, E_0x561b5b9bec20/11, E_0x561b5b9bec20/12, E_0x561b5b9bec20/13, E_0x561b5b9bec20/14, E_0x561b5b9bec20/15, E_0x561b5b9bec20/16;
S_0x561b5b97e490 .scope begin, "$ivl_for_loop0" "$ivl_for_loop0" 6 73, 6 73 0, S_0x561b5b9dd8b0;
 .timescale 0 0;
v0x561b5b9ec940_0 .var/2s "j", 31 0;
S_0x561b5ba0e490 .scope module, "rpc" "ifa_rpc_stub" 4 41, 7 19 0, S_0x561b5b9ca590;
 .timescale 0 0;
    .port_info 0 /INPUT 8 "A";
    .port_info 1 /INPUT 8 "B";
    .port_info 2 /OUTPUT 8 "Y";
    .port_info 3 /OUTPUT 8 "RA";
    .port_info 4 /OUTPUT 8 "RD";
    .port_info 5 /OUTPUT 8 "R0";
    .port_info 6 /OUTPUT 8 "T";
P_0x561b5ba0e640 .param/l "WIDTH" 0 7 20, +C4<00000000000000000000000000001000>;
v0x561b5b9b2a20_0 .net "A", 7 0, v0x561b5ba10600_0;  alias, 1 drivers
v0x561b5ba0e840_0 .net "B", 7 0, v0x561b5ba10730_0;  alias, 1 drivers
v0x561b5ba0e920_0 .var "R0", 7 0;
v0x561b5ba0ea40_0 .var "RA", 7 0;
v0x561b5ba0eb50_0 .var "RD", 7 0;
v0x561b5ba0ecb0_0 .var "T", 7 0;
v0x561b5ba0edc0_0 .var "Y", 7 0;
E_0x561b5b9ec5b0 .event anyedge, v0x561b5b9b2a20_0, v0x561b5ba0e840_0;
    .scope S_0x561b5ba0e490;
T_0 ;
Ewait_0 .event/or E_0x561b5b9ec5b0, E_0x0;
    %wait Ewait_0;
    %load/vec4 v0x561b5b9b2a20_0;
    %load/vec4 v0x561b5ba0e840_0;
    %add;
    %store/vec4 v0x561b5ba0edc0_0, 0, 8;
    %load/vec4 v0x561b5b9b2a20_0;
    %load/vec4 v0x561b5ba0e840_0;
    %and;
    %store/vec4 v0x561b5ba0ea40_0, 0, 8;
    %load/vec4 v0x561b5b9b2a20_0;
    %load/vec4 v0x561b5ba0e840_0;
    %xor;
    %store/vec4 v0x561b5ba0eb50_0, 0, 8;
    %load/vec4 v0x561b5b9b2a20_0;
    %load/vec4 v0x561b5ba0e840_0;
    %or;
    %inv;
    %store/vec4 v0x561b5ba0e920_0, 0, 8;
    %load/vec4 v0x561b5ba0eb50_0;
    %load/vec4 v0x561b5ba0edc0_0;
    %xor;
    %store/vec4 v0x561b5ba0ecb0_0, 0, 8;
    %jmp T_0;
    .thread T_0, $push;
    .scope S_0x561b5b9dd8b0;
T_1 ;
Ewait_1 .event/or E_0x561b5b9bec20, E_0x0;
    %wait Ewait_1;
    %pushi/vec4 0, 0, 1;
    %store/vec4 v0x561b5ba0b7f0_0, 0, 1;
    %pushi/vec4 0, 0, 4;
    %store/vec4 v0x561b5ba0b8b0_0, 0, 4;
    %fork t_1, S_0x561b5b97e490;
    %jmp t_0;
    .scope S_0x561b5b97e490;
t_1 ;
    %pushi/vec4 0, 0, 32;
    %store/vec4 v0x561b5b9ec940_0, 0, 32;
T_1.0 ;
    %load/vec4 v0x561b5b9ec940_0;
    %cmpi/s 16, 0, 32;
    %jmp/0xz T_1.1, 5;
    %ix/getv/s 4, v0x561b5b9ec940_0;
    %load/vec4a v0x561b5ba0ccd0, 4;
    %flag_set/vec4 11;
    %flag_get/vec4 11;
    %jmp/0 T_1.6, 11;
    %ix/getv/s 4, v0x561b5b9ec940_0;
    %load/vec4a v0x561b5ba0ba50, 4;
    %load/vec4 v0x561b5ba0b470_0;
    %cmp/e;
    %flag_get/vec4 4;
    %and;
T_1.6;
    %flag_set/vec4 10;
    %flag_get/vec4 10;
    %jmp/0 T_1.5, 10;
    %ix/getv/s 4, v0x561b5b9ec940_0;
    %load/vec4a v0x561b5ba0bda0, 4;
    %load/vec4 v0x561b5ba0b550_0;
    %cmp/e;
    %flag_get/vec4 4;
    %and;
T_1.5;
    %flag_set/vec4 9;
    %flag_get/vec4 9;
    %jmp/0 T_1.4, 9;
    %ix/getv/s 4, v0x561b5b9ec940_0;
    %load/vec4a v0x561b5ba0c0f0, 4;
    %load/vec4 v0x561b5ba0b630_0;
    %cmp/e;
    %flag_get/vec4 4;
    %and;
T_1.4;
    %flag_set/vec4 8;
    %jmp/0xz  T_1.2, 8;
    %pushi/vec4 1, 0, 1;
    %store/vec4 v0x561b5ba0b7f0_0, 0, 1;
    %load/vec4 v0x561b5b9ec940_0;
    %pad/s 4;
    %store/vec4 v0x561b5ba0b8b0_0, 0, 4;
T_1.2 ;
    %load/vec4 v0x561b5b9ec940_0;
    %addi 1, 0, 32;
    %cast2;
    %store/vec4 v0x561b5b9ec940_0, 0, 32;
    %jmp T_1.0;
T_1.1 ;
    %end;
    .scope S_0x561b5b9dd8b0;
t_0 %join;
    %jmp T_1;
    .thread T_1, $push;
    .scope S_0x561b5b9dd8b0;
T_2 ;
    %wait E_0x561b5b9bc120;
    %load/vec4 v0x561b5ba0cb30_0;
    %flag_set/vec4 8;
    %jmp/0xz  T_2.0, 8;
    %pushi/vec4 0, 0, 4;
    %assign/vec4 v0x561b5ba0b000_0, 0;
    %pushi/vec4 0, 0, 1;
    %assign/vec4 v0x561b5ba0b0c0_0, 0;
    %pushi/vec4 0, 0, 1;
    %assign/vec4 v0x561b5ba0c470_0, 0;
    %pushi/vec4 0, 0, 8;
    %assign/vec4 v0x561b5ba0c990_0, 0;
    %pushi/vec4 0, 0, 8;
    %assign/vec4 v0x561b5ba0c6f0_0, 0;
    %pushi/vec4 0, 0, 8;
    %assign/vec4 v0x561b5ba0c7d0_0, 0;
    %pushi/vec4 0, 0, 8;
    %assign/vec4 v0x561b5ba0c610_0, 0;
    %pushi/vec4 0, 0, 8;
    %assign/vec4 v0x561b5ba0c8b0_0, 0;
    %pushi/vec4 0, 0, 32;
    %assign/vec4 v0x561b5ba0b180_0, 0;
    %pushi/vec4 0, 0, 32;
    %assign/vec4 v0x561b5ba0c530_0, 0;
    %pushi/vec4 0, 0, 32;
    %assign/vec4 v0x561b5ba0cbf0_0, 0;
    %pushi/vec4 0, 0, 32;
    %assign/vec4 v0x561b5b97f330_0, 0;
    %pushi/vec4 0, 0, 32;
    %store/vec4 v0x561b5ba0b2b0_0, 0, 32;
T_2.2 ;
    %load/vec4 v0x561b5ba0b2b0_0;
    %cmpi/s 16, 0, 32;
    %jmp/0xz T_2.3, 5;
    %pushi/vec4 0, 0, 1;
    %ix/getv/s 3, v0x561b5ba0b2b0_0;
    %ix/load 4, 0, 0; Constant delay
    %assign/vec4/a/d v0x561b5ba0ccd0, 0, 4;
    %pushi/vec4 0, 0, 8;
    %ix/getv/s 3, v0x561b5ba0b2b0_0;
    %ix/load 4, 0, 0; Constant delay
    %assign/vec4/a/d v0x561b5ba0c3b0, 0, 4;
    %pushi/vec4 0, 0, 8;
    %ix/getv/s 3, v0x561b5ba0b2b0_0;
    %ix/load 4, 0, 0; Constant delay
    %assign/vec4/a/d v0x561b5ba0ba50, 0, 4;
    %pushi/vec4 0, 0, 8;
    %ix/getv/s 3, v0x561b5ba0b2b0_0;
    %ix/load 4, 0, 0; Constant delay
    %assign/vec4/a/d v0x561b5ba0bda0, 0, 4;
    %pushi/vec4 0, 0, 8;
    %ix/getv/s 3, v0x561b5ba0b2b0_0;
    %ix/load 4, 0, 0; Constant delay
    %assign/vec4/a/d v0x561b5ba0b990, 0, 4;
    %pushi/vec4 0, 0, 8;
    %ix/getv/s 3, v0x561b5ba0b2b0_0;
    %ix/load 4, 0, 0; Constant delay
    %assign/vec4/a/d v0x561b5ba0c0f0, 0, 4;
    %load/vec4 v0x561b5ba0b2b0_0;
    %addi 1, 0, 32;
    %store/vec4 v0x561b5ba0b2b0_0, 0, 32;
    %jmp T_2.2;
T_2.3 ;
    %jmp T_2.1;
T_2.0 ;
    %pushi/vec4 0, 0, 1;
    %assign/vec4 v0x561b5ba0b0c0_0, 0;
    %pushi/vec4 0, 0, 1;
    %assign/vec4 v0x561b5ba0c470_0, 0;
    %load/vec4 v0x561b5ba0ca70_0;
    %flag_set/vec4 8;
    %jmp/0xz  T_2.4, 8;
    %load/vec4 v0x561b5ba0b7f0_0;
    %flag_set/vec4 8;
    %jmp/0xz  T_2.6, 8;
    %pushi/vec4 1, 0, 1;
    %assign/vec4 v0x561b5ba0b0c0_0, 0;
    %pushi/vec4 0, 0, 1;
    %assign/vec4 v0x561b5ba0c470_0, 0;
    %load/vec4 v0x561b5ba0b180_0;
    %addi 1, 0, 32;
    %assign/vec4 v0x561b5ba0b180_0, 0;
    %load/vec4 v0x561b5ba0b8b0_0;
    %pad/u 6;
    %ix/vec4 4;
    %load/vec4a v0x561b5ba0c3b0, 4;
    %assign/vec4 v0x561b5ba0c990_0, 0;
    %load/vec4 v0x561b5ba0b8b0_0;
    %pad/u 6;
    %ix/vec4 4;
    %load/vec4a v0x561b5ba0ba50, 4;
    %assign/vec4 v0x561b5ba0c6f0_0, 0;
    %load/vec4 v0x561b5ba0b8b0_0;
    %pad/u 6;
    %ix/vec4 4;
    %load/vec4a v0x561b5ba0bda0, 4;
    %assign/vec4 v0x561b5ba0c7d0_0, 0;
    %load/vec4 v0x561b5ba0b8b0_0;
    %pad/u 6;
    %ix/vec4 4;
    %load/vec4a v0x561b5ba0b990, 4;
    %assign/vec4 v0x561b5ba0c610_0, 0;
    %load/vec4 v0x561b5ba0b8b0_0;
    %pad/u 6;
    %ix/vec4 4;
    %load/vec4a v0x561b5ba0c0f0, 4;
    %assign/vec4 v0x561b5ba0c8b0_0, 0;
    %jmp T_2.7;
T_2.6 ;
    %pushi/vec4 0, 0, 1;
    %assign/vec4 v0x561b5ba0b0c0_0, 0;
    %pushi/vec4 1, 0, 1;
    %assign/vec4 v0x561b5ba0c470_0, 0;
    %load/vec4 v0x561b5ba0c530_0;
    %addi 1, 0, 32;
    %assign/vec4 v0x561b5ba0c530_0, 0;
    %load/vec4 v0x561b5ba0cbf0_0;
    %addi 1, 0, 32;
    %assign/vec4 v0x561b5ba0cbf0_0, 0;
    %load/vec4 v0x561b5ba0b710_0;
    %load/vec4 v0x561b5ba0b000_0;
    %pad/u 6;
    %ix/vec4 3;
    %ix/load 4, 0, 0; Constant delay
    %assign/vec4/a/d v0x561b5ba0c3b0, 0, 4;
    %load/vec4 v0x561b5ba0b470_0;
    %load/vec4 v0x561b5ba0b000_0;
    %pad/u 6;
    %ix/vec4 3;
    %ix/load 4, 0, 0; Constant delay
    %assign/vec4/a/d v0x561b5ba0ba50, 0, 4;
    %load/vec4 v0x561b5ba0b550_0;
    %load/vec4 v0x561b5ba0b000_0;
    %pad/u 6;
    %ix/vec4 3;
    %ix/load 4, 0, 0; Constant delay
    %assign/vec4/a/d v0x561b5ba0bda0, 0, 4;
    %load/vec4 v0x561b5ba0b390_0;
    %load/vec4 v0x561b5ba0b000_0;
    %pad/u 6;
    %ix/vec4 3;
    %ix/load 4, 0, 0; Constant delay
    %assign/vec4/a/d v0x561b5ba0b990, 0, 4;
    %load/vec4 v0x561b5ba0b630_0;
    %load/vec4 v0x561b5ba0b000_0;
    %pad/u 6;
    %ix/vec4 3;
    %ix/load 4, 0, 0; Constant delay
    %assign/vec4/a/d v0x561b5ba0c0f0, 0, 4;
    %load/vec4 v0x561b5ba0b000_0;
    %pad/u 6;
    %ix/vec4 4;
    %load/vec4a v0x561b5ba0ccd0, 4;
    %flag_set/vec4 8;
    %jmp/0xz  T_2.8, 8;
    %load/vec4 v0x561b5b97f330_0;
    %addi 1, 0, 32;
    %assign/vec4 v0x561b5b97f330_0, 0;
T_2.8 ;
    %pushi/vec4 1, 0, 1;
    %load/vec4 v0x561b5ba0b000_0;
    %pad/u 6;
    %ix/vec4 3;
    %ix/load 4, 0, 0; Constant delay
    %assign/vec4/a/d v0x561b5ba0ccd0, 0, 4;
    %load/vec4 v0x561b5ba0b710_0;
    %assign/vec4 v0x561b5ba0c990_0, 0;
    %load/vec4 v0x561b5ba0b470_0;
    %assign/vec4 v0x561b5ba0c6f0_0, 0;
    %load/vec4 v0x561b5ba0b550_0;
    %assign/vec4 v0x561b5ba0c7d0_0, 0;
    %load/vec4 v0x561b5ba0b390_0;
    %assign/vec4 v0x561b5ba0c610_0, 0;
    %load/vec4 v0x561b5ba0b630_0;
    %assign/vec4 v0x561b5ba0c8b0_0, 0;
    %load/vec4 v0x561b5ba0b000_0;
    %addi 1, 0, 4;
    %assign/vec4 v0x561b5ba0b000_0, 0;
T_2.7 ;
T_2.4 ;
T_2.1 ;
    %jmp T_2;
    .thread T_2;
    .scope S_0x561b5b9d1860;
T_3 ;
    %pushi/vec4 0, 0, 1;
    %store/vec4 v0x561b5ba10840_0, 0, 1;
    %pushi/vec4 1, 0, 1;
    %store/vec4 v0x561b5ba110f0_0, 0, 1;
    %pushi/vec4 0, 0, 1;
    %store/vec4 v0x561b5ba10a90_0, 0, 1;
    %end;
    .thread T_3, $init;
    .scope S_0x561b5b9d1860;
T_4 ;
    %delay 5000, 0;
    %load/vec4 v0x561b5ba10840_0;
    %inv;
    %store/vec4 v0x561b5ba10840_0, 0, 1;
    %jmp T_4;
    .thread T_4;
    .scope S_0x561b5b9d1860;
T_5 ;
    %vpi_func 3 58 "$value$plusargs" 32, "A=%h", v0x561b5ba10600_0 {0 0 0};
    %nor/r;
    %flag_set/vec4 8;
    %jmp/0xz  T_5.0, 8;
    %pushi/vec4 0, 0, 8;
    %store/vec4 v0x561b5ba10600_0, 0, 8;
T_5.0 ;
    %vpi_func 3 59 "$value$plusargs" 32, "B=%h", v0x561b5ba10730_0 {0 0 0};
    %nor/r;
    %flag_set/vec4 8;
    %jmp/0xz  T_5.2, 8;
    %pushi/vec4 0, 0, 8;
    %store/vec4 v0x561b5ba10730_0, 0, 8;
T_5.2 ;
    %pushi/vec4 3, 0, 32;
T_5.4 %dup/vec4;
    %pushi/vec4 0, 0, 32;
    %cmp/s;
    %jmp/1xz T_5.5, 5;
    %jmp/1 T_5.5, 4;
    %pushi/vec4 1, 0, 32;
    %sub;
    %wait E_0x561b5b9bc120;
    %jmp T_5.4;
T_5.5 ;
    %pop/vec4 1;
    %pushi/vec4 0, 0, 1;
    %store/vec4 v0x561b5ba110f0_0, 0, 1;
    %wait E_0x561b5b97ef00;
    %pushi/vec4 1, 0, 1;
    %store/vec4 v0x561b5ba10a90_0, 0, 1;
    %wait E_0x561b5b97ef00;
    %pushi/vec4 0, 0, 1;
    %store/vec4 v0x561b5ba10a90_0, 0, 1;
    %wait E_0x561b5b9bc120;
    %vpi_call/w 3 72 "$display", "RESULT A=%02h B=%02h Y=%02h RA=%02h RD=%02h R0=%02h T=%02h HIT=%0d MISS=%0d", v0x561b5ba10600_0, v0x561b5ba10730_0, v0x561b5ba10ef0_0, v0x561b5ba10cb0_0, v0x561b5ba10d70_0, v0x561b5ba10bf0_0, v0x561b5ba10e30_0, v0x561b5ba10fb0_0, v0x561b5ba11050_0 {0 0 0};
    %vpi_call/w 3 75 "$finish" {0 0 0};
    %end;
    .thread T_5;
# The file index is used to find the file name in the following table.
:file_names 8;
    "N/A";
    "<interactive>";
    "-";
    "tb/v4/tb_ifa_v4_single_case.sv";
    "rtl/v4/ifa_v4_end_to_end_core.sv";
    "rtl/v4/ifa_v4_core.sv";
    "rtl/v4/ifa_relation_memory_controller.sv";
    "rtl/v4/ifa_rpc_stub.sv";
