#! /usr/bin/vvp
:ivl_version "12.0 (stable)";
:ivl_delay_selection "TYPICAL";
:vpi_time_precision - 12;
:vpi_module "/usr/lib/x86_64-linux-gnu/ivl/system.vpi";
:vpi_module "/usr/lib/x86_64-linux-gnu/ivl/vhdl_sys.vpi";
:vpi_module "/usr/lib/x86_64-linux-gnu/ivl/vhdl_textio.vpi";
:vpi_module "/usr/lib/x86_64-linux-gnu/ivl/v2005_math.vpi";
:vpi_module "/usr/lib/x86_64-linux-gnu/ivl/va_math.vpi";
:vpi_module "/usr/lib/x86_64-linux-gnu/ivl/v2009.vpi";
S_0x58b70faec040 .scope package, "$unit" "$unit" 2 1;
 .timescale 0 0;
S_0x58b70fad3b60 .scope module, "tb_ifa_onile_supervisor" "tb_ifa_onile_supervisor" 3 3;
 .timescale -9 -12;
P_0x58b70fac1620 .param/l "YARA_COUNT" 1 3 5, +C4<00000000000000000000000000000010>;
P_0x58b70fac1660 .param/l "YARA_W" 1 3 6, +C4<00000000000000000000000000000001>;
v0x58b70fb0fe70_0 .var "admin_destination_yara", 0 0;
v0x58b70fb0ff50_0 .var "admin_source_yara", 0 0;
v0x58b70fb0fff0_0 .net "allowed_count", 31 0, v0x58b70fab7dd0_0;  1 drivers
v0x58b70fb100c0_0 .var "babalawo_mode", 0 0;
v0x58b70fb10190_0 .var "clk", 0 0;
v0x58b70fb10280_0 .net "denied_count", 31 0, v0x58b70fb0e400_0;  1 drivers
v0x58b70fb10350_0 .net "explicit_permission", 0 0, v0x58b70fb0e5c0_0;  1 drivers
v0x58b70fb10420_0 .var "grant_valid", 0 0;
v0x58b70fb104f0_0 .var "request_destination_yara", 0 0;
v0x58b70fb105c0_0 .var "request_source_yara", 0 0;
v0x58b70fb10690_0 .var "revoke_valid", 0 0;
v0x58b70fb10760_0 .var "rst", 0 0;
v0x58b70fb10830_0 .net "share_allowed", 0 0, v0x58b70fb0ee40_0;  1 drivers
v0x58b70fb10900_0 .net "share_denied", 0 0, v0x58b70fb0ef00_0;  1 drivers
v0x58b70fb109d0_0 .var "share_request", 0 0;
E_0x58b70fac7170 .event negedge, v0x58b70fb0e340_0;
S_0x58b70fad3d90 .scope module, "dut" "ifa_onile_supervisor" 3 32, 4 29 0, S_0x58b70fad3b60;
 .timescale 0 0;
    .port_info 0 /INPUT 1 "clk";
    .port_info 1 /INPUT 1 "rst";
    .port_info 2 /INPUT 1 "babalawo_mode";
    .port_info 3 /INPUT 1 "grant_valid";
    .port_info 4 /INPUT 1 "revoke_valid";
    .port_info 5 /INPUT 1 "admin_source_yara";
    .port_info 6 /INPUT 1 "admin_destination_yara";
    .port_info 7 /INPUT 1 "share_request";
    .port_info 8 /INPUT 1 "request_source_yara";
    .port_info 9 /INPUT 1 "request_destination_yara";
    .port_info 10 /OUTPUT 1 "share_allowed";
    .port_info 11 /OUTPUT 1 "share_denied";
    .port_info 12 /OUTPUT 1 "explicit_permission";
    .port_info 13 /OUTPUT 32 "allowed_count";
    .port_info 14 /OUTPUT 32 "denied_count";
P_0x58b70faed320 .param/l "MAX_YARA" 0 4 34, +C4<00000000000000000000000000000010>;
P_0x58b70faed360 .param/l "YARA_COUNT" 0 4 31, +C4<00000000000000000000000000000010>;
P_0x58b70faed3a0 .param/l "YARA_W" 0 4 36, +C4<00000000000000000000000000000001>;
v0x58b70fab9920_0 .var "admin_destination_valid", 0 0;
v0x58b70faba850_0 .net "admin_destination_yara", 0 0, v0x58b70fb0fe70_0;  1 drivers
v0x58b70fab89f0_0 .var "admin_source_valid", 0 0;
v0x58b70fab9630_0 .net "admin_source_yara", 0 0, v0x58b70fb0ff50_0;  1 drivers
v0x58b70fab7dd0_0 .var "allowed_count", 31 0;
v0x58b70fab8320_0 .net "babalawo_mode", 0 0, v0x58b70fb100c0_0;  1 drivers
v0x58b70fb0e340_0 .net "clk", 0 0, v0x58b70fb10190_0;  1 drivers
v0x58b70fb0e400_0 .var "denied_count", 31 0;
v0x58b70fb0e4e0_0 .var/i "destination_index", 31 0;
v0x58b70fb0e5c0_0 .var "explicit_permission", 0 0;
v0x58b70fb0e680_0 .var "grant_accepted", 0 0;
v0x58b70fb0e740_0 .net "grant_valid", 0 0, v0x58b70fb10420_0;  1 drivers
v0x58b70fb0e800_0 .var "local_access", 0 0;
v0x58b70fb0e8c0_0 .var "request_destination_valid", 0 0;
v0x58b70fb0e980_0 .net "request_destination_yara", 0 0, v0x58b70fb104f0_0;  1 drivers
v0x58b70fb0ea60_0 .var "request_source_valid", 0 0;
v0x58b70fb0eb20_0 .net "request_source_yara", 0 0, v0x58b70fb105c0_0;  1 drivers
v0x58b70fb0ec00_0 .var "revoke_accepted", 0 0;
v0x58b70fb0ecc0_0 .net "revoke_valid", 0 0, v0x58b70fb10690_0;  1 drivers
v0x58b70fb0ed80_0 .net "rst", 0 0, v0x58b70fb10760_0;  1 drivers
v0x58b70fb0ee40_0 .var "share_allowed", 0 0;
v0x58b70fb0ef00_0 .var "share_denied", 0 0;
v0x58b70fb0efc0 .array "share_permission", 3 0, 0 0;
v0x58b70fb0f0e0_0 .net "share_request", 0 0, v0x58b70fb109d0_0;  1 drivers
v0x58b70fb0f1a0_0 .var/i "source_index", 31 0;
E_0x58b70fac8cc0 .event posedge, v0x58b70fb0e340_0;
E_0x58b70fac6150/0 .event anyedge, v0x58b70fb0f0e0_0, v0x58b70fb0ea60_0, v0x58b70fb0e8c0_0, v0x58b70fb0e800_0;
E_0x58b70fac6150/1 .event anyedge, v0x58b70fb0e5c0_0;
E_0x58b70fac6150 .event/or E_0x58b70fac6150/0, E_0x58b70fac6150/1;
E_0x58b70fac8eb0/0 .event anyedge, v0x58b70fb0ea60_0, v0x58b70fb0e8c0_0, v0x58b70fb0eb20_0, v0x58b70fb0e980_0;
v0x58b70fb0efc0_0 .array/port v0x58b70fb0efc0, 0;
v0x58b70fb0efc0_1 .array/port v0x58b70fb0efc0, 1;
v0x58b70fb0efc0_2 .array/port v0x58b70fb0efc0, 2;
v0x58b70fb0efc0_3 .array/port v0x58b70fb0efc0, 3;
E_0x58b70fac8eb0/1 .event anyedge, v0x58b70fb0efc0_0, v0x58b70fb0efc0_1, v0x58b70fb0efc0_2, v0x58b70fb0efc0_3;
E_0x58b70fac8eb0 .event/or E_0x58b70fac8eb0/0, E_0x58b70fac8eb0/1;
E_0x58b70faaf780/0 .event anyedge, v0x58b70fab8320_0, v0x58b70fb0e740_0, v0x58b70fab89f0_0, v0x58b70fab9920_0;
E_0x58b70faaf780/1 .event anyedge, v0x58b70fab9630_0, v0x58b70faba850_0, v0x58b70fb0ecc0_0;
E_0x58b70faaf780 .event/or E_0x58b70faaf780/0, E_0x58b70faaf780/1;
E_0x58b70fac6110 .event anyedge, v0x58b70fb0ea60_0, v0x58b70fb0e8c0_0, v0x58b70fb0eb20_0, v0x58b70fb0e980_0;
E_0x58b70fac8c80 .event anyedge, v0x58b70fab9630_0, v0x58b70faba850_0, v0x58b70fb0eb20_0, v0x58b70fb0e980_0;
S_0x58b70fb0f460 .scope autotask, "grant_share" "grant_share" 3 78, 3 78 0, S_0x58b70fad3b60;
 .timescale -9 -12;
v0x58b70fb0f610_0 .var "dst", 0 0;
v0x58b70fb0f6d0_0 .var "src", 0 0;
TD_tb_ifa_onile_supervisor.grant_share ;
    %wait E_0x58b70fac7170;
    %load/vec4 v0x58b70fb0f6d0_0;
    %store/vec4 v0x58b70fb0ff50_0, 0, 1;
    %load/vec4 v0x58b70fb0f610_0;
    %store/vec4 v0x58b70fb0fe70_0, 0, 1;
    %pushi/vec4 1, 0, 1;
    %store/vec4 v0x58b70fb10420_0, 0, 1;
    %wait E_0x58b70fac7170;
    %pushi/vec4 0, 0, 1;
    %store/vec4 v0x58b70fb10420_0, 0, 1;
    %delay 1000, 0;
    %vpi_call/w 3 94 "$display", "ONILE GRANT: YARA %0d -> YARA %0d", v0x58b70fb0f6d0_0, v0x58b70fb0f610_0 {0 0 0};
    %end;
S_0x58b70fb0f790 .scope autotask, "request_share" "request_share" 3 58, 3 58 0, S_0x58b70fad3b60;
 .timescale -9 -12;
v0x58b70fb0f970_0 .var "dst", 0 0;
v0x58b70fb0fa30_0 .var "src", 0 0;
TD_tb_ifa_onile_supervisor.request_share ;
    %wait E_0x58b70fac7170;
    %load/vec4 v0x58b70fb0fa30_0;
    %store/vec4 v0x58b70fb105c0_0, 0, 1;
    %load/vec4 v0x58b70fb0f970_0;
    %store/vec4 v0x58b70fb104f0_0, 0, 1;
    %pushi/vec4 1, 0, 1;
    %store/vec4 v0x58b70fb109d0_0, 0, 1;
    %vpi_call/w 3 69 "$display", "REQUEST YARA %0d -> YARA %0d | babalawo=%0d permission=%0d allowed=%0d denied=%0d", v0x58b70fb0fa30_0, v0x58b70fb0f970_0, v0x58b70fb100c0_0, v0x58b70fb10350_0, v0x58b70fb10830_0, v0x58b70fb10900_0 {0 0 0};
    %wait E_0x58b70fac7170;
    %pushi/vec4 0, 0, 1;
    %store/vec4 v0x58b70fb109d0_0, 0, 1;
    %end;
S_0x58b70fb0faf0 .scope autotask, "revoke_share" "revoke_share" 3 102, 3 102 0, S_0x58b70fad3b60;
 .timescale -9 -12;
v0x58b70fb0fcd0_0 .var "dst", 0 0;
v0x58b70fb0fdb0_0 .var "src", 0 0;
TD_tb_ifa_onile_supervisor.revoke_share ;
    %wait E_0x58b70fac7170;
    %load/vec4 v0x58b70fb0fdb0_0;
    %store/vec4 v0x58b70fb0ff50_0, 0, 1;
    %load/vec4 v0x58b70fb0fcd0_0;
    %store/vec4 v0x58b70fb0fe70_0, 0, 1;
    %pushi/vec4 1, 0, 1;
    %store/vec4 v0x58b70fb10690_0, 0, 1;
    %wait E_0x58b70fac7170;
    %pushi/vec4 0, 0, 1;
    %store/vec4 v0x58b70fb10690_0, 0, 1;
    %delay 1000, 0;
    %vpi_call/w 3 118 "$display", "ONILE REVOKE: YARA %0d -> YARA %0d", v0x58b70fb0fdb0_0, v0x58b70fb0fcd0_0 {0 0 0};
    %end;
    .scope S_0x58b70fad3d90;
T_3 ;
    %end;
    .thread T_3;
    .scope S_0x58b70fad3d90;
T_4 ;
Ewait_0 .event/or E_0x58b70fac8c80, E_0x0;
    %wait Ewait_0;
    %load/vec4 v0x58b70fab9630_0;
    %pad/u 32;
    %cmpi/u 2, 0, 32;
    %flag_get/vec4 5;
    %store/vec4 v0x58b70fab89f0_0, 0, 1;
    %load/vec4 v0x58b70faba850_0;
    %pad/u 32;
    %cmpi/u 2, 0, 32;
    %flag_get/vec4 5;
    %store/vec4 v0x58b70fab9920_0, 0, 1;
    %load/vec4 v0x58b70fb0eb20_0;
    %pad/u 32;
    %cmpi/u 2, 0, 32;
    %flag_get/vec4 5;
    %store/vec4 v0x58b70fb0ea60_0, 0, 1;
    %load/vec4 v0x58b70fb0e980_0;
    %pad/u 32;
    %cmpi/u 2, 0, 32;
    %flag_get/vec4 5;
    %store/vec4 v0x58b70fb0e8c0_0, 0, 1;
    %jmp T_4;
    .thread T_4, $push;
    .scope S_0x58b70fad3d90;
T_5 ;
Ewait_1 .event/or E_0x58b70fac6110, E_0x0;
    %wait Ewait_1;
    %load/vec4 v0x58b70fb0ea60_0;
    %flag_set/vec4 9;
    %flag_get/vec4 9;
    %jmp/0 T_5.1, 9;
    %load/vec4 v0x58b70fb0e8c0_0;
    %and;
T_5.1;
    %flag_set/vec4 8;
    %flag_get/vec4 8;
    %jmp/0 T_5.0, 8;
    %load/vec4 v0x58b70fb0eb20_0;
    %load/vec4 v0x58b70fb0e980_0;
    %cmp/e;
    %flag_get/vec4 4;
    %and;
T_5.0;
    %store/vec4 v0x58b70fb0e800_0, 0, 1;
    %jmp T_5;
    .thread T_5, $push;
    .scope S_0x58b70fad3d90;
T_6 ;
Ewait_2 .event/or E_0x58b70faaf780, E_0x0;
    %wait Ewait_2;
    %load/vec4 v0x58b70fab8320_0;
    %flag_set/vec4 11;
    %flag_get/vec4 11;
    %jmp/0 T_6.3, 11;
    %load/vec4 v0x58b70fb0e740_0;
    %and;
T_6.3;
    %flag_set/vec4 10;
    %flag_get/vec4 10;
    %jmp/0 T_6.2, 10;
    %load/vec4 v0x58b70fab89f0_0;
    %and;
T_6.2;
    %flag_set/vec4 9;
    %flag_get/vec4 9;
    %jmp/0 T_6.1, 9;
    %load/vec4 v0x58b70fab9920_0;
    %and;
T_6.1;
    %flag_set/vec4 8;
    %flag_get/vec4 8;
    %jmp/0 T_6.0, 8;
    %load/vec4 v0x58b70fab9630_0;
    %load/vec4 v0x58b70faba850_0;
    %cmp/ne;
    %flag_get/vec4 4;
    %and;
T_6.0;
    %store/vec4 v0x58b70fb0e680_0, 0, 1;
    %load/vec4 v0x58b70fab8320_0;
    %flag_set/vec4 11;
    %flag_get/vec4 11;
    %jmp/0 T_6.7, 11;
    %load/vec4 v0x58b70fb0ecc0_0;
    %and;
T_6.7;
    %flag_set/vec4 10;
    %flag_get/vec4 10;
    %jmp/0 T_6.6, 10;
    %load/vec4 v0x58b70fab89f0_0;
    %and;
T_6.6;
    %flag_set/vec4 9;
    %flag_get/vec4 9;
    %jmp/0 T_6.5, 9;
    %load/vec4 v0x58b70fab9920_0;
    %and;
T_6.5;
    %flag_set/vec4 8;
    %flag_get/vec4 8;
    %jmp/0 T_6.4, 8;
    %load/vec4 v0x58b70fab9630_0;
    %load/vec4 v0x58b70faba850_0;
    %cmp/ne;
    %flag_get/vec4 4;
    %and;
T_6.4;
    %store/vec4 v0x58b70fb0ec00_0, 0, 1;
    %jmp T_6;
    .thread T_6, $push;
    .scope S_0x58b70fad3d90;
T_7 ;
Ewait_3 .event/or E_0x58b70fac8eb0, E_0x0;
    %wait Ewait_3;
    %pushi/vec4 0, 0, 1;
    %store/vec4 v0x58b70fb0e5c0_0, 0, 1;
    %load/vec4 v0x58b70fb0ea60_0;
    %flag_set/vec4 10;
    %flag_get/vec4 10;
    %jmp/0 T_7.3, 10;
    %load/vec4 v0x58b70fb0e8c0_0;
    %and;
T_7.3;
    %flag_set/vec4 9;
    %flag_get/vec4 9;
    %jmp/0 T_7.2, 9;
    %load/vec4 v0x58b70fb0eb20_0;
    %load/vec4 v0x58b70fb0e980_0;
    %cmp/ne;
    %flag_get/vec4 4;
    %and;
T_7.2;
    %flag_set/vec4 8;
    %jmp/0xz  T_7.0, 8;
    %load/vec4 v0x58b70fb0eb20_0;
    %pad/u 5;
    %pad/u 6;
    %muli 2, 0, 6;
    %pad/u 7;
    %load/vec4 v0x58b70fb0e980_0;
    %pad/u 3;
    %pad/u 7;
    %add;
    %ix/vec4 4;
    %load/vec4a v0x58b70fb0efc0, 4;
    %store/vec4 v0x58b70fb0e5c0_0, 0, 1;
T_7.0 ;
    %jmp T_7;
    .thread T_7, $push;
    .scope S_0x58b70fad3d90;
T_8 ;
Ewait_4 .event/or E_0x58b70fac6150, E_0x0;
    %wait Ewait_4;
    %pushi/vec4 0, 0, 1;
    %store/vec4 v0x58b70fb0ee40_0, 0, 1;
    %pushi/vec4 0, 0, 1;
    %store/vec4 v0x58b70fb0ef00_0, 0, 1;
    %load/vec4 v0x58b70fb0f0e0_0;
    %flag_set/vec4 8;
    %jmp/0xz  T_8.0, 8;
    %load/vec4 v0x58b70fb0ea60_0;
    %nor/r;
    %flag_set/vec4 8;
    %jmp/1 T_8.4, 8;
    %load/vec4 v0x58b70fb0e8c0_0;
    %nor/r;
    %flag_set/vec4 9;
    %flag_or 8, 9;
T_8.4;
    %jmp/0xz  T_8.2, 8;
    %pushi/vec4 1, 0, 1;
    %store/vec4 v0x58b70fb0ef00_0, 0, 1;
    %jmp T_8.3;
T_8.2 ;
    %load/vec4 v0x58b70fb0e800_0;
    %flag_set/vec4 8;
    %jmp/0xz  T_8.5, 8;
    %pushi/vec4 1, 0, 1;
    %store/vec4 v0x58b70fb0ee40_0, 0, 1;
    %jmp T_8.6;
T_8.5 ;
    %load/vec4 v0x58b70fb0e5c0_0;
    %flag_set/vec4 8;
    %jmp/0xz  T_8.7, 8;
    %pushi/vec4 1, 0, 1;
    %store/vec4 v0x58b70fb0ee40_0, 0, 1;
    %jmp T_8.8;
T_8.7 ;
    %pushi/vec4 1, 0, 1;
    %store/vec4 v0x58b70fb0ef00_0, 0, 1;
T_8.8 ;
T_8.6 ;
T_8.3 ;
T_8.0 ;
    %jmp T_8;
    .thread T_8, $push;
    .scope S_0x58b70fad3d90;
T_9 ;
    %wait E_0x58b70fac8cc0;
    %load/vec4 v0x58b70fb0ed80_0;
    %flag_set/vec4 8;
    %jmp/0xz  T_9.0, 8;
    %pushi/vec4 0, 0, 32;
    %assign/vec4 v0x58b70fab7dd0_0, 0;
    %pushi/vec4 0, 0, 32;
    %assign/vec4 v0x58b70fb0e400_0, 0;
    %pushi/vec4 0, 0, 32;
    %store/vec4 v0x58b70fb0f1a0_0, 0, 32;
T_9.2 ;
    %load/vec4 v0x58b70fb0f1a0_0;
    %cmpi/s 2, 0, 32;
    %jmp/0xz T_9.3, 5;
    %pushi/vec4 0, 0, 32;
    %store/vec4 v0x58b70fb0e4e0_0, 0, 32;
T_9.4 ;
    %load/vec4 v0x58b70fb0e4e0_0;
    %cmpi/s 2, 0, 32;
    %jmp/0xz T_9.5, 5;
    %pushi/vec4 0, 0, 1;
    %load/vec4 v0x58b70fb0f1a0_0;
    %pad/s 34;
    %pad/s 35;
    %muli 2, 0, 35;
    %pad/s 36;
    %load/vec4 v0x58b70fb0e4e0_0;
    %pad/s 36;
    %add;
    %ix/vec4/s 3;
    %ix/load 4, 0, 0; Constant delay
    %assign/vec4/a/d v0x58b70fb0efc0, 0, 4;
    %load/vec4 v0x58b70fb0e4e0_0;
    %addi 1, 0, 32;
    %store/vec4 v0x58b70fb0e4e0_0, 0, 32;
    %jmp T_9.4;
T_9.5 ;
    %load/vec4 v0x58b70fb0f1a0_0;
    %addi 1, 0, 32;
    %store/vec4 v0x58b70fb0f1a0_0, 0, 32;
    %jmp T_9.2;
T_9.3 ;
    %jmp T_9.1;
T_9.0 ;
    %load/vec4 v0x58b70fb0e680_0;
    %flag_set/vec4 8;
    %jmp/0xz  T_9.6, 8;
    %pushi/vec4 1, 0, 1;
    %load/vec4 v0x58b70fab9630_0;
    %pad/u 5;
    %pad/u 6;
    %muli 2, 0, 6;
    %pad/u 7;
    %load/vec4 v0x58b70faba850_0;
    %pad/u 3;
    %pad/u 7;
    %add;
    %ix/vec4 3;
    %ix/load 4, 0, 0; Constant delay
    %assign/vec4/a/d v0x58b70fb0efc0, 0, 4;
T_9.6 ;
    %load/vec4 v0x58b70fb0ec00_0;
    %flag_set/vec4 8;
    %jmp/0xz  T_9.8, 8;
    %pushi/vec4 0, 0, 1;
    %load/vec4 v0x58b70fab9630_0;
    %pad/u 5;
    %pad/u 6;
    %muli 2, 0, 6;
    %pad/u 7;
    %load/vec4 v0x58b70faba850_0;
    %pad/u 3;
    %pad/u 7;
    %add;
    %ix/vec4 3;
    %ix/load 4, 0, 0; Constant delay
    %assign/vec4/a/d v0x58b70fb0efc0, 0, 4;
T_9.8 ;
    %load/vec4 v0x58b70fb0f0e0_0;
    %flag_set/vec4 8;
    %jmp/0xz  T_9.10, 8;
    %load/vec4 v0x58b70fb0ee40_0;
    %flag_set/vec4 8;
    %jmp/0xz  T_9.12, 8;
    %load/vec4 v0x58b70fab7dd0_0;
    %addi 1, 0, 32;
    %assign/vec4 v0x58b70fab7dd0_0, 0;
    %jmp T_9.13;
T_9.12 ;
    %load/vec4 v0x58b70fb0e400_0;
    %addi 1, 0, 32;
    %assign/vec4 v0x58b70fb0e400_0, 0;
T_9.13 ;
T_9.10 ;
T_9.1 ;
    %jmp T_9;
    .thread T_9;
    .scope S_0x58b70fad3b60;
T_10 ;
    %delay 5000, 0;
    %load/vec4 v0x58b70fb10190_0;
    %inv;
    %store/vec4 v0x58b70fb10190_0, 0, 1;
    %jmp T_10;
    .thread T_10;
    .scope S_0x58b70fad3b60;
T_11 ;
    %vpi_call/w 3 127 "$dumpfile", "sim/v4/ifa_onile_supervisor.vcd" {0 0 0};
    %vpi_call/w 3 128 "$dumpvars", 32'sb00000000000000000000000000000000, S_0x58b70fad3b60 {0 0 0};
    %pushi/vec4 0, 0, 1;
    %store/vec4 v0x58b70fb10190_0, 0, 1;
    %pushi/vec4 1, 0, 1;
    %store/vec4 v0x58b70fb10760_0, 0, 1;
    %pushi/vec4 0, 0, 1;
    %store/vec4 v0x58b70fb100c0_0, 0, 1;
    %pushi/vec4 0, 0, 1;
    %store/vec4 v0x58b70fb10420_0, 0, 1;
    %pushi/vec4 0, 0, 1;
    %store/vec4 v0x58b70fb10690_0, 0, 1;
    %pushi/vec4 0, 0, 1;
    %store/vec4 v0x58b70fb0ff50_0, 0, 1;
    %pushi/vec4 0, 0, 1;
    %store/vec4 v0x58b70fb0fe70_0, 0, 1;
    %pushi/vec4 0, 0, 1;
    %store/vec4 v0x58b70fb109d0_0, 0, 1;
    %pushi/vec4 0, 0, 1;
    %store/vec4 v0x58b70fb105c0_0, 0, 1;
    %pushi/vec4 0, 0, 1;
    %store/vec4 v0x58b70fb104f0_0, 0, 1;
    %pushi/vec4 3, 0, 32;
T_11.0 %dup/vec4;
    %pushi/vec4 0, 0, 32;
    %cmp/s;
    %jmp/1xz T_11.1, 5;
    %jmp/1 T_11.1, 4;
    %pushi/vec4 1, 0, 32;
    %sub;
    %wait E_0x58b70fac7170;
    %jmp T_11.0;
T_11.1 ;
    %pop/vec4 1;
    %pushi/vec4 0, 0, 1;
    %store/vec4 v0x58b70fb10760_0, 0, 1;
    %vpi_call/w 3 148 "$display", "============================================================" {0 0 0};
    %vpi_call/w 3 149 "$display", "IF\303\201 V4 ON\303\215L\341\272\270\314\200 PERMISSION TEST" {0 0 0};
    %vpi_call/w 3 150 "$display", "Isolation by default; sharing by authorization" {0 0 0};
    %vpi_call/w 3 151 "$display", "============================================================" {0 0 0};
    %alloc S_0x58b70fb0f790;
    %pushi/vec4 0, 0, 1;
    %store/vec4 v0x58b70fb0fa30_0, 0, 1;
    %pushi/vec4 0, 0, 1;
    %store/vec4 v0x58b70fb0f970_0, 0, 1;
    %fork TD_tb_ifa_onile_supervisor.request_share, S_0x58b70fb0f790;
    %join;
    %free S_0x58b70fb0f790;
    %load/vec4 v0x58b70fb10830_0;
    %cmpi/ne 1, 0, 1;
    %jmp/0xz  T_11.2, 6;
    %vpi_call/w 3 161 "$fatal", 32'sb00000000000000000000000000000001, "Local YARA access should be allowed" {0 0 0};
T_11.2 ;
    %alloc S_0x58b70fb0f790;
    %pushi/vec4 0, 0, 1;
    %store/vec4 v0x58b70fb0fa30_0, 0, 1;
    %pushi/vec4 1, 0, 1;
    %store/vec4 v0x58b70fb0f970_0, 0, 1;
    %fork TD_tb_ifa_onile_supervisor.request_share, S_0x58b70fb0f790;
    %join;
    %free S_0x58b70fb0f790;
    %load/vec4 v0x58b70fb10900_0;
    %cmpi/ne 1, 0, 1;
    %jmp/0xz  T_11.4, 6;
    %vpi_call/w 3 171 "$fatal", 32'sb00000000000000000000000000000001, "Cross-YARA sharing must be denied in normal mode" {0 0 0};
T_11.4 ;
    %pushi/vec4 1, 0, 1;
    %store/vec4 v0x58b70fb100c0_0, 0, 1;
    %alloc S_0x58b70fb0f790;
    %pushi/vec4 0, 0, 1;
    %store/vec4 v0x58b70fb0fa30_0, 0, 1;
    %pushi/vec4 1, 0, 1;
    %store/vec4 v0x58b70fb0f970_0, 0, 1;
    %fork TD_tb_ifa_onile_supervisor.request_share, S_0x58b70fb0f790;
    %join;
    %free S_0x58b70fb0f790;
    %load/vec4 v0x58b70fb10900_0;
    %cmpi/ne 1, 0, 1;
    %jmp/0xz  T_11.6, 6;
    %vpi_call/w 3 183 "$fatal", 32'sb00000000000000000000000000000001, "Babalawo mode alone must not authorize sharing" {0 0 0};
T_11.6 ;
    %alloc S_0x58b70fb0f460;
    %pushi/vec4 0, 0, 1;
    %store/vec4 v0x58b70fb0f6d0_0, 0, 1;
    %pushi/vec4 1, 0, 1;
    %store/vec4 v0x58b70fb0f610_0, 0, 1;
    %fork TD_tb_ifa_onile_supervisor.grant_share, S_0x58b70fb0f460;
    %join;
    %free S_0x58b70fb0f460;
    %alloc S_0x58b70fb0f790;
    %pushi/vec4 0, 0, 1;
    %store/vec4 v0x58b70fb0fa30_0, 0, 1;
    %pushi/vec4 1, 0, 1;
    %store/vec4 v0x58b70fb0f970_0, 0, 1;
    %fork TD_tb_ifa_onile_supervisor.request_share, S_0x58b70fb0f790;
    %join;
    %free S_0x58b70fb0f790;
    %load/vec4 v0x58b70fb10830_0;
    %cmpi/ne 1, 0, 1;
    %jmp/0xz  T_11.8, 6;
    %vpi_call/w 3 195 "$fatal", 32'sb00000000000000000000000000000001, "Granted cross-YARA sharing should be allowed" {0 0 0};
T_11.8 ;
    %alloc S_0x58b70fb0f790;
    %pushi/vec4 1, 0, 1;
    %store/vec4 v0x58b70fb0fa30_0, 0, 1;
    %pushi/vec4 0, 0, 1;
    %store/vec4 v0x58b70fb0f970_0, 0, 1;
    %fork TD_tb_ifa_onile_supervisor.request_share, S_0x58b70fb0f790;
    %join;
    %free S_0x58b70fb0f790;
    %load/vec4 v0x58b70fb10900_0;
    %cmpi/ne 1, 0, 1;
    %jmp/0xz  T_11.10, 6;
    %vpi_call/w 3 206 "$fatal", 32'sb00000000000000000000000000000001, "Permission must remain directional" {0 0 0};
T_11.10 ;
    %alloc S_0x58b70fb0faf0;
    %pushi/vec4 0, 0, 1;
    %store/vec4 v0x58b70fb0fdb0_0, 0, 1;
    %pushi/vec4 1, 0, 1;
    %store/vec4 v0x58b70fb0fcd0_0, 0, 1;
    %fork TD_tb_ifa_onile_supervisor.revoke_share, S_0x58b70fb0faf0;
    %join;
    %free S_0x58b70fb0faf0;
    %alloc S_0x58b70fb0f790;
    %pushi/vec4 0, 0, 1;
    %store/vec4 v0x58b70fb0fa30_0, 0, 1;
    %pushi/vec4 1, 0, 1;
    %store/vec4 v0x58b70fb0f970_0, 0, 1;
    %fork TD_tb_ifa_onile_supervisor.request_share, S_0x58b70fb0f790;
    %join;
    %free S_0x58b70fb0f790;
    %load/vec4 v0x58b70fb10900_0;
    %cmpi/ne 1, 0, 1;
    %jmp/0xz  T_11.12, 6;
    %vpi_call/w 3 218 "$fatal", 32'sb00000000000000000000000000000001, "Revoked sharing permission must be denied" {0 0 0};
T_11.12 ;
    %pushi/vec4 0, 0, 1;
    %store/vec4 v0x58b70fb100c0_0, 0, 1;
    %alloc S_0x58b70fb0f790;
    %pushi/vec4 0, 0, 1;
    %store/vec4 v0x58b70fb0fa30_0, 0, 1;
    %pushi/vec4 1, 0, 1;
    %store/vec4 v0x58b70fb0f970_0, 0, 1;
    %fork TD_tb_ifa_onile_supervisor.request_share, S_0x58b70fb0f790;
    %join;
    %free S_0x58b70fb0f790;
    %load/vec4 v0x58b70fb10900_0;
    %cmpi/ne 1, 0, 1;
    %jmp/0xz  T_11.14, 6;
    %vpi_call/w 3 230 "$fatal", 32'sb00000000000000000000000000000001, "Normal mode must deny cross-YARA sharing" {0 0 0};
T_11.14 ;
    %vpi_call/w 3 232 "$display", "\000" {0 0 0};
    %vpi_call/w 3 233 "$display", "FINAL COUNTERS" {0 0 0};
    %vpi_call/w 3 234 "$display", "------------------------------------------------------------" {0 0 0};
    %vpi_call/w 3 235 "$display", "Allowed requests = %0d", v0x58b70fb0fff0_0 {0 0 0};
    %vpi_call/w 3 236 "$display", "Denied requests  = %0d", v0x58b70fb10280_0 {0 0 0};
    %vpi_call/w 3 238 "$display", "============================================================" {0 0 0};
    %vpi_call/w 3 239 "$display", "PASS: Local Y\303\200R\303\201 access is allowed" {0 0 0};
    %vpi_call/w 3 240 "$display", "PASS: Cross-Y\303\200R\303\201 sharing is denied by default" {0 0 0};
    %vpi_call/w 3 241 "$display", "PASS: Babal\303\241wo mode alone does not bypass isolation" {0 0 0};
    %vpi_call/w 3 242 "$display", "PASS: On\303\255l\341\272\271\314\200 grants explicit directional permission" {0 0 0};
    %vpi_call/w 3 243 "$display", "PASS: Revocation restores isolation" {0 0 0};
    %vpi_call/w 3 244 "$display", "============================================================" {0 0 0};
    %vpi_call/w 3 246 "$finish" {0 0 0};
    %end;
    .thread T_11;
# The file index is used to find the file name in the following table.
:file_names 5;
    "N/A";
    "<interactive>";
    "-";
    "tb/v4/tb_ifa_onile_supervisor.sv";
    "rtl/v4/ifa_onile_supervisor.sv";
