#! /usr/bin/vvp
:ivl_version "12.0 (stable)";
:ivl_delay_selection "TYPICAL";
:vpi_time_precision - 12;
:vpi_module "/usr/lib/x86_64-linux-gnu/ivl/system.vpi";
:vpi_module "/usr/lib/x86_64-linux-gnu/ivl/vhdl_sys.vpi";
:vpi_module "/usr/lib/x86_64-linux-gnu/ivl/vhdl_textio.vpi";
:vpi_module "/usr/lib/x86_64-linux-gnu/ivl/v2005_math.vpi";
:vpi_module "/usr/lib/x86_64-linux-gnu/ivl/va_math.vpi";
:vpi_module "/usr/lib/x86_64-linux-gnu/ivl/v2009.vpi";
S_0x61114ca3a570 .scope package, "$unit" "$unit" 2 1;
 .timescale 0 0;
S_0x61114ca4b350 .scope module, "tb_ifa_relation_stack_frame_v4" "tb_ifa_relation_stack_frame_v4" 3 3;
 .timescale -9 -12;
P_0x61114ca4b4e0 .param/l "FRAME_WIDTH" 1 3 7, +C4<00000000000000000000000001000010>;
P_0x61114ca4b520 .param/l "OP_WIDTH" 1 3 6, +C4<00000000000000000000000000000100>;
P_0x61114ca4b560 .param/l "WIDTH" 1 3 5, +C4<00000000000000000000000000001000>;
v0x61114ca76410_0 .var "in_eq", 0 0;
v0x61114ca764d0_0 .var "in_exception", 0 0;
v0x61114ca765a0_0 .var "in_exception_code", 3 0;
v0x61114ca766a0_0 .var "in_gt", 0 0;
v0x61114ca76770_0 .var "in_lt", 0 0;
v0x61114ca76810_0 .var "in_op", 3 0;
v0x61114ca768e0_0 .var "in_r0", 7 0;
v0x61114ca769b0_0 .var "in_ra", 7 0;
v0x61114ca76a80_0 .var "in_rd", 7 0;
v0x61114ca76b50_0 .var "in_return_pc", 7 0;
v0x61114ca76c20_0 .var "in_state", 0 0;
v0x61114ca76cf0_0 .var "in_state_code", 3 0;
v0x61114ca76dc0_0 .var "in_t", 7 0;
v0x61114ca76e90_0 .var "in_valid", 0 0;
v0x61114ca76f60_0 .var "in_y", 7 0;
v0x61114ca77030_0 .net "out_eq", 0 0, v0x61114ca752f0_0;  1 drivers
v0x61114ca77100_0 .net "out_exception", 0 0, v0x61114ca753b0_0;  1 drivers
v0x61114ca771d0_0 .net "out_exception_code", 3 0, v0x61114ca75470_0;  1 drivers
v0x61114ca772a0_0 .net "out_gt", 0 0, v0x61114ca75550_0;  1 drivers
v0x61114ca77370_0 .net "out_lt", 0 0, v0x61114ca75610_0;  1 drivers
v0x61114ca77440_0 .net "out_op", 3 0, v0x61114ca756d0_0;  1 drivers
v0x61114ca77510_0 .net "out_r0", 7 0, v0x61114ca757b0_0;  1 drivers
v0x61114ca775e0_0 .net "out_ra", 7 0, v0x61114ca75890_0;  1 drivers
v0x61114ca776b0_0 .net "out_rd", 7 0, v0x61114ca75970_0;  1 drivers
v0x61114ca77780_0 .net "out_return_pc", 7 0, v0x61114ca75a50_0;  1 drivers
v0x61114ca77850_0 .net "out_state", 0 0, v0x61114ca75b30_0;  1 drivers
v0x61114ca77920_0 .net "out_state_code", 3 0, v0x61114ca75bf0_0;  1 drivers
v0x61114ca779f0_0 .net "out_t", 7 0, v0x61114ca75cd0_0;  1 drivers
v0x61114ca77ac0_0 .net "out_valid", 0 0, v0x61114ca75db0_0;  1 drivers
v0x61114ca77b90_0 .net "out_y", 7 0, v0x61114ca75e70_0;  1 drivers
v0x61114ca77c60_0 .net "packed_frame", 65 0, v0x61114ca75f50_0;  1 drivers
S_0x61114ca06490 .scope module, "dut" "ifa_relation_stack_frame_v4" 3 52, 4 37 0, S_0x61114ca4b350;
 .timescale 0 0;
    .port_info 0 /INPUT 8 "in_return_pc";
    .port_info 1 /INPUT 4 "in_op";
    .port_info 2 /INPUT 8 "in_y";
    .port_info 3 /INPUT 8 "in_ra";
    .port_info 4 /INPUT 8 "in_rd";
    .port_info 5 /INPUT 8 "in_r0";
    .port_info 6 /INPUT 8 "in_t";
    .port_info 7 /INPUT 1 "in_valid";
    .port_info 8 /INPUT 1 "in_exception";
    .port_info 9 /INPUT 4 "in_exception_code";
    .port_info 10 /INPUT 1 "in_state";
    .port_info 11 /INPUT 4 "in_state_code";
    .port_info 12 /INPUT 1 "in_eq";
    .port_info 13 /INPUT 1 "in_gt";
    .port_info 14 /INPUT 1 "in_lt";
    .port_info 15 /OUTPUT 66 "packed_frame";
    .port_info 16 /OUTPUT 8 "out_return_pc";
    .port_info 17 /OUTPUT 4 "out_op";
    .port_info 18 /OUTPUT 8 "out_y";
    .port_info 19 /OUTPUT 8 "out_ra";
    .port_info 20 /OUTPUT 8 "out_rd";
    .port_info 21 /OUTPUT 8 "out_r0";
    .port_info 22 /OUTPUT 8 "out_t";
    .port_info 23 /OUTPUT 1 "out_valid";
    .port_info 24 /OUTPUT 1 "out_exception";
    .port_info 25 /OUTPUT 4 "out_exception_code";
    .port_info 26 /OUTPUT 1 "out_state";
    .port_info 27 /OUTPUT 4 "out_state_code";
    .port_info 28 /OUTPUT 1 "out_eq";
    .port_info 29 /OUTPUT 1 "out_gt";
    .port_info 30 /OUTPUT 1 "out_lt";
P_0x61114ca06670 .param/l "FRAME_WIDTH" 0 4 41, +C4<00000000000000000000000001000010>;
P_0x61114ca066b0 .param/l "OP_WIDTH" 0 4 39, +C4<00000000000000000000000000000100>;
P_0x61114ca066f0 .param/l "WIDTH" 0 4 38, +C4<00000000000000000000000000001000>;
v0x61114ca3ba70_0 .net "in_eq", 0 0, v0x61114ca76410_0;  1 drivers
v0x61114ca746f0_0 .net "in_exception", 0 0, v0x61114ca764d0_0;  1 drivers
v0x61114ca747b0_0 .net "in_exception_code", 3 0, v0x61114ca765a0_0;  1 drivers
v0x61114ca748a0_0 .net "in_gt", 0 0, v0x61114ca766a0_0;  1 drivers
v0x61114ca74960_0 .net "in_lt", 0 0, v0x61114ca76770_0;  1 drivers
v0x61114ca74a70_0 .net "in_op", 3 0, v0x61114ca76810_0;  1 drivers
v0x61114ca74b50_0 .net "in_r0", 7 0, v0x61114ca768e0_0;  1 drivers
v0x61114ca74c30_0 .net "in_ra", 7 0, v0x61114ca769b0_0;  1 drivers
v0x61114ca74d10_0 .net "in_rd", 7 0, v0x61114ca76a80_0;  1 drivers
v0x61114ca74df0_0 .net "in_return_pc", 7 0, v0x61114ca76b50_0;  1 drivers
v0x61114ca74ed0_0 .net "in_state", 0 0, v0x61114ca76c20_0;  1 drivers
v0x61114ca74f90_0 .net "in_state_code", 3 0, v0x61114ca76cf0_0;  1 drivers
v0x61114ca75070_0 .net "in_t", 7 0, v0x61114ca76dc0_0;  1 drivers
v0x61114ca75150_0 .net "in_valid", 0 0, v0x61114ca76e90_0;  1 drivers
v0x61114ca75210_0 .net "in_y", 7 0, v0x61114ca76f60_0;  1 drivers
v0x61114ca752f0_0 .var "out_eq", 0 0;
v0x61114ca753b0_0 .var "out_exception", 0 0;
v0x61114ca75470_0 .var "out_exception_code", 3 0;
v0x61114ca75550_0 .var "out_gt", 0 0;
v0x61114ca75610_0 .var "out_lt", 0 0;
v0x61114ca756d0_0 .var "out_op", 3 0;
v0x61114ca757b0_0 .var "out_r0", 7 0;
v0x61114ca75890_0 .var "out_ra", 7 0;
v0x61114ca75970_0 .var "out_rd", 7 0;
v0x61114ca75a50_0 .var "out_return_pc", 7 0;
v0x61114ca75b30_0 .var "out_state", 0 0;
v0x61114ca75bf0_0 .var "out_state_code", 3 0;
v0x61114ca75cd0_0 .var "out_t", 7 0;
v0x61114ca75db0_0 .var "out_valid", 0 0;
v0x61114ca75e70_0 .var "out_y", 7 0;
v0x61114ca75f50_0 .var "packed_frame", 65 0;
E_0x61114ca46270 .event anyedge, v0x61114ca75f50_0;
E_0x61114ca44a10/0 .event anyedge, v0x61114ca74df0_0, v0x61114ca74a70_0, v0x61114ca75210_0, v0x61114ca74c30_0;
E_0x61114ca44a10/1 .event anyedge, v0x61114ca74d10_0, v0x61114ca74b50_0, v0x61114ca75070_0, v0x61114ca75150_0;
E_0x61114ca44a10/2 .event anyedge, v0x61114ca746f0_0, v0x61114ca747b0_0, v0x61114ca74ed0_0, v0x61114ca74f90_0;
E_0x61114ca44a10/3 .event anyedge, v0x61114ca3ba70_0, v0x61114ca748a0_0, v0x61114ca74960_0;
E_0x61114ca44a10 .event/or E_0x61114ca44a10/0, E_0x61114ca44a10/1, E_0x61114ca44a10/2, E_0x61114ca44a10/3;
    .scope S_0x61114ca06490;
T_0 ;
    %end;
    .thread T_0;
    .scope S_0x61114ca06490;
T_1 ;
Ewait_0 .event/or E_0x61114ca44a10, E_0x0;
    %wait Ewait_0;
    %load/vec4 v0x61114ca74df0_0;
    %load/vec4 v0x61114ca74a70_0;
    %concat/vec4; draw_concat_vec4
    %load/vec4 v0x61114ca75210_0;
    %concat/vec4; draw_concat_vec4
    %load/vec4 v0x61114ca74c30_0;
    %concat/vec4; draw_concat_vec4
    %load/vec4 v0x61114ca74d10_0;
    %concat/vec4; draw_concat_vec4
    %load/vec4 v0x61114ca74b50_0;
    %concat/vec4; draw_concat_vec4
    %load/vec4 v0x61114ca75070_0;
    %concat/vec4; draw_concat_vec4
    %load/vec4 v0x61114ca75150_0;
    %concat/vec4; draw_concat_vec4
    %load/vec4 v0x61114ca746f0_0;
    %concat/vec4; draw_concat_vec4
    %load/vec4 v0x61114ca747b0_0;
    %concat/vec4; draw_concat_vec4
    %load/vec4 v0x61114ca74ed0_0;
    %concat/vec4; draw_concat_vec4
    %load/vec4 v0x61114ca74f90_0;
    %concat/vec4; draw_concat_vec4
    %load/vec4 v0x61114ca3ba70_0;
    %concat/vec4; draw_concat_vec4
    %load/vec4 v0x61114ca748a0_0;
    %concat/vec4; draw_concat_vec4
    %load/vec4 v0x61114ca74960_0;
    %concat/vec4; draw_concat_vec4
    %store/vec4 v0x61114ca75f50_0, 0, 66;
    %jmp T_1;
    .thread T_1, $push;
    .scope S_0x61114ca06490;
T_2 ;
Ewait_1 .event/or E_0x61114ca46270, E_0x0;
    %wait Ewait_1;
    %load/vec4 v0x61114ca75f50_0;
    %split/vec4 1;
    %store/vec4 v0x61114ca75610_0, 0, 1;
    %split/vec4 1;
    %store/vec4 v0x61114ca75550_0, 0, 1;
    %split/vec4 1;
    %store/vec4 v0x61114ca752f0_0, 0, 1;
    %split/vec4 4;
    %store/vec4 v0x61114ca75bf0_0, 0, 4;
    %split/vec4 1;
    %store/vec4 v0x61114ca75b30_0, 0, 1;
    %split/vec4 4;
    %store/vec4 v0x61114ca75470_0, 0, 4;
    %split/vec4 1;
    %store/vec4 v0x61114ca753b0_0, 0, 1;
    %split/vec4 1;
    %store/vec4 v0x61114ca75db0_0, 0, 1;
    %split/vec4 8;
    %store/vec4 v0x61114ca75cd0_0, 0, 8;
    %split/vec4 8;
    %store/vec4 v0x61114ca757b0_0, 0, 8;
    %split/vec4 8;
    %store/vec4 v0x61114ca75970_0, 0, 8;
    %split/vec4 8;
    %store/vec4 v0x61114ca75890_0, 0, 8;
    %split/vec4 8;
    %store/vec4 v0x61114ca75e70_0, 0, 8;
    %split/vec4 4;
    %store/vec4 v0x61114ca756d0_0, 0, 4;
    %store/vec4 v0x61114ca75a50_0, 0, 8;
    %jmp T_2;
    .thread T_2, $push;
    .scope S_0x61114ca4b350;
T_3 ;
    %pushi/vec4 42, 0, 8;
    %store/vec4 v0x61114ca76b50_0, 0, 8;
    %pushi/vec4 5, 0, 4;
    %store/vec4 v0x61114ca76810_0, 0, 4;
    %pushi/vec4 185, 0, 8;
    %store/vec4 v0x61114ca76f60_0, 0, 8;
    %pushi/vec4 4, 0, 8;
    %store/vec4 v0x61114ca769b0_0, 0, 8;
    %pushi/vec4 11, 0, 8;
    %store/vec4 v0x61114ca76a80_0, 0, 8;
    %pushi/vec4 240, 0, 8;
    %store/vec4 v0x61114ca768e0_0, 0, 8;
    %pushi/vec4 166, 0, 8;
    %store/vec4 v0x61114ca76dc0_0, 0, 8;
    %pushi/vec4 1, 0, 1;
    %store/vec4 v0x61114ca76e90_0, 0, 1;
    %pushi/vec4 0, 0, 1;
    %store/vec4 v0x61114ca764d0_0, 0, 1;
    %pushi/vec4 0, 0, 4;
    %store/vec4 v0x61114ca765a0_0, 0, 4;
    %pushi/vec4 1, 0, 1;
    %store/vec4 v0x61114ca76c20_0, 0, 1;
    %pushi/vec4 1, 0, 4;
    %store/vec4 v0x61114ca76cf0_0, 0, 4;
    %pushi/vec4 0, 0, 1;
    %store/vec4 v0x61114ca76410_0, 0, 1;
    %pushi/vec4 1, 0, 1;
    %store/vec4 v0x61114ca766a0_0, 0, 1;
    %pushi/vec4 0, 0, 1;
    %store/vec4 v0x61114ca76770_0, 0, 1;
    %delay 1000, 0;
    %load/vec4 v0x61114ca77780_0;
    %load/vec4 v0x61114ca76b50_0;
    %cmp/ne;
    %jmp/0xz  T_3.0, 6;
    %vpi_call/w 3 127 "$fatal", 32'sb00000000000000000000000000000001, "RETURN_PC round-trip failed" {0 0 0};
T_3.0 ;
    %load/vec4 v0x61114ca77440_0;
    %load/vec4 v0x61114ca76810_0;
    %cmp/ne;
    %jmp/0xz  T_3.2, 6;
    %vpi_call/w 3 130 "$fatal", 32'sb00000000000000000000000000000001, "OP round-trip failed" {0 0 0};
T_3.2 ;
    %load/vec4 v0x61114ca77b90_0;
    %load/vec4 v0x61114ca76f60_0;
    %cmp/ne;
    %jmp/1 T_3.9, 6;
    %flag_mov 8, 6;
    %load/vec4 v0x61114ca775e0_0;
    %load/vec4 v0x61114ca769b0_0;
    %cmp/ne;
    %flag_or 6, 8;
T_3.9;
    %jmp/1 T_3.8, 6;
    %flag_mov 8, 6;
    %load/vec4 v0x61114ca776b0_0;
    %load/vec4 v0x61114ca76a80_0;
    %cmp/ne;
    %flag_or 6, 8;
T_3.8;
    %jmp/1 T_3.7, 6;
    %flag_mov 8, 6;
    %load/vec4 v0x61114ca77510_0;
    %load/vec4 v0x61114ca768e0_0;
    %cmp/ne;
    %flag_or 6, 8;
T_3.7;
    %jmp/1 T_3.6, 6;
    %flag_mov 8, 6;
    %load/vec4 v0x61114ca779f0_0;
    %load/vec4 v0x61114ca76dc0_0;
    %cmp/ne;
    %flag_or 6, 8;
T_3.6;
    %jmp/0xz  T_3.4, 6;
    %vpi_call/w 3 139 "$fatal", 32'sb00000000000000000000000000000001, "Relation-frame round-trip failed" {0 0 0};
T_3.4 ;
    %load/vec4 v0x61114ca77ac0_0;
    %load/vec4 v0x61114ca76e90_0;
    %cmp/ne;
    %jmp/1 T_3.15, 6;
    %flag_mov 8, 6;
    %load/vec4 v0x61114ca77100_0;
    %load/vec4 v0x61114ca764d0_0;
    %cmp/ne;
    %flag_or 6, 8;
T_3.15;
    %jmp/1 T_3.14, 6;
    %flag_mov 8, 6;
    %load/vec4 v0x61114ca771d0_0;
    %load/vec4 v0x61114ca765a0_0;
    %cmp/ne;
    %flag_or 6, 8;
T_3.14;
    %jmp/1 T_3.13, 6;
    %flag_mov 8, 6;
    %load/vec4 v0x61114ca77850_0;
    %load/vec4 v0x61114ca76c20_0;
    %cmp/ne;
    %flag_or 6, 8;
T_3.13;
    %jmp/1 T_3.12, 6;
    %flag_mov 8, 6;
    %load/vec4 v0x61114ca77920_0;
    %load/vec4 v0x61114ca76cf0_0;
    %cmp/ne;
    %flag_or 6, 8;
T_3.12;
    %jmp/0xz  T_3.10, 6;
    %vpi_call/w 3 148 "$fatal", 32'sb00000000000000000000000000000001, "Relation-status round-trip failed" {0 0 0};
T_3.10 ;
    %load/vec4 v0x61114ca77030_0;
    %load/vec4 v0x61114ca76410_0;
    %cmp/ne;
    %jmp/1 T_3.19, 6;
    %flag_mov 8, 6;
    %load/vec4 v0x61114ca772a0_0;
    %load/vec4 v0x61114ca766a0_0;
    %cmp/ne;
    %flag_or 6, 8;
T_3.19;
    %jmp/1 T_3.18, 6;
    %flag_mov 8, 6;
    %load/vec4 v0x61114ca77370_0;
    %load/vec4 v0x61114ca76770_0;
    %cmp/ne;
    %flag_or 6, 8;
T_3.18;
    %jmp/0xz  T_3.16, 6;
    %vpi_call/w 3 155 "$fatal", 32'sb00000000000000000000000000000001, "Predicate round-trip failed" {0 0 0};
T_3.16 ;
    %vpi_call/w 3 157 "$display", "PASS: Canonical IF\303\201 relation-stack frame round-trip" {0 0 0};
    %vpi_call/w 3 161 "$display", "PASS: Relation-stack FRAME_WIDTH=%0d", P_0x61114ca4b4e0 {0 0 0};
    %vpi_call/w 3 166 "$finish" {0 0 0};
    %end;
    .thread T_3;
# The file index is used to find the file name in the following table.
:file_names 5;
    "N/A";
    "<interactive>";
    "-";
    "tb/v4/tb_ifa_relation_stack_frame_v4.sv";
    "rtl/v4/ifa_relation_stack_frame_v4.sv";
