00  100d  LDAI 0x0D
01  2006  LDBI 0x06
02  8000  PAPO
03  f200  PRINTY
04  f700  PRINTOP
05  100d  LDAI 0x0D
06  2006  LDBI 0x06
07  8100  YO
08  f200  PRINTY
09  f700  PRINTOP
0a  100d  LDAI 0x0D
0b  2006  LDBI 0x06
0c  8200  DAGBA
0d  f200  PRINTY
0e  f700  PRINTOP
0f  100d  LDAI 0x0D
10  2006  LDBI 0x06
11  8300  PIN
12  f200  PRINTY
13  f600  PRINTT
14  f700  PRINTOP
15  100d  LDAI 0x0D
16  2006  LDBI 0x06
17  8400  KU
18  f200  PRINTY
19  f600  PRINTT
1a  f700  PRINTOP
1b  100d  LDAI 0x0D
1c  2006  LDBI 0x06
1d  8500  GBE
1e  f200  PRINTY
1f  f600  PRINTT
20  f700  PRINTOP
21  f800  PRINTSTATUS
22  100d  LDAI 0x0D
23  2006  LDBI 0x06
24  8600  SEDA
25  f200  PRINTY
26  f700  PRINTOP
27  f800  PRINTSTATUS
28  100d  LDAI 0x0D
29  2006  LDBI 0x06
2a  8700  JU
2b  f200  PRINTY
2c  f700  PRINTOP
2d  f800  PRINTSTATUS
2e  100d  LDAI 0x0D
2f  2006  LDBI 0x06
30  8800  KERE
31  f200  PRINTY
32  f700  PRINTOP
33  f800  PRINTSTATUS
34  f100  HALT
